# Server version 0.08 running on 192.168.2.139:8123
# Game ID: 370
# Board class: Saboteur.SaboteurBoard
# Timeout: 20000
# First Move Timeout: 30000
# Date: Wed Apr 15 18:11:21 EDT 2020
# Player 1: Player-0, '260714615', running on 192.168.2.139
# Player 2: Player-1, 'RandomPlayer', running on 192.168.2.139
START Player-0 260714615
START Player-1 RandomPlayer
BoardInit:Tile:7,Tile:1,Tile:5,Bonus,Tile:8,Tile:12,Destroy,Tile:9,Tile:8,Tile:8,Tile:8,Malus,Tile:11,Tile:6,Bonus,Tile:13,Map,Tile:9,Tile:3,Destroy,Tile:5,Bonus,Tile:7,Map,Tile:6,Tile:5,Destroy,Tile:9,Tile:10,Tile:7,Tile:6,Map,Tile:15,Tile:0,Tile:0,Tile:0,Tile:10,Tile:8,Tile:9,Tile:10,Map-Tile:6,Tile:2,Map,Tile:0,Tile:9,Tile:14,Tile:5-Tile:6,Tile:4,Map,Tile:7,Tile:7,Malus,Bonus-Tile:nugget,Tile:hidden1,Tile:hidden2
Tile:14_flip 4 5 1
Map 12 3 0
Tile:9_flip 5 4 1
Malus 0 0 0
Drop 2 0 1
Tile:6 6 5 0
Drop 5 0 1
Tile:7_flip 5 6 0
Destroy 5 6 1
Tile:9 6 4 0
Drop 4 0 1
Tile:8 7 4 0
Drop 0 0 1
Malus 0 0 0
Drop 0 0 1
Tile:6 8 4 0
Drop 1 0 1
Tile:7 9 4 0
Map 12 7 1
Tile:9 9 5 0
Drop 2 0 1
Tile:1 10 5 0
Drop 3 0 1
Tile:4 5 3 0
Drop 5 0 1
Tile:12 11 5 0
Drop 0 0 1
Destroy 11 5 0
Drop 2 0 1
Tile:5 8 3 0
Destroy 8 3 1
Tile:9 8 3 0
Drop 6 0 1
Tile:7_flip 9 6 0
Drop 3 0 1
Tile:0 11 5 0
Drop 3 0 1
Tile:0 9 3 0
Drop 6 0 1
Tile:8 10 3 0
Drop 2 0 1
Tile:10 10 2 0
Drop 4 0 1
Tile:13 4 6 0
Drop 1 0 1
Drop 0 0 0
Map 12 5 1
Drop 0 0 0
Drop 0 0 1
Drop 0 0 0
Drop 0 0 1
Drop 0 0 0
Drop 1 0 1
Drop 0 0 0
Drop 0 0 1
GAMEOVER DRAW
# Game ended: Wed Apr 15 18:12:15 EDT 2020
