# Server version 0.08 running on 192.168.2.139:8123
# Game ID: 321
# Board class: Saboteur.SaboteurBoard
# Timeout: 20000
# First Move Timeout: 30000
# Date: Mon Apr 13 19:18:06 EDT 2020
# Player 1: Player-0, '260714615', running on 127.0.0.1
# Player 2: Player-1, 'RandomPlayer', running on 127.0.0.1
START Player-0 260714615
START Player-1 RandomPlayer
BoardInit:Map,Map,Tile:7,Tile:7,Tile:8,Bonus,Tile:9,Tile:0,Tile:8,Tile:5,Tile:7,Tile:13,Bonus,Tile:0,Malus,Destroy,Tile:11,Tile:9,Tile:0,Tile:2,Destroy,Tile:8,Bonus,Tile:5,Tile:3,Tile:9,Bonus,Tile:8,Map,Map,Tile:6,Tile:9,Malus,Tile:6,Tile:9,Tile:7,Tile:10,Tile:7,Tile:12,Tile:4,Map-Tile:0,Tile:6,Tile:8,Tile:5,Tile:1,Tile:10,Tile:15-Tile:5,Map,Tile:6,Destroy,Tile:6,Tile:10,Tile:14-Tile:nugget,Tile:hidden2,Tile:hidden1
Tile:0 4 5 1
Map 12 3 0
Tile:6 3 5 1
Tile:6 6 5 0
Tile:10 5 4 1
Tile:6 7 5 0
Tile:15 5 3 1
Tile:5 7 4 0
Tile:7 5 2 1
Tile:0 8 4 0
Tile:8 3 4 1
Tile:10 6 4 0
Tile:9 6 3 1
Tile:13 9 4 0
Map 12 3 1
Tile:0 10 4 0
Tile:8 2 4 1
Tile:7 11 4 0
Tile:1 1 4 1
Tile:9 11 5 0
Tile:11_flip 9 5 1
Tile:5 9 3 0
Tile:0 10 3 1
Tile:8 11 6 0
Tile:7 3 3 1
Tile:5_flip 11 3 0
Tile:5_flip 12 6 1
Tile:9 11 2 0
Tile:8 9 6 1
Tile:8 12 2 0
Destroy 11 4 1
Destroy 1 4 0
Tile:6_flip 13 2 1
Tile:9 13 3 0
Tile:3_flip 13 4 1
Tile:6_flip 11 4 0
Tile:9 11 1 1
Tile:7 12 4 0
Drop 2 0 1
Tile:7 12 1 0
Tile:12 7 3 1
Tile:14 4 4 0
Tile:10 6 2 1
Destroy 2 4 0
Drop 4 0 1
Tile:2 2 3 0
Drop 3 0 1
Tile:4 4 3 0
Malus 0 0 1
Bonus 0 0 0
Map 12 3 1
Drop 0 0 0
Drop 1 0 1
Drop 0 0 0
Drop 0 0 1
GAMEOVER DRAW
# Game ended: Mon Apr 13 19:19:00 EDT 2020
