# Server version 0.08 running on 192.168.2.139:8123
# Game ID: 336
# Board class: Saboteur.SaboteurBoard
# Timeout: 20000
# First Move Timeout: 30000
# Date: Wed Apr 15 17:36:05 EDT 2020
# Player 1: Player-0, '260714615', running on 127.0.0.1
# Player 2: Player-1, 'RandomPlayer', running on 127.0.0.1
START Player-0 260714615
START Player-1 RandomPlayer
BoardInit:Tile:6,Tile:6,Tile:1,Tile:3,Tile:6,Bonus,Tile:8,Tile:8,Tile:7,Destroy,Tile:8,Tile:9,Tile:6,Tile:7,Malus,Tile:0,Bonus,Map,Tile:0,Map,Tile:15,Tile:10,Tile:11,Tile:0,Tile:7,Tile:9,Tile:8,Tile:7,Map,Tile:8,Tile:0,Map,Bonus,Malus,Tile:4,Tile:9,Map,Tile:5,Tile:12,Tile:5,Tile:10-Tile:2,Tile:10,Destroy,Tile:5,Tile:5,Tile:9,Tile:9-Bonus,Tile:14,Tile:6,Destroy,Map,Tile:7,Tile:13-Tile:nugget,Tile:hidden1,Tile:hidden2
Tile:5_flip 5 6 1
Map 12 3 0
Tile:5 4 5 1
Tile:6 6 5 0
Tile:9 4 6 1
Tile:6 7 5 0
Tile:9 6 4 1
Tile:7 8 5 0
Tile:6_flip 7 4 1
Tile:8 8 6 0
Tile:1 7 6 1
Drop 5 0 0
Tile:6_flip 6 3 1
Tile:9 8 7 0
Tile:6 8 8 1
Tile:7_flip 5 3 0
Tile:8 4 7 1
Tile:0 8 4 0
Tile:7_flip 4 8 1
Drop 5 0 0
Destroy 6 5 1
Drop 5 0 0
Malus 0 0 1
Bonus 0 0 0
Tile:11 7 8 1
Tile:10 5 2 0
Tile:15 7 9 1
Tile:9 6 6 0
Tile:8 6 5 1
Tile:0 9 4 0
Tile:0 5 8 1
Tile:8 10 4 0
Tile:10 10 3 1
Tile:7 11 4 0
Tile:7_flip 3 7 1
Malus 0 0 0
Drop 0 0 1
Tile:9 10 2 0
Map 12 5 1
Tile:5 10 1 0
Map 12 5 1
Tile:5_flip 11 2 0
Bonus 0 0 1
Drop 5 0 0
Tile:4 5 4 1
Tile:14 6 8 0
Tile:10 10 5 1
Destroy 3 7 0
Tile:0 5 7 1
Tile:13 3 7 0
Tile:12 7 3 1
Tile:3 3 6 0
Tile:8 2 6 1
Drop 0 0 0
Drop 0 0 1
GAMEOVER DRAW
# Game ended: Wed Apr 15 17:36:59 EDT 2020
