# Server version 0.08 running on 192.168.2.139:8123
# Game ID: 96
# Board class: Saboteur.SaboteurBoard
# Timeout: 20000
# First Move Timeout: 30000
# Date: Tue Apr 14 23:14:31 EDT 2020
# Player 1: Player-0, 'RandomPlayer', running on 192.168.2.139
# Player 2: Player-1, '260714615', running on 192.168.2.139
START Player-0 RandomPlayer
START Player-1 260714615
BoardInit:Tile:15,Tile:7,Tile:5,Tile:8,Destroy,Tile:3,Tile:10,Map,Tile:0,Tile:0,Tile:9,Tile:6,Destroy,Tile:8,Map,Tile:5,Tile:8,Malus,Malus,Tile:9,Tile:14,Map,Tile:6,Tile:7,Tile:13,Tile:0,Tile:4,Tile:7,Destroy,Tile:6,Tile:11,Map,Tile:1,Tile:0,Bonus,Map,Tile:6,Tile:9,Tile:7,Tile:2,Tile:9-Bonus,Tile:5,Tile:8,Tile:12,Bonus,Tile:5,Map-Tile:9,Tile:10,Tile:10,Tile:6,Tile:8,Bonus,Tile:7-Tile:nugget,Tile:hidden2,Tile:hidden1
Map 12 3 1
Tile:7 5 4 0
Tile:8 6 5 1
Drop 1 0 0
Tile:5_flip 7 5 1
Tile:8 6 6 0
Tile:5 7 4 1
Drop 2 0 0
Tile:5_flip 8 4 1
Tile:10 6 4 0
Tile:12 7 6 1
Tile:7_flip 4 5 0
Tile:9_flip 6 7 1
Tile:6 5 7 0
Tile:15 6 8 1
Tile:3 8 3 0
Tile:10 6 9 1
Tile:9 4 7 0
Tile:8 5 6 1
Tile:0 7 3 0
Destroy 4 5 1
Drop 4 0 0
Tile:0 4 4 1
Tile:8 3 4 0
Malus 0 0 1
Map 12 5 0
Tile:6_flip 4 5 1
Map 12 7 0
Tile:13 4 6 1
Drop 2 0 0
Tile:14 6 10 1
Drop 1 0 0
Tile:11_flip 4 8 1
Map 12 7 0
Tile:1 3 6 1
Drop 0 0 0
Destroy 3 4 1
Drop 2 0 0
Tile:6_flip 3 4 1
Map 12 5 0
Tile:4_flip 4 9 1
Drop 2 0 0
Tile:9 5 10 1
Drop 1 0 0
Destroy 3 4 1
Drop 3 0 0
Tile:7_flip 3 5 1
Drop 0 0 0
Drop 0 0 1
Drop 2 0 0
Drop 0 0 1
Drop 0 0 0
Drop 0 0 1
Drop 0 0 0
Drop 0 0 1
GAMEOVER DRAW
# Game ended: Tue Apr 14 23:15:27 EDT 2020
