# Server version 0.08 running on 192.168.2.139:8123
# Game ID: 407
# Board class: Saboteur.SaboteurBoard
# Timeout: 20000
# First Move Timeout: 30000
# Date: Wed Apr 15 19:22:43 EDT 2020
# Player 1: Player-0, '260714615', running on 127.0.0.1
# Player 2: Player-1, 'RandomPlayer', running on 127.0.0.1
START Player-0 260714615
START Player-1 RandomPlayer
BoardInit:Tile:9,Tile:6,Tile:13,Tile:7,Destroy,Tile:0,Bonus,Tile:10,Tile:5,Tile:6,Tile:5,Tile:0,Tile:7,Tile:6,Tile:5,Tile:9,Bonus,Tile:7,Tile:8,Destroy,Tile:11,Tile:8,Map,Map,Tile:10,Tile:15,Malus,Tile:9,Tile:7,Tile:8,Tile:7,Tile:8,Tile:6,Map,Destroy,Map,Tile:2,Malus,Tile:3,Tile:0,Tile:1-Tile:10,Bonus,Tile:6,Tile:9,Map,Tile:5,Tile:9-Tile:14,Tile:4,Tile:12,Bonus,Map,Tile:8,Tile:0-Tile:nugget,Tile:hidden2,Tile:hidden1
Tile:9 5 6 1
Map 12 3 0
Tile:9_flip 5 4 1
Drop 0 0 0
Tile:6_flip 6 6 1
Drop 0 0 0
Tile:5 4 4 1
Drop 0 0 0
Drop 0 0 1
Tile:8 7 6 0
Tile:13 4 5 1
Tile:0 8 6 0
Destroy 4 4 1
Tile:6 9 6 0
Tile:7 10 6 1
Tile:6_flip 9 5 0
Tile:9 6 7 1
Tile:0 10 5 0
Tile:5_flip 5 7 1
Tile:0 11 5 0
Tile:8 7 7 1
Tile:7_flip 8 5 0
Drop 5 0 1
Tile:6_flip 8 4 0
Tile:5 12 4 1
Tile:8 13 4 0
Tile:11_flip 12 6 1
Destroy 12 6 0
Tile:5_flip 13 5 1
Tile:9 13 3 0
Map 12 7 1
Tile:9 13 2 0
Tile:7_flip 3 5 1
Tile:8 13 1 0
Tile:6 12 6 1
Tile:7_flip 12 1 0
Drop 3 0 1
Tile:8 12 0 0
Destroy 5 4 1
Malus 0 0 0
Map 12 7 1
Tile:0 9 4 0
Drop 4 0 1
Tile:10 10 7 0
Drop 1 0 1
Tile:15 3 4 0
Drop 4 0 1
Drop 0 0 0
Drop 0 0 1
Drop 0 0 0
Drop 0 0 1
Drop 0 0 0
Drop 1 0 1
Drop 0 0 0
Drop 0 0 1
GAMEOVER DRAW
# Game ended: Wed Apr 15 19:23:37 EDT 2020
