# Server version 0.08 running on 192.168.2.139:8123
# Game ID: 362
# Board class: Saboteur.SaboteurBoard
# Timeout: 20000
# First Move Timeout: 30000
# Date: Wed Apr 15 18:05:23 EDT 2020
# Player 1: Player-0, 'RandomPlayer', running on 127.0.0.1
# Player 2: Player-1, '260714615', running on 127.0.0.1
START Player-0 RandomPlayer
START Player-1 260714615
BoardInit:Tile:10,Map,Tile:5,Tile:8,Tile:0,Tile:4,Tile:0,Tile:13,Tile:5,Tile:6,Tile:3,Tile:7,Tile:8,Tile:11,Map,Tile:7,Tile:0,Tile:6,Map,Tile:8,Destroy,Tile:10,Map,Destroy,Destroy,Bonus,Tile:9,Tile:9,Tile:2,Tile:7,Tile:9,Map,Tile:15,Bonus,Tile:6,Tile:0,Tile:6,Tile:1,Bonus,Tile:8,Tile:12-Tile:7,Tile:14,Malus,Map,Tile:7,Tile:5,Bonus-Tile:5,Tile:9,Malus,Tile:10,Tile:8,Tile:9,Tile:6-Tile:hidden2,Tile:hidden1,Tile:nugget
Malus 0 0 1
Drop 3 0 0
Map 12 3 1
Drop 5 0 0
Tile:7_flip 5 6 1
Map 12 5 0
Tile:0 6 5 1
Drop 3 0 0
Tile:0 7 5 1
Drop 5 0 0
Tile:5 5 4 1
Malus 0 0 0
Bonus 0 0 1
Drop 0 0 0
Tile:8 8 5 1
Drop 0 0 0
Map 12 5 1
Drop 5 0 0
Tile:0 9 5 1
Drop 3 0 0
Map 12 7 1
Drop 2 0 0
Tile:7_flip 8 6 1
Drop 0 0 0
Tile:10 8 4 1
Destroy 6 5 0
Tile:5 8 3 1
Drop 0 0 0
Tile:5 4 5 1
Drop 6 0 0
Tile:9_flip 6 6 1
Drop 1 0 0
Tile:9 6 7 1
Map 12 7 0
Tile:14 4 6 1
Drop 4 0 0
Tile:6 7 7 1
Drop 4 0 0
Tile:6_flip 8 7 1
Drop 0 0 0
Tile:3 6 4 1
Drop 4 0 0
Destroy 6 4 1
Bonus 0 0 0
Destroy 4 5 1
Tile:8 6 5 0
Tile:2 4 5 1
Tile:6_flip 9 6 0
Tile:15 6 8 1
Tile:1 3 5 0
Tile:12 9 3 1
Tile:10 6 9 0
Drop 0 0 1
Tile:8 9 7 0
Drop 0 0 1
GAMEOVER DRAW
# Game ended: Wed Apr 15 18:06:19 EDT 2020
