# Server version 0.08 running on 192.168.2.139:8123
# Game ID: 27
# Board class: Saboteur.SaboteurBoard
# Timeout: 20000
# First Move Timeout: 30000
# Date: Sun Apr 12 20:54:33 EDT 2020
# Player 1: Player-0, 'RandomPlayer', running on 127.0.0.1
# Player 2: Player-1, '260714615', running on 127.0.0.1
START Player-0 RandomPlayer
START Player-1 260714615
BoardInit:Map,Tile:5,Tile:8,Malus,Bonus,Tile:0,Tile:6,Tile:5,Bonus,Tile:10,Tile:7,Tile:8,Tile:9,Tile:12,Tile:14,Tile:6,Destroy,Tile:0,Map,Tile:4,Malus,Tile:8,Tile:6,Tile:9,Tile:6,Destroy,Tile:5,Tile:0,Tile:2,Tile:8,Tile:15,Tile:0,Tile:1,Tile:3,Tile:11,Bonus,Tile:7,Tile:6,Tile:7,Map,Tile:9-Map,Map,Tile:10,Tile:13,Tile:5,Tile:8,Tile:7-Map,Tile:9,Tile:7,Tile:9,Tile:10,Bonus,Destroy-Tile:hidden2,Tile:nugget,Tile:hidden1
Tile:7 5 4 1
Map 12 7 0
Tile:5 4 4 1
Tile:7_flip 4 5 0
Drop 5 0 1
Drop 2 0 0
Map 12 3 1
Tile:9_flip 5 6 0
Tile:8 6 5 1
Tile:9 5 7 0
Tile:8 6 7 1
Tile:0 7 5 0
Tile:13 8 5 1
Tile:10 8 4 0
Tile:10 6 6 1
Tile:8 8 3 0
Tile:9 6 4 1
Destroy 6 4 0
Tile:14 6 8 1
Tile:6_flip 9 5 0
Tile:6 10 5 1
Tile:5_flip 9 6 0
Destroy 6 6 1
Tile:0 9 3 0
Tile:7 7 7 1
Tile:8 5 8 0
Tile:6_flip 4 8 1
Tile:9 6 6 0
Map 12 7 1
Destroy 9 5 0
Tile:2_flip 11 5 1
Tile:4 6 4 0
Tile:6 5 9 1
Tile:5 11 4 0
Tile:5_flip 12 4 1
Tile:8 8 2 0
Tile:15 8 1 1
Tile:3 10 3 0
Tile:11 4 9 1
Tile:0 4 6 0
Tile:7 6 9 1
Tile:12_flip 7 2 0
Tile:1 7 6 1
Map 12 5 0
Tile:9 6 10 1
Tile:6_flip 7 3 0
Tile:7_flip 3 8 1
Tile:0 7 10 0
Map 12 5 1
Malus 0 0 0
Drop 1 0 1
Drop 0 0 0
Malus 0 0 1
Drop 0 0 0
Drop 0 0 1
GAMEOVER DRAW
# Game ended: Sun Apr 12 20:54:34 EDT 2020
