# Server version 0.08 running on 192.168.2.139:8123
# Game ID: 288
# Board class: Saboteur.SaboteurBoard
# Timeout: 20000
# First Move Timeout: 30000
# Date: Wed Apr 15 15:58:18 EDT 2020
# Player 1: Player-0, '260714615', running on 127.0.0.1
# Player 2: Player-1, 'RandomPlayer', running on 127.0.0.1
START Player-0 260714615
START Player-1 RandomPlayer
BoardInit:Tile:9,Map,Tile:4,Tile:10,Tile:7,Tile:7,Malus,Bonus,Bonus,Tile:6,Tile:14,Bonus,Tile:8,Destroy,Tile:6,Tile:5,Tile:6,Tile:5,Map,Tile:12,Tile:9,Tile:6,Tile:10,Map,Tile:8,Destroy,Tile:1,Tile:8,Tile:5,Tile:0,Map,Tile:8,Tile:0,Tile:9,Map,Malus,Tile:8,Tile:2,Tile:11,Tile:6,Tile:3-Tile:15,Tile:0,Tile:9,Bonus,Tile:13,Tile:7,Destroy-Tile:5,Tile:9,Map,Tile:7,Tile:0,Tile:10,Tile:7-Tile:hidden2,Tile:nugget,Tile:hidden1
Drop 2 0 1
Map 12 3 0
Tile:13 5 6 1
Map 12 5 0
Tile:0 4 6 1
Tile:0 6 5 0
Tile:7_flip 4 5 1
Tile:5 5 4 0
Drop 0 0 1
Tile:9 5 7 0
Destroy 5 6 1
Tile:6 7 5 0
Tile:4 4 4 1
Tile:10 7 4 0
Drop 2 0 1
Tile:10 7 3 0
Tile:8 8 5 1
Tile:7_flip 8 6 0
Drop 1 0 1
Tile:5 8 4 0
Drop 4 0 1
Tile:5 7 2 0
Tile:14 9 4 1
Destroy 9 4 0
Drop 0 0 1
Tile:6 9 5 0
Malus 0 0 1
Bonus 0 0 0
Tile:9_flip 6 7 1
Tile:8 10 5 0
Tile:10 5 8 1
Tile:0 11 5 0
GAMEOVER WINNER 0
# Game ended: Wed Apr 15 15:58:50 EDT 2020
