# Server version 0.08 running on 192.168.2.139:8123
# Game ID: 124
# Board class: Saboteur.SaboteurBoard
# Timeout: 20000
# First Move Timeout: 30000
# Date: Wed Apr 15 01:41:00 EDT 2020
# Player 1: Player-0, '260714615', running on 192.168.2.139
# Player 2: Player-1, 'RandomPlayer', running on 192.168.2.139
START Player-0 260714615
START Player-1 RandomPlayer
BoardInit:Tile:9,Tile:9,Tile:5,Malus,Bonus,Tile:4,Tile:14,Tile:8,Tile:6,Tile:0,Tile:0,Map,Tile:5,Tile:9,Tile:8,Tile:0,Tile:8,Tile:6,Tile:9,Tile:6,Tile:6,Map,Tile:0,Tile:2,Tile:1,Tile:10,Tile:11,Tile:5,Bonus,Bonus,Destroy,Tile:10,Destroy,Bonus,Tile:7,Tile:8,Map,Tile:7,Destroy,Tile:7,Tile:7-Tile:6,Tile:15,Tile:5,Tile:3,Tile:8,Tile:9,Map-Malus,Tile:10,Tile:12,Map,Tile:13,Map,Tile:7-Tile:hidden2,Tile:hidden1,Tile:nugget
Tile:8 5 4 1
Map 12 3 0
Tile:9_flip 5 6 1
Map 12 3 0
Map 12 5 1
Tile:10 5 3 0
Drop 2 0 1
Tile:7_flip 5 7 0
Tile:5 4 5 1
Tile:8 6 5 0
Tile:9_flip 6 7 1
Tile:0 7 5 0
Tile:6_flip 8 5 1
Map 12 3 0
Tile:6 4 4 1
Tile:9 8 6 0
Tile:5_flip 9 5 1
Tile:9 9 4 0
Tile:8 6 4 1
Tile:0 10 4 0
Tile:3_flip 4 6 1
Tile:6 11 4 0
Drop 5 0 1
Map 12 3 0
Tile:8 12 4 1
Malus 0 0 0
Drop 0 0 1
Malus 0 0 0
Drop 6 0 1
Tile:6 13 4 0
Drop 4 0 1
Tile:5 6 3 0
Bonus 0 0 1
Tile:2 11 5 0
Destroy 9 5 1
Tile:10 8 7 0
Destroy 11 5 1
Tile:8 9 5 0
Bonus 0 0 1
Tile:4 4 3 0
Destroy 9 4 1
Tile:7 10 5 0
Tile:6_flip 5 2 1
GAMEOVER USER CANCEL UNDECIDED
# Game ended: Wed Apr 15 01:41:43 EDT 2020
