# Server version 0.08 running on 192.168.2.139:8123
# Game ID: 83
# Board class: Saboteur.SaboteurBoard
# Timeout: 20000
# First Move Timeout: 30000
# Date: Sun Apr 12 23:57:35 EDT 2020
# Player 1: Player-0, '260714615', running on 192.168.2.139
# Player 2: Player-1, 'RandomPlayer', running on 192.168.2.139
START Player-0 260714615
START Player-1 RandomPlayer
BoardInit:Tile:9,Bonus,Tile:8,Tile:9,Malus,Tile:9,Tile:5,Map,Tile:6,Tile:3,Bonus,Tile:5,Tile:6,Tile:1,Tile:10,Map,Tile:8,Tile:10,Tile:0,Tile:7,Tile:6,Tile:2,Tile:15,Tile:14,Tile:8,Tile:5,Tile:6,Tile:0,Tile:8,Malus,Destroy,Tile:7,Tile:12,Tile:0,Tile:7,Tile:5,Map,Tile:7,Tile:10,Tile:7,Tile:11-Tile:8,Bonus,Map,Tile:9,Destroy,Tile:4,Tile:9-Bonus,Destroy,Tile:13,Tile:6,Tile:0,Map,Map-Tile:hidden2,Tile:hidden1,Tile:nugget
Drop 3 0 1
Map 12 3 0
Drop 1 0 1
Tile:13 5 6 0
Drop 1 0 1
Tile:9 4 5 0
Tile:8 4 6 1
Tile:6_flip 6 6 0
Tile:8 6 7 1
Destroy 5 6 0
Tile:9 6 8 1
Tile:9 4 4 0
Tile:9_flip 5 4 1
Tile:3 7 6 0
Tile:6 5 6 1
Tile:0 6 5 0
Tile:6 7 8 1
Tile:5_flip 8 8 0
Destroy 7 8 1
Tile:1 3 6 0
Tile:8 7 7 1
Map 12 5 0
Tile:5 5 3 1
Map 12 5 0
Tile:10 4 3 1
Drop 5 0 0
Tile:4 4 2 1
Tile:5_flip 6 3 0
Tile:6_flip 2 6 1
Drop 2 0 0
Tile:6 7 8 1
Drop 4 0 0
Destroy 4 6 1
Tile:7_flip 6 9 0
Tile:8 8 7 1
Tile:7_flip 2 7 0
Tile:12 7 9 1
Tile:5_flip 7 5 0
Tile:15 8 6 1
Tile:10 8 5 0
Tile:8 4 6 1
Tile:7 6 2 0
Map 12 3 1
Tile:7 8 4 0
Drop 4 0 1
Malus 0 0 0
Drop 4 0 1
Drop 2 0 0
Drop 0 0 1
Drop 1 0 0
Drop 0 0 1
Tile:0 5 7 0
Drop 1 0 1
Drop 0 0 0
Drop 0 0 1
GAMEOVER DRAW
# Game ended: Sun Apr 12 23:58:24 EDT 2020
