# Server version 0.08 running on 192.168.2.139:8123
# Game ID: 129
# Board class: Saboteur.SaboteurBoard
# Timeout: 20000
# First Move Timeout: 30000
# Date: Mon Apr 13 03:52:44 EDT 2020
# Player 1: Player-0, '260714615', running on 192.168.2.139
# Player 2: Player-1, 'RandomPlayer', running on 192.168.2.139
START Player-0 260714615
START Player-1 RandomPlayer
BoardInit:Map,Tile:4,Tile:9,Tile:8,Bonus,Tile:0,Tile:9,Tile:3,Map,Tile:10,Destroy,Map,Tile:5,Bonus,Tile:9,Tile:1,Tile:11,Tile:5,Tile:0,Tile:7,Tile:10,Tile:6,Map,Tile:7,Tile:13,Destroy,Tile:9,Tile:2,Tile:7,Tile:5,Tile:0,Tile:7,Tile:15,Map,Malus,Tile:7,Tile:10,Tile:8,Tile:6,Tile:6,Tile:0-Malus,Destroy,Bonus,Tile:8,Tile:8,Tile:8,Bonus-Tile:6,Tile:14,Tile:6,Tile:9,Tile:12,Map,Tile:5-Tile:hidden1,Tile:hidden2,Tile:nugget
Malus 0 0 1
Drop 0 0 0
Drop 5 0 1
Drop 2 0 0
Tile:8 4 5 1
Drop 3 0 0
Drop 2 0 1
Drop 5 0 0
Drop 2 0 1
Drop 6 0 0
Drop 1 0 1
Drop 4 0 0
Tile:9 5 4 1
Drop 1 0 0
Drop 3 0 1
Map 12 7 0
Tile:9_flip 6 5 1
Drop 2 0 0
Tile:5_flip 6 6 1
Drop 2 0 0
Tile:11_flip 5 3 1
Drop 1 0 0
Map 12 3 1
Drop 4 0 0
Map 12 7 1
Bonus 0 0 0
Tile:13 4 3 1
Drop 3 0 0
Map 12 7 1
Tile:2_flip 5 6 0
Tile:9_flip 4 4 1
Tile:7_flip 4 6 0
Destroy 4 3 1
Tile:6_flip 6 4 0
Drop 3 0 1
Destroy 4 4 0
Tile:7 5 2 1
Tile:5 3 5 0
Destroy 5 3 1
Tile:10 3 6 0
Tile:6 3 7 1
Tile:7_flip 2 7 0
Drop 0 0 1
Tile:7_flip 4 2 0
Drop 4 0 1
Map 12 7 0
Tile:0 4 7 1
Tile:14_flip 4 1 0
Tile:0 5 1 1
Tile:6 7 4 0
Drop 0 0 1
Tile:8 5 3 0
Tile:0 5 7 1
Tile:1 8 4 0
Malus 0 0 1
GAMEOVER DRAW
# Game ended: Mon Apr 13 03:53:35 EDT 2020
