# Server version 0.08 running on 192.168.2.139:8123
# Game ID: 328
# Board class: Saboteur.SaboteurBoard
# Timeout: 20000
# First Move Timeout: 30000
# Date: Wed Apr 15 17:26:52 EDT 2020
# Player 1: Player-0, 'RandomPlayer', running on 127.0.0.1
# Player 2: Player-1, '260714615', running on 127.0.0.1
START Player-0 RandomPlayer
START Player-1 260714615
BoardInit:Tile:0,Tile:7,Tile:0,Tile:7,Tile:7,Tile:0,Destroy,Bonus,Tile:12,Map,Tile:15,Bonus,Tile:0,Bonus,Tile:5,Tile:8,Tile:8,Tile:6,Tile:6,Tile:10,Tile:6,Map,Map,Malus,Tile:9,Malus,Tile:14,Tile:9,Tile:8,Tile:9,Tile:2,Tile:10,Tile:6,Map,Tile:6,Destroy,Destroy,Tile:7,Tile:5,Tile:10,Tile:1-Tile:5,Tile:9,Tile:7,Tile:9,Tile:5,Tile:4,Tile:13-Tile:8,Map,Map,Tile:3,Tile:11,Tile:8,Bonus-Tile:hidden1,Tile:hidden2,Tile:nugget
Tile:5 5 4 1
Tile:3 6 4 0
Tile:9 5 6 1
Map 12 7 0
Tile:0 6 6 1
Tile:11 5 7 0
Tile:0 7 6 1
Tile:8 5 8 0
Destroy 6 4 1
Tile:0 6 7 0
Tile:7_flip 4 5 1
Tile:7 8 6 0
Tile:9 8 7 1
Tile:7_flip 5 9 0
Tile:0 9 7 1
Tile:8 4 8 0
Tile:7_flip 8 8 1
Tile:8 10 7 0
Tile:5 10 6 1
Tile:6_flip 6 4 0
Tile:8 11 6 1
Tile:10 4 7 0
Tile:5 11 5 1
Drop 1 0 0
Map 12 3 1
Drop 2 0 0
Tile:6 12 6 1
Drop 0 0 0
Tile:6 13 6 1
Tile:9_flip 11 7 0
Tile:13 13 5 1
Map 12 3 0
Tile:9 13 4 1
Tile:10 4 4 0
Tile:8 13 3 1
Tile:9_flip 12 4 0
Tile:6 11 4 1
Destroy 5 9 0
Destroy 12 6 1
Tile:7_flip 10 4 0
Tile:6 12 6 1
Drop 4 0 0
Tile:5 11 3 1
Tile:10 13 2 0
Tile:12 7 7 1
Drop 3 0 0
Drop 2 0 1
Drop 1 0 0
GAMEOVER TIMEOUT WINNER 0
# Game ended: Wed Apr 15 17:27:58 EDT 2020
