# Server version 0.08 running on 192.168.2.139:8123
# Game ID: 449
# Board class: Saboteur.SaboteurBoard
# Timeout: 20000
# First Move Timeout: 30000
# Date: Wed Apr 15 21:06:11 EDT 2020
# Player 1: Player-0, '260714615', running on 192.168.2.139
# Player 2: Player-1, 'RandomPlayer', running on 192.168.2.139
START Player-0 260714615
START Player-1 RandomPlayer
BoardInit:Tile:0,Map,Destroy,Tile:9,Tile:6,Tile:6,Tile:10,Bonus,Tile:6,Tile:1,Destroy,Tile:5,Tile:12,Tile:10,Malus,Tile:9,Map,Map,Tile:8,Tile:13,Tile:8,Map,Map,Tile:0,Tile:8,Tile:9,Tile:5,Tile:7,Tile:6,Tile:4,Tile:14,Tile:11,Tile:0,Tile:5,Tile:7,Malus,Tile:8,Bonus,Map,Tile:7,Tile:8-Tile:3,Bonus,Tile:10,Tile:15,Tile:7,Tile:7,Bonus-Tile:0,Tile:9,Tile:2,Destroy,Tile:5,Tile:9,Tile:6-Tile:hidden1,Tile:hidden2,Tile:nugget
Tile:7_flip 4 5 1
Tile:0 6 5 0
Drop 5 0 1
Map 12 3 0
Tile:7 5 4 1
Tile:6 7 5 0
Drop 3 0 1
Tile:6 8 5 0
Destroy 7 5 1
Tile:9 8 4 0
Tile:6 7 5 1
Drop 0 0 0
Tile:10 7 4 1
Tile:5 8 3 0
Drop 2 0 1
Tile:9_flip 9 5 0
Destroy 7 5 1
Tile:9 9 6 0
Tile:6_flip 4 4 1
Map 12 5 0
Tile:12 10 6 1
Destroy 10 6 0
Tile:8 9 4 1
Map 12 7 0
Map 12 7 1
Tile:9 5 6 0
Tile:3 6 6 1
Tile:9 6 7 0
Drop 6 0 1
Tile:0 7 7 0
Tile:6_flip 8 7 1
Tile:7_flip 8 8 0
Map 12 7 1
Tile:5_flip 9 7 0
Tile:14 5 7 1
Tile:5_flip 10 6 0
Tile:7 7 3 1
Malus 0 0 0
Bonus 0 0 1
Tile:10 10 5 0
Tile:8 9 3 1
Tile:7_flip 6 8 0
Malus 0 0 1
Bonus 0 0 0
Tile:8 4 7 1
Drop 0 0 0
Tile:8 6 3 1
Drop 0 0 0
Tile:8 6 2 1
