# Server version 0.08 running on 192.168.2.139:8123
# Game ID: 250
# Board class: Saboteur.SaboteurBoard
# Timeout: 20000
# First Move Timeout: 30000
# Date: Mon Apr 13 17:17:50 EDT 2020
# Player 1: Player-0, 'RandomPlayer', running on 127.0.0.1
# Player 2: Player-1, '260714615', running on 127.0.0.1
START Player-0 RandomPlayer
START Player-1 260714615
BoardInit:Tile:0,Tile:7,Map,Destroy,Map,Tile:6,Tile:6,Tile:5,Tile:2,Tile:11,Destroy,Tile:6,Tile:15,Tile:0,Tile:10,Tile:5,Destroy,Tile:0,Tile:3,Tile:9,Tile:9,Tile:0,Tile:9,Bonus,Tile:4,Tile:7,Map,Tile:14,Map,Tile:9,Tile:6,Bonus,Tile:10,Tile:7,Malus,Tile:9,Tile:12,Tile:5,Tile:8,Malus,Tile:8-Tile:6,Bonus,Bonus,Map,Tile:7,Tile:1,Tile:5-Tile:10,Tile:8,Tile:8,Tile:13,Map,Tile:7,Tile:8-Tile:nugget,Tile:hidden2,Tile:hidden1
Map 12 3 1
Tile:7_flip 5 6 0
Tile:6 6 5 1
Tile:8 4 5 0
Tile:0 7 5 1
Drop 1 0 0
Tile:5 6 4 1
Tile:7 8 5 0
Tile:7_flip 8 6 1
Tile:5_flip 7 4 0
Tile:6 9 6 1
Drop 1 0 0
Tile:1 3 5 1
Destroy 5 6 0
Tile:2 2 5 1
Tile:11_flip 2 6 0
Tile:10 9 5 1
Tile:6_flip 1 5 0
Destroy 1 5 1
Tile:5_flip 2 7 0
Tile:15 4 4 1
Tile:9 5 6 0
Tile:9 9 4 1
Tile:10 7 3 0
Tile:9 9 3 1
Tile:8 9 2 0
Destroy 2 5 1
Tile:6_flip 6 6 0
Tile:3 4 3 1
Tile:7_flip 1 7 0
Tile:4 5 4 1
Tile:14 4 6 0
Tile:6 10 3 1
Tile:9 6 7 0
Tile:10 9 1 1
Tile:0 10 4 0
Malus 0 0 1
Drop 0 0 0
Tile:12 7 6 1
Bonus 0 0 0
Tile:8 11 3 1
GAMEOVER WINNER 1
# Game ended: Mon Apr 13 17:18:28 EDT 2020
