# Server version 0.08 running on 192.168.2.139:8123
# Game ID: 344
# Board class: Saboteur.SaboteurBoard
# Timeout: 20000
# First Move Timeout: 30000
# Date: Wed Apr 15 17:50:34 EDT 2020
# Player 1: Player-0, 'RandomPlayer', running on 127.0.0.1
# Player 2: Player-1, '260714615', running on 127.0.0.1
START Player-0 RandomPlayer
START Player-1 260714615
BoardInit:Tile:6,Map,Tile:1,Destroy,Map,Tile:15,Tile:6,Tile:2,Tile:9,Tile:7,Tile:7,Tile:13,Tile:5,Tile:8,Tile:5,Tile:5,Tile:0,Tile:10,Tile:0,Tile:8,Bonus,Tile:9,Destroy,Tile:9,Destroy,Tile:11,Bonus,Tile:0,Map,Tile:4,Tile:8,Tile:6,Tile:8,Malus,Tile:6,Tile:7,Tile:9,Tile:7,Tile:8,Tile:12,Tile:7-Tile:6,Tile:3,Tile:0,Tile:10,Map,Tile:9,Map-Bonus,Map,Malus,Tile:14,Bonus,Tile:10,Tile:5-Tile:hidden1,Tile:nugget,Tile:hidden2
Map 12 3 1
Tile:5 5 4 0
Map 12 5 1
Drop 6 0 0
Tile:6 6 5 1
Map 12 7 0
Tile:0 7 5 1
Drop 0 0 0
Tile:6 8 5 1
Tile:2 6 4 0
Tile:6 9 5 1
Tile:14 7 4 0
Tile:10 9 4 1
Destroy 9 4 0
Tile:9 9 4 1
Drop 3 0 0
Tile:9 9 3 1
Tile:8 10 4 0
Tile:0 11 4 1
Tile:7 10 3 0
Tile:0 12 4 1
Tile:5 9 2 0
Tile:1 13 4 1
Tile:13 4 5 0
Destroy 12 4 1
Tile:9_flip 10 5 0
Destroy 6 4 1
Tile:10 8 4 0
Tile:7_flip 10 6 1
Drop 4 0 0
Tile:5_flip 11 6 1
Tile:4 8 3 0
Tile:5 11 5 1
GAMEOVER WINNER 1
# Game ended: Wed Apr 15 17:51:08 EDT 2020
