# Server version 0.08 running on 192.168.2.139:8123
# Game ID: 195
# Board class: Saboteur.SaboteurBoard
# Timeout: 20000
# First Move Timeout: 30000
# Date: Wed Apr 15 13:21:37 EDT 2020
# Player 1: Player-0, '260714615', running on 192.168.2.139
# Player 2: Player-1, 'RandomPlayer', running on 192.168.2.139
START Player-0 260714615
START Player-1 RandomPlayer
BoardInit:Tile:9,Tile:6,Map,Tile:10,Destroy,Tile:7,Tile:5,Tile:9,Tile:0,Bonus,Tile:11,Bonus,Tile:12,Malus,Tile:4,Destroy,Bonus,Tile:7,Map,Tile:2,Tile:6,Tile:8,Tile:9,Tile:8,Tile:15,Tile:8,Tile:6,Tile:10,Map,Tile:7,Tile:0,Tile:6,Map,Tile:7,Tile:1,Tile:6,Tile:5,Tile:0,Map,Tile:14,Tile:9-Tile:0,Tile:10,Tile:5,Tile:5,Map,Bonus,Tile:13-Destroy,Tile:8,Malus,Tile:7,Tile:3,Tile:8,Tile:9-Tile:nugget,Tile:hidden1,Tile:hidden2
Tile:10 5 4 1
Tile:8 6 5 0
Tile:9 6 6 1
Tile:8 7 5 0
Map 12 5 1
Tile:6 8 5 0
Tile:5 6 4 1
Tile:9 8 4 0
Tile:5_flip 6 7 1
Tile:10 8 3 0
Tile:5 5 3 1
Tile:9 8 2 0
Tile:0 5 7 1
Tile:7 9 5 0
Tile:13 4 5 1
Tile:7_flip 9 6 0
Tile:11 4 6 1
Destroy 4 5 0
Tile:0 9 2 1
Tile:7 10 6 0
Destroy 8 4 1
Malus 0 0 0
Map 12 7 1
Tile:8 10 7 0
Drop 0 0 1
Tile:8 11 7 0
Drop 3 0 1
Destroy 4 6 0
Drop 6 0 1
Malus 0 0 0
Bonus 0 0 1
Tile:8 11 8 0
Drop 6 0 1
Tile:6 12 8 0
Drop 4 0 1
Tile:10 11 6 0
Map 12 5 1
Tile:6 13 8 0
Map 12 3 1
Tile:7 13 7 0
Drop 4 0 1
Tile:7_flip 10 8 0
Map 12 5 1
Tile:0 9 7 0
Drop 4 0 1
Tile:3 7 4 0
Drop 2 0 1
Tile:2 4 5 0
Drop 0 0 1
Tile:14 4 6 0
Drop 0 0 1
GAMEOVER USER CANCEL UNDECIDED
# Game ended: Wed Apr 15 13:22:29 EDT 2020
