# Server version 0.08 running on 192.168.2.139:8123
# Game ID: 424
# Board class: Saboteur.SaboteurBoard
# Timeout: 20000
# First Move Timeout: 30000
# Date: Wed Apr 15 19:36:12 EDT 2020
# Player 1: Player-0, 'RandomPlayer', running on 127.0.0.1
# Player 2: Player-1, '260714615', running on 127.0.0.1
START Player-0 RandomPlayer
START Player-1 260714615
BoardInit:Tile:15,Tile:13,Map,Bonus,Tile:6,Tile:8,Tile:6,Tile:0,Malus,Tile:3,Tile:8,Tile:5,Destroy,Tile:12,Tile:9,Tile:5,Tile:6,Tile:8,Map,Tile:6,Bonus,Tile:5,Tile:9,Tile:4,Tile:10,Tile:10,Tile:0,Destroy,Tile:7,Destroy,Map,Tile:0,Tile:7,Bonus,Tile:1,Tile:8,Tile:7,Tile:11,Map,Bonus,Tile:8-Tile:7,Tile:2,Map,Tile:14,Map,Tile:7,Malus-Tile:0,Tile:10,Tile:5,Tile:9,Tile:9,Tile:6,Tile:9-Tile:hidden1,Tile:hidden2,Tile:nugget
Map 12 3 1
Tile:9 4 5 0
Map 12 5 1
Tile:10 5 6 0
Map 12 7 1
Drop 1 0 0
Tile:6 6 5 1
Drop 6 0 0
Tile:6 7 5 1
Tile:13 5 4 0
Tile:7_flip 5 7 1
Drop 1 0 0
Drop 0 0 1
Tile:5_flip 4 6 0
Drop 0 0 1
Drop 5 0 0
Tile:8 8 5 1
Tile:9_flip 6 7 0
Tile:6 9 5 1
Drop 1 0 0
Tile:7_flip 8 6 1
Tile:0 3 6 0
Tile:9 9 4 1
Tile:5 2 6 0
Malus 0 0 1
Drop 5 0 0
Drop 0 0 1
Drop 0 0 0
Malus 0 0 1
Drop 5 0 0
Tile:0 10 5 1
Destroy 4 6 0
Tile:9_flip 11 5 1
Destroy 11 5 0
Tile:7 11 5 1
Drop 0 0 0
Tile:7_flip 11 6 1
Drop 4 0 0
Tile:7 12 6 1
GAMEOVER WINNER 1
# Game ended: Wed Apr 15 19:36:52 EDT 2020
