# Server version 0.08 running on 192.168.2.139:8123
# Game ID: 227
# Board class: Saboteur.SaboteurBoard
# Timeout: 20000
# First Move Timeout: 30000
# Date: Wed Apr 15 14:42:14 EDT 2020
# Player 1: Player-0, '260714615', running on 127.0.0.1
# Player 2: Player-1, 'RandomPlayer', running on 127.0.0.1
START Player-0 260714615
START Player-1 RandomPlayer
BoardInit:Tile:10,Tile:2,Tile:6,Tile:8,Malus,Tile:9,Map,Tile:0,Bonus,Map,Tile:0,Tile:7,Map,Bonus,Tile:8,Tile:1,Tile:14,Map,Tile:13,Tile:9,Tile:10,Tile:6,Map,Destroy,Tile:8,Tile:6,Tile:10,Tile:7,Destroy,Bonus,Tile:15,Tile:9,Malus,Tile:8,Tile:8,Tile:9,Bonus,Tile:9,Map,Tile:7,Tile:5-Tile:5,Tile:4,Tile:0,Destroy,Tile:6,Tile:12,Tile:6-Tile:11,Tile:7,Tile:7,Tile:5,Tile:5,Tile:3,Tile:0-Tile:hidden1,Tile:hidden2,Tile:nugget
Tile:5 4 5 1
Tile:0 6 5 0
Tile:10 5 4 1
Tile:7_flip 5 6 0
Tile:6_flip 6 6 1
Tile:8 7 5 0
Tile:6_flip 8 5 1
Tile:7_flip 8 6 0
Tile:4 7 4 1
Tile:0 9 5 0
Drop 1 0 1
Map 12 3 0
Tile:6_flip 10 5 1
Tile:5_flip 11 5 0
Map 12 7 1
Tile:5 11 4 0
Tile:12 12 4 1
Tile:9 10 6 0
Drop 1 0 1
Map 12 5 0
Tile:0 11 6 1
Tile:7 12 6 0
GAMEOVER WINNER 0
# Game ended: Wed Apr 15 14:42:36 EDT 2020
