# Server version 0.08 running on 192.168.2.139:8123
# Game ID: 52
# Board class: Saboteur.SaboteurBoard
# Timeout: 20000
# First Move Timeout: 30000
# Date: Sun Apr 12 20:56:56 EDT 2020
# Player 1: Player-0, 'RandomPlayer', running on 127.0.0.1
# Player 2: Player-1, 'RandomPlayer', running on 127.0.0.1
START Player-0 RandomPlayer
START Player-1 RandomPlayer
BoardInit:Destroy,Bonus,Destroy,Tile:10,Tile:6,Tile:5,Tile:8,Tile:8,Tile:7,Tile:6,Bonus,Tile:13,Tile:8,Tile:7,Tile:7,Tile:8,Tile:9,Map,Tile:0,Map,Tile:12,Malus,Tile:8,Tile:14,Tile:6,Tile:0,Malus,Tile:10,Map,Tile:4,Tile:5,Map,Tile:0,Tile:6,Tile:7,Tile:5,Tile:9,Bonus,Tile:10,Tile:3,Destroy-Tile:2,Tile:0,Map,Map,Tile:6,Tile:9,Tile:7-Tile:11,Tile:15,Tile:9,Tile:1,Tile:5,Tile:9,Bonus-Tile:hidden1,Tile:hidden2,Tile:nugget
Map 12 5 1
Tile:5_flip 6 5 0
Tile:6 5 6 1
Tile:1 6 6 0
Tile:9_flip 7 6 1
Tile:11 7 7 0
Tile:6 7 8 1
Drop 6 0 0
Tile:8 4 5 1
Drop 0 0 0
Tile:2_flip 4 6 1
Tile:9_flip 5 4 0
Tile:7 5 3 1
Tile:8 3 5 0
Tile:0 8 7 1
Tile:6 6 8 0
Destroy 6 8 1
Tile:8 9 7 0
Tile:7 3 4 1
Tile:7_flip 3 6 0
Tile:7 10 7 1
Tile:9 6 8 0
Drop 5 0 1
Tile:10 9 6 0
Map 12 7 1
Tile:13 4 3 0
Tile:9 7 5 1
Map 12 5 0
Tile:6 6 9 1
Drop 5 0 0
Destroy 3 4 1
Map 12 3 0
Tile:12_flip 5 9 1
Tile:14 8 5 0
Map 12 5 1
Map 12 3 0
Drop 3 0 1
Drop 6 0 0
Tile:9 4 4 1
Tile:6_flip 7 9 0
Tile:8 8 4 1
Tile:3 6 7 0
Destroy 6 8 1
Tile:10 3 4 0
Tile:8 9 8 1
Drop 3 0 0
Tile:10 6 4 1
Drop 1 0 0
Tile:5_flip 7 10 1
Malus 0 0 0
Drop 0 0 1
Drop 0 0 0
Drop 1 0 1
Drop 0 0 0
Drop 0 0 1
GAMEOVER DRAW
# Game ended: Sun Apr 12 20:56:56 EDT 2020
