# Server version 0.08 running on LAPTOP-PK0TDV81:8123
# Game ID: 426
# Board class: Saboteur.SaboteurBoard
# Timeout: 20000
# First Move Timeout: 30000
# Date: Wed Apr 15 19:39:40 EDT 2020
# Player 1: Player-0, '260714615', running on LAPTOP-PK0TDV81
# Player 2: Player-1, 'RandomPlayer', running on LAPTOP-PK0TDV81
START Player-0 260714615
START Player-1 RandomPlayer
BoardInit:Tile:14,Destroy,Tile:7,Bonus,Tile:4,Map,Tile:6,Tile:10,Tile:6,Map,Destroy,Destroy,Map,Tile:9,Bonus,Tile:7,Tile:6,Tile:8,Bonus,Tile:10,Tile:5,Tile:6,Tile:8,Tile:3,Tile:2,Tile:9,Tile:5,Tile:9,Tile:0,Malus,Tile:0,Tile:8,Tile:7,Tile:1,Tile:7,Malus,Tile:13,Tile:6,Map,Tile:11,Tile:15-Tile:7,Tile:8,Tile:10,Tile:8,Tile:5,Tile:12,Tile:0-Tile:5,Tile:9,Tile:0,Tile:9,Map,Map,Bonus-Tile:hidden1,Tile:hidden2,Tile:nugget
Tile:7 6 5 1
Map 12 3 0
Drop 1 0 1
Map 12 5 0
Tile:5 5 4 1
Tile:9 6 6 0
Drop 2 0 1
Map 12 7 0
Drop 2 0 1
Tile:0 7 6 0
Tile:6_flip 4 5 1
Tile:9 6 7 0
Tile:6_flip 8 6 1
Tile:5_flip 9 6 0
Tile:14 5 6 1
Tile:9 9 5 0
Destroy 9 5 1
Tile:7_flip 8 7 0
Tile:7 7 7 1
Tile:8 9 5 0
Tile:6_flip 3 5 1
Tile:10 9 4 0
Tile:8 4 6 1
Tile:6 10 5 0
Tile:8 4 7 1
Tile:10 10 4 0
Drop 3 0 1
Tile:9 10 3 0
Tile:2 11 5 1
Destroy 11 5 0
Tile:8 3 6 1
Malus 0 0 0
Bonus 0 0 1
Tile:8 11 5 0
Tile:0 8 5 1
Tile:9 11 6 0
Tile:4 12 4 1
Destroy 12 4 0
Tile:5 12 4 1
Malus 0 0 0
Drop 2 0 1
Tile:6 11 7 0
GAMEOVER WINNER 0
# Game ended: Wed Apr 15 19:40:22 EDT 2020
