# Server version 0.08 running on 192.168.2.139:8123
# Game ID: 123
# Board class: Saboteur.SaboteurBoard
# Timeout: 20000
# First Move Timeout: 30000
# Date: Wed Apr 15 01:24:47 EDT 2020
# Player 1: Player-0, '260714615', running on 192.168.2.139
# Player 2: Player-1, 'RandomPlayer', running on 192.168.2.139
START Player-0 260714615
START Player-1 RandomPlayer
BoardInit:Tile:0,Tile:7,Map,Tile:5,Destroy,Tile:2,Tile:9,Map,Tile:5,Tile:7,Tile:9,Tile:6,Tile:7,Tile:9,Map,Tile:9,Malus,Tile:9,Map,Tile:8,Tile:0,Bonus,Tile:5,Tile:10,Tile:12,Tile:4,Malus,Tile:10,Tile:3,Tile:8,Destroy,Tile:8,Tile:7,Tile:8,Tile:11,Tile:6,Map,Tile:14,Bonus,Tile:6,Tile:0-Tile:6,Bonus,Bonus,Tile:10,Tile:1,Tile:15,Map-Tile:5,Tile:0,Tile:6,Destroy,Tile:13,Tile:8,Tile:7-Tile:hidden1,Tile:nugget,Tile:hidden2
Tile:1 6 5 1
Tile:0 7 5 0
Drop 5 0 1
Tile:6 8 5 0
Map 12 3 1
Tile:8 9 5 0
Tile:15 9 6 1
Tile:5 9 4 0
Tile:9_flip 5 6 1
Map 12 3 0
Drop 0 0 1
Tile:7_flip 9 7 0
Drop 0 0 1
Tile:6 10 5 0
Tile:10 5 4 1
Tile:7 11 5 0
Map 12 7 1
Destroy 9 6 0
Tile:7 10 7 1
Tile:7_flip 11 6 0
Tile:9_flip 5 3 1
Tile:8 12 6 0
Tile:5_flip 5 7 1
Tile:5_flip 13 6 0
Destroy 5 7 1
Tile:9 13 5 0
Tile:5_flip 10 8 1
Tile:9 13 4 0
Drop 2 0 1
Tile:9 13 3 0
Tile:3 13 2 1
Tile:8 10 4 0
Tile:0 12 2 1
Tile:10 10 3 0
Destroy 13 4 1
Tile:10 13 4 0
Tile:11 11 2 1
Tile:6 11 4 0
Tile:7 12 4 1
Tile:8 9 6 0
Malus 0 0 1
Bonus 0 0 0
Tile:12_flip 8 6 1
Tile:8 11 1 0
Drop 4 0 1
Tile:6 12 1 0
Map 12 7 1
Tile:13 5 2 0
Tile:0 4 6 1
