# Server version 0.08 running on 192.168.2.139:8123
# Game ID: 154
# Board class: Saboteur.SaboteurBoard
# Timeout: 20000
# First Move Timeout: 30000
# Date: Wed Apr 15 11:35:42 EDT 2020
# Player 1: Player-0, 'RandomPlayer', running on 127.0.0.1
# Player 2: Player-1, '260714615', running on 127.0.0.1
START Player-0 RandomPlayer
START Player-1 260714615
BoardInit:Tile:14,Tile:7,Map,Tile:9,Map,Bonus,Tile:6,Tile:5,Tile:6,Tile:8,Map,Destroy,Tile:6,Tile:8,Tile:9,Tile:8,Destroy,Tile:0,Tile:9,Tile:4,Malus,Malus,Tile:15,Tile:9,Tile:11,Tile:5,Tile:12,Tile:3,Tile:6,Tile:6,Destroy,Tile:5,Tile:10,Bonus,Tile:8,Tile:2,Tile:10,Map,Tile:5,Tile:0,Tile:9-Tile:7,Bonus,Tile:0,Tile:7,Tile:13,Tile:7,Tile:0-Map,Bonus,Tile:8,Tile:10,Tile:1,Tile:7,Map-Tile:hidden1,Tile:nugget,Tile:hidden2
Tile:0 6 5 1
Drop 2 0 0
Tile:0 7 5 1
Tile:1 4 5 0
Map 12 3 1
Tile:7_flip 5 6 0
Map 12 3 1
Drop 6 0 0
Tile:6 8 5 1
Tile:9 3 5 0
Tile:6 9 5 1
Map 12 3 0
Map 12 3 1
Drop 0 0 0
Tile:6 10 5 1
Destroy 10 5 0
Tile:9 9 4 1
Tile:7 6 6 0
Tile:7 10 5 1
Tile:10 3 4 0
Tile:7_flip 10 6 1
Tile:5_flip 10 4 0
Tile:7 11 6 1
Tile:8 9 3 0
Malus 0 0 1
Drop 5 0 0
Tile:9 11 7 1
Drop 5 0 0
Tile:13 3 3 1
Drop 2 0 0
Tile:6 11 8 1
Drop 4 0 0
Tile:14 4 3 1
Drop 6 0 0
Tile:10 8 4 1
Drop 3 0 0
Tile:8 12 8 1
Drop 2 0 0
Tile:10 12 9 1
Map 12 3 0
Tile:5 10 8 1
Drop 6 0 0
Tile:9 10 9 1
Map 12 3 0
Destroy 3 3 1
Drop 3 0 0
Tile:15 3 6 1
Drop 0 0 0
Destroy 3 6 1
Drop 2 0 0
Tile:11 3 3 1
Drop 0 0 0
Tile:12 11 9 1
Drop 0 0 0
Drop 0 0 1
GAMEOVER DRAW
# Game ended: Wed Apr 15 11:36:38 EDT 2020
