# Server version 0.08 running on 192.168.2.139:8123
# Game ID: 5
# Board class: Saboteur.SaboteurBoard
# Timeout: 20000
# First Move Timeout: 30000
# Date: Tue Apr 14 01:11:26 EDT 2020
# Player 1: Player-0, '260714615', running on 192.168.2.139
# Player 2: Player-1, 'RandomPlayer', running on 192.168.2.139
START Player-0 260714615
START Player-1 RandomPlayer
BoardInit:Map,Tile:9,Map,Bonus,Tile:10,Tile:11,Tile:5,Tile:7,Tile:9,Tile:6,Tile:8,Tile:5,Tile:0,Tile:6,Tile:3,Tile:7,Tile:0,Tile:10,Map,Tile:9,Tile:1,Destroy,Destroy,Tile:0,Map,Tile:4,Tile:9,Tile:14,Tile:15,Malus,Tile:8,Bonus,Tile:2,Tile:6,Tile:6,Tile:0,Tile:8,Tile:6,Tile:8,Bonus,Tile:7-Map,Tile:5,Tile:12,Tile:13,Tile:9,Tile:10,Tile:7-Map,Destroy,Bonus,Tile:5,Malus,Tile:8,Tile:7-Tile:hidden2,Tile:nugget,Tile:hidden1
Tile:10 5 4 1
Map 12 3 0
Tile:13 5 3 1
Tile:8 6 5 0
Map 12 3 1
Tile:5 6 4 0
Tile:12_flip 4 3 1
Tile:7_flip 6 6 0
Tile:7_flip 4 5 1
Tile:9 5 2 0
Tile:5_flip 5 6 1
Tile:6 7 5 0
Tile:5 4 6 1
Tile:7 8 5 0
Tile:9_flip 5 1 1
Tile:6 8 6 0
Drop 5 0 1
Tile:5_flip 9 6 0
Tile:9 4 7 1
Tile:10 9 5 0
Tile:3_flip 4 1 1
Tile:9 9 4 0
Tile:1 6 3 1
Malus 0 0 0
Drop 0 0 1
Tile:0 10 4 0
Destroy 6 3 1
Tile:7 11 4 0
Drop 5 0 1
Destroy 4 1 0
Map 12 7 1
Malus 0 0 0
Map 12 3 1
Tile:11 4 8 0
Drop 3 0 1
Tile:6 11 5 0
GAMEOVER WINNER 0
# Game ended: Tue Apr 14 01:12:02 EDT 2020
