# Server version 0.08 running on 192.168.2.139:8123
# Game ID: 312
# Board class: Saboteur.SaboteurBoard
# Timeout: 20000
# First Move Timeout: 30000
# Date: Mon Apr 13 19:12:19 EDT 2020
# Player 1: Player-0, 'RandomPlayer', running on 127.0.0.1
# Player 2: Player-1, '260714615', running on 127.0.0.1
START Player-0 RandomPlayer
START Player-1 260714615
BoardInit:Tile:6,Malus,Tile:13,Tile:8,Tile:8,Tile:10,Map,Map,Tile:7,Tile:5,Tile:6,Tile:4,Tile:15,Map,Bonus,Tile:5,Tile:6,Tile:14,Tile:9,Tile:0,Tile:12,Map,Bonus,Tile:7,Bonus,Tile:3,Tile:0,Malus,Tile:6,Destroy,Tile:8,Tile:8,Map,Destroy,Tile:1,Tile:2,Tile:10,Tile:10,Tile:8,Tile:7,Tile:0-Tile:9,Tile:0,Tile:9,Tile:7,Tile:11,Destroy,Tile:5-Tile:7,Tile:6,Tile:5,Tile:9,Map,Bonus,Tile:9-Tile:nugget,Tile:hidden2,Tile:hidden1
Tile:0 6 5 1
Tile:9 4 5 0
Tile:6 7 5 1
Tile:9_flip 5 4 0
Tile:13 8 5 1
Tile:6 4 6 0
Tile:8 9 5 1
Tile:7_flip 3 6 0
Map 12 3 1
Map 12 5 0
Tile:9 9 4 1
Tile:5_flip 10 5 0
Tile:6_flip 10 4 1
Tile:4 5 3 0
Tile:9_flip 11 4 1
Tile:8 9 6 0
Tile:5 11 3 1
Drop 1 0 0
Tile:7_flip 11 5 1
Drop 1 0 0
Tile:6_flip 9 3 1
Tile:5_flip 5 6 0
Tile:7_flip 8 3 1
Tile:5_flip 10 3 0
Tile:9 10 2 1
Tile:14 11 2 0
Tile:11 4 4 1
Tile:7 8 2 0
Tile:0 10 6 1
Drop 2 0 0
Tile:6_flip 11 1 1
Tile:3 8 4 0
Tile:8 12 1 1
Tile:8 13 1 0
Destroy 3 6 1
Destroy 11 3 0
Tile:15 4 3 1
Drop 3 0 0
Tile:10 12 2 1
Tile:10 13 0 0
Tile:8 10 1 1
Drop 2 0 0
Tile:0 11 6 1
Destroy 9 3 0
GAMEOVER TIMEOUT WINNER 0
# Game ended: Mon Apr 13 19:13:24 EDT 2020
