# Server version 0.08 running on 192.168.2.139:8123
# Game ID: 94
# Board class: Saboteur.SaboteurBoard
# Timeout: 20000
# First Move Timeout: 30000
# Date: Tue Apr 14 22:06:39 EDT 2020
# Player 1: Player-0, '260714615', running on 192.168.2.139
# Player 2: Player-1, 'RandomPlayer', running on 192.168.2.139
START Player-0 260714615
START Player-1 RandomPlayer
BoardInit:Tile:0,Tile:0,Tile:7,Tile:12,Map,Tile:10,Tile:8,Tile:6,Tile:5,Tile:5,Map,Destroy,Tile:8,Destroy,Tile:8,Tile:10,Tile:8,Tile:8,Tile:0,Tile:9,Tile:7,Tile:3,Tile:2,Malus,Map,Tile:1,Destroy,Bonus,Tile:13,Tile:5,Tile:15,Bonus,Tile:14,Tile:6,Tile:9,Tile:7,Bonus,Tile:7,Tile:6,Tile:7,Tile:5-Map,Tile:6,Map,Tile:9,Tile:10,Map,Tile:0-Bonus,Malus,Tile:4,Tile:6,Tile:9,Tile:9,Tile:11-Tile:nugget,Tile:hidden2,Tile:hidden1
Tile:10 5 6 1
Tile:6 6 5 0
Tile:9 5 7 1
Tile:0 7 5 0
Tile:7_flip 5 8 1
Tile:9 6 4 0
Map 12 7 1
Tile:9 6 3 0
Tile:0 7 3 1
Tile:6 8 5 0
Tile:8 8 4 1
Tile:5_flip 9 5 0
Drop 2 0 1
Tile:10 6 2 0
Drop 5 0 1
Malus 0 0 0
Drop 0 0 1
Tile:10 5 4 0
Drop 1 0 1
Tile:8 9 4 0
Map 12 3 1
Tile:9 9 3 0
Map 12 7 1
Tile:4 5 3 0
Drop 2 0 1
Malus 0 0 0
Drop 3 0 1
Tile:1 10 4 0
Drop 2 0 1
Tile:11 4 5 0
Map 12 3 1
Tile:5_flip 11 4 0
Destroy 5 4 1
Tile:12 6 7 0
Drop 3 0 1
Tile:6_flip 11 3 0
Drop 3 0 1
Tile:7 9 2 0
Drop 0 0 1
Tile:7_flip 8 2 0
Drop 4 0 1
Tile:7 8 3 0
Drop 5 0 1
Destroy 4 5 0
Drop 4 0 1
Destroy 5 3 0
Drop 2 0 1
Tile:3 5 4 0
Drop 0 0 1
Drop 0 0 0
Drop 0 0 1
Drop 0 0 0
Drop 1 0 1
Drop 0 0 0
Drop 0 0 1
GAMEOVER DRAW
# Game ended: Tue Apr 14 22:07:33 EDT 2020
