# Server version 0.08 running on 192.168.2.139:8123
# Game ID: 56
# Board class: Saboteur.SaboteurBoard
# Timeout: 20000
# First Move Timeout: 30000
# Date: Tue Apr 14 12:19:21 EDT 2020
# Player 1: Player-0, '260714615', running on 127.0.0.1
# Player 2: Player-1, 'RandomPlayer', running on 127.0.0.1
START Player-0 260714615
START Player-1 RandomPlayer
BoardInit:Tile:11,Tile:6,Tile:7,Tile:7,Tile:0,Malus,Tile:0,Tile:9,Map,Tile:9,Tile:13,Tile:8,Map,Tile:8,Tile:9,Tile:10,Tile:7,Tile:6,Map,Tile:0,Destroy,Tile:8,Tile:2,Tile:1,Tile:9,Malus,Tile:0,Tile:10,Tile:9,Tile:12,Tile:7,Tile:10,Tile:8,Tile:6,Bonus,Map,Tile:4,Tile:7,Destroy,Bonus,Tile:6-Destroy,Tile:6,Map,Tile:5,Tile:15,Tile:5,Map-Tile:3,Bonus,Bonus,Tile:5,Tile:8,Tile:5,Tile:14-Tile:nugget,Tile:hidden1,Tile:hidden2
Tile:6 6 5 1
Tile:8 7 5 0
Map 12 7 1
Tile:6 8 5 0
Drop 3 0 1
Tile:5 8 4 0
Tile:7 5 4 1
Tile:7_flip 7 6 0
Tile:0 4 4 1
Tile:5_flip 9 5 0
Map 12 7 1
Tile:9 6 4 0
Tile:0 8 6 1
Tile:8 9 4 0
Tile:5 3 4 1
Tile:8 10 4 0
Tile:9 3 5 1
Tile:9 10 5 0
Destroy 3 5 1
Tile:6 11 5 0
Tile:7 11 4 1
Tile:10 10 6 0
Destroy 6 4 1
Malus 0 0 0
Map 12 3 1
Tile:8 10 3 0
Map 12 3 1
Malus 0 0 0
Drop 2 0 1
Tile:0 11 3 0
GAMEOVER WINNER 0
# Game ended: Tue Apr 14 12:19:51 EDT 2020
