# Server version 0.08 running on 192.168.2.139:8123
# Game ID: 99
# Board class: Saboteur.SaboteurBoard
# Timeout: 20000
# First Move Timeout: 30000
# Date: Mon Apr 13 00:35:37 EDT 2020
# Player 1: Player-0, '260714615', running on 192.168.2.139
# Player 2: Player-1, 'RandomPlayer', running on 192.168.2.139
START Player-0 260714615
START Player-1 RandomPlayer
BoardInit:Tile:9,Tile:9,Tile:3,Map,Tile:14,Tile:5,Bonus,Tile:12,Tile:6,Tile:0,Tile:4,Tile:10,Tile:8,Tile:5,Tile:7,Tile:0,Tile:8,Malus,Map,Bonus,Tile:7,Tile:1,Tile:7,Tile:10,Tile:7,Tile:6,Tile:8,Map,Bonus,Destroy,Tile:10,Tile:6,Tile:9,Tile:6,Destroy,Bonus,Destroy,Tile:8,Tile:0,Tile:6,Tile:5-Tile:9,Tile:9,Map,Map,Tile:7,Map,Tile:2-Tile:15,Tile:13,Tile:11,Malus,Tile:5,Tile:0,Tile:8-Tile:hidden1,Tile:nugget,Tile:hidden2
Tile:2 6 5 1
Tile:13 7 5 0
Tile:9_flip 7 6 1
Tile:11_flip 5 6 0
Tile:9_flip 5 4 1
Drop 2 0 0
Map 12 5 1
Tile:8 4 5 0
Tile:7_flip 6 6 1
Tile:15 7 4 0
Drop 1 0 1
Map 12 5 0
Tile:3_flip 3 5 1
Drop 1 0 0
Tile:14_flip 5 3 1
Tile:10 5 7 0
Tile:8 6 3 1
Tile:9_flip 8 5 0
Drop 3 0 1
Tile:5 4 4 0
Tile:7_flip 8 6 1
Tile:5_flip 5 8 0
Tile:9_flip 6 2 1
Tile:1 9 6 0
Tile:7_flip 4 6 1
Tile:0 5 2 0
Tile:8 7 3 1
Tile:12 10 6 0
Drop 6 0 1
Malus 0 0 0
Map 12 3 1
GAMEOVER TIMEOUT WINNER 1
# Game ended: Mon Apr 13 00:36:27 EDT 2020
