# Server version 0.08 running on 192.168.2.139:8123
# Game ID: 235
# Board class: Saboteur.SaboteurBoard
# Timeout: 20000
# First Move Timeout: 30000
# Date: Mon Apr 13 16:20:04 EDT 2020
# Player 1: Player-0, '260714615', running on 192.168.2.139
# Player 2: Player-1, 'RandomPlayer', running on 192.168.2.139
START Player-0 260714615
START Player-1 RandomPlayer
BoardInit:Map,Tile:9,Tile:8,Tile:7,Tile:3,Tile:5,Bonus,Tile:9,Map,Tile:0,Tile:5,Tile:2,Tile:11,Tile:9,Tile:4,Destroy,Tile:10,Tile:7,Map,Tile:7,Tile:6,Tile:8,Tile:8,Tile:0,Bonus,Tile:0,Bonus,Tile:8,Tile:5,Tile:14,Tile:15,Destroy,Malus,Tile:10,Tile:13,Map,Tile:10,Tile:6,Tile:9,Tile:6,Tile:0-Map,Tile:6,Tile:7,Tile:8,Bonus,Tile:7,Tile:6-Tile:1,Tile:12,Tile:9,Map,Tile:5,Destroy,Malus-Tile:hidden2,Tile:hidden1,Tile:nugget
Tile:6 6 5 1
Tile:9 4 5 0
Tile:7 7 5 1
Tile:9_flip 7 6 0
Tile:6_flip 6 4 1
Tile:5_flip 5 6 0
Drop 2 0 1
Tile:5 6 6 0
Drop 2 0 1
Tile:7_flip 4 6 0
Map 12 7 1
Tile:0 7 4 0
Map 12 5 1
Drop 5 0 0
Tile:3 8 4 1
Tile:9_flip 7 7 0
Tile:4_flip 8 5 1
Destroy 4 6 0
Tile:8 5 4 1
Tile:2_flip 7 8 0
Tile:8 4 4 1
Map 12 7 0
Tile:11 3 4 1
GAMEOVER TIMEOUT WINNER 1
# Game ended: Mon Apr 13 16:20:35 EDT 2020
