# Server version 0.08 running on 192.168.2.139:8123
# Game ID: 281
# Board class: Saboteur.SaboteurBoard
# Timeout: 20000
# First Move Timeout: 30000
# Date: Mon Apr 13 18:34:27 EDT 2020
# Player 1: Player-0, 'RandomPlayer', running on 127.0.0.1
# Player 2: Player-1, '260714615', running on 127.0.0.1
START Player-0 RandomPlayer
START Player-1 260714615
BoardInit:Tile:7,Tile:3,Tile:10,Tile:8,Tile:12,Tile:7,Tile:8,Tile:5,Tile:6,Tile:15,Tile:10,Tile:9,Malus,Tile:0,Tile:9,Destroy,Tile:11,Tile:9,Tile:13,Tile:5,Destroy,Tile:7,Map,Map,Tile:4,Tile:0,Tile:1,Tile:5,Map,Bonus,Tile:6,Tile:8,Map,Tile:8,Tile:0,Map,Tile:6,Destroy,Tile:6,Tile:6,Malus-Map,Tile:9,Tile:0,Tile:2,Bonus,Bonus,Tile:9-Tile:14,Tile:10,Tile:7,Tile:7,Bonus,Tile:8,Tile:5-Tile:hidden2,Tile:nugget,Tile:hidden1
Map 12 3 1
Tile:14 6 5 0
Tile:9 6 4 1
Tile:7 5 4 0
Tile:0 7 4 1
Tile:3_flip 4 4 0
Tile:9 6 3 1
Drop 2 0 0
Tile:8 8 4 1
Tile:5 8 3 0
Tile:6 9 4 1
Tile:15 8 5 0
Tile:7_flip 8 6 1
Tile:8 9 3 0
Tile:10 9 2 1
Tile:0 10 4 0
Tile:9_flip 11 4 1
Tile:9_flip 9 6 0
Tile:10 11 5 1
Tile:9_flip 5 6 0
Tile:13 11 6 1
Tile:5 6 2 0
Tile:2 4 3 1
Destroy 10 4 0
Map 12 3 1
Tile:5 10 6 0
Malus 0 0 1
Drop 3 0 0
Tile:12 5 3 1
Drop 4 0 0
Map 12 3 1
Drop 1 0 0
Tile:6 12 6 1
Drop 4 0 0
Map 12 3 1
Drop 0 0 0
Tile:0 13 6 1
Map 12 7 0
Tile:6 10 4 1
Destroy 12 6 0
Tile:6 12 6 1
Drop 4 0 0
Malus 0 0 1
Bonus 0 0 0
Tile:11 3 3 1
Drop 3 0 0
Destroy 3 3 1
Drop 0 0 0
Tile:4 9 5 1
Drop 2 0 0
Tile:1 3 3 1
Drop 0 0 0
Drop 0 0 1
Drop 0 0 0
Drop 0 0 1
GAMEOVER DRAW
# Game ended: Mon Apr 13 18:34:53 EDT 2020
