# Server version 0.08 running on 192.168.2.139:8123
# Game ID: 433
# Board class: Saboteur.SaboteurBoard
# Timeout: 20000
# First Move Timeout: 30000
# Date: Wed Apr 15 19:48:23 EDT 2020
# Player 1: Player-0, '260714615', running on 127.0.0.1
# Player 2: Player-1, 'RandomPlayer', running on 127.0.0.1
START Player-0 260714615
START Player-1 RandomPlayer
BoardInit:Tile:0,Tile:8,Tile:6,Tile:0,Tile:5,Tile:1,Bonus,Map,Tile:11,Tile:2,Tile:5,Destroy,Map,Tile:8,Bonus,Tile:7,Tile:10,Map,Tile:4,Tile:7,Tile:5,Tile:3,Tile:13,Tile:0,Tile:15,Tile:7,Tile:6,Destroy,Tile:9,Malus,Tile:8,Bonus,Map,Tile:9,Tile:6,Map,Tile:6,Tile:10,Tile:12,Tile:9,Tile:7-Tile:9,Tile:6,Tile:7,Malus,Destroy,Tile:5,Bonus-Tile:9,Tile:8,Tile:14,Tile:10,Map,Tile:0,Tile:8-Tile:nugget,Tile:hidden2,Tile:hidden1
Drop 3 0 1
Map 12 3 0
Tile:9 5 6 1
Tile:8 6 5 0
Drop 1 0 1
Tile:0 7 5 0
Tile:5_flip 6 6 1
Tile:8 8 5 0
Tile:6_flip 5 4 1
Tile:8 9 5 0
Tile:11_flip 10 5 1
Tile:9 10 4 0
Tile:6 11 4 1
Destroy 10 5 0
Destroy 11 4 1
Drop 0 0 0
Drop 0 0 1
Tile:8 10 5 0
Tile:10 8 4 1
Tile:0 11 4 0
Tile:5_flip 5 7 1
Tile:7 12 4 0
Tile:4 9 4 1
Tile:7_flip 10 6 0
Tile:13 13 5 1
Tile:0 11 5 0
Tile:5_flip 12 6 1
Tile:10 13 4 0
Tile:6_flip 10 3 1
Destroy 9 4 0
Tile:9_flip 13 3 1
Drop 0 0 0
Tile:15 9 6 1
Drop 0 0 0
Tile:8 6 4 1
Drop 0 0 0
Tile:5_flip 11 3 1
Drop 0 0 0
Tile:6_flip 9 3 1
Drop 0 0 0
Drop 2 0 1
Malus 0 0 0
Map 12 7 1
Tile:9 11 2 0
Drop 3 0 1
Tile:9 13 2 0
Drop 4 0 1
Tile:7 12 2 0
GAMEOVER WINNER 0
# Game ended: Wed Apr 15 19:49:11 EDT 2020
