# Server version 0.08 running on 192.168.2.139:8123
# Game ID: 103
# Board class: Saboteur.SaboteurBoard
# Timeout: 20000
# First Move Timeout: 30000
# Date: Wed Apr 15 00:19:50 EDT 2020
# Player 1: Player-0, '260714615', running on 192.168.2.139
# Player 2: Player-1, 'RandomPlayer', running on 192.168.2.139
START Player-0 260714615
START Player-1 RandomPlayer
BoardInit:Bonus,Tile:3,Tile:6,Tile:9,Map,Tile:6,Tile:11,Tile:9,Map,Tile:7,Tile:10,Bonus,Tile:7,Tile:5,Tile:12,Tile:0,Tile:7,Tile:8,Tile:2,Tile:7,Destroy,Map,Tile:0,Map,Tile:8,Tile:13,Tile:5,Tile:8,Destroy,Tile:8,Tile:4,Tile:9,Tile:0,Tile:6,Tile:14,Tile:8,Tile:5,Map,Destroy,Tile:10,Tile:5-Tile:7,Tile:6,Tile:0,Tile:10,Tile:9,Malus,Malus-Bonus,Tile:6,Tile:15,Tile:9,Tile:1,Map,Bonus-Tile:nugget,Tile:hidden2,Tile:hidden1
Tile:7 6 5 1
Map 12 3 0
Tile:0 4 5 1
Tile:9_flip 6 6 0
Tile:6_flip 5 4 1
Tile:9_flip 6 7 0
Tile:9 3 5 1
Tile:6_flip 5 7 0
Map 12 3 1
Tile:9_flip 6 8 0
Tile:10 3 4 1
Tile:6_flip 4 7 0
Drop 4 0 1
Tile:1 6 4 0
Tile:7_flip 5 6 1
Tile:3 7 4 0
Tile:6 3 6 1
Tile:15 7 5 0
Tile:7 3 3 1
Tile:8 6 9 0
Map 12 5 1
Tile:7 7 9 0
Tile:12 4 6 1
Tile:5_flip 7 10 0
Tile:2_flip 6 10 1
Tile:0 5 9 0
Destroy 6 4 1
Tile:13 4 8 0
Tile:0 5 10 1
Tile:8 4 9 0
Destroy 3 4 1
Tile:8 3 4 0
Tile:5 3 9 1
GAMEOVER USER CANCEL UNDECIDED
# Game ended: Wed Apr 15 00:20:24 EDT 2020
