# Server version 0.08 running on 192.168.2.139:8123
# Game ID: 313
# Board class: Saboteur.SaboteurBoard
# Timeout: 20000
# First Move Timeout: 30000
# Date: Wed Apr 15 16:48:49 EDT 2020
# Player 1: Player-0, '260714615', running on 192.168.2.139
# Player 2: Player-1, 'RandomPlayer', running on 192.168.2.139
START Player-0 260714615
START Player-1 RandomPlayer
BoardInit:Destroy,Tile:8,Bonus,Tile:6,Tile:13,Tile:5,Tile:12,Map,Tile:11,Tile:9,Map,Tile:5,Tile:7,Tile:9,Tile:6,Destroy,Tile:3,Tile:0,Tile:0,Tile:0,Tile:8,Tile:8,Tile:9,Tile:4,Tile:7,Tile:15,Map,Tile:1,Map,Tile:6,Tile:7,Tile:5,Destroy,Tile:9,Tile:7,Map,Malus,Malus,Bonus,Tile:0,Tile:5-Tile:10,Tile:7,Tile:9,Tile:14,Map,Bonus,Tile:6-Tile:8,Tile:2,Tile:6,Tile:10,Bonus,Tile:10,Tile:8-Tile:hidden1,Tile:nugget,Tile:hidden2
Tile:6 5 6 1
Tile:8 6 5 0
Tile:9_flip 7 5 1
Tile:6 7 6 0
Tile:7_flip 4 6 1
Tile:8 8 6 0
Tile:14_flip 8 5 1
Tile:8 9 5 0
Drop 2 0 1
Map 12 3 0
Drop 3 0 1
Tile:6 10 5 0
Destroy 8 5 1
Tile:5 8 5 0
Tile:11_flip 7 4 1
Tile:9_flip 11 5 0
Tile:6_flip 4 5 1
Destroy 7 4 0
Tile:3 7 4 1
Tile:10 11 4 0
Map 12 3 1
Tile:10 11 6 0
Tile:0 3 5 1
Tile:5 11 3 0
Tile:8 9 6 1
Tile:9 11 7 0
Tile:13 11 8 1
Tile:8 6 4 0
Drop 6 0 1
Tile:2_flip 13 3 0
Tile:9 10 8 1
Tile:4_flip 11 9 0
Drop 1 0 1
Tile:5 12 6 0
Tile:7 13 7 1
Tile:9_flip 9 7 0
Destroy 10 5 1
Map 12 5 0
Tile:10 10 7 1
Malus 0 0 0
Drop 2 0 1
Tile:0 13 6 0
Drop 4 0 1
Tile:6_flip 2 5 0
Drop 3 0 1
Tile:15 9 4 0
Drop 4 0 1
Tile:0 10 5 0
Drop 0 0 1
Drop 0 0 0
Drop 0 0 1
Drop 0 0 0
Bonus 0 0 1
Tile:0 1 5 0
Tile:7 10 6 1
GAMEOVER DRAW
# Game ended: Wed Apr 15 16:49:47 EDT 2020
