# Server version 0.08 running on 192.168.2.139:8123
# Game ID: 400
# Board class: Saboteur.SaboteurBoard
# Timeout: 20000
# First Move Timeout: 30000
# Date: Wed Apr 15 19:17:16 EDT 2020
# Player 1: Player-0, '260714615', running on 192.168.2.139
# Player 2: Player-1, 'RandomPlayer', running on 192.168.2.139
START Player-0 260714615
START Player-1 RandomPlayer
BoardInit:Tile:6,Tile:14,Bonus,Tile:9,Tile:10,Tile:9,Tile:5,Tile:6,Tile:7,Bonus,Tile:10,Tile:0,Map,Malus,Tile:12,Tile:5,Tile:0,Tile:8,Tile:9,Destroy,Tile:7,Bonus,Tile:8,Tile:0,Tile:13,Tile:5,Destroy,Tile:8,Tile:11,Tile:5,Destroy,Tile:6,Map,Malus,Map,Map,Tile:1,Tile:15,Tile:10,Tile:6,Tile:4-Tile:8,Tile:7,Tile:7,Tile:9,Tile:9,Tile:2,Bonus-Tile:3,Tile:6,Map,Tile:0,Map,Tile:7,Tile:8-Tile:hidden1,Tile:nugget,Tile:hidden2
Tile:7 6 5 1
Map 12 3 0
Tile:9_flip 6 6 1
Map 12 5 0
Tile:9 5 6 1
Drop 0 0 0
Tile:7_flip 4 5 1
Tile:6 6 7 0
Tile:5_flip 7 7 1
Tile:9 7 6 0
Drop 1 0 1
Tile:0 8 6 0
Tile:7_flip 5 7 1
Tile:8 9 6 0
Tile:10 7 5 1
Tile:6 10 6 0
Tile:6 11 6 1
Tile:9 11 5 0
GAMEOVER WINNER 0
# Game ended: Wed Apr 15 19:17:34 EDT 2020
