# Server version 0.08 running on 192.168.2.139:8123
# Game ID: 105
# Board class: Saboteur.SaboteurBoard
# Timeout: 20000
# First Move Timeout: 30000
# Date: Wed Apr 15 00:20:56 EDT 2020
# Player 1: Player-0, '260714615', running on 192.168.2.139
# Player 2: Player-1, 'RandomPlayer', running on 192.168.2.139
START Player-0 260714615
START Player-1 RandomPlayer
BoardInit:Tile:10,Tile:9,Tile:7,Bonus,Tile:6,Tile:7,Tile:10,Tile:9,Tile:3,Tile:9,Bonus,Tile:8,Tile:4,Map,Tile:15,Destroy,Map,Destroy,Tile:0,Tile:11,Tile:5,Tile:0,Tile:10,Tile:8,Map,Tile:7,Tile:5,Tile:6,Tile:5,Bonus,Map,Malus,Malus,Tile:0,Tile:6,Tile:8,Bonus,Tile:8,Tile:0,Destroy,Map-Tile:8,Tile:6,Tile:1,Tile:6,Tile:13,Map,Tile:7-Tile:14,Tile:12,Tile:7,Tile:9,Tile:2,Tile:5,Tile:9-Tile:nugget,Tile:hidden1,Tile:hidden2
Tile:6_flip 6 5 1
Tile:7_flip 6 6 0
Tile:13 4 5 1
Tile:9 5 4 0
Tile:6 7 6 1
Tile:5 5 3 0
Map 12 3 1
Tile:9 4 6 0
Tile:7 4 4 1
Tile:9 4 7 0
Drop 1 0 1
Tile:7 8 6 0
Tile:3 6 3 1
Tile:9 8 7 0
Tile:6 6 4 1
Map 12 3 0
Drop 0 0 1
Tile:2 9 7 0
Tile:4_flip 4 8 1
Tile:9_flip 10 7 0
Tile:7 7 5 1
Tile:8 10 6 0
Tile:10 10 5 1
Tile:11_flip 10 4 0
Tile:15 10 8 1
Tile:8 9 4 0
Tile:0 8 4 1
Tile:7 11 6 0
Map 12 5 1
Tile:14 9 5 0
Tile:10 8 8 1
Tile:6_flip 5 7 0
Tile:5 3 4 1
Malus 0 0 0
Map 12 7 1
Tile:0 7 4 0
Drop 0 0 1
Tile:8 10 9 0
Malus 0 0 1
Bonus 0 0 0
Drop 2 0 1
Tile:8 11 9 0
Drop 0 0 1
Tile:0 9 9 0
Map 12 3 1
Tile:12 6 7 0
Drop 0 0 1
Destroy 3 4 0
Bonus 0 0 1
Destroy 4 4 0
Tile:6 3 5 1
Destroy 3 5 0
Drop 1 0 1
Drop 0 0 0
Drop 0 0 1
GAMEOVER DRAW
# Game ended: Wed Apr 15 00:21:50 EDT 2020
