# Server version 0.08 running on 192.168.2.139:8123
# Game ID: 338
# Board class: Saboteur.SaboteurBoard
# Timeout: 20000
# First Move Timeout: 30000
# Date: Wed Apr 15 17:37:58 EDT 2020
# Player 1: Player-0, '260714615', running on 127.0.0.1
# Player 2: Player-1, 'RandomPlayer', running on 127.0.0.1
START Player-0 260714615
START Player-1 RandomPlayer
BoardInit:Tile:0,Tile:7,Tile:5,Tile:6,Tile:12,Tile:6,Tile:10,Tile:7,Bonus,Tile:8,Tile:0,Tile:8,Bonus,Bonus,Map,Tile:11,Tile:6,Map,Tile:10,Destroy,Tile:7,Tile:15,Map,Tile:9,Tile:9,Tile:4,Tile:7,Malus,Tile:5,Tile:14,Bonus,Tile:0,Map,Tile:5,Tile:10,Tile:8,Tile:2,Map,Tile:9,Tile:3,Tile:6-Destroy,Tile:5,Tile:13,Tile:9,Tile:8,Map,Malus-Tile:7,Destroy,Tile:1,Tile:0,Tile:6,Tile:8,Tile:9-Tile:hidden2,Tile:hidden1,Tile:nugget
Tile:5 4 5 1
Tile:0 6 5 0
Destroy 6 5 1
Tile:6 6 5 0
Tile:9_flip 5 6 1
Tile:8 7 5 0
Tile:5_flip 8 5 1
Tile:9 8 4 0
Tile:8 4 6 1
Tile:6 9 4 0
Drop 1 0 1
Tile:6 10 4 0
Tile:10 5 7 1
Tile:8 11 4 0
Tile:13 10 3 1
Destroy 10 3 0
Tile:0 12 4 1
Tile:7_flip 11 5 0
Tile:6_flip 13 5 1
Map 12 3 0
Tile:10 7 4 1
Destroy 12 4 0
Tile:7_flip 13 6 1
Tile:8 12 4 0
Drop 0 0 1
Tile:9 11 3 0
Tile:9_flip 7 3 1
Tile:1 13 4 0
Tile:0 13 3 1
Malus 0 0 0
Drop 3 0 1
Tile:7_flip 7 6 0
Bonus 0 0 1
Tile:0 8 6 0
Drop 0 0 1
Tile:5 11 2 0
Tile:5 8 3 1
Tile:8 12 2 0
Tile:2_flip 13 2 1
Map 12 7 0
Tile:9_flip 6 4 1
Tile:7 9 6 0
Tile:6 5 8 1
Drop 5 0 0
Drop 4 0 1
Tile:11 3 6 0
Tile:10 12 6 1
GAMEOVER WINNER 1
# Game ended: Wed Apr 15 17:38:44 EDT 2020
