# Server version 0.08 running on 192.168.2.139:8123
# Game ID: 177
# Board class: Saboteur.SaboteurBoard
# Timeout: 20000
# First Move Timeout: 30000
# Date: Wed Apr 15 12:48:04 EDT 2020
# Player 1: Player-0, '260714615', running on 192.168.2.139
# Player 2: Player-1, 'RandomPlayer', running on 192.168.2.139
START Player-0 260714615
START Player-1 RandomPlayer
BoardInit:Bonus,Tile:5,Tile:5,Map,Tile:14,Destroy,Tile:10,Tile:15,Tile:2,Tile:6,Tile:6,Tile:0,Tile:8,Tile:9,Malus,Tile:0,Tile:8,Destroy,Tile:13,Tile:7,Tile:7,Tile:9,Tile:6,Map,Tile:8,Tile:9,Tile:12,Tile:0,Map,Tile:7,Tile:9,Map,Bonus,Bonus,Tile:6,Map,Tile:0,Tile:8,Tile:8,Tile:11,Tile:5-Tile:7,Tile:1,Tile:6,Tile:3,Malus,Tile:10,Tile:9-Bonus,Destroy,Tile:7,Tile:5,Tile:10,Map,Tile:4-Tile:nugget,Tile:hidden2,Tile:hidden1
Tile:9 5 4 1
Tile:7_flip 5 6 0
Tile:6 6 5 1
Tile:5 5 3 0
Tile:7 7 5 1
Tile:10 7 6 0
Drop 3 0 1
Tile:5 4 5 0
Drop 0 0 1
Destroy 4 5 0
Drop 1 0 1
Tile:6 7 7 0
Tile:2 8 7 1
Tile:0 9 7 0
Drop 5 0 1
Tile:9 8 8 0
Drop 1 0 1
Tile:0 10 7 0
Tile:8 6 3 1
Map 12 3 0
Tile:8 4 5 1
Tile:7_flip 6 7 0
Tile:3 6 2 1
Tile:9 8 9 0
Tile:7 11 7 1
Tile:4 4 4 0
Tile:10 8 10 1
Tile:9 11 8 0
Tile:13 12 8 1
Tile:0 7 3 0
Tile:6 12 9 1
Tile:7_flip 11 9 0
Tile:8 6 4 1
Destroy 4 4 0
Malus 0 0 1
Bonus 0 0 0
Tile:6 8 11 1
Tile:15 4 4 0
Tile:9_flip 13 9 1
Tile:8 8 3 0
Tile:0 9 9 1
Destroy 4 4 0
Tile:12 9 3 1
Tile:11 3 5 0
Tile:5_flip 10 9 1
Drop 0 0 0
Tile:5_flip 8 4 1
Drop 0 0 0
Tile:8 8 2 1
