# Server version 0.08 running on 192.168.2.139:8123
# Game ID: 80
# Board class: Saboteur.SaboteurBoard
# Timeout: 20000
# First Move Timeout: 30000
# Date: Tue Apr 14 13:27:50 EDT 2020
# Player 1: Player-0, 'RandomPlayer', running on 127.0.0.1
# Player 2: Player-1, '260714615', running on 127.0.0.1
START Player-0 RandomPlayer
START Player-1 260714615
BoardInit:Bonus,Tile:9,Tile:9,Tile:6,Tile:8,Tile:7,Tile:0,Tile:6,Tile:5,Tile:9,Map,Tile:5,Tile:0,Tile:7,Destroy,Tile:5,Destroy,Tile:10,Tile:7,Bonus,Tile:3,Tile:6,Map,Malus,Map,Tile:4,Map,Tile:0,Map,Tile:2,Tile:9,Tile:15,Tile:10,Bonus,Malus,Tile:12,Map,Tile:9,Bonus,Destroy,Tile:7-Tile:6,Tile:7,Tile:6,Tile:10,Tile:8,Tile:14,Tile:11-Tile:8,Tile:5,Tile:0,Tile:1,Tile:8,Tile:13,Tile:8-Tile:hidden1,Tile:nugget,Tile:hidden2
Tile:6 6 5 1
Tile:8 4 5 0
Tile:6 7 5 1
Tile:8 7 4 0
Tile:8 8 5 1
Tile:9 8 6 0
Tile:8 9 5 1
Tile:6_flip 3 5 0
Tile:0 10 5 1
Tile:6 11 5 0
GAMEOVER WINNER 0
# Game ended: Tue Apr 14 13:28:00 EDT 2020
