# Server version 0.08 running on 192.168.2.139:8123
# Game ID: 138
# Board class: Saboteur.SaboteurBoard
# Timeout: 20000
# First Move Timeout: 30000
# Date: Mon Apr 13 10:47:08 EDT 2020
# Player 1: Player-0, '260714615', running on 192.168.2.139
# Player 2: Player-1, 'RandomPlayer', running on 192.168.2.139
START Player-0 260714615
START Player-1 RandomPlayer
BoardInit:Tile:6,Tile:10,Bonus,Tile:6,Tile:5,Malus,Tile:11,Tile:0,Bonus,Tile:2,Tile:8,Map,Tile:8,Tile:3,Tile:7,Tile:4,Tile:7,Tile:8,Tile:0,Tile:9,Tile:8,Bonus,Tile:7,Tile:6,Tile:14,Tile:0,Tile:10,Tile:9,Map,Tile:5,Tile:7,Destroy,Destroy,Malus,Bonus,Tile:12,Destroy,Tile:8,Tile:10,Tile:5,Map-Tile:9,Tile:7,Tile:1,Tile:6,Tile:9,Tile:13,Tile:5-Tile:15,Tile:9,Tile:6,Map,Tile:0,Map,Map-Tile:nugget,Tile:hidden1,Tile:hidden2
Tile:5 5 4 1
Drop 6 0 0
Drop 1 0 1
Map 12 7 0
Tile:9 5 6 1
Tile:6_flip 6 4 0
Tile:6_flip 7 4 1
Tile:9 4 5 0
Tile:11_flip 7 5 1
Drop 6 0 0
Drop 0 0 1
Tile:2_flip 6 6 0
Tile:6 7 6 1
Tile:6 8 6 0
Tile:5_flip 8 4 1
Drop 1 0 0
Tile:8 6 5 1
Drop 1 0 0
Tile:7 4 4 1
Tile:15 5 7 0
Tile:8 5 8 1
Tile:4 8 5 0
Tile:9_flip 6 8 1
Tile:8 3 4 0
Tile:7_flip 4 8 1
Tile:9 3 3 0
Tile:13 3 2 1
Tile:6 4 2 0
Tile:10 4 6 1
Drop 2 0 0
Tile:14 5 9 1
Tile:5 6 7 0
Map 12 5 1
Tile:10 4 7 0
Tile:7 9 6 1
Tile:9_flip 3 1 0
Drop 3 0 1
Tile:3_flip 6 9 0
Destroy 4 2 1
Tile:12_flip 4 9 0
Tile:0 7 9 1
Drop 2 0 0
Destroy 4 9 1
Tile:5_flip 8 9 0
Map 12 7 1
