# Server version 0.08 running on 192.168.2.139:8123
# Game ID: 390
# Board class: Saboteur.SaboteurBoard
# Timeout: 20000
# First Move Timeout: 30000
# Date: Wed Apr 15 18:50:48 EDT 2020
# Player 1: Player-0, '260714615', running on 192.168.2.139
# Player 2: Player-1, 'RandomPlayer', running on 192.168.2.139
START Player-0 260714615
START Player-1 RandomPlayer
BoardInit:Tile:7,Tile:7,Bonus,Destroy,Map,Tile:11,Destroy,Tile:4,Tile:9,Tile:10,Map,Tile:10,Destroy,Tile:9,Tile:8,Tile:12,Tile:14,Tile:1,Map,Tile:15,Tile:6,Tile:5,Map,Tile:13,Tile:6,Tile:5,Tile:0,Bonus,Tile:7,Malus,Tile:8,Tile:3,Tile:6,Tile:8,Tile:6,Tile:7,Tile:10,Tile:9,Tile:0,Tile:2,Malus-Tile:9,Tile:8,Tile:0,Tile:7,Map,Map,Bonus-Tile:9,Tile:8,Tile:5,Tile:0,Tile:6,Bonus,Tile:5-Tile:nugget,Tile:hidden1,Tile:hidden2
Tile:9 5 6 1
Tile:8 6 5 0
Tile:7 6 4 1
Tile:0 7 5 0
Tile:7 8 5 1
Tile:9 8 6 0
Tile:8 9 6 1
Tile:6 10 6 0
Map 12 7 1
Tile:5 10 5 0
Tile:9 9 7 1
Tile:5_flip 11 5 0
Tile:0 10 7 1
Tile:10 11 4 0
Destroy 9 6 1
Tile:10 8 7 0
Map 12 5 1
Tile:9 11 3 0
Drop 1 0 1
Tile:7 11 6 0
Tile:14 11 7 1
Destroy 11 7 0
Drop 5 0 1
Tile:5 11 2 0
Tile:6 8 8 1
Tile:1 12 2 0
Tile:6 6 6 1
Tile:5_flip 11 7 0
Map 12 3 1
Tile:11 5 4 0
Tile:7 5 3 1
Malus 0 0 0
Destroy 6 5 1
Tile:4_flip 5 7 0
Drop 3 0 1
Tile:8 6 5 0
Map 12 7 1
Tile:7_flip 7 8 0
Drop 0 0 1
Tile:9_flip 13 2 0
Drop 2 0 1
Tile:12 7 6 0
Drop 5 0 1
Tile:15 13 3 0
Drop 4 0 1
Tile:13 4 3 0
Drop 3 0 1
Tile:3 4 2 0
Drop 2 0 1
Tile:2 3 2 0
Drop 0 0 1
Drop 0 0 0
Malus 0 0 1
Bonus 0 0 0
Drop 0 0 1
GAMEOVER DRAW
# Game ended: Wed Apr 15 18:51:42 EDT 2020
