# Server version 0.08 running on 192.168.2.139:8123
# Game ID: 20
# Board class: Saboteur.SaboteurBoard
# Timeout: 20000
# First Move Timeout: 30000
# Date: Sun Apr 12 20:54:19 EDT 2020
# Player 1: Player-0, '260714615', running on 127.0.0.1
# Player 2: Player-1, 'RandomPlayer', running on 127.0.0.1
START Player-0 260714615
START Player-1 RandomPlayer
BoardInit:Tile:5,Tile:8,Tile:5,Tile:6,Tile:2,Tile:14,Tile:6,Tile:8,Tile:7,Tile:3,Bonus,Tile:9,Tile:7,Tile:8,Malus,Bonus,Tile:11,Map,Tile:0,Destroy,Tile:5,Tile:13,Tile:10,Tile:6,Tile:9,Tile:15,Map,Tile:4,Tile:10,Bonus,Tile:0,Destroy,Tile:1,Tile:0,Bonus,Tile:6,Tile:9,Map,Map,Tile:12,Map-Tile:10,Malus,Tile:8,Tile:9,Map,Tile:9,Tile:6-Tile:5,Tile:8,Tile:0,Tile:7,Tile:7,Tile:7,Destroy-Tile:hidden1,Tile:nugget,Tile:hidden2
Tile:9_flip 5 4 1
Tile:7 5 3 0
Tile:9 4 3 1
Tile:7_flip 4 5 0
Tile:8 6 5 1
Destroy 5 4 0
Tile:6 7 5 1
Drop 0 0 0
Tile:5 4 2 1
Tile:8 5 6 0
Tile:2 7 4 1
Tile:3_flip 5 7 0
Tile:5_flip 8 5 1
Tile:9_flip 5 4 0
Drop 2 0 1
Tile:6 6 7 0
Tile:7 8 4 1
Tile:8 7 7 0
Drop 3 0 1
Tile:14_flip 7 6 0
Tile:6 5 2 1
Tile:0 8 6 0
Tile:11_flip 6 6 1
Drop 1 0 0
Drop 4 0 1
Destroy 5 2 0
Tile:5_flip 5 2 1
Tile:7 5 1 0
Tile:9 7 8 1
Drop 2 0 0
Drop 3 0 1
Tile:15 7 9 0
Tile:10 7 10 1
Tile:6 9 6 0
Tile:10 9 5 1
Tile:0 4 6 0
Tile:7_flip 4 1 1
Tile:13 3 6 0
Tile:9 9 4 1
Tile:8 4 4 0
Drop 4 0 1
Tile:4 3 5 0
Map 12 7 1
Map 12 3 0
Map 12 7 1
Tile:6 3 4 0
Map 12 3 1
Tile:12 10 6 0
Drop 1 0 1
Destroy 9 5 0
Tile:0 2 6 1
Drop 1 0 0
Malus 0 0 1
Drop 0 0 0
Drop 0 0 1
GAMEOVER DRAW
# Game ended: Sun Apr 12 20:54:20 EDT 2020
