# Server version 0.08 running on 192.168.2.139:8123
# Game ID: 106
# Board class: Saboteur.SaboteurBoard
# Timeout: 20000
# First Move Timeout: 30000
# Date: Wed Apr 15 00:26:09 EDT 2020
# Player 1: Player-0, '260714615', running on 192.168.2.139
# Player 2: Player-1, 'RandomPlayer', running on 192.168.2.139
START Player-0 260714615
START Player-1 RandomPlayer
BoardInit:Malus,Tile:7,Tile:12,Tile:5,Tile:6,Tile:13,Tile:8,Map,Tile:10,Tile:6,Tile:11,Tile:2,Tile:3,Destroy,Tile:0,Tile:8,Bonus,Bonus,Tile:7,Tile:0,Tile:6,Bonus,Tile:0,Tile:0,Tile:5,Tile:7,Map,Tile:15,Tile:5,Tile:8,Tile:1,Tile:9,Map,Destroy,Malus,Tile:9,Tile:9,Map,Tile:5,Tile:6,Tile:10-Map,Bonus,Tile:8,Tile:10,Destroy,Tile:4,Tile:9-Tile:6,Tile:8,Tile:7,Tile:9,Map,Tile:7,Tile:14-Tile:hidden1,Tile:hidden2,Tile:nugget
Tile:8 5 6 1
Map 12 3 0
Drop 1 0 1
Tile:6_flip 5 4 0
Tile:9 4 5 1
Tile:8 6 4 0
Drop 2 0 1
Tile:9 6 3 0
Tile:6_flip 4 4 1
Map 12 3 0
Drop 2 0 1
Tile:6 7 4 0
Drop 0 0 1
Tile:5 6 2 0
Drop 5 0 1
Tile:7 8 4 0
Drop 1 0 1
Tile:7_flip 8 5 0
Tile:10 5 7 1
Tile:8 9 5 0
Tile:10 9 4 1
Tile:0 10 5 0
Tile:8 5 8 1
Tile:7 11 5 0
Drop 4 0 1
Tile:0 7 2 0
Tile:5_flip 6 8 1
Tile:7_flip 11 6 0
Tile:6_flip 8 2 1
Tile:14 8 3 0
Tile:3_flip 3 4 1
Tile:8 12 6 0
GAMEOVER WINNER 0
# Game ended: Wed Apr 15 00:26:41 EDT 2020
