# Server version 0.08 running on 192.168.2.139:8123
# Game ID: 180
# Board class: Saboteur.SaboteurBoard
# Timeout: 20000
# First Move Timeout: 30000
# Date: Mon Apr 13 11:57:20 EDT 2020
# Player 1: Player-0, '260714615', running on 192.168.2.139
# Player 2: Player-1, 'RandomPlayer', running on 192.168.2.139
START Player-0 260714615
START Player-1 RandomPlayer
BoardInit:Tile:7,Map,Destroy,Tile:12,Map,Destroy,Tile:9,Tile:5,Tile:9,Map,Tile:10,Tile:8,Tile:8,Malus,Tile:1,Tile:10,Tile:9,Bonus,Tile:6,Tile:5,Tile:15,Tile:9,Tile:0,Tile:10,Tile:7,Tile:4,Tile:0,Destroy,Map,Tile:14,Map,Tile:6,Tile:11,Tile:6,Tile:5,Bonus,Map,Tile:0,Tile:3,Tile:7,Tile:7-Tile:9,Bonus,Malus,Tile:6,Tile:8,Tile:2,Tile:0-Tile:8,Tile:8,Tile:7,Tile:5,Tile:6,Tile:13,Bonus-Tile:nugget,Tile:hidden1,Tile:hidden2
Tile:2 4 5 1
Tile:7 5 4 0
Tile:8 6 5 1
Tile:5_flip 4 6 0
Tile:0 3 5 1
Tile:6_flip 3 6 0
Destroy 4 5 1
Tile:8 4 4 0
Tile:6_flip 2 5 1
Map 12 5 0
Tile:9 6 4 1
Tile:12 7 5 0
Tile:7_flip 3 4 1
Destroy 3 5 0
Tile:8 2 6 1
Tile:8 1 6 0
Tile:9 4 5 1
Tile:10 5 6 0
Tile:9_flip 3 3 1
Tile:8 3 2 0
Drop 3 0 1
Tile:13 1 7 0
Tile:6 2 3 1
Tile:5_flip 1 8 0
Tile:15 4 3 1
Tile:5 0 6 0
Tile:9_flip 4 2 1
Tile:9 4 1 0
Drop 5 0 1
Destroy 4 5 0
Tile:0 0 8 1
Tile:14 5 7 0
Tile:0 7 4 1
Map 12 5 0
Tile:11 4 5 1
Tile:6 3 7 0
Tile:5_flip 5 1 1
