# Server version 0.08 running on 192.168.2.139:8123
# Game ID: 28
# Board class: Saboteur.SaboteurBoard
# Timeout: 20000
# First Move Timeout: 30000
# Date: Tue Apr 14 11:32:59 EDT 2020
# Player 1: Player-0, '260714615', running on 127.0.0.1
# Player 2: Player-1, 'RandomPlayer', running on 127.0.0.1
START Player-0 260714615
START Player-1 RandomPlayer
BoardInit:Tile:8,Tile:7,Tile:7,Tile:5,Tile:15,Tile:6,Map,Destroy,Map,Tile:8,Tile:12,Tile:3,Tile:4,Tile:9,Tile:9,Tile:8,Tile:0,Tile:1,Bonus,Tile:5,Bonus,Bonus,Map,Map,Tile:6,Tile:6,Tile:11,Tile:13,Tile:9,Tile:14,Map,Tile:5,Tile:10,Tile:6,Malus,Tile:9,Tile:5,Tile:8,Tile:9,Destroy,Map-Tile:0,Malus,Destroy,Tile:0,Bonus,Tile:10,Tile:7-Tile:10,Tile:7,Tile:0,Tile:6,Tile:2,Tile:7,Tile:8-Tile:nugget,Tile:hidden2,Tile:hidden1
Drop 5 0 1
Tile:0 6 5 0
Drop 1 0 1
Tile:6 7 5 0
Tile:8 5 4 1
Tile:8 8 5 0
Tile:7_flip 5 6 1
Tile:6 9 5 0
Destroy 8 5 1
Tile:10 9 4 0
Tile:7 5 3 1
Tile:8 10 5 0
Tile:12 6 4 1
Tile:7 11 5 0
Tile:0 8 5 1
Tile:7_flip 11 6 0
Drop 5 0 1
Tile:8 12 6 0
Drop 1 0 1
Tile:7 13 6 0
Tile:9 12 4 1
GAMEOVER WINNER 1
# Game ended: Tue Apr 14 11:33:19 EDT 2020
