# Server version 0.08 running on 192.168.2.139:8123
# Game ID: 148
# Board class: Saboteur.SaboteurBoard
# Timeout: 20000
# First Move Timeout: 30000
# Date: Mon Apr 13 11:14:26 EDT 2020
# Player 1: Player-0, '260714615', running on 192.168.2.139
# Player 2: Player-1, 'RandomPlayer', running on 192.168.2.139
START Player-0 260714615
START Player-1 RandomPlayer
BoardInit:Tile:5,Tile:8,Tile:9,Tile:6,Tile:3,Tile:6,Tile:5,Map,Tile:7,Tile:10,Bonus,Map,Tile:13,Map,Tile:12,Tile:0,Tile:7,Tile:9,Tile:10,Tile:8,Tile:0,Map,Tile:8,Tile:1,Tile:5,Bonus,Tile:15,Destroy,Tile:4,Map,Malus,Tile:7,Tile:9,Tile:2,Malus,Bonus,Tile:5,Tile:6,Tile:14,Tile:0,Map-Tile:7,Tile:8,Tile:0,Tile:6,Destroy,Tile:7,Tile:10-Tile:11,Destroy,Bonus,Tile:9,Tile:8,Tile:9,Tile:6-Tile:hidden2,Tile:nugget,Tile:hidden1
Tile:7 6 5 1
Tile:9_flip 5 6 0
Tile:7_flip 4 5 1
Tile:11 6 6 0
Tile:0 4 6 1
Destroy 5 6 0
Tile:5 5 4 1
Drop 2 0 0
Tile:9_flip 5 6 1
Tile:6_flip 7 6 0
Tile:10 6 7 1
Drop 5 0 0
Tile:5_flip 6 8 1
