# Server version 0.08 running on 192.168.2.139:8123
# Game ID: 70
# Board class: Saboteur.SaboteurBoard
# Timeout: 20000
# First Move Timeout: 30000
# Date: Tue Apr 14 13:23:28 EDT 2020
# Player 1: Player-0, 'RandomPlayer', running on 127.0.0.1
# Player 2: Player-1, '260714615', running on 127.0.0.1
START Player-0 RandomPlayer
START Player-1 260714615
BoardInit:Map,Destroy,Tile:7,Tile:3,Tile:9,Tile:13,Map,Tile:7,Tile:8,Tile:8,Map,Bonus,Tile:2,Bonus,Tile:9,Tile:0,Tile:10,Tile:7,Tile:1,Tile:8,Tile:5,Tile:8,Destroy,Destroy,Tile:12,Tile:5,Tile:6,Tile:0,Tile:9,Tile:5,Tile:11,Malus,Malus,Tile:7,Tile:14,Tile:6,Tile:9,Tile:6,Bonus,Tile:4,Map-Tile:5,Bonus,Tile:7,Tile:6,Map,Tile:15,Tile:0-Map,Tile:9,Tile:10,Tile:6,Tile:8,Tile:10,Tile:0-Tile:hidden1,Tile:nugget,Tile:hidden2
Map 12 3 1
Tile:8 6 5 0
Map 12 3 1
Tile:6_flip 5 4 0
Tile:6 7 5 1
Drop 1 0 0
Tile:0 8 5 1
Tile:10 6 6 0
Map 12 3 1
Tile:3_flip 4 4 0
Tile:8 9 5 1
Drop 1 0 0
Map 12 3 1
Tile:7 4 3 0
Tile:5 9 4 1
Tile:8 10 5 0
Tile:7 11 5 1
Tile:13 9 6 0
Tile:7_flip 11 6 1
Tile:0 4 5 0
Tile:9_flip 12 6 1
GAMEOVER WINNER 1
# Game ended: Tue Apr 14 13:23:50 EDT 2020
