# Server version 0.08 running on 192.168.2.139:8123
# Game ID: 183
# Board class: Saboteur.SaboteurBoard
# Timeout: 20000
# First Move Timeout: 30000
# Date: Mon Apr 13 12:00:04 EDT 2020
# Player 1: Player-0, '260714615', running on 192.168.2.139
# Player 2: Player-1, 'RandomPlayer', running on 192.168.2.139
START Player-0 260714615
START Player-1 RandomPlayer
BoardInit:Tile:1,Tile:5,Tile:3,Map,Bonus,Tile:6,Map,Tile:5,Tile:0,Destroy,Malus,Map,Tile:6,Tile:6,Tile:9,Destroy,Map,Tile:0,Tile:2,Tile:8,Tile:6,Tile:11,Tile:4,Tile:7,Tile:14,Bonus,Tile:9,Tile:7,Map,Tile:10,Tile:6,Tile:0,Bonus,Tile:10,Tile:7,Tile:13,Tile:9,Malus,Tile:15,Bonus,Tile:9-Tile:8,Tile:7,Tile:12,Tile:8,Tile:9,Tile:8,Tile:7-Tile:10,Destroy,Tile:0,Tile:5,Tile:5,Tile:8,Map-Tile:hidden1,Tile:nugget,Tile:hidden2
Tile:8 5 4 1
Tile:5_flip 5 6 0
Tile:9 4 4 1
Drop 3 0 0
Tile:3 5 3 1
Tile:5 4 3 0
Drop 2 0 1
Destroy 4 4 0
Tile:8 6 4 1
Tile:6_flip 4 5 0
Drop 1 0 1
Destroy 6 4 0
Drop 6 0 1
Map 12 7 0
Tile:6 6 5 1
Drop 3 0 0
Drop 1 0 1
Map 12 7 0
Tile:9 4 6 1
Tile:6 4 4 0
Tile:2 3 4 1
Tile:8 3 5 0
Map 12 5 1
Tile:11 4 7 0
Tile:6 4 8 1
