# Server version 0.08 running on 192.168.2.139:8123
# Game ID: 203
# Board class: Saboteur.SaboteurBoard
# Timeout: 20000
# First Move Timeout: 30000
# Date: Mon Apr 13 12:31:17 EDT 2020
# Player 1: Player-0, '260714615', running on 192.168.2.139
# Player 2: Player-1, 'RandomPlayer', running on 192.168.2.139
START Player-0 260714615
START Player-1 RandomPlayer
BoardInit:Tile:0,Map,Tile:5,Tile:9,Malus,Tile:0,Tile:8,Map,Tile:10,Bonus,Tile:14,Tile:7,Tile:6,Tile:15,Tile:7,Tile:0,Malus,Tile:6,Destroy,Destroy,Tile:8,Tile:5,Tile:6,Tile:6,Tile:8,Tile:8,Destroy,Tile:10,Tile:6,Map,Tile:7,Tile:0,Tile:13,Tile:12,Tile:9,Tile:2,Tile:7,Tile:9,Map,Tile:4,Tile:1-Tile:10,Bonus,Bonus,Tile:9,Tile:11,Bonus,Tile:9-Tile:3,Tile:5,Tile:7,Map,Map,Tile:5,Tile:8-Tile:hidden1,Tile:nugget,Tile:hidden2
Tile:9_flip 6 5 1
Tile:3_flip 6 6 0
Tile:10 5 6 1
Map 12 7 0
Tile:11_flip 5 7 1
Tile:7_flip 4 7 0
Drop 3 0 1
Tile:9_flip 4 6 0
Tile:8 3 6 1
Tile:5_flip 3 7 0
Tile:0 2 6 1
Drop 1 0 0
Tile:5 1 6 1
Tile:0 2 7 0
Tile:6 1 7 1
Map 12 5 0
Tile:14 7 6 1
Drop 5 0 0
Tile:10 7 5 1
Tile:8 7 4 0
Destroy 3 6 1
Map 12 5 0
Drop 1 0 1
Tile:5_flip 5 8 0
Tile:7 7 3 1
Tile:6_flip 5 4 0
Tile:6_flip 3 6 1
Tile:6_flip 4 5 0
Tile:8 6 4 1
Tile:8 6 3 0
Tile:6 5 3 1
Destroy 4 7 0
Destroy 5 8 1
Tile:0 8 4 0
Tile:13 5 8 1
Drop 1 0 0
Tile:9 5 9 1
Tile:12_flip 4 8 0
Tile:7_flip 5 10 1
Tile:2 0 7 0
Tile:7 9 4 1
Drop 4 0 0
Drop 0 0 1
