# Server version 0.08 running on 192.168.2.139:8123
# Game ID: 143
# Board class: Saboteur.SaboteurBoard
# Timeout: 20000
# First Move Timeout: 30000
# Date: Mon Apr 13 11:04:51 EDT 2020
# Player 1: Player-0, '260714615', running on 192.168.2.139
# Player 2: Player-1, 'RandomPlayer', running on 192.168.2.139
START Player-0 260714615
START Player-1 RandomPlayer
BoardInit:Tile:8,Tile:2,Tile:6,Tile:5,Tile:6,Bonus,Tile:14,Tile:15,Tile:6,Tile:8,Tile:3,Destroy,Tile:7,Tile:9,Map,Tile:4,Tile:7,Tile:9,Tile:0,Tile:10,Tile:5,Tile:8,Malus,Tile:13,Tile:9,Tile:9,Tile:5,Tile:8,Tile:10,Tile:9,Malus,Tile:1,Bonus,Tile:12,Map,Tile:11,Tile:0,Tile:10,Map,Tile:0,Tile:7-Tile:6,Tile:5,Bonus,Bonus,Tile:6,Map,Tile:7-Map,Map,Tile:7,Destroy,Tile:0,Tile:8,Destroy-Tile:hidden1,Tile:nugget,Tile:hidden2
Tile:6 5 6 1
Tile:8 4 6 0
Tile:7 6 5 1
Drop 3 0 0
Drop 2 0 1
Drop 2 0 0
Tile:6_flip 5 4 1
Tile:2_flip 6 4 0
Tile:5_flip 6 6 1
Tile:15 4 7 0
Tile:6_flip 4 5 1
Destroy 5 6 0
Tile:6_flip 3 6 1
Drop 0 0 0
Tile:8 7 4 1
Tile:0 4 4 0
Tile:7 8 4 1
Tile:9_flip 8 5 0
Tile:7 6 3 1
Map 12 7 0
Tile:6 5 6 1
Tile:5 7 3 0
Map 12 3 1
Tile:9 3 4 0
Tile:3_flip 3 5 1
Destroy 6 3 0
Tile:9 2 6 1
Tile:9_flip 6 3 0
Tile:5_flip 3 7 1
Tile:8 2 7 0
Tile:0 8 3 1
Tile:9 4 8 0
Tile:10 2 5 1
Tile:8 8 6 0
Tile:5_flip 8 7 1
Tile:13 3 3 0
Map 12 3 1
Tile:8 1 7 0
Tile:14_flip 3 2 1
Tile:4 1 6 0
Drop 0 0 1
Drop 4 0 0
Tile:7 9 6 1
Tile:12 5 8 0
Drop 1 0 1
Tile:10 4 9 0
Map 12 3 1
Drop 3 0 0
Drop 1 0 1
Tile:1 4 3 0
Tile:0 5 3 1
Drop 1 0 0
Map 12 7 1
Drop 0 0 0
Malus 0 0 1
GAMEOVER DRAW
# Game ended: Mon Apr 13 11:05:42 EDT 2020
