# Server version 0.08 running on 192.168.2.139:8123
# Game ID: 345
# Board class: Saboteur.SaboteurBoard
# Timeout: 20000
# First Move Timeout: 30000
# Date: Wed Apr 15 17:51:09 EDT 2020
# Player 1: Player-0, '260714615', running on 127.0.0.1
# Player 2: Player-1, 'RandomPlayer', running on 127.0.0.1
START Player-0 260714615
START Player-1 RandomPlayer
BoardInit:Tile:4,Destroy,Tile:7,Tile:6,Bonus,Tile:8,Tile:7,Tile:8,Tile:10,Tile:6,Tile:5,Tile:8,Tile:3,Tile:0,Tile:8,Destroy,Tile:6,Tile:7,Tile:9,Tile:7,Tile:5,Tile:10,Destroy,Tile:15,Tile:9,Tile:9,Tile:1,Tile:6,Map,Bonus,Bonus,Tile:8,Tile:14,Tile:9,Bonus,Tile:9,Tile:5,Map,Tile:7,Tile:2,Map-Map,Tile:0,Malus,Map,Tile:0,Tile:6,Tile:12-Tile:11,Tile:13,Tile:10,Tile:5,Map,Tile:0,Malus-Tile:nugget,Tile:hidden2,Tile:hidden1
Map 12 7 1
Map 12 3 0
Map 12 7 1
Malus 0 0 0
Drop 4 0 1
Tile:0 6 5 0
Drop 5 0 1
Tile:6 7 5 0
Drop 0 0 1
Tile:8 8 5 0
Drop 4 0 1
Tile:8 9 5 0
Malus 0 0 1
Destroy 6 5 0
Drop 0 0 1
Drop 0 0 0
Drop 5 0 1
Destroy 7 5 0
Drop 3 0 1
Drop 0 0 0
Drop 2 0 1
Drop 0 0 0
Drop 0 0 1
Drop 0 0 0
Drop 0 0 1
Drop 0 0 0
Drop 5 0 1
Drop 0 0 0
Drop 5 0 1
Drop 0 0 0
Map 12 3 1
Bonus 0 0 0
Drop 4 0 1
Tile:6 6 5 0
Drop 0 0 1
Tile:8 7 5 0
Drop 3 0 1
Tile:10 9 4 0
Bonus 0 0 1
Tile:9 9 3 0
Drop 2 0 1
Tile:9 9 2 0
Tile:6 10 3 1
Tile:7 11 3 0
Map 12 7 1
Tile:7_flip 11 4 0
Tile:8 12 4 1
GAMEOVER WINNER 1
# Game ended: Wed Apr 15 17:51:55 EDT 2020
