# Server version 0.08 running on 192.168.2.139:8123
# Game ID: 372
# Board class: Saboteur.SaboteurBoard
# Timeout: 20000
# First Move Timeout: 30000
# Date: Wed Apr 15 18:15:17 EDT 2020
# Player 1: Player-0, '260714615', running on 192.168.2.139
# Player 2: Player-1, 'RandomPlayer', running on 192.168.2.139
START Player-0 260714615
START Player-1 RandomPlayer
BoardInit:Tile:10,Tile:6,Destroy,Tile:12,Tile:5,Tile:1,Map,Tile:8,Map,Tile:13,Bonus,Tile:4,Bonus,Tile:6,Tile:10,Map,Tile:14,Tile:0,Tile:0,Tile:2,Tile:9,Tile:5,Tile:9,Tile:5,Tile:6,Tile:15,Bonus,Tile:7,Tile:8,Tile:11,Tile:8,Tile:7,Tile:9,Tile:8,Tile:9,Malus,Tile:9,Malus,Tile:0,Destroy,Destroy-Tile:0,Map,Tile:7,Tile:7,Tile:7,Tile:6,Tile:8-Tile:5,Bonus,Tile:6,Tile:3,Tile:10,Map,Map-Tile:hidden2,Tile:nugget,Tile:hidden1
Tile:6_flip 4 5 1
Map 12 3 0
Tile:7 5 4 1
Map 12 5 0
Tile:8 4 6 1
Tile:6 6 5 0
Tile:7_flip 4 4 1
Tile:6 7 5 0
Destroy 4 6 1
Tile:8 8 5 0
Tile:10 5 6 1
Tile:5 8 4 0
Tile:7 7 4 1
Tile:10 8 6 0
Map 12 7 1
Tile:6 9 5 0
Tile:5 4 3 1
Tile:1 10 5 0
Tile:0 5 3 1
Tile:0 11 5 0
Map 12 7 1
Tile:3 6 3 0
Map 12 5 1
Tile:5_flip 8 7 0
Tile:14_flip 7 7 1
Tile:5 3 5 0
Tile:9_flip 7 8 1
Tile:12_flip 6 8 0
Tile:9_flip 4 6 1
Tile:7 9 4 0
Tile:10 4 7 1
Tile:13 3 6 0
Tile:8 2 6 1
Tile:7_flip 7 9 0
Drop 3 0 1
Tile:8 8 9 0
Tile:9 6 4 1
Malus 0 0 0
Bonus 0 0 1
Malus 0 0 0
Drop 4 0 1
Destroy 6 3 0
Destroy 4 4 1
Tile:4 2 5 0
Drop 3 0 1
Tile:2 1 6 0
Drop 4 0 1
Tile:15 1 7 0
Drop 0 0 1
Tile:11 0 6 0
Drop 0 0 1
Drop 0 0 0
Bonus 0 0 1
Drop 0 0 0
Tile:9 2 7 1
GAMEOVER DRAW
# Game ended: Wed Apr 15 18:16:11 EDT 2020
