# Server version 0.08 running on 192.168.2.139:8123
# Game ID: 147
# Board class: Saboteur.SaboteurBoard
# Timeout: 20000
# First Move Timeout: 30000
# Date: Mon Apr 13 11:12:07 EDT 2020
# Player 1: Player-0, '260714615', running on 192.168.2.139
# Player 2: Player-1, 'RandomPlayer', running on 192.168.2.139
START Player-0 260714615
START Player-1 RandomPlayer
BoardInit:Tile:9,Tile:6,Tile:3,Tile:5,Tile:0,Bonus,Map,Tile:5,Tile:7,Tile:14,Tile:6,Tile:6,Tile:8,Map,Tile:11,Map,Tile:15,Tile:7,Destroy,Tile:9,Tile:9,Tile:0,Tile:7,Tile:12,Tile:5,Bonus,Tile:9,Tile:1,Bonus,Tile:7,Tile:8,Tile:13,Tile:2,Tile:9,Tile:10,Tile:0,Destroy,Bonus,Map,Malus,Tile:8-Tile:6,Destroy,Malus,Tile:0,Tile:5,Tile:7,Map-Tile:6,Tile:10,Tile:4,Tile:10,Tile:8,Tile:8,Map-Tile:nugget,Tile:hidden2,Tile:hidden1
Tile:0 6 5 1
Map 12 3 0
Tile:5_flip 5 6 1
Tile:6 7 5 0
Tile:9 5 4 1
Drop 1 0 0
Map 12 5 1
Tile:8 5 3 0
Tile:6_flip 4 6 1
Drop 4 0 0
Drop 3 0 1
Tile:14_flip 5 2 0
Tile:0 6 4 1
Tile:5 3 6 0
Tile:7 7 4 1
Drop 0 0 0
Tile:6_flip 8 5 1
GAMEOVER USER CANCEL UNDECIDED
# Game ended: Mon Apr 13 11:12:23 EDT 2020
