# Server version 0.08 running on 192.168.2.139:8123
# Game ID: 217
# Board class: Saboteur.SaboteurBoard
# Timeout: 20000
# First Move Timeout: 30000
# Date: Wed Apr 15 14:30:46 EDT 2020
# Player 1: Player-0, '260714615', running on 192.168.2.139
# Player 2: Player-1, 'RandomPlayer', running on 192.168.2.139
START Player-0 260714615
START Player-1 RandomPlayer
BoardInit:Tile:15,Tile:4,Tile:0,Tile:14,Tile:9,Tile:6,Tile:7,Tile:6,Tile:1,Tile:7,Tile:11,Tile:9,Tile:5,Bonus,Tile:5,Tile:8,Map,Tile:12,Map,Tile:8,Tile:5,Tile:5,Tile:7,Tile:6,Tile:9,Destroy,Tile:0,Map,Tile:2,Map,Tile:7,Malus,Map,Destroy,Malus,Tile:13,Tile:6,Bonus,Tile:7,Tile:8,Tile:10-Tile:9,Tile:9,Tile:8,Tile:8,Destroy,Tile:0,Tile:10-Tile:0,Bonus,Tile:6,Tile:10,Tile:3,Map,Bonus-Tile:nugget,Tile:hidden2,Tile:hidden1
Tile:0 6 5 1
Map 12 3 0
Tile:9_flip 5 6 1
Tile:0 7 5 0
Destroy 7 5 1
Tile:6 7 5 0
Drop 6 0 1
Tile:6 8 5 0
Tile:15 7 4 1
Tile:6 9 5 0
Tile:1 10 5 1
Tile:10 9 4 0
Drop 6 0 1
Tile:9 9 3 0
Drop 3 0 1
Tile:7 10 3 0
Tile:8 11 5 1
Tile:8 11 4 0
Tile:5 4 6 1
Drop 5 0 0
Tile:9 11 3 1
Tile:8 12 4 0
Map 12 5 1
Tile:5 11 2 0
Tile:5 5 4 1
Tile:6 12 2 0
Tile:7 13 4 1
Drop 5 0 0
Tile:9 13 5 1
Drop 5 0 0
Tile:8 4 7 1
Drop 5 0 0
Drop 4 0 1
Malus 0 0 0
Drop 4 0 1
