# Server version 0.08 running on 192.168.2.139:8123
# Game ID: 215
# Board class: Saboteur.SaboteurBoard
# Timeout: 20000
# First Move Timeout: 30000
# Date: Wed Apr 15 14:04:16 EDT 2020
# Player 1: Player-0, '260714615', running on 192.168.2.139
# Player 2: Player-1, 'RandomPlayer', running on 192.168.2.139
START Player-0 260714615
START Player-1 RandomPlayer
BoardInit:Tile:0,Tile:5,Bonus,Bonus,Tile:9,Tile:7,Tile:5,Tile:9,Tile:10,Map,Map,Map,Malus,Tile:0,Tile:10,Tile:10,Malus,Tile:5,Tile:6,Tile:7,Tile:6,Bonus,Map,Tile:8,Tile:6,Tile:0,Tile:8,Tile:15,Tile:8,Map,Tile:5,Tile:11,Tile:9,Map,Tile:6,Tile:0,Tile:13,Tile:9,Tile:7,Tile:6,Tile:8-Tile:8,Tile:1,Tile:2,Tile:7,Tile:4,Destroy,Tile:14-Tile:9,Destroy,Tile:7,Tile:12,Destroy,Bonus,Tile:3-Tile:hidden2,Tile:nugget,Tile:hidden1
Tile:8 5 6 1
Tile:9 5 4 0
Tile:2_flip 6 4 1
Tile:5 6 3 0
Tile:0 6 5 1
Tile:7_flip 5 7 0
Tile:9 4 6 1
Tile:7 7 5 0
Tile:7 6 6 1
Tile:9 7 6 0
Tile:10 7 7 1
Map 12 3 0
Tile:4 5 3 1
Map 12 5 0
Destroy 7 5 1
Tile:0 8 6 0
Drop 0 0 1
Tile:10 7 8 0
Tile:5_flip 7 3 1
Tile:5 7 2 0
Tile:14 7 9 1
Tile:7 9 6 0
Tile:6 9 7 1
Drop 5 0 0
Map 12 7 1
Tile:8 10 7 0
Malus 0 0 1
Bonus 0 0 0
Tile:6_flip 7 5 1
Tile:0 11 7 0
Tile:10 4 7 1
Destroy 7 9 0
Tile:5 12 6 1
Drop 5 0 0
Tile:9 4 8 1
Drop 5 0 0
Tile:6 8 5 1
Tile:0 13 6 0
Tile:13 12 8 1
Tile:9 10 6 0
Tile:8 10 5 1
Tile:6 11 5 0
GAMEOVER WINNER 0
# Game ended: Wed Apr 15 14:04:58 EDT 2020
