# Server version 0.08 running on 192.168.2.139:8123
# Game ID: 13
# Board class: Saboteur.SaboteurBoard
# Timeout: 20000
# First Move Timeout: 30000
# Date: Tue Apr 14 11:13:22 EDT 2020
# Player 1: Player-0, 'RandomPlayer', running on 127.0.0.1
# Player 2: Player-1, '260714615', running on 127.0.0.1
START Player-0 RandomPlayer
START Player-1 260714615
BoardInit:Tile:7,Tile:10,Destroy,Map,Map,Bonus,Tile:0,Destroy,Map,Tile:14,Tile:8,Tile:9,Tile:8,Tile:7,Map,Malus,Tile:6,Tile:6,Map,Tile:3,Map,Tile:13,Tile:5,Tile:0,Tile:0,Bonus,Tile:6,Tile:10,Bonus,Tile:7,Tile:0,Tile:5,Tile:8,Tile:8,Tile:5,Tile:9,Tile:8,Tile:7,Tile:6,Tile:7,Tile:15-Tile:12,Tile:11,Tile:4,Tile:9,Destroy,Tile:6,Tile:5-Bonus,Malus,Tile:2,Tile:9,Tile:1,Tile:9,Tile:10-Tile:hidden2,Tile:hidden1,Tile:nugget
Tile:6 6 5 1
Tile:1 4 5 0
Tile:9 6 4 1
Drop 1 0 0
Tile:5 6 3 1
Drop 1 0 0
Map 12 3 1
Tile:10 5 4 0
Tile:0 7 5 1
Tile:9_flip 5 3 0
Map 12 3 1
Tile:9_flip 5 2 0
Tile:8 8 5 1
Tile:9_flip 7 3 0
Tile:8 9 5 1
Tile:14_flip 9 4 0
Map 12 3 1
Tile:7 8 4 0
Tile:6 10 5 1
Destroy 9 4 0
Map 12 3 1
Tile:10 7 2 0
Map 12 3 1
Tile:3_flip 8 6 0
Tile:7 11 5 1
Tile:6 5 6 0
Tile:5 10 4 1
Map 12 3 0
Tile:0 11 4 1
Tile:0 4 6 0
Tile:6 12 4 1
Drop 3 0 0
Tile:0 13 4 1
Tile:10 7 1 0
Tile:8 11 6 1
Tile:5 10 6 0
Tile:5_flip 12 6 1
Tile:9 10 7 0
Tile:8 11 7 1
GAMEOVER WINNER 1
# Game ended: Tue Apr 14 11:14:02 EDT 2020
