# Server version 0.08 running on 192.168.2.139:8123
# Game ID: 71
# Board class: Saboteur.SaboteurBoard
# Timeout: 20000
# First Move Timeout: 30000
# Date: Tue Apr 14 13:23:51 EDT 2020
# Player 1: Player-0, '260714615', running on 127.0.0.1
# Player 2: Player-1, 'RandomPlayer', running on 127.0.0.1
START Player-0 260714615
START Player-1 RandomPlayer
BoardInit:Tile:8,Tile:0,Tile:0,Tile:8,Tile:12,Tile:13,Destroy,Tile:7,Tile:8,Malus,Tile:15,Tile:6,Bonus,Tile:6,Bonus,Tile:5,Tile:7,Tile:11,Bonus,Tile:5,Tile:10,Map,Tile:5,Map,Tile:9,Tile:6,Destroy,Tile:7,Malus,Map,Tile:14,Map,Tile:10,Tile:0,Map,Tile:1,Tile:3,Tile:9,Tile:8,Tile:4,Tile:7-Tile:2,Tile:7,Tile:6,Destroy,Tile:8,Tile:9,Tile:0-Tile:9,Tile:9,Tile:5,Map,Bonus,Tile:10,Tile:6-Tile:nugget,Tile:hidden1,Tile:hidden2
Tile:6 5 6 1
Map 12 3 0
Drop 1 0 1
Tile:6 6 5 0
Tile:2_flip 4 5 1
Tile:0 7 5 0
Tile:0 8 5 1
Tile:8 9 5 0
Tile:12 6 6 1
Tile:9 9 4 0
Tile:8 3 5 1
Tile:9 9 3 0
Tile:8 9 6 1
Tile:6 10 3 0
Tile:9_flip 9 7 1
Tile:6 11 3 0
GAMEOVER WINNER 0
# Game ended: Tue Apr 14 13:24:07 EDT 2020
