# Server version 0.08 running on 192.168.2.139:8123
# Game ID: 221
# Board class: Saboteur.SaboteurBoard
# Timeout: 20000
# First Move Timeout: 30000
# Date: Mon Apr 13 15:36:11 EDT 2020
# Player 1: Player-0, '260714615', running on 192.168.2.139
# Player 2: Player-1, 'RandomPlayer', running on 192.168.2.139
START Player-0 260714615
START Player-1 RandomPlayer
BoardInit:Tile:10,Tile:10,Malus,Map,Map,Map,Tile:7,Destroy,Tile:6,Tile:13,Tile:5,Tile:7,Bonus,Tile:0,Tile:8,Map,Destroy,Tile:9,Tile:5,Tile:7,Tile:0,Tile:7,Tile:4,Tile:15,Tile:0,Tile:6,Tile:8,Destroy,Tile:11,Tile:8,Tile:6,Tile:0,Tile:9,Tile:9,Tile:3,Map,Tile:5,Tile:1,Tile:7,Tile:14,Tile:8-Bonus,Tile:6,Tile:2,Map,Tile:5,Tile:9,Bonus-Tile:9,Tile:6,Bonus,Malus,Tile:12,Tile:10,Tile:8-Tile:hidden1,Tile:hidden2,Tile:nugget
Tile:9 5 4 1
Tile:6_flip 4 5 0
Tile:2 5 3 1
Tile:8 6 3 0
Tile:6_flip 6 2 1
Map 12 7 0
Drop 3 0 1
Tile:9 5 6 0
Drop 2 0 1
Destroy 5 6 0
Drop 0 0 1
Drop 3 0 0
Tile:6 6 4 1
Drop 2 0 0
Drop 3 0 1
Tile:13 7 4 0
Map 12 3 1
Tile:0 4 3 0
Drop 5 0 1
Tile:9_flip 7 5 0
Drop 4 0 1
Tile:7_flip 5 2 0
Tile:7_flip 3 5 1
Tile:7 7 3 0
Tile:0 6 5 1
Tile:15 4 6 0
Destroy 4 3 1
GAMEOVER TIMEOUT WINNER 1
# Game ended: Mon Apr 13 15:36:44 EDT 2020
