# Server version 0.08 running on 192.168.2.139:8123
# Game ID: 77
# Board class: Saboteur.SaboteurBoard
# Timeout: 20000
# First Move Timeout: 30000
# Date: Tue Apr 14 13:26:20 EDT 2020
# Player 1: Player-0, '260714615', running on 127.0.0.1
# Player 2: Player-1, 'RandomPlayer', running on 127.0.0.1
START Player-0 260714615
START Player-1 RandomPlayer
BoardInit:Tile:9,Tile:6,Tile:5,Map,Map,Tile:8,Tile:7,Tile:10,Tile:7,Tile:0,Tile:5,Tile:0,Tile:4,Bonus,Tile:3,Map,Tile:5,Tile:6,Tile:5,Tile:9,Tile:11,Bonus,Map,Tile:6,Destroy,Tile:8,Tile:14,Tile:1,Map,Tile:15,Tile:0,Tile:7,Tile:10,Map,Tile:8,Tile:2,Bonus,Tile:10,Tile:9,Destroy,Tile:6-Tile:12,Tile:9,Destroy,Malus,Tile:7,Tile:0,Tile:13-Tile:8,Bonus,Tile:6,Tile:8,Tile:7,Malus,Tile:9-Tile:nugget,Tile:hidden1,Tile:hidden2
Tile:9 5 4 1
Tile:8 6 5 0
Tile:13 6 4 1
Tile:6 7 5 0
Tile:7 8 5 1
Map 12 3 0
Map 12 7 1
Tile:8 8 6 0
Drop 0 0 1
Tile:6 9 6 0
Destroy 9 6 1
Tile:8 9 6 0
Tile:9 6 6 1
Tile:9 9 5 0
Tile:5_flip 5 6 1
Tile:0 10 5 0
Tile:3 11 5 1
Tile:7_flip 11 6 0
Tile:5 5 3 1
Tile:0 12 6 0
Tile:5_flip 6 7 1
Tile:10 9 4 0
Tile:7_flip 9 7 1
Malus 0 0 0
Drop 5 0 1
Tile:6_flip 9 3 0
Destroy 9 5 1
Tile:9 9 5 0
Drop 6 0 1
Tile:6 10 3 0
Malus 0 0 1
Bonus 0 0 0
Map 12 7 1
Tile:8 11 3 0
GAMEOVER WINNER 0
# Game ended: Tue Apr 14 13:26:54 EDT 2020
