# Server version 0.08 running on 192.168.2.139:8123
# Game ID: 193
# Board class: Saboteur.SaboteurBoard
# Timeout: 20000
# First Move Timeout: 30000
# Date: Mon Apr 13 12:12:12 EDT 2020
# Player 1: Player-0, '260714615', running on 192.168.2.139
# Player 2: Player-1, 'RandomPlayer', running on 192.168.2.139
START Player-0 260714615
START Player-1 RandomPlayer
BoardInit:Tile:14,Map,Tile:6,Map,Tile:8,Tile:7,Tile:15,Bonus,Tile:12,Tile:10,Tile:0,Destroy,Tile:5,Malus,Tile:9,Tile:0,Malus,Tile:5,Tile:6,Tile:7,Bonus,Tile:5,Tile:13,Map,Map,Tile:6,Tile:10,Tile:5,Bonus,Tile:2,Tile:8,Tile:7,Tile:3,Tile:11,Tile:9,Tile:7,Destroy,Tile:6,Tile:0,Destroy,Tile:7-Map,Tile:6,Tile:8,Tile:1,Tile:8,Tile:8,Tile:10-Tile:0,Bonus,Tile:9,Tile:4,Map,Tile:9,Tile:9-Tile:hidden2,Tile:hidden1,Tile:nugget
Tile:8 5 4 1
Tile:9 4 5 0
Map 12 3 1
Tile:9_flip 6 5 0
Tile:10 5 3 1
Tile:9 4 4 0
Tile:8 6 4 1
Map 12 5 0
Tile:8 6 6 1
Tile:7 4 3 0
Tile:6_flip 7 6 1
Tile:4 6 3 0
Tile:14 6 7 1
Drop 0 0 0
Tile:0 8 6 1
Malus 0 0 0
Drop 5 0 1
Map 12 3 0
Drop 3 0 1
Tile:0 7 4 0
Drop 2 0 1
Drop 4 0 0
Drop 5 0 1
Tile:7 8 4 0
Drop 0 0 1
Tile:5 5 7 0
Map 12 7 1
GAMEOVER USER CANCEL UNDECIDED
# Game ended: Mon Apr 13 12:12:25 EDT 2020
