# Server version 0.08 running on 192.168.2.139:8123
# Game ID: 46
# Board class: Saboteur.SaboteurBoard
# Timeout: 20000
# First Move Timeout: 30000
# Date: Sun Apr 12 20:56:32 EDT 2020
# Player 1: Player-0, 'RandomPlayer', running on 127.0.0.1
# Player 2: Player-1, '260714615', running on 127.0.0.1
START Player-0 RandomPlayer
START Player-1 260714615
BoardInit:Tile:7,Bonus,Tile:11,Map,Tile:0,Tile:8,Tile:2,Destroy,Tile:9,Tile:9,Bonus,Tile:15,Tile:6,Tile:6,Tile:6,Tile:4,Tile:6,Tile:9,Tile:8,Tile:5,Map,Tile:8,Malus,Malus,Tile:9,Bonus,Tile:0,Map,Destroy,Destroy,Tile:6,Tile:10,Tile:7,Tile:14,Tile:0,Tile:7,Map,Map,Tile:7,Tile:5,Tile:12-Tile:3,Tile:7,Tile:13,Tile:10,Tile:8,Tile:0,Tile:1-Tile:9,Map,Tile:5,Bonus,Tile:8,Tile:5,Tile:10-Tile:hidden2,Tile:hidden1,Tile:nugget
Tile:8 6 5 1
Map 12 3 0
Tile:7_flip 4 5 1
Tile:10 4 4 0
Tile:0 7 5 1
Drop 2 0 0
Tile:13 4 3 1
Tile:9 6 6 0
Tile:7 8 5 1
Tile:5_flip 5 6 0
Tile:11_flip 8 6 1
Tile:9_flip 8 7 0
Drop 3 0 1
Tile:5_flip 8 8 0
Drop 1 0 1
Tile:8 4 2 0
Tile:9_flip 5 2 1
Destroy 4 5 0
Drop 3 0 1
Map 12 5 0
Tile:6_flip 7 6 1
Tile:4 6 4 0
Drop 3 0 1
Tile:8 4 5 0
Tile:6 5 3 1
Tile:6 6 3 0
Tile:9 7 7 1
Tile:9 7 8 0
Tile:8 3 2 1
Tile:8 5 1 0
Destroy 8 5 1
Destroy 3 2 0
Tile:6 4 6 1
Map 12 5 0
Tile:2 7 3 1
Tile:10 6 7 0
Tile:3_flip 7 4 1
Tile:14 8 4 0
Drop 4 0 1
Tile:7_flip 3 2 0
Tile:1 3 5 1
Tile:5 3 3 0
Tile:7 8 3 1
Tile:5_flip 7 9 0
Drop 1 0 1
Drop 3 0 0
Map 12 3 1
Malus 0 0 0
Map 12 7 1
Map 12 7 0
GAMEOVER ILLEGAL MOVE: Player 1, CardUsed: (Tile:12_flip), PosOfUse: (6, 9) WINNER 0
# Game ended: Sun Apr 12 20:56:33 EDT 2020
