# Server version 0.08 running on 192.168.2.139:8123
# Game ID: 367
# Board class: Saboteur.SaboteurBoard
# Timeout: 20000
# First Move Timeout: 30000
# Date: Wed Apr 15 18:07:43 EDT 2020
# Player 1: Player-0, 'RandomPlayer', running on 127.0.0.1
# Player 2: Player-1, '260714615', running on 127.0.0.1
START Player-0 RandomPlayer
START Player-1 260714615
BoardInit:Tile:7,Tile:7,Tile:5,Tile:10,Tile:8,Tile:5,Bonus,Map,Tile:6,Tile:0,Tile:0,Tile:11,Tile:6,Map,Destroy,Tile:4,Tile:7,Tile:14,Tile:9,Tile:8,Malus,Tile:5,Bonus,Tile:10,Tile:7,Tile:6,Tile:9,Tile:5,Tile:6,Tile:8,Map,Tile:0,Tile:10,Map,Destroy,Tile:9,Tile:3,Tile:0,Destroy,Tile:2,Map-Tile:12,Bonus,Tile:6,Tile:13,Malus,Tile:9,Tile:1-Tile:8,Tile:15,Map,Tile:9,Bonus,Tile:8,Tile:7-Tile:hidden1,Tile:nugget,Tile:hidden2
Malus 0 0 1
Drop 4 0 0
Tile:6 6 5 1
Map 12 3 0
Tile:9 6 4 1
Drop 4 0 0
Tile:8 7 5 1
Drop 5 0 0
Tile:7_flip 7 6 1
Map 12 5 0
Tile:6 8 5 1
Drop 4 0 0
Tile:0 9 5 1
Drop 0 0 0
Tile:6 10 5 1
Map 12 7 0
Tile:1 11 5 1
Drop 5 0 0
Tile:5 10 4 1
Drop 3 0 0
Tile:9 8 4 1
Drop 2 0 0
Malus 0 0 1
Drop 0 0 0
Tile:7_flip 5 6 1
Drop 2 0 0
Tile:7_flip 4 5 1
Drop 0 0 0
Tile:9 8 3 1
Drop 5 0 0
Tile:6 11 4 1
Drop 0 0 0
Map 12 3 1
Drop 6 0 0
Tile:10 11 3 1
Drop 3 0 0
Tile:12 6 6 1
Drop 2 0 0
Destroy 6 6 1
Map 12 5 0
Tile:13 4 4 1
Drop 2 0 0
Map 12 5 1
Drop 1 0 0
Destroy 4 4 1
Drop 3 0 0
Tile:3 4 4 1
Drop 0 0 0
Destroy 4 4 1
Drop 2 0 0
Drop 0 0 1
Drop 0 0 0
Drop 0 0 1
Drop 0 0 0
Drop 0 0 1
GAMEOVER DRAW
# Game ended: Wed Apr 15 18:08:39 EDT 2020
