# Server version 0.08 running on 192.168.2.139:8123
# Game ID: 361
# Board class: Saboteur.SaboteurBoard
# Timeout: 20000
# First Move Timeout: 30000
# Date: Wed Apr 15 18:04:27 EDT 2020
# Player 1: Player-0, '260714615', running on 127.0.0.1
# Player 2: Player-1, 'RandomPlayer', running on 127.0.0.1
START Player-0 260714615
START Player-1 RandomPlayer
BoardInit:Tile:6,Tile:10,Destroy,Tile:7,Tile:0,Destroy,Tile:11,Bonus,Tile:13,Map,Tile:0,Tile:5,Malus,Tile:15,Map,Tile:9,Tile:8,Tile:9,Tile:7,Tile:0,Map,Tile:0,Tile:1,Tile:12,Bonus,Tile:5,Tile:7,Bonus,Tile:9,Malus,Tile:9,Tile:3,Tile:2,Tile:10,Tile:5,Tile:5,Tile:7,Destroy,Tile:8,Tile:8,Tile:8-Tile:4,Map,Tile:8,Tile:6,Bonus,Map,Tile:6-Tile:7,Map,Tile:6,Tile:6,Tile:14,Tile:9,Tile:10-Tile:nugget,Tile:hidden2,Tile:hidden1
Tile:6 4 5 1
Map 12 3 0
Tile:6 5 6 1
Tile:6 6 5 0
Destroy 4 5 1
Tile:6 7 5 0
Drop 4 0 1
Tile:9 7 4 0
Tile:11_flip 5 4 1
Tile:10 7 3 0
Tile:0 8 4 1
Tile:10 7 2 0
Tile:0 4 5 1
Tile:5 7 1 0
Drop 3 0 1
Tile:7 9 4 0
Tile:6_flip 4 6 1
Tile:7_flip 9 5 0
Tile:13 3 6 1
Tile:9_flip 10 5 0
Tile:7_flip 4 7 1
Tile:9 10 4 0
Tile:4_flip 3 7 1
Tile:0 11 4 0
Tile:8 3 5 1
Tile:0 12 4 0
Tile:1 5 7 1
Destroy 12 4 0
Malus 0 0 1
Bonus 0 0 0
Map 12 3 1
Malus 0 0 0
Bonus 0 0 1
Tile:5 10 3 0
Tile:8 5 3 1
Tile:10 10 6 0
Tile:9_flip 10 7 1
Tile:5_flip 11 3 0
Tile:7 12 4 1
Tile:14 6 3 0
Tile:8 10 8 1
Destroy 6 3 0
Map 12 7 1
Tile:8 11 2 0
Tile:5 11 5 1
Tile:15 3 4 0
Tile:7_flip 10 2 1
Tile:12 6 3 0
Tile:8 8 1 1
Tile:3 3 3 0
Tile:2 9 1 1
Drop 0 0 0
Tile:9 11 1 1
Drop 0 0 0
Drop 0 0 1
GAMEOVER DRAW
# Game ended: Wed Apr 15 18:05:21 EDT 2020
