# Server version 0.08 running on 192.168.2.139:8123
# Game ID: 17
# Board class: Saboteur.SaboteurBoard
# Timeout: 20000
# First Move Timeout: 30000
# Date: Tue Apr 14 11:16:14 EDT 2020
# Player 1: Player-0, 'RandomPlayer', running on 127.0.0.1
# Player 2: Player-1, '260714615', running on 127.0.0.1
START Player-0 RandomPlayer
START Player-1 260714615
BoardInit:Tile:15,Tile:7,Map,Map,Tile:11,Bonus,Tile:5,Map,Bonus,Destroy,Tile:7,Tile:8,Malus,Tile:5,Tile:10,Tile:10,Tile:2,Tile:6,Tile:9,Bonus,Tile:10,Tile:7,Tile:14,Tile:6,Tile:3,Tile:7,Tile:13,Destroy,Tile:0,Tile:5,Tile:9,Tile:6,Tile:8,Tile:0,Tile:7,Tile:12,Tile:6,Tile:4,Map,Tile:0,Tile:5-Map,Tile:9,Tile:0,Tile:8,Tile:8,Tile:9,Tile:1-Map,Destroy,Bonus,Tile:9,Malus,Tile:8,Tile:6-Tile:hidden2,Tile:nugget,Tile:hidden1
Map 12 3 1
Tile:9_flip 5 6 0
Tile:0 6 5 1
Tile:6_flip 4 6 0
Map 12 3 1
Tile:8 3 6 0
Tile:8 7 5 1
Map 12 5 0
Tile:8 8 5 1
Destroy 5 6 0
Tile:9 8 4 1
Drop 1 0 0
Tile:9 8 6 1
Tile:8 2 6 0
Tile:5 8 3 1
Destroy 2 6 0
Tile:7_flip 8 7 1
Drop 5 0 0
Tile:10 7 4 1
Tile:6 9 4 0
Tile:1 10 4 1
Tile:7_flip 4 7 0
Tile:9_flip 11 4 1
Tile:10 5 4 0
Malus 0 0 1
Drop 3 0 0
Tile:10 11 5 1
Drop 0 0 0
Tile:15 3 5 1
Destroy 8 6 0
Tile:0 9 5 1
Map 12 3 0
Tile:9 11 6 1
Drop 6 0 0
Tile:8 12 6 1
Drop 4 0 0
Tile:7_flip 11 7 1
Drop 3 0 0
Tile:6 13 6 1
Bonus 0 0 0
Map 12 3 1
Drop 0 0 0
Tile:5 13 5 1
Tile:12 10 5 0
Tile:11 3 4 1
Tile:0 2 6 0
Tile:2 1 6 1
Tile:5_flip 9 7 0
Tile:14 1 7 1
Tile:7 9 3 0
Tile:3 3 3 1
Tile:4_flip 3 7 0
Tile:13 0 6 1
Tile:0 2 3 0
Drop 0 0 1
GAMEOVER DRAW
# Game ended: Tue Apr 14 11:17:10 EDT 2020
