# Server version 0.08 running on 192.168.2.139:8123
# Game ID: 299
# Board class: Saboteur.SaboteurBoard
# Timeout: 20000
# First Move Timeout: 30000
# Date: Mon Apr 13 18:47:50 EDT 2020
# Player 1: Player-0, 'RandomPlayer', running on 127.0.0.1
# Player 2: Player-1, '260714615', running on 127.0.0.1
START Player-0 RandomPlayer
START Player-1 260714615
BoardInit:Map,Bonus,Tile:7,Destroy,Tile:11,Tile:8,Bonus,Tile:10,Tile:10,Tile:6,Map,Tile:8,Tile:9,Map,Tile:7,Map,Tile:2,Malus,Tile:8,Tile:9,Map,Tile:5,Bonus,Tile:9,Tile:4,Tile:10,Tile:5,Tile:0,Tile:9,Tile:6,Tile:1,Tile:0,Tile:15,Bonus,Tile:3,Destroy,Tile:7,Tile:13,Tile:14,Tile:7,Tile:6-Tile:6,Tile:5,Tile:8,Tile:9,Tile:8,Destroy,Malus-Tile:12,Map,Tile:0,Tile:6,Tile:0,Tile:7,Tile:5-Tile:nugget,Tile:hidden2,Tile:hidden1
Tile:6 6 5 1
Tile:7_flip 5 6 0
Map 12 3 1
Tile:6_flip 7 5 0
Tile:8 8 5 1
Tile:12 9 5 0
Tile:5 8 4 1
Drop 4 0 0
Tile:9 8 6 1
Tile:8 8 7 0
Tile:8 9 7 1
Tile:0 6 6 0
Tile:7_flip 9 8 1
Tile:6 4 5 0
Tile:10 6 4 1
Destroy 9 8 0
Tile:9 9 8 1
Tile:5 7 7 0
Tile:7_flip 9 9 1
Tile:8 4 4 0
Tile:8 10 7 1
Map 12 7 0
Destroy 4 4 1
Tile:9_flip 10 8 0
Malus 0 0 1
Drop 2 0 0
Tile:11 4 4 1
Map 12 7 0
Tile:5 10 6 1
Drop 6 0 0
Tile:9 6 3 1
Drop 1 0 0
Tile:2 4 3 1
Drop 4 0 0
Tile:4 6 2 1
Drop 4 0 0
Tile:1 3 3 1
Destroy 10 7 0
Tile:7 11 6 1
Malus 0 0 0
Bonus 0 0 1
Drop 4 0 0
Tile:6 9 4 1
Drop 1 0 0
Tile:15 7 8 1
Drop 3 0 0
Tile:3 5 3 1
Drop 0 0 0
Tile:14 7 3 1
Drop 2 0 0
Drop 0 0 1
Drop 0 0 0
Drop 0 0 1
Drop 0 0 0
Drop 0 0 1
GAMEOVER DRAW
# Game ended: Mon Apr 13 18:48:15 EDT 2020
