# Server version 0.08 running on 192.168.2.139:8123
# Game ID: 212
# Board class: Saboteur.SaboteurBoard
# Timeout: 20000
# First Move Timeout: 30000
# Date: Wed Apr 15 13:56:46 EDT 2020
# Player 1: Player-0, '260714615', running on 192.168.2.139
# Player 2: Player-1, 'RandomPlayer', running on 192.168.2.139
START Player-0 260714615
START Player-1 RandomPlayer
BoardInit:Tile:8,Tile:10,Destroy,Tile:9,Tile:9,Tile:8,Tile:3,Tile:6,Destroy,Tile:4,Tile:7,Tile:0,Tile:14,Tile:9,Tile:5,Bonus,Tile:7,Destroy,Bonus,Tile:15,Map,Tile:12,Tile:7,Map,Tile:11,Map,Tile:2,Tile:5,Tile:0,Tile:6,Malus,Tile:0,Tile:6,Tile:6,Tile:13,Tile:0,Malus,Bonus,Bonus,Map,Tile:5-Tile:9,Tile:5,Tile:7,Tile:1,Tile:9,Tile:8,Tile:8-Tile:8,Map,Tile:7,Tile:10,Tile:10,Tile:6,Map-Tile:hidden1,Tile:hidden2,Tile:nugget
Tile:5_flip 6 5 1
Map 12 3 0
Tile:9_flip 6 4 1
Map 12 5 0
Tile:8 5 4 1
Tile:8 6 3 0
Drop 2 0 1
Tile:6 7 3 0
Drop 0 0 1
Tile:8 8 3 0
Tile:8 7 2 1
Tile:6 9 3 0
Tile:8 7 1 1
Tile:0 10 3 0
Tile:9 5 3 1
Tile:7_flip 8 4 0
Destroy 10 3 1
Tile:10 9 2 0
Tile:7 8 2 1
Tile:10 9 1 0
Destroy 6 5 1
Tile:9_flip 10 3 0
Tile:5 4 5 1
Tile:10 10 4 0
Tile:1 6 1 1
Map 12 7 0
Tile:14 8 1 1
Tile:9 10 5 0
Tile:11 10 2 1
Tile:5_flip 10 6 0
Tile:7 9 4 1
Tile:6 11 5 0
Drop 4 0 1
Tile:0 9 6 0
Drop 0 0 1
Tile:6 8 6 0
Tile:7 7 0 1
Tile:0 7 6 0
Tile:13 12 6 1
Tile:4 5 2 0
Drop 2 0 1
Destroy 4 5 0
Tile:6 6 6 1
Tile:15 8 0 0
Drop 4 0 1
Tile:12 11 2 0
Tile:5_flip 9 5 1
Drop 0 0 0
Map 12 3 1
Drop 0 0 0
Drop 0 0 1
Drop 0 0 0
Drop 0 0 1
Drop 0 0 0
Malus 0 0 1
GAMEOVER DRAW
# Game ended: Wed Apr 15 13:57:44 EDT 2020
