# Server version 0.08 running on 192.168.2.139:8123
# Game ID: 319
# Board class: Saboteur.SaboteurBoard
# Timeout: 20000
# First Move Timeout: 30000
# Date: Mon Apr 13 19:17:38 EDT 2020
# Player 1: Player-0, '260714615', running on 127.0.0.1
# Player 2: Player-1, 'RandomPlayer', running on 127.0.0.1
START Player-0 260714615
START Player-1 RandomPlayer
BoardInit:Tile:12,Tile:5,Tile:9,Tile:7,Tile:7,Tile:7,Bonus,Tile:5,Tile:8,Tile:11,Tile:15,Tile:4,Tile:8,Tile:5,Tile:0,Tile:6,Tile:6,Tile:9,Tile:6,Tile:7,Tile:10,Malus,Destroy,Destroy,Tile:0,Tile:10,Tile:2,Tile:9,Tile:5,Map,Tile:8,Bonus,Tile:6,Tile:1,Tile:9,Tile:10,Destroy,Map,Tile:8,Tile:13,Tile:6-Tile:8,Tile:3,Bonus,Tile:7,Tile:14,Tile:0,Map-Map,Tile:0,Bonus,Tile:9,Map,Map,Malus-Tile:hidden2,Tile:hidden1,Tile:nugget
Drop 3 0 1
Map 12 3 0
Tile:14 5 6 1
Map 12 3 0
Tile:0 6 5 1
Map 12 3 0
Tile:8 4 5 1
Tile:0 7 5 0
Drop 0 0 1
Tile:9 5 4 0
Drop 1 0 1
Tile:5 5 3 0
Drop 6 0 1
Tile:7 8 5 0
Tile:9 4 6 1
Tile:7_flip 8 6 0
Tile:12 6 3 1
Tile:6 9 6 0
Tile:8 10 6 1
Tile:5 10 5 0
Tile:6_flip 11 5 1
Tile:5_flip 11 6 0
Tile:6_flip 12 4 1
Malus 0 0 0
Destroy 12 4 1
Malus 0 0 0
Drop 5 0 1
Tile:9 10 7 0
Drop 2 0 1
Tile:10 9 5 0
Drop 1 0 1
Map 12 3 0
Drop 4 0 1
Tile:9 9 4 0
Drop 0 0 1
Tile:7_flip 10 8 0
Drop 3 0 1
Tile:10 9 3 0
Destroy 4 5 1
Map 12 3 0
Drop 2 0 1
Tile:13 11 8 0
Drop 0 0 1
Tile:11 4 5 0
Drop 4 0 1
Tile:4 4 4 0
Drop 2 0 1
Destroy 4 4 0
Drop 0 0 1
Tile:1 6 4 0
Drop 0 0 1
Drop 0 0 0
Drop 1 0 1
Drop 0 0 0
Drop 0 0 1
GAMEOVER DRAW
# Game ended: Mon Apr 13 19:18:32 EDT 2020
