# Server version 0.08 running on 192.168.2.139:8123
# Game ID: 448
# Board class: Saboteur.SaboteurBoard
# Timeout: 20000
# First Move Timeout: 30000
# Date: Wed Apr 15 21:05:49 EDT 2020
# Player 1: Player-0, '260714615', running on 192.168.2.139
# Player 2: Player-1, 'RandomPlayer', running on 192.168.2.139
START Player-0 260714615
START Player-1 RandomPlayer
BoardInit:Tile:14,Tile:6,Map,Tile:0,Tile:7,Tile:2,Tile:6,Tile:0,Tile:6,Tile:5,Tile:10,Tile:7,Tile:4,Bonus,Tile:5,Tile:12,Destroy,Tile:7,Tile:6,Map,Tile:10,Tile:11,Map,Bonus,Tile:6,Tile:5,Tile:7,Tile:7,Map,Tile:8,Tile:8,Tile:9,Tile:13,Tile:9,Tile:8,Tile:10,Tile:1,Destroy,Tile:0,Bonus,Malus-Tile:5,Tile:8,Tile:9,Destroy,Map,Tile:0,Tile:8-Tile:9,Tile:3,Map,Bonus,Tile:15,Malus,Tile:9-Tile:hidden1,Tile:hidden2,Tile:nugget
Tile:9 4 5 1
Map 12 3 0
Destroy 4 5 1
Tile:6 6 5 0
Map 12 3 1
Tile:0 7 5 0
Tile:7_flip 4 5 1
GAMEOVER USER CANCEL UNDECIDED
# Game ended: Wed Apr 15 21:05:57 EDT 2020
