# Server version 0.08 running on 192.168.2.139:8123
# Game ID: 114
# Board class: Saboteur.SaboteurBoard
# Timeout: 20000
# First Move Timeout: 30000
# Date: Mon Apr 13 02:13:31 EDT 2020
# Player 1: Player-0, '260714615', running on 192.168.2.139
# Player 2: Player-1, 'RandomPlayer', running on 192.168.2.139
START Player-0 260714615
START Player-1 RandomPlayer
BoardInit:Tile:6,Tile:6,Bonus,Tile:0,Tile:6,Tile:0,Bonus,Destroy,Tile:6,Bonus,Tile:15,Tile:9,Tile:3,Map,Tile:7,Malus,Tile:14,Tile:7,Tile:5,Tile:7,Map,Bonus,Tile:8,Tile:10,Tile:5,Tile:9,Tile:5,Tile:1,Tile:8,Tile:5,Map,Tile:0,Tile:13,Destroy,Tile:4,Map,Tile:8,Tile:8,Destroy,Malus,Tile:7-Tile:10,Map,Tile:9,Tile:10,Map,Tile:9,Tile:8-Tile:7,Tile:12,Tile:9,Tile:0,Tile:2,Tile:6,Tile:11-Tile:hidden1,Tile:hidden2,Tile:nugget
Tile:9_flip 5 4 1
Tile:7_flip 4 5 0
Tile:9_flip 5 6 1
Tile:2 4 6 0
Tile:6_flip 5 3 1
Tile:9_flip 6 3 0
Tile:8 4 3 1
Tile:6 3 3 0
Map 12 7 1
Destroy 4 5 0
Tile:6 4 5 1
Drop 1 0 0
Tile:6 6 5 1
Tile:11 2 3 0
Tile:10 3 2 1
Tile:9 6 4 0
Tile:15 2 2 1
Tile:0 3 6 0
Tile:3_flip 3 5 1
Tile:6_flip 3 1 0
Tile:14 7 5 1
Tile:0 4 1 0
Tile:5 2 6 1
Tile:7 3 4 0
Map 12 3 1
Tile:10 6 2 0
Tile:8 6 1 1
Tile:9 2 7 0
Tile:5 4 2 1
Tile:7 3 7 0
Tile:10 2 8 1
Tile:5_flip 5 2 0
Map 12 7 1
Tile:0 7 1 0
Tile:13 6 0 1
Destroy 4 1 0
Map 12 5 1
Tile:1 4 1 0
Drop 6 0 1
Tile:12 7 0 0
Tile:7_flip 5 0 1
Malus 0 0 0
Destroy 4 5 1
Map 12 3 0
Drop 3 0 1
Tile:8 2 4 0
Drop 4 0 1
Map 12 5 0
Drop 0 0 1
Malus 0 0 0
Drop 0 0 1
Drop 0 0 0
Drop 1 0 1
Drop 0 0 0
Drop 0 0 1
GAMEOVER DRAW
# Game ended: Mon Apr 13 02:14:23 EDT 2020
