# Server version 0.08 running on 192.168.2.139:8123
# Game ID: 371
# Board class: Saboteur.SaboteurBoard
# Timeout: 20000
# First Move Timeout: 30000
# Date: Wed Apr 15 18:13:20 EDT 2020
# Player 1: Player-0, '260714615', running on 192.168.2.139
# Player 2: Player-1, 'RandomPlayer', running on 192.168.2.139
START Player-0 260714615
START Player-1 RandomPlayer
BoardInit:Tile:5,Tile:6,Bonus,Map,Tile:9,Tile:6,Map,Bonus,Destroy,Tile:10,Tile:13,Tile:6,Tile:1,Tile:9,Tile:8,Tile:12,Destroy,Tile:7,Bonus,Tile:11,Malus,Tile:0,Tile:9,Tile:7,Tile:0,Tile:4,Map,Tile:7,Tile:8,Tile:5,Tile:5,Tile:9,Map,Tile:14,Tile:15,Tile:2,Tile:8,Tile:8,Tile:7,Tile:0,Tile:6-Tile:7,Tile:5,Tile:9,Tile:3,Tile:10,Tile:6,Destroy-Tile:0,Map,Bonus,Malus,Tile:8,Tile:10,Map-Tile:nugget,Tile:hidden1,Tile:hidden2
Tile:10 5 6 1
Map 12 3 0
Tile:6 6 5 1
Malus 0 0 0
Drop 2 0 1
Tile:0 7 5 0
Drop 2 0 1
Tile:8 8 5 0
Drop 3 0 1
Tile:6 9 5 0
Drop 4 0 1
Tile:6 10 5 0
Bonus 0 0 1
Tile:10 10 4 0
Tile:7 5 4 1
Tile:10 10 3 0
Tile:13 10 2 1
Tile:6 11 2 0
Destroy 5 4 1
Tile:9_flip 12 2 0
Destroy 5 6 1
Tile:7_flip 9 2 0
Tile:8 12 1 1
Tile:0 11 5 0
Tile:9_flip 6 4 1
Tile:7 13 1 0
Tile:5 5 4 1
Tile:12_flip 4 5 0
Destroy 11 2 1
Tile:7_flip 8 6 0
Tile:0 11 1 1
Tile:5 10 1 0
Malus 0 0 1
Bonus 0 0 0
Tile:5_flip 12 6 1
Drop 0 0 0
Tile:1 11 2 1
Drop 0 0 0
Tile:15 9 1 1
Tile:9 13 2 0
Tile:8 12 0 1
Tile:8 13 3 0
Tile:7_flip 11 0 1
Tile:0 11 6 0
Drop 4 0 1
Tile:11 5 6 0
Tile:6 5 7 1
Tile:4 6 3 0
Drop 2 0 1
Tile:14 6 7 0
Drop 1 0 1
Tile:2 6 6 0
Map 12 7 1
Drop 0 0 0
Drop 0 0 1
GAMEOVER DRAW
# Game ended: Wed Apr 15 18:14:15 EDT 2020
