# Server version 0.08 running on 192.168.2.139:8123
# Game ID: 86
# Board class: Saboteur.SaboteurBoard
# Timeout: 20000
# First Move Timeout: 30000
# Date: Tue Apr 14 13:32:42 EDT 2020
# Player 1: Player-0, 'RandomPlayer', running on 127.0.0.1
# Player 2: Player-1, '260714615', running on 127.0.0.1
START Player-0 RandomPlayer
START Player-1 260714615
BoardInit:Tile:7,Map,Tile:10,Tile:5,Tile:8,Tile:9,Tile:6,Malus,Tile:10,Bonus,Tile:0,Tile:0,Tile:7,Tile:9,Tile:5,Tile:6,Map,Map,Tile:0,Tile:6,Tile:8,Tile:5,Tile:8,Tile:12,Tile:7,Tile:7,Destroy,Map,Tile:5,Tile:7,Tile:13,Tile:6,Tile:9,Tile:9,Tile:9,Tile:15,Tile:3,Tile:1,Destroy,Map,Tile:4-Tile:14,Tile:0,Bonus,Tile:2,Tile:8,Tile:8,Tile:10-Map,Bonus,Malus,Tile:6,Tile:11,Bonus,Destroy-Tile:nugget,Tile:hidden1,Tile:hidden2
Tile:0 6 5 1
Tile:6 5 6 0
Tile:8 7 5 1
Tile:11 7 6 0
Tile:8 8 5 1
Map 12 7 0
Tile:8 9 5 1
Tile:5_flip 7 7 0
Tile:6 10 5 1
Tile:9 10 4 0
Tile:7 11 5 1
Drop 1 0 0
Tile:10 11 6 1
Destroy 8 5 0
Tile:0 8 5 1
Tile:0 6 7 0
Tile:10 11 7 1
Tile:6_flip 10 3 0
Map 12 3 1
Tile:9_flip 11 3 0
Tile:10 11 2 1
Tile:6 11 8 0
Tile:5 11 1 1
Map 12 5 0
Tile:0 12 1 1
Tile:5 4 6 0
Tile:8 13 1 1
Malus 0 0 0
Bonus 0 0 1
Tile:12 8 6 0
Tile:7_flip 13 2 1
Drop 3 0 0
Tile:5_flip 11 4 1
Tile:6_flip 10 8 0
Tile:8 9 3 1
Tile:9 13 0 0
Tile:9 9 2 1
Tile:15 7 4 0
Tile:9 9 1 1
Tile:7_flip 4 5 0
Tile:7_flip 8 3 1
Drop 4 0 0
Tile:14 4 7 1
Drop 2 0 0
Tile:2 4 4 1
Drop 0 0 0
Destroy 4 4 1
Tile:1 12 8 0
Tile:13 4 4 1
Drop 2 0 0
Tile:3 4 3 1
Map 12 7 0
Destroy 4 3 1
Drop 0 0 0
Tile:4 4 3 1
GAMEOVER DRAW
# Game ended: Tue Apr 14 13:33:38 EDT 2020
