# Server version 0.08 running on 192.168.2.139:8123
# Game ID: 29
# Board class: Saboteur.SaboteurBoard
# Timeout: 20000
# First Move Timeout: 30000
# Date: Sun Apr 12 20:54:37 EDT 2020
# Player 1: Player-0, 'RandomPlayer', running on 127.0.0.1
# Player 2: Player-1, '260714615', running on 127.0.0.1
START Player-0 RandomPlayer
START Player-1 260714615
BoardInit:Tile:7,Tile:7,Map,Tile:5,Tile:0,Tile:2,Malus,Tile:7,Tile:12,Bonus,Tile:9,Tile:14,Tile:10,Tile:0,Tile:7,Tile:9,Tile:6,Map,Tile:10,Map,Map,Tile:9,Tile:11,Tile:0,Map,Tile:13,Destroy,Tile:6,Bonus,Tile:1,Tile:3,Malus,Tile:8,Tile:6,Tile:5,Tile:15,Destroy,Destroy,Tile:4,Tile:6,Tile:9-Map,Bonus,Tile:6,Tile:7,Tile:9,Tile:8,Tile:0-Tile:8,Tile:5,Bonus,Tile:8,Tile:10,Tile:8,Tile:5-Tile:hidden1,Tile:hidden2,Tile:nugget
Tile:7 5 4 1
Drop 3 0 0
Drop 1 0 1
Drop 1 0 0
Tile:9_flip 5 6 1
Tile:8 4 5 0
Tile:8 4 4 1
Tile:5_flip 5 7 0
Tile:6 4 7 1
Tile:7_flip 3 4 0
Map 12 3 1
Drop 1 0 0
Tile:0 3 7 1
Tile:2 3 3 0
Drop 5 0 1
Tile:8 4 6 0
Tile:12_flip 2 7 1
Tile:5 2 3 0
Tile:0 3 5 1
Tile:9_flip 4 3 0
Tile:6 2 5 1
Tile:0 1 5 0
Tile:7 4 2 1
Drop 5 0 0
Tile:7_flip 0 5 1
Tile:9 0 4 0
Tile:10 2 4 1
Tile:0 3 6 0
Tile:11_flip 0 3 1
Map 12 7 0
Destroy 4 6 1
Tile:6_flip 0 2 0
Malus 0 0 1
Bonus 0 0 0
Map 12 7 1
Tile:6 3 2 0
Tile:5 3 1 1
Tile:1 1 2 0
Destroy 2 3 1
Destroy 0 4 0
Map 12 5 1
Tile:13 2 3 0
Tile:3 6 5 1
Tile:14 4 1 0
Drop 2 0 1
Tile:15 0 4 0
Drop 1 0 1
Drop 2 0 0
Tile:4 4 0 1
Tile:7_flip 6 6 0
Tile:8 4 6 1
Drop 0 0 0
Tile:9_flip 7 6 1
Tile:6 7 7 0
Tile:10 7 5 1
GAMEOVER DRAW
# Game ended: Sun Apr 12 20:54:37 EDT 2020
