# Server version 0.08 running on 192.168.2.139:8123
# Game ID: 230
# Board class: Saboteur.SaboteurBoard
# Timeout: 20000
# First Move Timeout: 30000
# Date: Wed Apr 15 14:44:07 EDT 2020
# Player 1: Player-0, 'RandomPlayer', running on 127.0.0.1
# Player 2: Player-1, '260714615', running on 127.0.0.1
START Player-0 RandomPlayer
START Player-1 260714615
BoardInit:Tile:7,Tile:7,Tile:6,Tile:5,Map,Bonus,Tile:7,Destroy,Tile:13,Tile:2,Tile:0,Tile:1,Tile:6,Tile:9,Map,Tile:8,Map,Bonus,Tile:6,Tile:5,Tile:11,Malus,Tile:7,Tile:7,Tile:5,Tile:9,Map,Destroy,Tile:10,Tile:12,Destroy,Tile:10,Tile:9,Tile:6,Tile:0,Tile:9,Tile:10,Tile:8,Tile:15,Tile:8,Tile:0-Tile:8,Bonus,Bonus,Map,Malus,Tile:5,Tile:0-Tile:14,Map,Tile:8,Tile:3,Tile:6,Tile:4,Tile:9-Tile:hidden2,Tile:hidden1,Tile:nugget
Map 12 3 1
Tile:6 6 5 0
Tile:8 7 5 1
Tile:3 8 5 0
Tile:7_flip 8 6 1
Tile:8 5 4 0
Map 12 5 1
Tile:7 9 6 0
Tile:6 9 7 1
Destroy 9 6 0
Tile:5 8 7 1
Map 12 3 0
Tile:0 10 7 1
Tile:2 4 4 0
Tile:0 11 7 1
Tile:5_flip 8 8 0
Map 12 7 1
Tile:9 4 5 0
Tile:6_flip 9 6 1
Tile:4 5 3 0
Tile:6 10 6 1
Tile:9 10 5 0
Tile:7 11 5 1
Tile:5 7 4 0
Tile:7_flip 7 8 1
Tile:14 8 4 0
Tile:5_flip 11 6 1
Tile:7_flip 5 6 0
Malus 0 0 1
Drop 3 0 0
Tile:10 10 4 1
Destroy 7 8 0
Destroy 8 4 1
Drop 6 0 0
Tile:9 10 3 1
Drop 4 0 0
Tile:0 11 3 1
Drop 3 0 0
Tile:10 7 6 1
Drop 0 0 0
Drop 5 0 1
Drop 2 0 0
Tile:0 8 4 1
Drop 1 0 0
Drop 5 0 1
Drop 3 0 0
Tile:13 3 4 1
Drop 0 0 0
Tile:11 3 3 1
Drop 2 0 0
Drop 0 0 1
Drop 0 0 0
Drop 0 0 1
Drop 0 0 0
Drop 0 0 1
GAMEOVER DRAW
# Game ended: Wed Apr 15 14:45:04 EDT 2020
