# Server version 0.08 running on 192.168.2.139:8123
# Game ID: 287
# Board class: Saboteur.SaboteurBoard
# Timeout: 20000
# First Move Timeout: 30000
# Date: Mon Apr 13 18:37:05 EDT 2020
# Player 1: Player-0, 'RandomPlayer', running on 127.0.0.1
# Player 2: Player-1, '260714615', running on 127.0.0.1
START Player-0 RandomPlayer
START Player-1 260714615
BoardInit:Bonus,Tile:14,Map,Malus,Tile:8,Tile:5,Tile:10,Map,Tile:7,Map,Tile:5,Tile:6,Tile:9,Tile:3,Tile:8,Tile:8,Malus,Tile:6,Tile:12,Map,Tile:9,Destroy,Tile:7,Tile:1,Tile:2,Tile:7,Tile:8,Tile:0,Destroy,Tile:0,Tile:6,Map,Tile:6,Bonus,Tile:13,Destroy,Tile:10,Tile:9,Tile:5,Tile:10,Tile:6-Tile:15,Bonus,Tile:4,Tile:0,Map,Bonus,Tile:0-Tile:8,Tile:9,Tile:7,Tile:11,Tile:5,Tile:7,Tile:9-Tile:hidden2,Tile:nugget,Tile:hidden1
Map 12 3 1
Tile:9 5 4 0
Tile:0 6 5 1
Tile:8 5 6 0
Map 12 3 1
Tile:5 4 5 0
Tile:0 7 5 1
Drop 6 0 0
Tile:8 8 5 1
Tile:7 6 6 0
Tile:10 8 4 1
Tile:9_flip 8 6 0
Tile:7_flip 8 7 1
Map 12 3 0
Tile:5 8 3 1
Tile:6 5 7 0
Tile:8 9 5 1
Tile:14 6 7 0
Tile:9 9 4 1
Tile:8 10 5 0
Tile:15 5 3 1
Tile:3 10 4 0
Tile:9_flip 11 5 1
Destroy 6 5 0
Malus 0 0 1
Drop 2 0 0
Tile:7_flip 11 6 1
Drop 0 0 0
Tile:8 12 6 1
Drop 5 0 0
Tile:4 5 2 1
Map 12 7 0
Tile:6 13 6 1
Map 12 7 0
Tile:6_flip 13 5 1
Drop 4 0 0
Tile:13 9 3 1
Destroy 6 6 0
Tile:10 11 4 1
Map 12 7 0
Tile:5 11 3 1
Drop 4 0 0
Tile:6 9 7 1
Drop 1 0 0
Tile:12 6 4 1
Drop 3 0 0
Tile:2 6 5 1
Drop 0 0 0
Destroy 4 5 1
Drop 2 0 0
Drop 0 0 1
Drop 0 0 0
Drop 0 0 1
Drop 0 0 0
Drop 0 0 1
GAMEOVER DRAW
# Game ended: Mon Apr 13 18:37:30 EDT 2020
