# Server version 0.08 running on 192.168.2.139:8123
# Game ID: 134
# Board class: Saboteur.SaboteurBoard
# Timeout: 20000
# First Move Timeout: 30000
# Date: Wed Apr 15 01:59:39 EDT 2020
# Player 1: Player-0, '260714615', running on 192.168.2.139
# Player 2: Player-1, 'RandomPlayer', running on 192.168.2.139
START Player-0 260714615
START Player-1 RandomPlayer
BoardInit:Map,Map,Bonus,Tile:0,Bonus,Tile:12,Tile:8,Tile:0,Tile:9,Tile:14,Tile:8,Bonus,Tile:6,Tile:10,Tile:9,Tile:5,Bonus,Tile:2,Malus,Tile:15,Map,Tile:6,Tile:8,Tile:7,Malus,Tile:9,Map,Tile:7,Tile:0,Tile:8,Tile:5,Tile:3,Map,Tile:6,Tile:7,Tile:9,Tile:5,Tile:6,Destroy,Tile:1,Tile:10-Tile:11,Tile:0,Tile:8,Tile:5,Map,Tile:7,Destroy-Tile:6,Tile:4,Destroy,Tile:10,Tile:13,Tile:7,Tile:9-Tile:hidden2,Tile:nugget,Tile:hidden1
Tile:8 6 5 1
Tile:6 7 5 0
Tile:11 5 6 1
Map 12 3 0
Destroy 7 5 1
Tile:0 7 5 0
Tile:7_flip 5 7 1
Tile:10 6 4 0
Tile:8 4 5 1
Tile:0 8 5 0
Tile:0 3 5 1
Tile:7 9 5 0
Tile:9 9 6 1
Tile:9 9 7 0
Drop 5 0 1
Tile:10 9 8 0
Tile:9_flip 9 9 1
Tile:5_flip 10 6 0
Tile:6 6 7 1
Tile:4 4 4 0
Tile:5_flip 9 10 1
Destroy 3 5 0
Drop 0 0 1
Tile:6_flip 10 7 0
Map 12 5 1
Tile:7_flip 10 8 0
Malus 0 0 1
Bonus 0 0 0
Tile:8 11 8 1
Tile:9 10 5 0
Drop 3 0 1
Tile:8 11 5 0
GAMEOVER WINNER 0
# Game ended: Wed Apr 15 02:00:11 EDT 2020
