# Server version 0.08 running on 192.168.2.139:8123
# Game ID: 257
# Board class: Saboteur.SaboteurBoard
# Timeout: 20000
# First Move Timeout: 30000
# Date: Mon Apr 13 17:26:16 EDT 2020
# Player 1: Player-0, '260714615', running on 127.0.0.1
# Player 2: Player-1, 'RandomPlayer', running on 127.0.0.1
START Player-0 260714615
START Player-1 RandomPlayer
BoardInit:Tile:8,Map,Tile:6,Destroy,Tile:14,Tile:7,Bonus,Tile:10,Map,Tile:6,Tile:13,Map,Tile:0,Tile:1,Map,Tile:15,Map,Tile:10,Tile:0,Destroy,Bonus,Tile:5,Tile:7,Tile:9,Tile:6,Tile:9,Map,Tile:9,Tile:7,Malus,Tile:6,Tile:7,Tile:5,Tile:8,Tile:2,Tile:12,Tile:0,Tile:8,Tile:11,Bonus,Tile:8-Tile:8,Tile:6,Tile:7,Tile:4,Tile:0,Tile:10,Destroy-Tile:3,Tile:5,Tile:5,Tile:9,Tile:9,Bonus,Malus-Tile:hidden2,Tile:hidden1,Tile:nugget
Tile:6_flip 5 4 1
Tile:9 5 6 0
Tile:10 5 7 1
Map 12 3 0
Destroy 5 7 1
Tile:9 5 7 0
Tile:8 6 7 1
Tile:7_flip 6 8 0
Tile:14 5 8 1
Tile:5 4 5 0
Tile:6 4 4 1
Tile:6 7 7 0
Tile:8 4 8 1
Map 12 3 0
Tile:7 6 4 1
Tile:5 7 6 0
Drop 0 0 1
Tile:10 4 6 0
Tile:0 8 7 1
Tile:10 4 3 0
Tile:0 7 8 1
Tile:3 4 2 0
Drop 5 0 1
Malus 0 0 0
Drop 0 0 1
Tile:5_flip 9 7 0
Map 12 7 1
Tile:9 9 6 0
Map 12 7 1
Tile:9 9 5 0
Map 12 3 1
Malus 0 0 0
Map 12 7 1
Tile:9 9 4 0
Drop 0 0 1
Tile:8 10 5 0
Drop 4 0 1
Tile:7 11 5 0
Drop 0 0 1
Tile:8 11 6 0
Drop 2 0 1
Destroy 4 2 0
Drop 0 0 1
GAMEOVER TIMEOUT WINNER 1
# Game ended: Mon Apr 13 17:27:15 EDT 2020
