# Server version 0.08 running on 192.168.2.139:8123
# Game ID: 414
# Board class: Saboteur.SaboteurBoard
# Timeout: 20000
# First Move Timeout: 30000
# Date: Wed Apr 15 19:28:00 EDT 2020
# Player 1: Player-0, 'RandomPlayer', running on 127.0.0.1
# Player 2: Player-1, '260714615', running on 127.0.0.1
START Player-0 RandomPlayer
START Player-1 260714615
BoardInit:Tile:8,Tile:8,Map,Destroy,Tile:0,Bonus,Map,Malus,Tile:9,Tile:15,Bonus,Map,Tile:13,Tile:12,Destroy,Tile:8,Tile:9,Tile:0,Tile:0,Tile:6,Tile:0,Tile:7,Tile:8,Tile:7,Map,Tile:5,Tile:6,Tile:6,Tile:8,Tile:1,Tile:5,Tile:5,Tile:7,Tile:5,Malus,Tile:10,Tile:10,Tile:3,Bonus,Tile:2,Map-Tile:14,Tile:9,Tile:6,Tile:9,Tile:9,Destroy,Tile:6-Tile:10,Map,Bonus,Tile:7,Tile:4,Tile:11,Tile:7-Tile:hidden2,Tile:nugget,Tile:hidden1
Drop 0 0 1
Drop 3 0 0
Tile:6 6 5 1
Tile:7 6 4 0
Map 12 3 1
Tile:8 7 5 0
Tile:6 8 5 1
Destroy 6 4 0
Map 12 5 1
Drop 2 0 0
Tile:8 9 5 1
Tile:15 9 6 0
Destroy 9 6 1
Tile:10 8 4 0
Tile:0 10 5 1
Drop 5 0 0
Tile:9_flip 11 5 1
Tile:11_flip 5 4 0
Tile:9 11 4 1
Drop 5 0 0
Tile:0 12 4 1
Drop 4 0 0
Destroy 12 4 1
Tile:4 8 3 0
Tile:0 12 4 1
Tile:6_flip 5 3 0
Tile:9 11 6 1
Tile:7 12 6 0
Tile:8 13 4 1
Tile:5 13 3 0
Tile:9 13 5 1
Tile:6_flip 11 3 0
Tile:9 13 6 1
Tile:7_flip 11 7 0
Tile:6 13 7 1
Tile:5 6 4 0
Malus 0 0 1
Drop 2 0 0
Tile:8 10 3 1
Map 12 5 0
Tile:5 9 4 1
Drop 4 0 0
Tile:7_flip 9 6 1
Bonus 0 0 0
Tile:10 10 2 1
Tile:2_flip 7 6 0
Tile:13 4 3 1
Tile:3 8 6 0
Drop 0 0 1
Tile:0 6 3 0
Drop 0 0 1
Tile:5_flip 7 3 0
Drop 0 0 1
Tile:1 3 3 0
Drop 0 0 1
GAMEOVER DRAW
# Game ended: Wed Apr 15 19:28:56 EDT 2020
