# Server version 0.08 running on 192.168.2.139:8123
# Game ID: 308
# Board class: Saboteur.SaboteurBoard
# Timeout: 20000
# First Move Timeout: 30000
# Date: Wed Apr 15 16:37:04 EDT 2020
# Player 1: Player-0, '260714615', running on 192.168.2.139
# Player 2: Player-1, 'RandomPlayer', running on 192.168.2.139
START Player-0 260714615
START Player-1 RandomPlayer
BoardInit:Tile:8,Tile:6,Tile:4,Tile:7,Bonus,Tile:7,Tile:6,Map,Tile:9,Tile:6,Tile:8,Tile:7,Tile:0,Destroy,Tile:0,Tile:5,Tile:0,Tile:15,Bonus,Tile:9,Tile:8,Tile:5,Tile:11,Malus,Tile:9,Tile:10,Tile:5,Tile:3,Tile:8,Map,Tile:10,Tile:9,Tile:14,Tile:10,Tile:0,Tile:7,Map,Map,Bonus,Map,Tile:1-Map,Tile:7,Malus,Destroy,Tile:12,Tile:6,Tile:6-Tile:9,Tile:8,Tile:5,Tile:2,Destroy,Tile:13,Bonus-Tile:nugget,Tile:hidden2,Tile:hidden1
Map 12 5 1
Tile:8 6 5 0
Tile:6 7 5 1
Tile:6 8 5 0
Tile:6_flip 6 4 1
Tile:9 8 4 0
Tile:8 9 5 1
Tile:7_flip 9 6 0
Malus 0 0 1
Bonus 0 0 0
Tile:6 5 6 1
Map 12 3 0
Tile:12_flip 4 6 1
Tile:6 10 5 0
Tile:8 11 5 1
Tile:5 11 4 0
Destroy 9 5 1
Tile:5 8 3 0
Tile:4_flip 12 6 1
Destroy 12 6 0
Drop 3 0 1
Tile:7 9 3 0
Tile:0 4 5 1
Tile:9_flip 9 4 0
Tile:9_flip 13 5 1
Tile:5 5 4 0
Tile:11 12 6 1
Destroy 12 6 0
Tile:9_flip 12 4 1
Malus 0 0 0
Drop 4 0 1
Tile:10 10 4 0
Drop 6 0 1
Tile:9 13 4 0
Drop 4 0 1
Tile:10 13 3 0
Drop 3 0 1
Tile:7 13 2 0
Map 12 3 1
Tile:7_flip 12 2 0
Drop 4 0 1
Drop 5 0 0
Bonus 0 0 1
Drop 5 0 0
Tile:8 12 1 1
Tile:2 3 5 0
Tile:1 13 1 1
GAMEOVER TIMEOUT WINNER 1
# Game ended: Wed Apr 15 16:38:12 EDT 2020
