# Server version 0.08 running on 192.168.2.139:8123
# Game ID: 21
# Board class: Saboteur.SaboteurBoard
# Timeout: 20000
# First Move Timeout: 30000
# Date: Tue Apr 14 11:19:34 EDT 2020
# Player 1: Player-0, 'RandomPlayer', running on 127.0.0.1
# Player 2: Player-1, '260714615', running on 127.0.0.1
START Player-0 RandomPlayer
START Player-1 260714615
BoardInit:Tile:9,Tile:5,Tile:2,Tile:8,Tile:6,Tile:0,Tile:6,Map,Tile:12,Destroy,Tile:6,Map,Tile:7,Tile:0,Map,Tile:7,Destroy,Tile:13,Tile:9,Map,Tile:8,Tile:11,Tile:10,Tile:9,Tile:10,Map,Tile:6,Tile:8,Bonus,Destroy,Tile:5,Tile:6,Bonus,Bonus,Tile:0,Tile:0,Tile:1,Map,Tile:8,Tile:7,Bonus-Tile:9,Tile:4,Tile:10,Tile:7,Tile:7,Tile:15,Tile:8-Malus,Tile:5,Tile:3,Tile:5,Malus,Tile:14,Tile:9-Tile:nugget,Tile:hidden1,Tile:hidden2
Tile:8 6 5 1
Drop 5 0 0
Tile:9 6 4 1
Tile:5_flip 7 4 0
Tile:10 7 3 1
Tile:5 4 5 0
Tile:6_flip 7 5 1
Tile:8 4 6 0
Tile:6 8 5 1
Tile:3_flip 4 7 0
Tile:9 8 4 1
Drop 1 0 0
Tile:6 9 5 1
Tile:0 10 5 0
Tile:7 11 5 1
Tile:5 8 3 0
Map 12 3 1
Destroy 6 4 0
Tile:7_flip 11 6 1
Tile:9 5 4 0
Tile:9 7 2 1
Tile:7_flip 3 6 0
Tile:8 9 3 1
Map 12 3 0
Tile:10 9 2 1
Tile:13 5 3 0
Tile:10 9 1 1
Drop 3 0 0
Tile:6 10 3 1
Tile:8 12 6 0
Tile:7 11 3 1
Malus 0 0 0
Bonus 0 0 1
Tile:6_flip 5 2 0
Tile:5 10 2 1
Tile:9_flip 9 4 0
Tile:0 11 2 1
Tile:0 13 6 0
Tile:1 12 2 1
Drop 2 0 0
Tile:8 13 2 1
Tile:11_flip 6 2 0
Tile:4 3 5 1
Tile:7_flip 13 3 0
Tile:15 6 1 1
Tile:0 13 5 0
Tile:2 5 7 1
Destroy 13 6 0
Tile:12 6 7 1
Drop 1 0 0
Destroy 3 5 1
Map 12 3 0
Drop 0 0 1
Drop 0 0 0
Drop 0 0 1
GAMEOVER DRAW
# Game ended: Tue Apr 14 11:20:30 EDT 2020
