# Server version 0.08 running on 192.168.2.139:8123
# Game ID: 246
# Board class: Saboteur.SaboteurBoard
# Timeout: 20000
# First Move Timeout: 30000
# Date: Wed Apr 15 14:57:13 EDT 2020
# Player 1: Player-0, 'RandomPlayer', running on 127.0.0.1
# Player 2: Player-1, '260714615', running on 127.0.0.1
START Player-0 RandomPlayer
START Player-1 260714615
BoardInit:Map,Tile:5,Tile:5,Tile:8,Tile:3,Bonus,Tile:0,Bonus,Map,Tile:11,Tile:8,Tile:5,Map,Bonus,Destroy,Malus,Tile:4,Tile:6,Bonus,Tile:6,Tile:8,Tile:9,Tile:13,Tile:6,Map,Tile:9,Tile:0,Tile:0,Tile:9,Tile:10,Tile:8,Tile:9,Tile:12,Tile:7,Tile:6,Map,Destroy,Tile:7,Tile:7,Tile:7,Tile:0-Tile:10,Malus,Tile:7,Destroy,Tile:10,Tile:14,Tile:9-Tile:6,Map,Tile:8,Tile:2,Tile:1,Tile:5,Tile:15-Tile:hidden1,Tile:hidden2,Tile:nugget
Tile:10 5 4 1
Tile:5 4 5 0
Map 12 3 1
Tile:8 5 6 0
Tile:7_flip 5 7 1
Map 12 7 0
Tile:10 5 3 1
Tile:6_flip 6 6 0
Tile:0 7 6 1
Drop 0 0 0
Map 12 5 1
Drop 1 0 0
Tile:8 8 6 1
Tile:5_flip 6 5 0
Map 12 7 1
Tile:5 5 2 0
Tile:9 8 7 1
Drop 0 0 0
Tile:5 8 5 1
Tile:11 6 4 0
Destroy 6 4 1
Tile:8 6 7 0
Tile:8 9 7 1
Tile:9 6 4 0
Drop 5 0 1
Tile:6_flip 9 6 0
Drop 5 0 1
Tile:9 6 3 0
Malus 0 0 1
Drop 6 0 0
Tile:0 10 7 1
Drop 3 0 0
Tile:8 11 7 1
GAMEOVER WINNER 1
# Game ended: Wed Apr 15 14:57:47 EDT 2020
