# Server version 0.08 running on 192.168.2.139:8123
# Game ID: 316
# Board class: Saboteur.SaboteurBoard
# Timeout: 20000
# First Move Timeout: 30000
# Date: Mon Apr 13 19:15:45 EDT 2020
# Player 1: Player-0, '260714615', running on 127.0.0.1
# Player 2: Player-1, 'RandomPlayer', running on 127.0.0.1
START Player-0 260714615
START Player-1 RandomPlayer
BoardInit:Tile:7,Bonus,Tile:10,Tile:9,Map,Destroy,Tile:6,Map,Bonus,Tile:2,Tile:10,Destroy,Map,Destroy,Tile:12,Bonus,Tile:7,Tile:9,Map,Tile:6,Tile:0,Tile:8,Tile:7,Map,Tile:9,Tile:6,Tile:6,Tile:4,Malus,Tile:7,Tile:10,Tile:6,Tile:5,Tile:11,Bonus,Tile:8,Tile:8,Tile:9,Tile:7,Tile:0,Tile:1-Map,Tile:8,Tile:13,Tile:5,Tile:9,Tile:15,Malus-Tile:14,Tile:8,Tile:0,Tile:5,Tile:3,Tile:5,Tile:0-Tile:hidden2,Tile:nugget,Tile:hidden1
Tile:9_flip 6 5 1
Tile:8 6 4 0
Tile:13 5 4 1
Tile:0 7 4 0
Drop 2 0 1
Tile:0 8 4 0
Tile:10 6 6 1
Tile:5 6 3 0
Map 12 3 1
Map 12 3 0
Tile:15 5 3 1
Tile:5_flip 9 4 0
Tile:7 9 3 1
Tile:9 6 7 0
Map 12 5 1
Tile:14 5 6 0
Tile:6_flip 4 4 1
Tile:3 5 2 0
Tile:7_flip 3 4 1
Tile:9 6 8 0
Tile:12 7 3 1
Tile:6 7 7 0
Tile:0 8 7 1
Tile:8 9 7 0
Tile:8 9 8 1
Map 12 3 0
Tile:7_flip 4 6 1
Tile:6 10 7 0
Tile:6_flip 11 7 1
Destroy 3 4 0
Tile:9 4 5 1
Tile:7_flip 11 8 0
Malus 0 0 1
Bonus 0 0 0
Tile:10 10 6 1
Tile:6 12 8 0
Tile:5 7 6 1
Tile:8 13 8 0
Tile:8 13 7 1
Tile:9 13 6 0
Drop 2 0 1
Tile:0 8 6 0
Tile:7 9 6 1
Tile:2 3 4 0
Map 12 3 1
Destroy 3 4 0
Tile:1 7 8 1
Destroy 4 4 0
Tile:10 9 9 1
Tile:4 10 5 0
Drop 0 0 1
Tile:11 4 4 0
Malus 0 0 1
Bonus 0 0 0
Drop 0 0 1
GAMEOVER DRAW
# Game ended: Mon Apr 13 19:16:39 EDT 2020
