# Server version 0.08 running on 192.168.2.139:8123
# Game ID: 98
# Board class: Saboteur.SaboteurBoard
# Timeout: 20000
# First Move Timeout: 30000
# Date: Tue Apr 14 23:21:05 EDT 2020
# Player 1: Player-0, '260714615', running on 192.168.2.139
# Player 2: Player-1, 'RandomPlayer', running on 192.168.2.139
START Player-0 260714615
START Player-1 RandomPlayer
BoardInit:Tile:6,Tile:5,Tile:7,Tile:5,Tile:1,Bonus,Tile:15,Tile:3,Map,Tile:0,Tile:10,Tile:7,Tile:8,Tile:2,Map,Tile:12,Destroy,Tile:7,Tile:7,Tile:4,Tile:8,Bonus,Tile:6,Tile:9,Tile:8,Tile:0,Tile:9,Malus,Bonus,Tile:14,Tile:13,Tile:10,Destroy,Map,Bonus,Tile:9,Tile:6,Tile:11,Tile:9,Tile:5,Map-Malus,Tile:10,Tile:0,Destroy,Map,Tile:8,Tile:0-Map,Tile:9,Tile:6,Tile:6,Tile:5,Tile:7,Tile:8-Tile:hidden1,Tile:nugget,Tile:hidden2
Tile:8 6 5 1
Map 12 3 0
Drop 1 0 1
Tile:6 7 5 0
Tile:0 8 5 1
Tile:6 9 5 0
Tile:1 10 5 1
Tile:8 11 5 0
Tile:6 5 6 1
Tile:9 11 4 0
Map 12 7 1
Tile:0 12 4 0
Tile:10 9 4 1
Tile:7_flip 11 6 0
Tile:8 12 6 1
Tile:5 11 3 0
Malus 0 0 1
Bonus 0 0 0
Destroy 6 5 1
Tile:5 7 4 0
Destroy 7 4 1
Tile:5 7 4 0
Tile:7 5 4 1
Tile:7_flip 4 5 0
Tile:0 13 4 1
Tile:9 9 3 0
Tile:15 9 2 1
Tile:0 6 5 0
Tile:7 6 6 1
Malus 0 0 0
Map 12 3 1
Tile:7 13 6 0
Bonus 0 0 1
Tile:10 13 7 0
Tile:6_flip 4 4 1
Map 12 3 0
Tile:13 13 8 1
Tile:9 12 8 0
Tile:8 3 4 1
Tile:3 3 3 0
Destroy 11 6 1
Tile:5 9 1 0
Tile:9_flip 10 3 1
Tile:2 2 3 0
Tile:6 11 6 1
Tile:12 8 4 0
Tile:8 6 7 1
Tile:4 10 2 0
Map 12 3 1
Tile:14 3 5 0
Tile:9 2 4 1
Tile:11 1 3 0
Map 12 3 1
Drop 0 0 0
Drop 0 0 1
GAMEOVER DRAW
# Game ended: Tue Apr 14 23:21:59 EDT 2020
