# Server version 0.08 running on 192.168.2.139:8123
# Game ID: 41
# Board class: Saboteur.SaboteurBoard
# Timeout: 20000
# First Move Timeout: 30000
# Date: Sun Apr 12 20:55:48 EDT 2020
# Player 1: Player-0, 'RandomPlayer', running on 127.0.0.1
# Player 2: Player-1, '260714615', running on 127.0.0.1
START Player-0 RandomPlayer
START Player-1 260714615
BoardInit:Tile:7,Tile:5,Tile:6,Tile:9,Tile:0,Tile:8,Tile:10,Tile:6,Tile:8,Map,Tile:8,Tile:9,Tile:5,Map,Tile:0,Tile:3,Bonus,Tile:9,Map,Tile:7,Malus,Tile:5,Malus,Destroy,Bonus,Tile:2,Tile:7,Tile:5,Tile:10,Tile:11,Tile:7,Tile:10,Tile:8,Tile:6,Tile:12,Tile:6,Tile:13,Bonus,Tile:7,Tile:4,Map-Tile:8,Bonus,Destroy,Tile:15,Map,Tile:0,Tile:9-Map,Tile:6,Destroy,Tile:14,Tile:1,Tile:9,Tile:0-Tile:hidden1,Tile:hidden2,Tile:nugget
Drop 0 0 1
Tile:14 6 5 0
Tile:9 5 6 1
Tile:9 6 4 0
Tile:15 6 3 1
Destroy 5 6 0
Drop 5 0 1
Tile:8 5 6 0
Map 12 5 1
Drop 0 0 0
Tile:7 6 2 1
Tile:6 4 5 0
Drop 1 0 1
Tile:9 3 5 0
Drop 5 0 1
Map 12 7 0
Tile:0 4 6 1
Tile:9_flip 5 4 0
Tile:10 5 3 1
Tile:1 6 6 0
Tile:8 5 7 1
Tile:0 4 7 0
Map 12 3 1
Tile:5_flip 7 4 0
Tile:5 4 4 1
Map 12 7 0
Drop 6 0 1
Tile:3_flip 3 6 0
Malus 0 0 1
Destroy 4 5 0
Drop 2 0 1
Drop 0 0 0
Tile:7 3 4 1
Drop 6 0 0
Tile:7 6 7 1
Drop 3 0 0
Tile:10 6 8 1
Drop 3 0 0
Drop 6 0 1
Drop 0 0 0
Tile:8 5 2 1
Drop 4 0 0
Malus 0 0 1
Bonus 0 0 0
Drop 0 0 1
Drop 3 0 0
Drop 4 0 1
Drop 0 0 0
Tile:7 7 6 1
Drop 2 0 0
Tile:0 3 7 1
Drop 0 0 0
Drop 0 0 1
Drop 0 0 0
Tile:12_flip 2 4 1
GAMEOVER DRAW
# Game ended: Sun Apr 12 20:55:49 EDT 2020
