# Server version 0.08 running on 192.168.2.139:8123
# Game ID: 163
# Board class: Saboteur.SaboteurBoard
# Timeout: 20000
# First Move Timeout: 30000
# Date: Wed Apr 15 12:00:52 EDT 2020
# Player 1: Player-0, '260714615', running on 192.168.2.139
# Player 2: Player-1, 'RandomPlayer', running on 192.168.2.139
START Player-0 260714615
START Player-1 RandomPlayer
BoardInit:Tile:8,Tile:12,Tile:9,Tile:7,Tile:5,Tile:7,Tile:6,Destroy,Tile:10,Map,Map,Tile:13,Tile:8,Tile:1,Tile:8,Tile:0,Tile:10,Map,Map,Tile:9,Tile:0,Destroy,Tile:14,Map,Tile:2,Tile:6,Tile:11,Bonus,Bonus,Tile:15,Tile:9,Tile:4,Tile:7,Bonus,Tile:9,Tile:6,Tile:5,Tile:9,Tile:5,Tile:0,Tile:7-Tile:3,Tile:10,Tile:5,Malus,Tile:0,Tile:7,Tile:6-Malus,Tile:8,Bonus,Destroy,Map,Tile:6,Tile:8-Tile:nugget,Tile:hidden1,Tile:hidden2
Malus 0 0 1
Bonus 0 0 0
Tile:5_flip 6 5 1
Tile:8 6 4 0
Drop 1 0 1
Tile:6 7 4 0
Tile:9 7 3 1
Tile:8 8 4 0
Tile:5_flip 9 4 1
Tile:7_flip 8 5 0
Tile:3_flip 4 5 1
Tile:7 9 5 0
Tile:6_flip 9 3 1
Malus 0 0 0
Map 12 7 1
Tile:1 10 3 0
Drop 5 0 1
Tile:0 11 3 0
Drop 3 0 1
Destroy 4 5 0
Map 12 7 1
Tile:9 9 6 0
Drop 0 0 1
Map 12 3 0
Drop 2 0 1
Tile:12 10 6 0
Drop 0 0 1
Tile:6_flip 8 3 0
Drop 5 0 1
Destroy 6 4 0
Drop 1 0 1
Tile:13 5 4 0
Drop 4 0 1
Destroy 5 4 0
Drop 0 0 1
Tile:15 5 4 0
Drop 4 0 1
Tile:6_flip 5 3 0
Drop 0 0 1
Tile:9 6 4 0
Drop 4 0 1
Tile:0 4 3 0
Drop 5 0 1
Tile:4 7 2 0
Drop 4 0 1
Drop 0 0 0
Drop 3 0 1
Drop 0 0 0
Drop 2 0 1
Drop 0 0 0
Drop 0 0 1
Drop 0 0 0
Drop 1 0 1
Drop 0 0 0
Drop 0 0 1
GAMEOVER DRAW
# Game ended: Wed Apr 15 12:02:00 EDT 2020
