# Server version 0.08 running on 192.168.2.139:8123
# Game ID: 374
# Board class: Saboteur.SaboteurBoard
# Timeout: 20000
# First Move Timeout: 30000
# Date: Wed Apr 15 18:23:19 EDT 2020
# Player 1: Player-0, '260714615', running on 192.168.2.139
# Player 2: Player-1, 'RandomPlayer', running on 192.168.2.139
START Player-0 260714615
START Player-1 RandomPlayer
BoardInit:Destroy,Destroy,Tile:9,Malus,Tile:8,Tile:8,Tile:9,Malus,Tile:0,Map,Tile:9,Tile:5,Tile:1,Map,Tile:6,Tile:7,Tile:7,Tile:6,Tile:10,Tile:5,Tile:5,Tile:12,Tile:2,Tile:8,Tile:11,Tile:9,Tile:10,Tile:7,Tile:9,Bonus,Tile:6,Bonus,Tile:14,Tile:0,Map,Map,Tile:5,Tile:0,Bonus,Tile:6,Destroy-Tile:15,Bonus,Tile:6,Tile:7,Map,Tile:10,Tile:3-Tile:8,Map,Tile:4,Tile:0,Tile:8,Tile:7,Tile:13-Tile:nugget,Tile:hidden1,Tile:hidden2
Drop 3 0 1
Map 12 3 0
Drop 1 0 1
Tile:13 6 5 0
Tile:3 6 4 1
Malus 0 0 0
Map 12 5 1
Tile:4_flip 6 6 0
Destroy 6 5 1
Malus 0 0 0
Drop 4 0 1
Tile:7_flip 4 5 0
Drop 0 0 1
Tile:5 5 4 0
Drop 0 0 1
Destroy 4 5 0
Drop 5 0 1
Tile:7_flip 4 5 0
Drop 3 0 1
Drop 0 0 0
Drop 2 0 1
Tile:5_flip 5 6 0
Drop 0 0 1
Tile:12_flip 4 6 0
Drop 2 0 1
Drop 0 0 0
Drop 0 0 1
Tile:9_flip 6 5 0
Drop 5 0 1
Tile:7 4 4 0
Drop 0 0 1
Drop 0 0 0
Drop 6 0 1
