# Server version 0.08 running on 192.168.2.139:8123
# Game ID: 262
# Board class: Saboteur.SaboteurBoard
# Timeout: 20000
# First Move Timeout: 30000
# Date: Mon Apr 13 17:34:00 EDT 2020
# Player 1: Player-0, '260714615', running on 192.168.2.139
# Player 2: Player-1, 'RandomPlayer', running on 192.168.2.139
START Player-0 260714615
START Player-1 RandomPlayer
BoardInit:Tile:6,Bonus,Malus,Destroy,Tile:7,Tile:8,Tile:5,Tile:7,Bonus,Bonus,Map,Tile:6,Map,Tile:7,Destroy,Tile:0,Tile:6,Tile:1,Tile:5,Tile:9,Tile:10,Map,Tile:13,Tile:8,Tile:10,Tile:11,Tile:2,Bonus,Tile:7,Tile:5,Destroy,Tile:8,Tile:0,Tile:5,Tile:15,Tile:7,Tile:6,Tile:9,Tile:0,Tile:9,Map-Tile:4,Tile:9,Tile:14,Tile:3,Tile:0,Tile:6,Tile:12-Tile:9,Malus,Map,Map,Tile:8,Tile:8,Tile:10-Tile:nugget,Tile:hidden2,Tile:hidden1
Tile:6 6 5 1
Map 12 3 0
Tile:0 4 5 1
Tile:8 7 5 0
Tile:9_flip 7 6 1
Tile:8 8 5 0
Tile:4 6 4 1
GAMEOVER TIMEOUT WINNER 1
# Game ended: Mon Apr 13 17:34:29 EDT 2020
