# Server version 0.08 running on 192.168.2.139:8123
# Game ID: 385
# Board class: Saboteur.SaboteurBoard
# Timeout: 20000
# First Move Timeout: 30000
# Date: Wed Apr 15 18:46:05 EDT 2020
# Player 1: Player-0, '260714615', running on 192.168.2.139
# Player 2: Player-1, 'RandomPlayer', running on 192.168.2.139
START Player-0 260714615
START Player-1 RandomPlayer
BoardInit:Tile:4,Tile:8,Tile:8,Tile:2,Tile:9,Tile:15,Bonus,Malus,Tile:9,Tile:8,Tile:7,Tile:6,Map,Destroy,Tile:11,Tile:5,Tile:6,Tile:5,Tile:6,Tile:5,Tile:6,Map,Tile:7,Map,Tile:0,Map,Tile:9,Map,Tile:5,Tile:7,Destroy,Map,Tile:7,Tile:3,Tile:0,Tile:12,Tile:1,Tile:0,Tile:8,Tile:6,Bonus-Tile:9,Tile:14,Tile:8,Destroy,Tile:0,Tile:10,Bonus-Tile:7,Tile:13,Malus,Tile:10,Bonus,Tile:10,Tile:9-Tile:hidden1,Tile:nugget,Tile:hidden2
Drop 2 0 1
Malus 0 0 0
Drop 1 0 1
Tile:8 6 5 0
Drop 0 0 1
Tile:7_flip 6 6 0
Destroy 6 6 1
Drop 0 0 0
Drop 0 0 1
Malus 0 0 0
Drop 4 0 1
Tile:8 7 5 0
Drop 3 0 1
Tile:6 8 5 0
Map 12 7 1
Tile:10 8 4 0
Drop 6 0 1
Tile:10 8 3 0
Drop 2 0 1
Tile:9 8 2 0
Drop 4 0 1
Tile:5 8 1 0
Drop 5 0 1
Map 12 3 0
Drop 0 0 1
Map 12 5 0
Drop 5 0 1
Tile:5_flip 9 5 0
Drop 2 0 1
Tile:5 9 4 0
Drop 4 0 1
Tile:7 10 4 0
Bonus 0 0 1
Tile:2 5 4 0
Destroy 8 2 1
Tile:15 5 6 0
Drop 4 0 1
Destroy 5 4 0
Drop 0 0 1
Tile:0 9 1 0
Drop 2 0 1
Tile:6 7 6 0
Drop 5 0 1
Tile:3 5 4 0
Drop 4 0 1
Tile:12 8 6 0
Drop 3 0 1
Drop 0 0 0
Drop 2 0 1
Drop 0 0 0
Drop 0 0 1
Drop 0 0 0
Bonus 0 0 1
Drop 0 0 0
Tile:6 5 7 1
GAMEOVER DRAW
# Game ended: Wed Apr 15 18:46:59 EDT 2020
