# Server version 0.08 running on 192.168.2.139:8123
# Game ID: 197
# Board class: Saboteur.SaboteurBoard
# Timeout: 20000
# First Move Timeout: 30000
# Date: Wed Apr 15 13:24:11 EDT 2020
# Player 1: Player-0, '260714615', running on 192.168.2.139
# Player 2: Player-1, 'RandomPlayer', running on 192.168.2.139
START Player-0 260714615
START Player-1 RandomPlayer
BoardInit:Map,Map,Bonus,Tile:9,Tile:5,Tile:7,Tile:8,Tile:6,Tile:7,Tile:0,Destroy,Tile:0,Tile:13,Tile:5,Tile:10,Tile:5,Map,Tile:8,Tile:4,Tile:6,Tile:10,Tile:10,Map,Tile:6,Tile:0,Map,Tile:11,Malus,Tile:5,Tile:6,Tile:1,Destroy,Tile:12,Tile:7,Tile:8,Bonus,Tile:9,Tile:6,Malus,Destroy,Tile:7-Map,Tile:7,Tile:8,Tile:2,Bonus,Tile:14,Tile:3-Tile:0,Tile:15,Tile:9,Tile:9,Bonus,Tile:9,Tile:8-Tile:nugget,Tile:hidden1,Tile:hidden2
Tile:14_flip 5 4 1
Tile:0 6 5 0
Map 12 5 1
Map 12 3 0
Tile:2 7 5 1
Tile:8 8 5 0
Tile:5_flip 6 4 1
Tile:9 8 4 0
Tile:8 6 3 1
Tile:6 9 4 0
Tile:7_flip 8 6 1
Tile:0 10 4 0
Destroy 6 4 1
Tile:0 11 4 0
Tile:13 4 5 1
Tile:9_flip 12 4 0
Tile:7_flip 5 6 1
Tile:9 9 3 0
Tile:8 3 5 1
Tile:9 9 2 0
Tile:10 8 3 1
Tile:6 10 3 0
Tile:3 9 6 1
Tile:5_flip 11 3 0
Tile:4 6 2 1
Tile:5 11 2 0
Tile:10 4 4 1
Tile:8 12 2 0
Tile:11_flip 8 2 1
Malus 0 0 0
Map 12 5 1
Tile:6 13 2 0
Map 12 3 1
