# Server version 0.08 running on 192.168.2.139:8123
# Game ID: 463
# Board class: Saboteur.SaboteurBoard
# Timeout: 20000
# First Move Timeout: 30000
# Date: Wed Apr 15 21:44:03 EDT 2020
# Player 1: Player-0, 'RandomPlayer', running on 127.0.0.1
# Player 2: Player-1, '260714615', running on 127.0.0.1
START Player-0 RandomPlayer
START Player-1 260714615
BoardInit:Tile:14,Tile:0,Tile:9,Tile:6,Tile:15,Tile:5,Tile:10,Tile:2,Tile:6,Tile:6,Tile:8,Tile:13,Tile:8,Bonus,Tile:5,Bonus,Map,Destroy,Tile:8,Tile:10,Tile:9,Map,Tile:4,Tile:0,Destroy,Tile:9,Map,Tile:7,Tile:1,Tile:5,Bonus,Tile:0,Tile:8,Tile:9,Tile:9,Map,Bonus,Tile:7,Map,Tile:0,Tile:7-Map,Tile:12,Tile:7,Tile:5,Tile:6,Tile:7,Tile:6-Malus,Malus,Tile:3,Tile:11,Tile:8,Destroy,Tile:10-Tile:nugget,Tile:hidden1,Tile:hidden2
Map 12 3 1
Drop 2 0 0
Drop 0 0 1
Tile:11 4 5 0
Tile:6 6 5 1
Tile:8 5 6 0
Tile:6 7 5 1
Drop 4 0 0
Tile:5 7 4 1
Tile:6_flip 6 6 0
Tile:6 8 4 1
Drop 1 0 0
Tile:8 9 4 1
Drop 0 0 0
Tile:8 10 4 1
Tile:13 5 7 0
Tile:9 10 3 1
Tile:2_flip 4 6 0
Tile:7 11 3 1
Destroy 5 7 0
Tile:8 11 4 1
Tile:6 6 7 0
Tile:7 12 4 1
Tile:5 3 6 0
Drop 0 0 1
Tile:10 3 7 0
Drop 0 0 1
Drop 3 0 0
Tile:5 10 2 1
Tile:7_flip 12 6 0
Tile:9 11 5 1
Destroy 3 6 0
Tile:10 10 5 1
Tile:0 13 6 0
Drop 0 0 1
Tile:9 5 7 0
Drop 0 0 1
Tile:5 5 4 0
Tile:8 10 6 1
Map 12 7 0
Tile:9 8 3 1
Tile:7_flip 3 8 0
Tile:7_flip 9 6 1
Tile:9_flip 9 3 0
Destroy 3 7 1
Tile:0 7 6 0
Drop 0 0 1
Tile:0 3 6 0
Drop 0 0 1
Drop 1 0 0
Drop 0 0 1
Map 12 7 0
Drop 0 0 1
Drop 0 0 0
Drop 0 0 1
GAMEOVER DRAW
# Game ended: Wed Apr 15 21:44:59 EDT 2020
