# Server version 0.08 running on 192.168.2.139:8123
# Game ID: 292
# Board class: Saboteur.SaboteurBoard
# Timeout: 20000
# First Move Timeout: 30000
# Date: Mon Apr 13 18:43:02 EDT 2020
# Player 1: Player-0, '260714615', running on 192.168.2.139
# Player 2: Player-1, 'RandomPlayer', running on 192.168.2.139
START Player-0 260714615
START Player-1 RandomPlayer
BoardInit:Tile:9,Tile:8,Tile:9,Tile:0,Malus,Tile:5,Tile:7,Tile:6,Map,Tile:10,Map,Map,Destroy,Tile:9,Map,Malus,Tile:7,Destroy,Tile:12,Map,Tile:8,Destroy,Tile:7,Tile:4,Tile:8,Tile:5,Tile:8,Tile:5,Tile:13,Tile:6,Tile:7,Tile:2,Bonus,Tile:6,Tile:0,Tile:15,Tile:0,Tile:9,Bonus,Tile:0,Tile:14-Tile:5,Bonus,Tile:11,Bonus,Tile:8,Tile:10,Tile:6-Tile:3,Tile:9,Tile:7,Tile:10,Tile:1,Tile:6,Map-Tile:nugget,Tile:hidden2,Tile:hidden1
Tile:5 4 5 1
Map 12 3 0
Tile:8 5 6 1
Tile:6 6 5 0
Tile:11_flip 6 4 1
Tile:8 7 5 0
Tile:9 7 4 1
Tile:0 8 5 0
Tile:7 7 3 1
Tile:6 9 5 0
Tile:9 4 6 1
Tile:9 9 4 0
Tile:10 5 7 1
Map 12 3 0
Drop 2 0 1
Tile:10 9 3 0
Map 12 5 1
Tile:7 10 5 0
Map 12 5 1
Tile:10 10 6 0
Destroy 5 6 1
Map 12 3 0
Drop 5 0 1
Malus 0 0 0
Malus 0 0 1
Destroy 4 5 0
Map 12 7 1
Destroy 4 6 0
Drop 2 0 1
Drop 0 0 0
Drop 4 0 1
Drop 0 0 0
Drop 6 0 1
Drop 0 0 0
Drop 3 0 1
Drop 0 0 0
Drop 2 0 1
Drop 0 0 0
Bonus 0 0 1
Drop 0 0 0
Tile:8 9 2 1
Drop 0 0 0
Tile:14 7 6 1
Drop 0 0 0
Tile:0 8 2 1
Drop 0 0 0
Drop 3 0 1
Drop 0 0 0
Tile:13 9 1 1
Drop 0 0 0
Drop 0 0 1
Drop 0 0 0
Drop 1 0 1
Drop 0 0 0
Drop 0 0 1
GAMEOVER DRAW
# Game ended: Mon Apr 13 18:43:26 EDT 2020
