# Server version 0.08 running on 192.168.2.139:8123
# Game ID: 413
# Board class: Saboteur.SaboteurBoard
# Timeout: 20000
# First Move Timeout: 30000
# Date: Wed Apr 15 19:27:04 EDT 2020
# Player 1: Player-0, '260714615', running on 127.0.0.1
# Player 2: Player-1, 'RandomPlayer', running on 127.0.0.1
START Player-0 260714615
START Player-1 RandomPlayer
BoardInit:Tile:8,Tile:9,Tile:0,Tile:0,Tile:9,Bonus,Bonus,Map,Tile:8,Tile:0,Tile:11,Tile:3,Tile:6,Tile:9,Tile:13,Destroy,Tile:6,Tile:10,Malus,Tile:5,Tile:9,Tile:10,Tile:9,Tile:8,Tile:5,Bonus,Tile:0,Destroy,Tile:1,Tile:5,Tile:7,Map,Tile:7,Tile:6,Malus,Tile:5,Tile:4,Tile:7,Tile:8,Tile:10,Tile:7-Tile:12,Tile:15,Map,Map,Tile:8,Tile:14,Map-Tile:2,Map,Tile:6,Destroy,Tile:7,Bonus,Tile:6-Tile:hidden1,Tile:nugget,Tile:hidden2
Drop 3 0 1
Map 12 3 0
Tile:12_flip 4 5 1
Drop 0 0 0
Tile:8 5 6 1
Tile:6 6 5 0
Drop 4 0 1
Tile:6 7 5 0
Tile:0 4 6 1
Map 12 5 0
Tile:14_flip 3 6 1
Tile:0 8 5 0
Tile:11 5 4 1
Tile:0 9 5 0
Tile:8 5 3 1
Tile:7 10 5 0
Tile:6 6 3 1
Tile:9 10 6 0
Tile:6_flip 6 2 1
Tile:9 10 7 0
Map 12 5 1
Tile:5_flip 11 6 0
Tile:9 5 7 1
Tile:10 11 5 0
Tile:9 5 2 1
Tile:8 11 4 0
Tile:5_flip 12 4 1
Tile:10 5 1 0
Map 12 7 1
Destroy 3 6 0
Tile:15 5 0 1
Tile:5 11 3 0
Tile:13 5 8 1
Tile:3 6 4 0
Tile:9 7 4 1
Destroy 6 4 0
Tile:7_flip 10 8 1
Tile:6 10 4 0
Tile:1 8 4 1
Destroy 8 4 0
Drop 0 0 1
Tile:7_flip 9 4 0
Tile:7 9 3 1
Tile:5 8 3 0
Tile:7 11 7 1
Tile:10 10 3 0
Tile:8 3 6 1
Drop 0 0 0
Tile:0 4 3 1
Drop 0 0 0
Malus 0 0 1
Bonus 0 0 0
Tile:4_flip 5 9 1
Drop 0 0 0
Malus 0 0 1
GAMEOVER DRAW
# Game ended: Wed Apr 15 19:27:59 EDT 2020
