# Server version 0.08 running on 192.168.2.139:8123
# Game ID: 67
# Board class: Saboteur.SaboteurBoard
# Timeout: 20000
# First Move Timeout: 30000
# Date: Tue Apr 14 13:04:54 EDT 2020
# Player 1: Player-0, 'RandomPlayer', running on 127.0.0.1
# Player 2: Player-1, '260714615', running on 127.0.0.1
START Player-0 RandomPlayer
START Player-1 260714615
BoardInit:Tile:6,Tile:1,Map,Tile:5,Tile:8,Tile:9,Tile:4,Tile:6,Destroy,Tile:5,Map,Tile:0,Bonus,Tile:13,Tile:0,Tile:7,Tile:7,Map,Bonus,Tile:12,Tile:8,Tile:8,Tile:5,Malus,Tile:0,Tile:2,Tile:7,Tile:5,Bonus,Map,Tile:8,Tile:15,Bonus,Tile:10,Tile:11,Tile:10,Map,Tile:6,Tile:8,Tile:7,Tile:7-Destroy,Tile:0,Tile:9,Map,Tile:9,Tile:14,Tile:6-Tile:10,Tile:9,Tile:6,Tile:9,Destroy,Malus,Tile:3-Tile:hidden2,Tile:hidden1,Tile:nugget
Map 12 3 1
Tile:9_flip 6 5 0
Tile:9 6 4 1
Tile:3_flip 5 6 0
Map 12 3 1
Tile:9 6 3 0
Tile:0 7 4 1
Malus 0 0 0
Destroy 5 6 1
Tile:6_flip 6 2 0
Destroy 6 2 1
Tile:5_flip 8 4 0
Map 12 3 1
Tile:6 7 3 0
Bonus 0 0 1
Drop 5 0 0
Tile:6_flip 8 3 1
Tile:9_flip 9 3 0
Tile:9 9 4 1
Tile:7 6 2 0
Tile:6 10 4 1
Tile:5_flip 6 6 0
Tile:8 11 4 1
Tile:13 12 4 0
Tile:7_flip 11 5 1
Tile:1 13 4 0
Tile:8 11 3 1
Tile:2_flip 9 5 0
Tile:5 10 3 1
Tile:8 12 6 0
GAMEOVER WINNER 0
# Game ended: Tue Apr 14 13:05:24 EDT 2020
