# Server version 0.08 running on 192.168.2.139:8123
# Game ID: 283
# Board class: Saboteur.SaboteurBoard
# Timeout: 20000
# First Move Timeout: 30000
# Date: Wed Apr 15 15:54:54 EDT 2020
# Player 1: Player-0, 'RandomPlayer', running on 127.0.0.1
# Player 2: Player-1, '260714615', running on 127.0.0.1
START Player-0 RandomPlayer
START Player-1 260714615
BoardInit:Tile:9,Tile:2,Map,Tile:5,Tile:7,Tile:3,Tile:7,Tile:5,Bonus,Tile:6,Tile:1,Map,Tile:5,Tile:11,Tile:6,Bonus,Tile:8,Tile:9,Tile:10,Tile:6,Tile:0,Tile:15,Tile:0,Tile:8,Malus,Malus,Map,Tile:7,Map,Bonus,Tile:14,Destroy,Tile:8,Tile:12,Tile:0,Destroy,Bonus,Tile:5,Map,Tile:9,Tile:7-Tile:13,Tile:8,Tile:6,Tile:9,Tile:7,Destroy,Tile:9-Tile:6,Tile:8,Tile:10,Tile:10,Tile:4,Tile:0,Map-Tile:hidden1,Tile:hidden2,Tile:nugget
Tile:8 6 5 1
Tile:0 4 5 0
Tile:6 7 5 1
Tile:4_flip 6 6 0
Destroy 6 6 1
Tile:6_flip 7 4 0
Map 12 3 1
Tile:8 8 4 0
Tile:9 8 3 1
Map 12 3 0
Tile:9 8 2 1
Tile:6 6 6 0
Tile:9 8 1 1
Tile:10 5 4 0
Tile:5 6 4 1
Tile:5 3 5 0
Tile:6 9 4 1
Tile:5 5 3 0
Tile:8 10 4 1
Tile:9_flip 9 2 0
Tile:7_flip 10 5 1
Tile:3 8 0 0
Tile:0 11 5 1
Tile:15 12 4 0
Tile:10 10 3 1
Tile:8 9 1 0
Tile:0 10 1 1
Tile:6_flip 7 6 0
Map 12 7 1
Tile:11_flip 11 1 0
Malus 0 0 1
Map 12 3 0
Tile:7_flip 7 7 1
Destroy 6 5 0
Tile:8 8 7 1
Drop 3 0 0
Tile:0 9 7 1
Destroy 5 4 0
Tile:7_flip 5 6 1
Bonus 0 0 0
Tile:1 10 7 1
Tile:7_flip 8 8 0
Tile:7 11 7 1
Tile:9_flip 9 3 0
Drop 5 0 1
Tile:5 9 0 0
Tile:13 3 6 1
Tile:12 4 6 0
Tile:14 3 7 1
Tile:2 9 8 0
Drop 0 0 1
Tile:10 5 4 0
Drop 0 0 1
Drop 0 0 0
Drop 0 0 1
GAMEOVER DRAW
# Game ended: Wed Apr 15 15:55:50 EDT 2020
