# Server version 0.08 running on 192.168.2.139:8123
# Game ID: 275
# Board class: Saboteur.SaboteurBoard
# Timeout: 20000
# First Move Timeout: 30000
# Date: Wed Apr 15 15:34:26 EDT 2020
# Player 1: Player-0, '260714615', running on 127.0.0.1
# Player 2: Player-1, 'RandomPlayer', running on 127.0.0.1
START Player-0 260714615
START Player-1 RandomPlayer
BoardInit:Tile:9,Tile:9,Tile:0,Tile:7,Map,Tile:7,Tile:9,Map,Tile:2,Tile:6,Tile:10,Tile:5,Tile:11,Tile:8,Tile:0,Map,Tile:8,Tile:6,Tile:13,Map,Tile:7,Destroy,Tile:5,Tile:6,Tile:8,Malus,Tile:9,Tile:5,Tile:0,Tile:7,Map,Tile:15,Tile:10,Tile:4,Tile:8,Tile:8,Tile:10,Tile:1,Bonus,Tile:3,Bonus-Malus,Tile:6,Map,Tile:6,Bonus,Bonus,Tile:9-Tile:12,Tile:0,Destroy,Tile:5,Tile:14,Tile:7,Destroy-Tile:hidden1,Tile:nugget,Tile:hidden2
Tile:6 5 6 1
Tile:0 6 5 0
Malus 0 0 1
Drop 5 0 0
Tile:9 4 6 1
Drop 5 0 0
Map 12 5 1
Drop 5 0 0
Tile:6 7 5 1
Map 12 3 0
Tile:2 4 5 1
Drop 5 0 0
Drop 6 0 1
Drop 5 0 0
Drop 3 0 1
Drop 5 0 0
Drop 1 0 1
Map 12 5 0
Tile:9_flip 8 5 1
Drop 5 0 0
Tile:0 6 6 1
Drop 5 0 0
Drop 1 0 1
Drop 5 0 0
Tile:5 3 5 1
Drop 5 0 0
Tile:8 8 4 1
Drop 5 0 0
Tile:9 4 7 1
Malus 0 0 0
Drop 1 0 1
Drop 5 0 0
Map 12 7 1
Drop 5 0 0
Drop 0 0 1
Drop 5 0 0
Drop 3 0 1
Drop 5 0 0
Drop 6 0 1
Drop 5 0 0
Drop 4 0 1
Drop 5 0 0
Bonus 0 0 1
Drop 5 0 0
Tile:8 5 4 1
Destroy 3 5 0
Tile:8 8 6 1
Drop 0 0 0
Tile:13 9 6 1
Drop 0 0 0
Tile:7 5 7 1
Drop 0 0 0
Tile:0 4 4 1
Drop 0 0 0
Drop 0 0 1
GAMEOVER DRAW
# Game ended: Wed Apr 15 15:35:20 EDT 2020
