# Server version 0.08 running on 192.168.2.139:8123
# Game ID: 415
# Board class: Saboteur.SaboteurBoard
# Timeout: 20000
# First Move Timeout: 30000
# Date: Wed Apr 15 19:28:57 EDT 2020
# Player 1: Player-0, '260714615', running on 127.0.0.1
# Player 2: Player-1, 'RandomPlayer', running on 127.0.0.1
START Player-0 260714615
START Player-1 RandomPlayer
BoardInit:Tile:8,Tile:12,Tile:5,Tile:0,Tile:9,Tile:8,Tile:14,Tile:2,Map,Tile:11,Tile:6,Map,Bonus,Tile:5,Tile:9,Destroy,Tile:8,Map,Tile:8,Tile:10,Tile:0,Malus,Map,Tile:9,Tile:4,Destroy,Tile:15,Tile:8,Tile:13,Tile:9,Tile:0,Tile:7,Tile:7,Map,Tile:6,Tile:5,Destroy,Bonus,Tile:9,Tile:6,Bonus-Tile:6,Tile:3,Tile:7,Tile:1,Tile:10,Bonus,Tile:7-Tile:5,Tile:7,Malus,Tile:10,Tile:0,Tile:6,Map-Tile:nugget,Tile:hidden2,Tile:hidden1
Tile:6 6 5 1
Map 12 3 0
Tile:1 4 5 1
Tile:0 7 5 0
Tile:5 6 4 1
Tile:6 8 5 0
Tile:10 5 4 1
Tile:0 9 5 0
Tile:14 7 4 1
Tile:8 10 5 0
Tile:3 5 3 1
Tile:5 10 4 0
Tile:8 4 3 1
Tile:7 11 4 0
Tile:9 7 3 1
Tile:5 8 4 0
Tile:7_flip 3 3 1
Destroy 7 4 0
Tile:6_flip 3 5 1
Tile:10 10 6 0
Tile:9_flip 4 2 1
Tile:10 10 7 0
Map 12 3 1
Malus 0 0 0
Drop 0 0 1
Drop 0 0 0
Map 12 5 1
Drop 0 0 0
Drop 6 0 1
Drop 0 0 0
Drop 1 0 1
Drop 0 0 0
Drop 6 0 1
Drop 0 0 0
Drop 3 0 1
Malus 0 0 0
Drop 3 0 1
Tile:8 11 5 0
Destroy 3 3 1
Tile:9 11 6 0
Drop 2 0 1
Tile:6 12 6 0
Drop 5 0 1
Destroy 12 6 0
Drop 4 0 1
Tile:9 11 7 0
Drop 3 0 1
Tile:7_flip 11 8 0
Drop 2 0 1
Drop 0 0 0
Drop 0 0 1
Tile:5_flip 4 4 0
Bonus 0 0 1
Drop 0 0 0
Drop 0 0 1
GAMEOVER DRAW
# Game ended: Wed Apr 15 19:29:51 EDT 2020
