# Server version 0.08 running on 192.168.2.139:8123
# Game ID: 368
# Board class: Saboteur.SaboteurBoard
# Timeout: 20000
# First Move Timeout: 30000
# Date: Wed Apr 15 18:08:03 EDT 2020
# Player 1: Player-0, 'RandomPlayer', running on 127.0.0.1
# Player 2: Player-1, '260714615', running on 127.0.0.1
START Player-0 RandomPlayer
START Player-1 260714615
BoardInit:Bonus,Tile:0,Malus,Tile:10,Tile:7,Map,Tile:0,Tile:3,Tile:8,Map,Bonus,Destroy,Tile:6,Tile:10,Tile:12,Tile:13,Tile:8,Tile:5,Tile:5,Tile:10,Tile:8,Tile:14,Tile:7,Tile:6,Malus,Tile:7,Tile:9,Tile:0,Tile:0,Tile:6,Tile:9,Destroy,Destroy,Tile:11,Map,Tile:6,Tile:5,Bonus,Map,Tile:7,Map-Tile:7,Tile:8,Tile:5,Tile:8,Bonus,Map,Tile:6-Tile:4,Tile:2,Tile:9,Tile:9,Tile:1,Tile:9,Tile:15-Tile:nugget,Tile:hidden2,Tile:hidden1
Map 12 3 1
Tile:9 5 6 0
Tile:8 6 5 1
Tile:2 4 5 0
Malus 0 0 1
Drop 4 0 0
Tile:8 7 5 1
Map 12 5 0
Tile:6 8 5 1
Drop 1 0 0
Tile:0 9 5 1
Drop 1 0 0
Tile:8 10 5 1
Map 12 3 0
Tile:5 10 4 1
Destroy 10 5 0
Tile:6 10 5 1
Drop 5 0 0
Tile:8 11 4 1
Drop 3 0 0
Tile:5 11 3 1
GAMEOVER WINNER 1
# Game ended: Wed Apr 15 18:08:25 EDT 2020
