# Server version 0.08 running on 192.168.2.139:8123
# Game ID: 120
# Board class: Saboteur.SaboteurBoard
# Timeout: 20000
# First Move Timeout: 30000
# Date: Mon Apr 13 03:09:45 EDT 2020
# Player 1: Player-0, '260714615', running on 192.168.2.139
# Player 2: Player-1, 'RandomPlayer', running on 192.168.2.139
START Player-0 260714615
START Player-1 RandomPlayer
BoardInit:Tile:12,Tile:15,Tile:9,Tile:0,Tile:6,Tile:0,Tile:7,Tile:8,Tile:6,Tile:0,Tile:3,Tile:2,Destroy,Tile:9,Tile:0,Tile:11,Bonus,Tile:4,Tile:7,Tile:9,Tile:13,Bonus,Tile:5,Map,Tile:14,Bonus,Tile:8,Map,Tile:1,Map,Tile:7,Tile:8,Destroy,Tile:6,Tile:8,Tile:10,Bonus,Destroy,Tile:6,Tile:8,Map-Tile:7,Tile:10,Tile:5,Tile:9,Malus,Tile:7,Tile:5-Malus,Tile:10,Tile:6,Map,Tile:5,Tile:9,Map-Tile:hidden2,Tile:hidden1,Tile:nugget
Tile:7_flip 5 6 1
Tile:9_flip 6 6 0
Tile:10 6 7 1
Tile:15 5 4 0
Tile:12_flip 4 5 1
Map 12 5 0
Tile:9_flip 6 5 1
Drop 5 0 0
Tile:9_flip 5 3 1
