# Server version 0.08 running on 192.168.2.139:8123
# Game ID: 44
# Board class: Saboteur.SaboteurBoard
# Timeout: 20000
# First Move Timeout: 30000
# Date: Sun Apr 12 20:55:53 EDT 2020
# Player 1: Player-0, '260714615', running on 127.0.0.1
# Player 2: Player-1, 'RandomPlayer', running on 127.0.0.1
START Player-0 260714615
START Player-1 RandomPlayer
BoardInit:Tile:6,Map,Tile:15,Tile:12,Bonus,Tile:9,Tile:10,Tile:9,Bonus,Tile:8,Map,Bonus,Tile:6,Map,Tile:11,Map,Tile:5,Malus,Tile:5,Tile:0,Tile:8,Tile:9,Tile:2,Tile:0,Tile:8,Map,Tile:3,Bonus,Destroy,Tile:7,Tile:4,Tile:14,Tile:1,Tile:7,Tile:6,Tile:9,Destroy,Tile:10,Tile:6,Tile:5,Destroy-Tile:0,Tile:7,Tile:7,Tile:10,Tile:6,Tile:5,Tile:0-Malus,Tile:9,Tile:7,Map,Tile:8,Tile:13,Tile:8-Tile:nugget,Tile:hidden1,Tile:hidden2
Tile:5_flip 5 6 1
Tile:8 5 4 0
Tile:6 6 4 1
Tile:7 6 3 0
Tile:0 4 5 1
Tile:12_flip 4 4 0
Tile:7 6 5 1
Drop 5 0 0
Tile:10 6 6 1
Drop 4 0 0
Tile:6 6 7 1
Tile:9_flip 7 7 0
Tile:7_flip 7 8 1
Drop 4 0 0
Map 12 7 1
Drop 2 0 0
Tile:11 3 5 1
Map 12 3 0
Tile:5 5 3 1
Drop 2 0 0
Tile:6 3 6 1
Map 12 3 0
Tile:0 2 6 1
Drop 5 0 0
Drop 0 0 1
Tile:9_flip 7 4 0
Tile:8 1 6 1
Tile:0 0 6 0
Tile:2 5 7 1
Malus 0 0 0
Bonus 0 0 1
Tile:7 8 8 0
Tile:8 1 7 1
Tile:14_flip 7 6 0
Tile:4 7 3 1
Map 12 7 0
Tile:1 0 7 1
Tile:9 1 5 0
Destroy 5 7 1
Drop 0 0 0
Destroy 7 8 1
Tile:10 3 4 0
Destroy 2 6 1
Tile:7_flip 7 5 0
Tile:10 3 3 1
Tile:5 5 7 0
Tile:6 8 9 1
Drop 3 0 0
Tile:3 3 2 1
Drop 1 0 0
Tile:6_flip 2 2 1
Drop 1 0 0
Tile:5 1 4 1
Malus 0 0 0
Bonus 0 0 1
GAMEOVER DRAW
# Game ended: Sun Apr 12 20:55:54 EDT 2020
