# Server version 0.08 running on 192.168.2.139:8123
# Game ID: 423
# Board class: Saboteur.SaboteurBoard
# Timeout: 20000
# First Move Timeout: 30000
# Date: Wed Apr 15 19:35:40 EDT 2020
# Player 1: Player-0, '260714615', running on 127.0.0.1
# Player 2: Player-1, 'RandomPlayer', running on 127.0.0.1
START Player-0 260714615
START Player-1 RandomPlayer
BoardInit:Bonus,Tile:3,Tile:8,Tile:8,Tile:11,Tile:2,Tile:9,Tile:9,Tile:10,Map,Tile:0,Tile:7,Map,Tile:5,Destroy,Tile:6,Bonus,Tile:13,Tile:9,Tile:7,Tile:8,Tile:6,Tile:14,Tile:0,Tile:8,Tile:5,Destroy,Tile:7,Map,Map,Tile:4,Tile:0,Destroy,Tile:0,Tile:6,Malus,Tile:7,Tile:5,Tile:10,Tile:1,Tile:15-Map,Tile:10,Tile:9,Tile:6,Tile:12,Bonus,Tile:8-Bonus,Tile:5,Tile:6,Malus,Tile:9,Tile:7,Map-Tile:nugget,Tile:hidden1,Tile:hidden2
Tile:9_flip 6 5 1
Map 12 3 0
Tile:6 4 5 1
Tile:5 6 4 0
Map 12 7 1
Tile:6 7 4 0
Tile:12_flip 3 5 1
Tile:8 8 4 0
Tile:8 6 6 1
Tile:9 8 3 0
Drop 1 0 1
Tile:9 8 2 0
Drop 0 0 1
Tile:7_flip 8 5 0
Tile:10 5 4 1
Tile:5 8 1 0
Tile:11 6 7 1
Tile:6 9 3 0
Drop 1 0 1
Tile:7 10 3 0
Drop 3 0 1
Tile:7_flip 10 4 0
Tile:9_flip 9 5 1
Malus 0 0 0
Destroy 9 5 1
Tile:6 11 4 0
Drop 5 0 1
Tile:0 12 4 0
Drop 2 0 1
Tile:5 11 3 0
GAMEOVER WINNER 0
# Game ended: Wed Apr 15 19:36:10 EDT 2020
