# Server version 0.08 running on 192.168.2.139:8123
# Game ID: 259
# Board class: Saboteur.SaboteurBoard
# Timeout: 20000
# First Move Timeout: 30000
# Date: Wed Apr 15 15:23:35 EDT 2020
# Player 1: Player-0, '260714615', running on 127.0.0.1
# Player 2: Player-1, 'RandomPlayer', running on 127.0.0.1
START Player-0 260714615
START Player-1 RandomPlayer
BoardInit:Tile:4,Tile:6,Tile:10,Tile:5,Destroy,Tile:8,Bonus,Tile:7,Tile:2,Tile:8,Tile:8,Tile:8,Tile:6,Tile:7,Tile:13,Tile:8,Tile:5,Tile:0,Tile:7,Tile:7,Tile:6,Tile:9,Tile:7,Malus,Tile:14,Malus,Tile:15,Map,Tile:0,Tile:10,Destroy,Tile:3,Tile:9,Map,Tile:1,Tile:0,Map,Tile:9,Tile:9,Tile:5,Tile:11-Map,Map,Tile:9,Map,Tile:6,Tile:6,Tile:10-Tile:0,Bonus,Tile:12,Tile:5,Bonus,Bonus,Destroy-Tile:hidden1,Tile:nugget,Tile:hidden2
Tile:6 6 5 1
Tile:0 7 5 0
Tile:9_flip 5 4 1
Tile:6 8 5 0
Drop 2 0 1
Tile:5 8 4 0
Tile:4 6 4 1
Destroy 6 4 0
Tile:6_flip 5 3 1
Tile:8 9 5 0
Destroy 8 4 1
Tile:8 10 5 0
Tile:10 9 6 1
Tile:8 11 5 0
GAMEOVER WINNER 0
# Game ended: Wed Apr 15 15:23:49 EDT 2020
