# Server version 0.08 running on 192.168.2.139:8123
# Game ID: 333
# Board class: Saboteur.SaboteurBoard
# Timeout: 20000
# First Move Timeout: 30000
# Date: Wed Apr 15 17:33:53 EDT 2020
# Player 1: Player-0, 'RandomPlayer', running on 127.0.0.1
# Player 2: Player-1, '260714615', running on 127.0.0.1
START Player-0 RandomPlayer
START Player-1 260714615
BoardInit:Tile:2,Malus,Map,Tile:5,Tile:6,Tile:8,Tile:0,Tile:13,Destroy,Tile:6,Tile:8,Tile:7,Tile:0,Malus,Tile:7,Tile:10,Tile:5,Bonus,Tile:8,Tile:11,Tile:5,Tile:5,Bonus,Map,Map,Tile:8,Map,Tile:1,Tile:9,Tile:0,Tile:12,Destroy,Tile:10,Map,Tile:4,Bonus,Tile:0,Tile:7,Tile:3,Destroy,Tile:9-Tile:7,Bonus,Tile:9,Tile:10,Tile:8,Tile:9,Tile:15-Tile:7,Tile:6,Map,Tile:9,Tile:14,Tile:6,Tile:6-Tile:hidden1,Tile:nugget,Tile:hidden2
Tile:8 6 5 1
Drop 3 0 0
Tile:7_flip 6 6 1
Tile:6_flip 7 5 0
Map 12 3 1
Map 12 7 0
Tile:6 8 5 1
Tile:14 5 6 0
Tile:0 9 5 1
Tile:6_flip 5 4 0
Tile:9_flip 10 5 1
Tile:7_flip 4 4 0
Tile:10 10 4 1
Drop 6 0 0
Tile:9 10 6 1
Tile:6 7 6 0
Tile:8 11 6 1
Tile:8 12 6 0
GAMEOVER WINNER 0
# Game ended: Wed Apr 15 17:34:11 EDT 2020
