# Server version 0.08 running on 192.168.2.139:8123
# Game ID: 354
# Board class: Saboteur.SaboteurBoard
# Timeout: 20000
# First Move Timeout: 30000
# Date: Wed Apr 15 17:57:57 EDT 2020
# Player 1: Player-0, '260714615', running on 127.0.0.1
# Player 2: Player-1, 'RandomPlayer', running on 127.0.0.1
START Player-0 260714615
START Player-1 RandomPlayer
BoardInit:Tile:8,Destroy,Tile:7,Map,Tile:6,Tile:5,Malus,Tile:5,Tile:10,Tile:13,Tile:7,Tile:6,Tile:10,Tile:10,Tile:9,Tile:2,Bonus,Tile:8,Tile:8,Tile:6,Tile:9,Map,Tile:9,Map,Bonus,Tile:3,Tile:9,Tile:8,Tile:1,Tile:12,Tile:7,Tile:14,Tile:5,Bonus,Tile:0,Tile:0,Tile:11,Tile:0,Destroy,Tile:6,Tile:7-Malus,Tile:7,Map,Tile:6,Tile:5,Map,Tile:0-Tile:15,Tile:8,Map,Bonus,Tile:9,Destroy,Tile:4-Tile:nugget,Tile:hidden2,Tile:hidden1
Tile:6 4 5 1
Map 12 3 0
Tile:0 3 5 1
Tile:8 6 5 0
Tile:5 2 5 1
Tile:9 6 4 0
Map 12 3 1
Tile:5 6 3 0
Tile:7 5 4 1
Tile:5 4 4 0
Tile:6_flip 7 5 1
Tile:15 2 6 0
Tile:10 2 7 1
Tile:6 8 5 0
Drop 3 0 1
Tile:10 8 4 0
Malus 0 0 1
Bonus 0 0 0
Malus 0 0 1
Destroy 2 5 0
Tile:9 2 5 1
Destroy 2 5 0
Tile:9 2 8 1
Drop 0 0 0
Tile:10 2 9 1
Drop 0 0 0
Tile:8 6 6 1
Drop 0 0 0
Tile:7_flip 2 10 1
Drop 0 0 0
Tile:9_flip 9 5 1
Drop 0 0 0
Tile:9_flip 8 3 1
Drop 0 0 0
Tile:7_flip 6 7 1
Bonus 0 0 0
Drop 6 0 1
Tile:8 8 2 0
Tile:5_flip 3 8 1
Tile:0 9 2 0
Tile:8 5 6 1
Tile:0 10 2 0
Tile:11_flip 7 6 1
Tile:6 11 2 0
Destroy 4 4 1
Tile:3 3 10 0
Tile:7_flip 3 11 1
Tile:12 4 11 0
Map 12 7 1
Tile:14 5 7 0
Tile:1 4 6 1
Drop 0 0 0
Drop 1 0 1
Drop 0 0 0
Drop 0 0 1
GAMEOVER DRAW
# Game ended: Wed Apr 15 17:58:51 EDT 2020
