# Server version 0.08 running on 192.168.2.139:8123
# Game ID: 12
# Board class: Saboteur.SaboteurBoard
# Timeout: 20000
# First Move Timeout: 30000
# Date: Sun Apr 12 20:54:05 EDT 2020
# Player 1: Player-0, '260714615', running on 127.0.0.1
# Player 2: Player-1, 'RandomPlayer', running on 127.0.0.1
START Player-0 260714615
START Player-1 RandomPlayer
BoardInit:Destroy,Tile:8,Tile:6,Tile:8,Tile:5,Malus,Tile:5,Tile:8,Tile:15,Tile:9,Map,Tile:10,Tile:7,Tile:9,Tile:7,Tile:0,Tile:7,Destroy,Tile:9,Map,Tile:10,Destroy,Bonus,Tile:7,Tile:5,Tile:9,Tile:8,Tile:0,Map,Tile:2,Tile:5,Tile:6,Tile:3,Tile:8,Tile:4,Map,Bonus,Tile:1,Map,Bonus,Tile:6-Tile:6,Tile:12,Tile:14,Tile:10,Tile:7,Tile:0,Tile:13-Tile:11,Malus,Tile:0,Tile:9,Tile:6,Bonus,Map-Tile:hidden1,Tile:hidden2,Tile:nugget
Tile:13 5 4 1
Tile:6 5 6 0
Tile:12 6 6 1
Tile:9 5 3 0
Drop 4 0 1
Map 12 7 0
Tile:6 6 4 1
Tile:8 6 3 0
Tile:5_flip 7 3 1
Drop 2 0 0
Drop 1 0 1
Tile:8 7 2 0
Tile:7_flip 4 6 1
Tile:8 7 1 0
Tile:15 5 2 1
Tile:9_flip 7 0 0
Tile:7 8 1 1
Tile:11 6 1 0
Tile:7 7 4 1
Drop 0 0 0
Tile:9 6 0 1
Destroy 5 4 0
Tile:7 5 1 1
Map 12 7 0
Drop 2 0 1
Tile:9 7 5 0
Destroy 4 6 1
Tile:10 7 6 0
Tile:5 4 5 1
Destroy 6 0 0
Tile:14 8 2 1
Tile:9 6 2 0
Tile:5_flip 7 7 1
Tile:6 4 1 0
Tile:3 4 0 1
Drop 0 0 0
Tile:8 4 6 1
Tile:0 6 7 0
Tile:10 4 7 1
Drop 6 0 0
Tile:5_flip 8 5 1
Tile:2 3 6 0
Tile:4 8 4 1
Map 12 7 0
Tile:6 3 0 1
Drop 2 0 0
Map 12 3 1
Tile:8 5 4 0
Drop 2 0 1
Tile:7_flip 2 6 0
Map 12 3 1
Drop 0 0 0
Map 12 3 1
Drop 0 0 0
Drop 0 0 1
GAMEOVER DRAW
# Game ended: Sun Apr 12 20:54:05 EDT 2020
