# Server version 0.08 running on 192.168.2.139:8123
# Game ID: 373
# Board class: Saboteur.SaboteurBoard
# Timeout: 20000
# First Move Timeout: 30000
# Date: Wed Apr 15 18:16:42 EDT 2020
# Player 1: Player-0, '260714615', running on 192.168.2.139
# Player 2: Player-1, 'RandomPlayer', running on 192.168.2.139
START Player-0 260714615
START Player-1 RandomPlayer
BoardInit:Bonus,Tile:7,Tile:8,Tile:0,Bonus,Tile:6,Tile:5,Map,Map,Tile:2,Tile:5,Tile:10,Tile:9,Destroy,Tile:7,Tile:15,Bonus,Tile:8,Tile:5,Map,Tile:6,Tile:8,Tile:9,Tile:12,Map,Bonus,Tile:6,Tile:13,Tile:4,Tile:6,Map,Tile:7,Tile:9,Tile:11,Tile:3,Tile:10,Tile:8,Map,Malus,Tile:1,Tile:7-Tile:14,Tile:0,Malus,Destroy,Tile:10,Tile:7,Tile:8-Destroy,Tile:9,Tile:6,Tile:5,Tile:9,Tile:0,Tile:0-Tile:nugget,Tile:hidden1,Tile:hidden2
Tile:0 6 5 1
Tile:6 7 5 0
Drop 1 0 1
Tile:0 8 5 0
Tile:14_flip 5 4 1
Tile:0 9 5 0
Tile:7 7 4 1
Tile:0 10 5 0
Drop 0 0 1
Tile:6 11 5 0
Tile:8 12 4 1
GAMEOVER WINNER 1
# Game ended: Wed Apr 15 18:16:52 EDT 2020
