# Server version 0.08 running on 192.168.2.139:8123
# Game ID: 268
# Board class: Saboteur.SaboteurBoard
# Timeout: 20000
# First Move Timeout: 30000
# Date: Mon Apr 13 18:10:45 EDT 2020
# Player 1: Player-0, '260714615', running on 192.168.2.139
# Player 2: Player-1, 'RandomPlayer', running on 192.168.2.139
START Player-0 260714615
START Player-1 RandomPlayer
BoardInit:Tile:7,Tile:9,Tile:8,Tile:5,Destroy,Tile:10,Tile:14,Tile:9,Tile:8,Tile:6,Tile:7,Tile:9,Tile:0,Malus,Tile:0,Tile:13,Bonus,Tile:0,Destroy,Tile:7,Map,Tile:7,Tile:5,Map,Tile:6,Tile:15,Tile:1,Tile:5,Tile:6,Destroy,Tile:9,Tile:11,Tile:7,Bonus,Tile:8,Tile:12,Tile:4,Tile:8,Tile:6,Map,Bonus-Tile:6,Tile:8,Tile:2,Bonus,Map,Tile:10,Tile:3-Tile:9,Map,Malus,Tile:5,Map,Tile:0,Tile:10-Tile:hidden1,Tile:nugget,Tile:hidden2
Tile:10 5 4 1
Map 12 3 0
Map 12 7 1
Map 12 3 0
Tile:8 5 6 1
Tile:0 6 5 0
Tile:6_flip 4 5 1
Tile:9 5 3 0
Drop 0 0 1
Tile:10 5 7 0
Tile:14_flip 3 5 1
Tile:6 7 5 0
Tile:8 5 2 1
Tile:5 7 4 0
Tile:8 8 4 1
Tile:9 8 3 0
Tile:3_flip 3 6 1
Tile:13 9 4 0
Tile:7 6 2 1
Tile:0 10 4 0
Destroy 3 5 1
Tile:5_flip 11 4 0
Tile:7_flip 5 8 1
Malus 0 0 0
Map 12 7 1
Map 12 3 0
Destroy 5 4 1
Malus 0 0 0
Drop 2 0 1
Tile:10 11 3 0
Drop 4 0 1
Tile:9 9 5 0
Drop 6 0 1
Tile:9 9 6 0
Drop 4 0 1
Tile:5 11 2 0
Drop 3 0 1
Tile:7_flip 9 7 0
Bonus 0 0 1
Tile:8 10 6 0
Drop 4 0 1
Map 12 3 0
Bonus 0 0 1
Tile:7 11 6 0
Tile:6_flip 8 2 1
Tile:15 5 1 0
Tile:6 12 2 1
Destroy 3 6 0
Tile:7_flip 7 2 1
Tile:11 4 6 0
Tile:0 3 5 1
Tile:12 6 6 0
Tile:4_flip 11 7 1
Drop 0 0 0
Drop 0 0 1
GAMEOVER DRAW
# Game ended: Mon Apr 13 18:11:10 EDT 2020
