# Server version 0.08 running on 192.168.2.139:8123
# Game ID: 447
# Board class: Saboteur.SaboteurBoard
# Timeout: 20000
# First Move Timeout: 30000
# Date: Wed Apr 15 19:58:45 EDT 2020
# Player 1: Player-0, '260714615', running on 127.0.0.1
# Player 2: Player-1, 'RandomPlayer', running on 127.0.0.1
START Player-0 260714615
START Player-1 RandomPlayer
BoardInit:Tile:6,Tile:7,Tile:5,Tile:8,Map,Tile:9,Tile:7,Tile:6,Tile:5,Tile:7,Tile:9,Bonus,Destroy,Map,Tile:9,Tile:10,Tile:4,Tile:8,Tile:5,Tile:7,Map,Map,Tile:0,Tile:0,Tile:5,Tile:14,Tile:6,Tile:1,Tile:7,Tile:0,Tile:6,Malus,Tile:9,Tile:8,Bonus,Tile:6,Destroy,Tile:3,Tile:8,Tile:10,Tile:2-Destroy,Bonus,Tile:9,Tile:12,Bonus,Tile:11,Map-Tile:0,Tile:15,Tile:10,Tile:8,Map,Tile:13,Malus-Tile:nugget,Tile:hidden1,Tile:hidden2
Tile:9_flip 5 6 1
Map 12 3 0
Tile:12 6 5 1
Tile:8 5 4 0
Tile:5_flip 6 4 1
Tile:8 6 3 0
Tile:6 4 6 1
Tile:0 7 3 0
Tile:11 4 5 1
Drop 0 0 0
Drop 1 0 1
Tile:6 8 3 0
Destroy 6 4 1
Tile:9 5 3 0
Tile:5 3 6 1
Tile:7 9 3 0
Destroy 9 3 1
Tile:7 9 3 0
Map 12 7 1
Tile:8 9 4 0
Drop 3 0 1
Tile:7_flip 9 5 0
Tile:5 8 2 1
Malus 0 0 0
Drop 2 0 1
Tile:0 10 4 0
Bonus 0 0 1
Tile:10 6 2 0
Tile:5_flip 6 4 1
Drop 0 0 0
Tile:9_flip 5 2 1
Tile:0 11 4 0
Tile:6_flip 12 4 1
Malus 0 0 0
Drop 4 0 1
Tile:8 13 4 0
Drop 0 0 1
Tile:6_flip 13 3 0
GAMEOVER WINNER 0
# Game ended: Wed Apr 15 19:59:23 EDT 2020
