# Server version 0.08 running on 192.168.2.139:8123
# Game ID: 317
# Board class: Saboteur.SaboteurBoard
# Timeout: 20000
# First Move Timeout: 30000
# Date: Mon Apr 13 19:16:41 EDT 2020
# Player 1: Player-0, 'RandomPlayer', running on 127.0.0.1
# Player 2: Player-1, '260714615', running on 127.0.0.1
START Player-0 RandomPlayer
START Player-1 260714615
BoardInit:Destroy,Bonus,Tile:5,Bonus,Malus,Tile:7,Tile:5,Tile:10,Tile:0,Tile:8,Tile:0,Map,Destroy,Tile:6,Tile:1,Tile:8,Tile:7,Tile:2,Map,Tile:8,Tile:6,Tile:6,Tile:0,Tile:11,Tile:9,Bonus,Tile:13,Tile:10,Tile:8,Map,Tile:7,Tile:8,Bonus,Tile:5,Destroy,Tile:0,Tile:7,Map,Tile:9,Tile:14,Tile:6-Tile:12,Tile:6,Map,Tile:10,Malus,Tile:5,Tile:9-Map,Tile:9,Tile:4,Tile:7,Tile:3,Tile:15,Tile:9-Tile:hidden1,Tile:nugget,Tile:hidden2
Map 12 3 1
Tile:9 5 6 0
Tile:6 6 5 1
Tile:3_flip 4 5 0
Tile:10 6 4 1
Tile:9_flip 7 5 0
Tile:5 7 4 1
Tile:15 6 3 0
Tile:9 7 6 1
Tile:10 5 4 0
Tile:0 8 4 1
Tile:8 9 4 0
Tile:0 10 4 1
Tile:7 5 3 0
Tile:5_flip 11 4 1
Tile:4 11 3 0
Tile:5 9 3 1
Drop 1 0 0
Tile:7_flip 9 5 1
Drop 5 0 0
Map 12 3 1
Tile:2 10 5 0
Tile:6_flip 11 5 1
Tile:8 10 6 0
Malus 0 0 1
Drop 2 0 0
Malus 0 0 1
Map 12 5 0
Tile:13 11 6 1
Drop 2 0 0
Tile:0 12 6 1
Bonus 0 0 0
Tile:8 13 6 1
Map 12 7 0
Tile:9 13 5 1
Drop 4 0 0
Tile:7_flip 11 7 1
Drop 4 0 0
Tile:7_flip 13 7 1
Map 12 5 0
Tile:9 13 4 1
Drop 4 0 0
Tile:6_flip 13 3 1
Bonus 0 0 0
Tile:12 6 6 1
Tile:14 7 7 0
Destroy 4 5 1
Tile:10 6 2 0
Destroy 5 3 1
Tile:6 4 5 0
Tile:1 3 5 1
Tile:11 6 1 0
Destroy 3 5 1
Tile:0 9 6 0
Drop 0 0 1
GAMEOVER DRAW
# Game ended: Mon Apr 13 19:17:37 EDT 2020
