# Server version 0.08 running on 192.168.2.139:8123
# Game ID: 150
# Board class: Saboteur.SaboteurBoard
# Timeout: 20000
# First Move Timeout: 30000
# Date: Mon Apr 13 11:15:42 EDT 2020
# Player 1: Player-0, '260714615', running on 192.168.2.139
# Player 2: Player-1, 'RandomPlayer', running on 192.168.2.139
START Player-0 260714615
START Player-1 RandomPlayer
BoardInit:Tile:13,Tile:7,Map,Tile:0,Bonus,Tile:9,Tile:5,Tile:2,Destroy,Bonus,Tile:7,Tile:8,Tile:6,Tile:8,Tile:9,Tile:4,Tile:5,Tile:11,Map,Tile:12,Map,Tile:3,Bonus,Tile:5,Tile:6,Tile:0,Tile:14,Tile:8,Tile:6,Map,Destroy,Tile:7,Tile:9,Tile:0,Tile:9,Tile:15,Tile:8,Tile:8,Tile:6,Tile:5,Destroy-Tile:10,Malus,Tile:0,Map,Tile:10,Tile:10,Map-Tile:9,Tile:6,Bonus,Tile:1,Tile:7,Malus,Tile:7-Tile:hidden2,Tile:hidden1,Tile:nugget
Tile:10 5 4 1
Tile:7 6 5 0
Tile:10 5 3 1
Tile:7_flip 5 6 0
Map 12 5 1
Drop 3 0 0
Tile:0 4 5 1
Drop 2 0 0
Drop 3 0 1
Tile:6 6 6 0
Malus 0 0 1
Malus 0 0 0
Drop 4 0 1
Drop 3 0 0
Destroy 6 6 1
Drop 1 0 0
Drop 5 0 1
Drop 4 0 0
Drop 3 0 1
Drop 5 0 0
Map 12 5 1
Drop 0 0 0
Map 12 7 1
Drop 6 0 0
Drop 2 0 1
Bonus 0 0 0
Map 12 3 1
Tile:2 3 5 0
Drop 6 0 1
Tile:5_flip 3 6 0
Drop 3 0 1
Drop 1 0 0
Destroy 5 4 1
Tile:0 2 5 0
Drop 0 0 1
Tile:11 1 5 0
Drop 4 0 1
Tile:7_flip 1 6 0
Drop 0 0 1
Drop 5 0 0
Drop 4 0 1
Tile:8 5 4 0
Destroy 1 5 1
GAMEOVER TIMEOUT WINNER 1
# Game ended: Mon Apr 13 11:16:43 EDT 2020
