# Server version 0.08 running on 192.168.2.139:8123
# Game ID: 209
# Board class: Saboteur.SaboteurBoard
# Timeout: 20000
# First Move Timeout: 30000
# Date: Wed Apr 15 13:54:18 EDT 2020
# Player 1: Player-0, '260714615', running on 192.168.2.139
# Player 2: Player-1, 'RandomPlayer', running on 192.168.2.139
START Player-0 260714615
START Player-1 RandomPlayer
BoardInit:Malus,Tile:0,Tile:7,Tile:15,Bonus,Tile:12,Tile:0,Tile:9,Tile:11,Tile:7,Tile:5,Tile:10,Destroy,Tile:7,Map,Tile:6,Tile:10,Tile:0,Tile:6,Tile:2,Tile:8,Tile:13,Tile:0,Destroy,Map,Tile:9,Tile:5,Tile:6,Tile:7,Tile:6,Map,Tile:5,Bonus,Bonus,Tile:4,Map,Map,Tile:9,Tile:9,Tile:10,Tile:3-Bonus,Tile:1,Tile:8,Tile:8,Tile:5,Malus,Destroy-Map,Tile:8,Tile:6,Tile:8,Tile:9,Tile:7,Tile:14-Tile:hidden2,Tile:hidden1,Tile:nugget
Tile:8 6 5 1
Map 12 3 0
Drop 1 0 1
Tile:8 7 5 0
Tile:7_flip 4 5 1
Tile:6 8 5 0
Tile:8 5 4 1
Tile:8 9 5 0
Drop 0 0 1
Tile:0 10 5 0
Drop 3 0 1
Tile:9_flip 11 5 0
Tile:5 7 4 1
Tile:7_flip 11 6 0
Destroy 4 5 1
Tile:9 11 4 0
Destroy 10 5 1
Tile:6 10 5 0
Map 12 7 1
Tile:0 12 4 0
Tile:10 9 6 1
Tile:7 12 6 0
GAMEOVER WINNER 0
# Game ended: Wed Apr 15 13:54:45 EDT 2020
