# Server version 0.08 running on 192.168.2.139:8123
# Game ID: 149
# Board class: Saboteur.SaboteurBoard
# Timeout: 20000
# First Move Timeout: 30000
# Date: Wed Apr 15 11:28:34 EDT 2020
# Player 1: Player-0, 'RandomPlayer', running on 127.0.0.1
# Player 2: Player-1, '260714615', running on 127.0.0.1
START Player-0 RandomPlayer
START Player-1 260714615
BoardInit:Tile:10,Tile:10,Map,Tile:13,Tile:0,Map,Tile:0,Bonus,Tile:0,Tile:8,Tile:7,Tile:8,Tile:6,Tile:9,Bonus,Malus,Tile:12,Bonus,Tile:2,Tile:8,Tile:11,Map,Tile:10,Tile:6,Tile:8,Tile:7,Destroy,Map,Tile:6,Tile:7,Tile:9,Map,Tile:5,Malus,Bonus,Tile:15,Tile:9,Tile:9,Tile:1,Tile:3,Tile:6-Tile:5,Destroy,Map,Tile:4,Tile:14,Tile:6,Tile:7-Tile:5,Tile:0,Tile:8,Destroy,Tile:7,Tile:9,Tile:5-Tile:hidden1,Tile:hidden2,Tile:nugget
Map 12 3 1
Tile:5 5 4 0
Tile:6 6 5 1
Tile:9_flip 5 6 0
Map 12 3 1
Destroy 6 5 0
Tile:0 6 5 1
Drop 2 0 0
Tile:0 7 5 1
Tile:5_flip 6 4 0
Tile:0 8 5 1
Drop 1 0 0
Tile:5_flip 9 5 1
Tile:8 9 4 0
Tile:6 10 4 1
Tile:8 10 3 0
Tile:7 11 4 1
Tile:9_flip 6 3 0
Tile:10 11 5 1
Tile:13 6 2 0
Tile:7_flip 11 6 1
Tile:8 5 7 0
Tile:4 6 1 1
Tile:10 5 8 0
Tile:10 10 2 1
Tile:6 4 5 0
Tile:8 12 6 1
GAMEOVER WINNER 1
# Game ended: Wed Apr 15 11:29:09 EDT 2020
