# Server version 0.08 running on 192.168.2.139:8123
# Game ID: 270
# Board class: Saboteur.SaboteurBoard
# Timeout: 20000
# First Move Timeout: 30000
# Date: Mon Apr 13 18:11:54 EDT 2020
# Player 1: Player-0, '260714615', running on 192.168.2.139
# Player 2: Player-1, 'RandomPlayer', running on 192.168.2.139
START Player-0 260714615
START Player-1 RandomPlayer
BoardInit:Tile:10,Tile:4,Tile:5,Tile:9,Map,Tile:11,Tile:6,Tile:1,Bonus,Tile:8,Destroy,Tile:5,Map,Tile:6,Map,Bonus,Tile:7,Destroy,Tile:6,Tile:8,Tile:5,Malus,Tile:8,Tile:10,Tile:15,Bonus,Tile:0,Tile:12,Tile:9,Malus,Tile:3,Tile:8,Destroy,Map,Bonus,Map,Tile:9,Tile:0,Tile:8,Tile:9,Tile:13-Tile:14,Tile:10,Tile:5,Tile:0,Tile:7,Tile:7,Tile:0-Tile:2,Tile:6,Tile:9,Map,Tile:7,Tile:7,Tile:6-Tile:nugget,Tile:hidden2,Tile:hidden1
Tile:14 6 5 1
Map 12 3 0
Tile:10 5 6 1
Tile:6_flip 6 4 0
Tile:7_flip 4 5 1
Tile:6 7 4 0
Tile:5 5 4 1
Tile:9 7 3 0
Tile:10 4 4 1
Tile:9 7 2 0
Tile:5_flip 5 7 1
Tile:8 8 3 0
Drop 2 0 1
Tile:5 7 1 0
Tile:6_flip 9 3 1
Tile:6 10 3 0
Tile:0 4 7 1
Tile:7 11 3 0
Drop 5 0 1
Tile:7_flip 11 4 0
Drop 3 0 1
Tile:8 12 4 0
GAMEOVER WINNER 0
# Game ended: Mon Apr 13 18:12:04 EDT 2020
