# Server version 0.08 running on 192.168.2.139:8123
# Game ID: 300
# Board class: Saboteur.SaboteurBoard
# Timeout: 20000
# First Move Timeout: 30000
# Date: Wed Apr 15 16:23:53 EDT 2020
# Player 1: Player-0, '260714615', running on 192.168.2.139
# Player 2: Player-1, 'RandomPlayer', running on 192.168.2.139
START Player-0 260714615
START Player-1 RandomPlayer
BoardInit:Destroy,Map,Tile:10,Tile:9,Bonus,Map,Tile:0,Tile:9,Map,Malus,Tile:5,Tile:12,Tile:9,Tile:7,Tile:11,Tile:7,Tile:6,Tile:6,Tile:0,Tile:2,Tile:7,Tile:9,Tile:3,Map,Tile:0,Tile:5,Map,Tile:15,Malus,Tile:8,Tile:7,Tile:14,Tile:5,Map,Bonus,Destroy,Tile:8,Tile:13,Tile:6,Tile:10,Tile:6-Tile:8,Destroy,Tile:8,Bonus,Tile:5,Bonus,Tile:1-Tile:9,Tile:6,Tile:8,Tile:0,Tile:10,Tile:4,Tile:7-Tile:hidden1,Tile:nugget,Tile:hidden2
Tile:5_flip 5 6 1
Tile:6 6 5 0
Drop 1 0 1
Map 12 3 0
Tile:1 4 6 1
Tile:8 7 5 0
Tile:10 5 4 1
Map 12 5 0
Tile:8 7 4 1
Tile:0 8 5 0
Tile:8 9 5 1
Tile:9 9 4 0
Tile:0 10 5 1
Tile:7 11 5 0
Destroy 9 5 1
Tile:10 7 6 0
Tile:11 5 3 1
Tile:9 7 3 0
Tile:6 9 5 1
Tile:9 11 6 0
Tile:0 4 5 1
Tile:6 12 6 0
GAMEOVER WINNER 0
# Game ended: Wed Apr 15 16:24:15 EDT 2020
