# Server version 0.08 running on 192.168.2.139:8123
# Game ID: 53
# Board class: Saboteur.SaboteurBoard
# Timeout: 20000
# First Move Timeout: 30000
# Date: Sun Apr 12 20:57:26 EDT 2020
# Player 1: Player-0, '260714615', running on 127.0.0.1
# Player 2: Player-1, 'RandomPlayer', running on 127.0.0.1
START Player-0 260714615
START Player-1 RandomPlayer
BoardInit:Tile:12,Bonus,Tile:5,Destroy,Tile:10,Tile:10,Bonus,Tile:9,Destroy,Tile:0,Malus,Tile:5,Tile:6,Tile:6,Tile:10,Malus,Tile:3,Bonus,Tile:0,Tile:9,Tile:15,Tile:5,Tile:8,Tile:7,Tile:7,Tile:4,Tile:9,Tile:7,Tile:9,Tile:2,Map,Tile:14,Tile:8,Tile:6,Tile:9,Tile:7,Bonus,Tile:6,Map,Map,Tile:5-Tile:0,Tile:8,Map,Tile:1,Tile:6,Destroy,Tile:11-Tile:13,Tile:8,Map,Tile:0,Tile:8,Map,Tile:7-Tile:hidden1,Tile:nugget,Tile:hidden2
Tile:1 4 5 1
Tile:8 6 5 0
Map 12 7 1
Drop 1 0 0
Tile:11 5 6 1
Tile:8 5 7 0
Tile:8 6 6 1
Tile:7 7 6 0
Destroy 7 6 1
Tile:9_flip 6 4 0
Tile:5_flip 7 5 1
Tile:13 5 4 0
Tile:10 7 4 1
Tile:5_flip 6 7 0
Tile:12_flip 4 4 1
Destroy 5 7 0
Tile:6_flip 3 5 1
Tile:0 7 6 0
Malus 0 0 1
Map 12 7 0
Drop 4 0 1
GAMEOVER ILLEGAL MOVE: Player 0, CardUsed: (Tile:10), PosOfUse: (6, 3) WINNER 1
# Game ended: Sun Apr 12 20:57:26 EDT 2020
