# Server version 0.08 running on 192.168.2.139:8123
# Game ID: 174
# Board class: Saboteur.SaboteurBoard
# Timeout: 20000
# First Move Timeout: 30000
# Date: Wed Apr 15 12:38:59 EDT 2020
# Player 1: Player-0, '260714615', running on 192.168.2.139
# Player 2: Player-1, 'RandomPlayer', running on 192.168.2.139
START Player-0 260714615
START Player-1 RandomPlayer
BoardInit:Tile:7,Tile:0,Map,Tile:6,Tile:9,Tile:9,Tile:13,Tile:5,Malus,Tile:6,Tile:6,Tile:6,Bonus,Tile:12,Map,Tile:10,Tile:9,Tile:8,Tile:15,Destroy,Tile:10,Tile:8,Tile:4,Tile:9,Tile:5,Map,Tile:8,Malus,Tile:8,Destroy,Tile:7,Bonus,Tile:10,Map,Tile:7,Destroy,Tile:0,Bonus,Map,Tile:14,Tile:6-Tile:5,Bonus,Tile:5,Tile:2,Tile:0,Map,Tile:11-Tile:3,Tile:7,Tile:0,Tile:9,Tile:8,Tile:1,Tile:7-Tile:hidden2,Tile:hidden1,Tile:nugget
Tile:11 5 4 1
Tile:0 6 5 0
Tile:2_flip 6 4 1
Tile:8 7 5 0
Map 12 3 1
Tile:0 8 5 0
Tile:7 7 4 1
Tile:6 9 5 0
Tile:5_flip 5 6 1
Tile:9 9 4 0
Map 12 7 1
Tile:6 10 5 0
Tile:9 6 3 1
Tile:6 11 5 0
Tile:6 7 3 1
Tile:9 11 4 0
Tile:13 4 6 1
Tile:7 12 4 0
Tile:9_flip 7 2 1
Tile:5 11 3 0
Tile:5_flip 12 6 1
Destroy 4 6 0
Tile:15 12 2 1
Tile:1 11 6 0
Tile:10 5 3 1
Tile:10 9 3 0
Tile:5 10 6 1
Tile:9_flip 12 1 0
Tile:4 12 0 1
Tile:8 4 5 0
Tile:8 10 7 1
Tile:8 7 1 0
Tile:0 13 3 1
Tile:3_flip 3 5 0
Tile:10 4 4 1
GAMEOVER TIMEOUT WINNER 1
# Game ended: Wed Apr 15 12:40:04 EDT 2020
