# Server version 0.08 running on 192.168.2.139:8123
# Game ID: 38
# Board class: Saboteur.SaboteurBoard
# Timeout: 20000
# First Move Timeout: 30000
# Date: Sun Apr 12 20:55:42 EDT 2020
# Player 1: Player-0, '260714615', running on 127.0.0.1
# Player 2: Player-1, 'RandomPlayer', running on 127.0.0.1
START Player-0 260714615
START Player-1 RandomPlayer
BoardInit:Tile:14,Tile:8,Tile:8,Tile:15,Malus,Tile:2,Tile:3,Tile:5,Bonus,Map,Tile:12,Tile:10,Tile:7,Tile:10,Tile:11,Tile:8,Tile:9,Tile:5,Destroy,Malus,Tile:6,Tile:7,Map,Tile:8,Tile:7,Tile:0,Tile:13,Tile:5,Tile:0,Tile:1,Map,Tile:6,Tile:9,Tile:0,Bonus,Bonus,Tile:9,Tile:9,Tile:6,Map,Tile:5-Tile:7,Bonus,Tile:9,Tile:8,Tile:6,Map,Tile:4-Destroy,Tile:6,Map,Tile:7,Destroy,Tile:10,Tile:0-Tile:hidden2,Tile:hidden1,Tile:nugget
Tile:6_flip 4 5 1
Tile:7_flip 5 6 0
Tile:4 5 4 1
Tile:6_flip 3 5 0
Tile:8 2 5 1
Drop 6 0 0
Map 12 7 1
Tile:0 6 5 0
Tile:3_flip 1 5 1
Tile:10 4 6 0
Tile:7 1 4 1
Destroy 6 5 0
Tile:9_flip 2 6 1
Tile:5_flip 6 6 0
Tile:14 2 7 1
Destroy 4 5 0
Drop 0 0 1
Tile:10 4 7 0
Drop 1 0 1
Tile:5 1 7 0
Tile:11_flip 6 5 1
Tile:8 1 8 0
Drop 5 0 1
Tile:8 4 5 0
Drop 2 0 1
Tile:10 3 6 0
Tile:9 2 4 1
Tile:2_flip 0 8 0
Drop 6 0 1
Tile:8 2 3 0
Tile:7_flip 1 9 1
Tile:7_flip 4 8 0
Tile:6 2 9 1
Tile:6_flip 2 2 0
Tile:9 0 4 1
Tile:1 1 3 0
Drop 3 0 1
Map 12 3 0
Tile:9_flip 5 8 1
Tile:5_flip 3 9 0
Tile:8 0 3 1
Tile:9_flip 3 8 0
Drop 0 0 1
Tile:0 3 4 0
Drop 4 0 1
Drop 2 0 0
Tile:5 0 2 1
Map 12 7 0
Drop 3 0 1
Map 12 7 0
Map 12 3 1
Drop 1 0 0
Drop 1 0 1
Malus 0 0 0
Drop 0 0 1
GAMEOVER DRAW
# Game ended: Sun Apr 12 20:55:43 EDT 2020
