# Server version 0.08 running on 192.168.2.139:8123
# Game ID: 421
# Board class: Saboteur.SaboteurBoard
# Timeout: 20000
# First Move Timeout: 30000
# Date: Wed Apr 15 19:34:59 EDT 2020
# Player 1: Player-0, '260714615', running on 127.0.0.1
# Player 2: Player-1, 'RandomPlayer', running on 127.0.0.1
START Player-0 260714615
START Player-1 RandomPlayer
BoardInit:Map,Tile:4,Tile:7,Bonus,Bonus,Tile:10,Tile:0,Tile:6,Destroy,Tile:10,Tile:0,Tile:11,Tile:8,Tile:8,Tile:6,Tile:6,Tile:14,Tile:7,Map,Tile:5,Tile:6,Tile:6,Tile:9,Tile:3,Bonus,Tile:9,Tile:0,Tile:7,Tile:8,Tile:5,Tile:15,Tile:5,Tile:7,Malus,Map,Map,Tile:0,Tile:1,Tile:8,Malus,Tile:10-Destroy,Tile:7,Destroy,Tile:2,Tile:13,Tile:9,Tile:8-Bonus,Tile:5,Tile:9,Map,Tile:9,Map,Tile:12-Tile:hidden2,Tile:hidden1,Tile:nugget
Tile:8 5 4 1
Map 12 3 0
Drop 1 0 1
Map 12 5 0
Tile:2_flip 4 5 1
Tile:9 5 6 0
Tile:9_flip 6 5 1
Tile:5 5 3 0
Tile:13 3 5 1
Tile:6 6 6 0
Tile:7 6 3 1
Tile:9 5 7 0
Destroy 6 5 1
Tile:10 5 8 0
Destroy 6 6 1
Tile:8 6 5 0
Tile:8 5 9 1
Tile:6 7 5 0
Tile:6_flip 7 4 1
Tile:7 8 5 0
Map 12 3 1
Tile:5 4 4 0
Drop 5 0 1
Tile:6 8 4 0
Tile:14 6 9 1
Tile:10 8 6 0
Destroy 5 6 1
Tile:9 8 3 0
Tile:0 4 9 1
Tile:7_flip 8 7 0
Drop 6 0 1
Tile:5 8 2 0
Tile:15 6 8 1
Tile:5_flip 9 4 0
Tile:9 5 10 1
Malus 0 0 0
Drop 0 0 1
Map 12 7 0
Map 12 5 1
Tile:12 6 10 0
Drop 4 0 1
Malus 0 0 0
Drop 5 0 1
Tile:4 3 4 0
Drop 4 0 1
Tile:11 3 6 0
Drop 3 0 1
Tile:3 4 6 0
Drop 2 0 1
Tile:1 2 5 0
Drop 0 0 1
Drop 0 0 0
Drop 1 0 1
Drop 0 0 0
Drop 0 0 1
GAMEOVER DRAW
# Game ended: Wed Apr 15 19:35:53 EDT 2020
