# Server version 0.08 running on 192.168.2.139:8123
# Game ID: 104
# Board class: Saboteur.SaboteurBoard
# Timeout: 20000
# First Move Timeout: 30000
# Date: Wed Apr 15 00:20:31 EDT 2020
# Player 1: Player-0, '260714615', running on 192.168.2.139
# Player 2: Player-1, 'RandomPlayer', running on 192.168.2.139
START Player-0 260714615
START Player-1 RandomPlayer
BoardInit:Tile:10,Tile:13,Destroy,Tile:8,Tile:6,Tile:7,Tile:3,Map,Map,Tile:14,Destroy,Tile:6,Tile:5,Tile:6,Tile:8,Tile:8,Tile:5,Tile:9,Malus,Tile:6,Bonus,Tile:9,Bonus,Tile:6,Tile:10,Map,Tile:11,Destroy,Map,Tile:9,Tile:5,Tile:9,Tile:7,Tile:7,Malus,Tile:7,Tile:5,Tile:0,Bonus,Tile:15,Bonus-Tile:0,Tile:8,Tile:1,Tile:12,Tile:0,Tile:4,Tile:7-Tile:2,Map,Tile:10,Map,Tile:0,Tile:9,Tile:8-Tile:hidden2,Tile:nugget,Tile:hidden1
Drop 2 0 1
Map 12 3 0
Tile:8 4 5 1
Map 12 3 0
Tile:7 5 4 1
Tile:0 6 5 0
Tile:0 7 5 1
Tile:8 8 5 0
Tile:10 8 6 1
Map 12 3 0
Tile:3 8 4 1
Tile:8 9 5 0
Destroy 4 5 1
Tile:6 10 5 0
Tile:6 7 4 1
Tile:6 11 5 0
GAMEOVER WINNER 0
# Game ended: Wed Apr 15 00:20:47 EDT 2020
