# Server version 0.08 running on 192.168.2.139:8123
# Game ID: 109
# Board class: Saboteur.SaboteurBoard
# Timeout: 20000
# First Move Timeout: 30000
# Date: Wed Apr 15 00:29:37 EDT 2020
# Player 1: Player-0, '260714615', running on 192.168.2.139
# Player 2: Player-1, 'RandomPlayer', running on 192.168.2.139
START Player-0 260714615
START Player-1 RandomPlayer
BoardInit:Tile:6,Tile:9,Tile:0,Map,Destroy,Tile:8,Tile:5,Tile:14,Tile:15,Tile:9,Map,Tile:5,Destroy,Tile:0,Tile:5,Tile:7,Tile:6,Tile:11,Tile:9,Tile:8,Tile:10,Tile:10,Tile:12,Tile:6,Tile:4,Tile:8,Bonus,Map,Malus,Malus,Tile:7,Tile:9,Tile:0,Map,Tile:2,Tile:6,Tile:7,Tile:10,Tile:6,Tile:8,Bonus-Bonus,Tile:13,Map,Tile:3,Map,Tile:7,Bonus-Destroy,Tile:5,Tile:8,Tile:7,Tile:0,Tile:9,Tile:1-Tile:nugget,Tile:hidden2,Tile:hidden1
Drop 2 0 1
Tile:8 5 6 0
Tile:7_flip 4 5 1
Tile:0 6 6 0
Tile:0 6 5 1
Map 12 7 0
Drop 2 0 1
Tile:1 7 6 0
Tile:6_flip 4 4 1
Tile:8 8 6 0
Tile:5_flip 8 7 1
Tile:5_flip 9 6 0
Tile:15 5 7 1
Tile:9_flip 5 8 0
Destroy 5 8 1
Tile:9_flip 5 8 0
Tile:5 4 6 1
Tile:9_flip 5 9 0
Map 12 7 1
Tile:11_flip 5 10 0
Tile:6 4 9 1
Tile:8 4 8 0
Tile:9_flip 4 7 1
Tile:14 5 11 0
Destroy 4 9 1
Tile:6_flip 4 10 0
Tile:13 4 11 1
Tile:8 3 8 0
Tile:12_flip 3 10 1
Tile:5_flip 3 9 0
Tile:4 9 5 1
Tile:10 4 12 0
Map 12 7 1
Tile:9_flip 4 13 0
Tile:7 8 5 1
Tile:0 3 11 0
Tile:2 3 4 1
Tile:6_flip 2 8 0
Tile:10 3 5 1
Destroy 2 8 0
Tile:6 7 5 1
Tile:8 2 8 0
Drop 0 0 1
Tile:7 2 7 0
Drop 4 0 1
Tile:7_flip 1 7 0
Tile:0 2 11 1
Tile:10 1 6 0
Drop 2 0 1
Map 12 7 0
Drop 0 0 1
Map 12 7 0
Drop 1 0 1
Drop 0 0 0
Drop 0 0 1
GAMEOVER DRAW
# Game ended: Wed Apr 15 00:30:31 EDT 2020
