# Server version 0.08 running on 192.168.2.139:8123
# Game ID: 81
# Board class: Saboteur.SaboteurBoard
# Timeout: 20000
# First Move Timeout: 30000
# Date: Sun Apr 12 23:49:06 EDT 2020
# Player 1: Player-0, '260714615', running on 192.168.2.139
# Player 2: Player-1, 'RandomPlayer', running on 192.168.2.139
START Player-0 260714615
START Player-1 RandomPlayer
BoardInit:Tile:8,Tile:10,Tile:8,Destroy,Tile:2,Malus,Bonus,Map,Tile:0,Tile:9,Tile:0,Tile:15,Bonus,Tile:6,Tile:13,Tile:5,Tile:7,Tile:8,Tile:9,Tile:6,Destroy,Tile:0,Bonus,Tile:7,Tile:7,Tile:9,Tile:5,Tile:6,Tile:14,Tile:10,Map,Tile:1,Bonus,Tile:5,Tile:7,Map,Tile:8,Tile:9,Tile:0,Tile:3,Tile:4-Map,Destroy,Tile:6,Tile:8,Malus,Map,Tile:9-Map,Tile:12,Tile:7,Tile:6,Tile:5,Tile:11,Tile:10-Tile:hidden1,Tile:nugget,Tile:hidden2
Tile:8 5 6 1
Tile:6_flip 5 4 0
Drop 5 0 1
Map 12 7 0
Map 12 5 1
Drop 2 0 0
Tile:6_flip 6 5 1
Tile:11_flip 6 6 0
Tile:2 4 4 1
Destroy 4 4 0
Drop 1 0 1
Drop 3 0 0
Tile:8 4 4 1
Tile:9_flip 7 5 0
Drop 1 0 1
Drop 5 0 0
Tile:13 4 5 1
Tile:5_flip 5 7 0
Tile:0 4 7 1
Tile:8 3 4 0
Tile:7_flip 4 6 1
Tile:12 6 4 0
Tile:9_flip 4 3 1
Malus 0 0 0
Drop 0 0 1
Map 12 3 0
Bonus 0 0 1
Tile:7_flip 3 7 0
Drop 6 0 1
Tile:10 7 6 0
Tile:7_flip 6 7 1
Tile:6 2 4 0
Destroy 7 6 1
Tile:6 3 5 0
Tile:0 2 5 1
Tile:5_flip 7 7 0
Tile:14_flip 7 4 1
Tile:9 7 6 0
Tile:8 8 4 1
Tile:1 9 4 0
Tile:7 8 3 1
Tile:6_flip 3 3 0
Tile:8 2 3 1
Tile:10 2 2 0
Drop 1 0 1
Tile:3_flip 7 3 0
Tile:4 7 2 1
Tile:0 1 3 0
Map 12 5 1
Map 12 3 0
Tile:0 1 4 1
Tile:7 2 1 0
Drop 1 0 1
Tile:9 8 5 0
Drop 0 0 1
GAMEOVER DRAW
# Game ended: Sun Apr 12 23:51:07 EDT 2020
