# Server version 0.08 running on 192.168.2.139:8123
# Game ID: 279
# Board class: Saboteur.SaboteurBoard
# Timeout: 20000
# First Move Timeout: 30000
# Date: Wed Apr 15 15:49:52 EDT 2020
# Player 1: Player-0, '260714615', running on 192.168.2.139
# Player 2: Player-1, 'RandomPlayer', running on 192.168.2.139
START Player-0 260714615
START Player-1 RandomPlayer
BoardInit:Tile:1,Tile:9,Tile:8,Malus,Tile:8,Tile:0,Tile:7,Tile:9,Tile:7,Tile:7,Tile:4,Tile:6,Destroy,Tile:7,Bonus,Destroy,Tile:9,Map,Tile:8,Tile:2,Map,Tile:10,Tile:9,Tile:7,Tile:5,Tile:12,Tile:15,Tile:13,Tile:8,Map,Tile:5,Tile:6,Tile:8,Map,Tile:5,Tile:5,Tile:6,Tile:6,Tile:0,Tile:6,Tile:3-Bonus,Tile:0,Destroy,Bonus,Tile:10,Map,Tile:14-Malus,Map,Bonus,Tile:9,Tile:11,Tile:10,Tile:0-Tile:nugget,Tile:hidden1,Tile:hidden2
Drop 5 0 1
Map 12 3 0
Tile:0 4 5 1
Tile:0 6 5 0
Tile:8 5 4 1
Tile:9 5 3 0
Tile:1 6 4 1
Tile:0 7 4 0
Destroy 5 4 1
Tile:9 5 4 0
Drop 2 0 1
Tile:10 5 2 0
Tile:7 7 5 1
Tile:6 8 4 0
Destroy 8 4 1
Tile:9 7 6 0
Tile:14 6 3 1
Destroy 6 3 0
Tile:7_flip 3 5 1
Tile:7_flip 7 7 0
Tile:9_flip 8 4 1
Tile:7_flip 8 5 0
Drop 1 0 1
Tile:10 8 3 0
Drop 0 0 1
Tile:7 9 5 0
Tile:8 3 4 1
Drop 5 0 0
Tile:9_flip 5 1 1
Malus 0 0 0
Drop 3 0 1
Malus 0 0 0
Drop 4 0 1
Tile:6_flip 8 2 0
Drop 0 0 1
Drop 5 0 0
Drop 4 0 1
Tile:5 7 2 0
Drop 0 0 1
Tile:6 9 2 0
Drop 2 0 1
Tile:6 10 2 0
Drop 0 0 1
Drop 5 0 0
Drop 4 0 1
Tile:11 3 3 0
Drop 2 0 1
Tile:12 4 3 0
Drop 0 0 1
Tile:13 3 2 0
Drop 0 0 1
Drop 0 0 0
Drop 1 0 1
Drop 0 0 0
Drop 0 0 1
GAMEOVER DRAW
# Game ended: Wed Apr 15 15:50:46 EDT 2020
