# Server version 0.08 running on 192.168.2.139:8123
# Game ID: 388
# Board class: Saboteur.SaboteurBoard
# Timeout: 20000
# First Move Timeout: 30000
# Date: Wed Apr 15 18:49:10 EDT 2020
# Player 1: Player-0, '260714615', running on 192.168.2.139
# Player 2: Player-1, 'RandomPlayer', running on 192.168.2.139
START Player-0 260714615
START Player-1 RandomPlayer
BoardInit:Tile:6,Tile:3,Tile:2,Tile:7,Map,Tile:10,Tile:0,Bonus,Destroy,Destroy,Tile:10,Tile:5,Tile:5,Tile:0,Tile:8,Tile:5,Tile:5,Tile:9,Bonus,Malus,Tile:7,Tile:8,Tile:9,Tile:8,Tile:9,Map,Map,Tile:7,Tile:14,Tile:6,Tile:7,Tile:13,Tile:6,Tile:6,Map,Tile:4,Tile:9,Map,Bonus,Tile:15,Map-Bonus,Destroy,Tile:10,Tile:9,Tile:0,Tile:6,Tile:0-Tile:1,Tile:12,Tile:8,Tile:11,Malus,Tile:7,Tile:8-Tile:hidden2,Tile:nugget,Tile:hidden1
Drop 2 0 1
Malus 0 0 0
Drop 1 0 1
Tile:8 6 5 0
Drop 4 0 1
Tile:8 7 5 0
Drop 2 0 1
Tile:7_flip 7 6 0
Map 12 5 1
Tile:10 7 4 0
Bonus 0 0 1
Tile:7_flip 5 6 0
Tile:2 8 6 1
Destroy 8 6 0
Tile:9 7 3 1
Tile:0 8 5 0
Tile:5_flip 6 6 1
Tile:5 7 2 0
Tile:6 8 2 1
Tile:5 8 1 0
Tile:5_flip 9 1 1
Malus 0 0 0
Destroy 6 6 1
Tile:8 9 5 0
Drop 5 0 1
Tile:8 10 5 0
Drop 0 0 1
Map 12 3 0
Drop 6 0 1
Tile:1 11 5 0
Drop 1 0 1
Drop 0 0 0
Drop 4 0 1
Drop 0 0 0
Drop 0 0 1
Drop 0 0 0
Map 12 7 1
Tile:9 10 4 0
Drop 0 0 1
Map 12 5 0
Drop 4 0 1
Tile:6 11 4 0
Bonus 0 0 1
