# Server version 0.08 running on 192.168.2.139:8123
# Game ID: 265
# Board class: Saboteur.SaboteurBoard
# Timeout: 20000
# First Move Timeout: 30000
# Date: Wed Apr 15 15:26:36 EDT 2020
# Player 1: Player-0, '260714615', running on 127.0.0.1
# Player 2: Player-1, 'RandomPlayer', running on 127.0.0.1
START Player-0 260714615
START Player-1 RandomPlayer
BoardInit:Destroy,Tile:14,Tile:8,Bonus,Bonus,Tile:5,Tile:6,Destroy,Map,Tile:9,Bonus,Tile:13,Tile:8,Tile:10,Tile:0,Tile:9,Tile:7,Tile:10,Tile:1,Tile:7,Tile:5,Tile:9,Map,Tile:7,Tile:11,Tile:5,Tile:0,Tile:0,Tile:3,Tile:2,Tile:10,Tile:9,Tile:4,Map,Tile:7,Malus,Map,Tile:0,Tile:8,Tile:12,Map-Malus,Tile:7,Tile:15,Tile:5,Tile:6,Bonus,Tile:6-Tile:8,Tile:6,Tile:9,Tile:6,Map,Tile:8,Destroy-Tile:hidden1,Tile:hidden2,Tile:nugget
Tile:5_flip 6 5 1
Map 12 3 0
Tile:6 5 6 1
Tile:8 6 4 0
Tile:8 6 3 1
Tile:6 7 4 0
Drop 4 0 1
Tile:6 8 4 0
Tile:6_flip 5 3 1
Tile:8 9 4 0
Tile:7 6 6 1
Tile:9 9 5 0
Destroy 6 6 1
Tile:9 9 6 0
Tile:8 10 6 1
Tile:5_flip 11 6 0
Map 12 3 1
Tile:10 11 5 0
Tile:7 6 6 1
Tile:9 11 4 0
Tile:15 6 7 1
Destroy 6 7 0
Drop 5 0 1
Tile:7 12 4 0
Tile:5 8 3 1
Tile:10 11 3 0
Tile:11_flip 7 3 1
Destroy 7 3 0
Drop 2 0 1
Tile:9 10 7 0
Malus 0 0 1
Bonus 0 0 0
Tile:10 12 6 1
GAMEOVER WINNER 1
# Game ended: Wed Apr 15 15:27:08 EDT 2020
