# Server version 0.08 running on LAPTOP-PK0TDV81:8123
# Game ID: 158
# Board class: Saboteur.SaboteurBoard
# Timeout: 20000
# First Move Timeout: 30000
# Date: Wed Apr 15 11:43:11 EDT 2020
# Player 1: Player-0, '260714615', running on LAPTOP-PK0TDV81
# Player 2: Player-1, 'RandomPlayer', running on LAPTOP-PK0TDV81
START Player-0 260714615
START Player-1 RandomPlayer
BoardInit:Destroy,Tile:9,Tile:7,Map,Tile:9,Malus,Tile:0,Tile:8,Bonus,Tile:6,Tile:15,Tile:2,Tile:10,Tile:3,Tile:5,Tile:8,Map,Tile:0,Tile:7,Tile:7,Tile:11,Tile:7,Tile:6,Map,Map,Bonus,Tile:9,Tile:5,Destroy,Tile:6,Tile:8,Tile:5,Bonus,Tile:14,Tile:8,Tile:12,Tile:9,Map,Tile:10,Tile:6,Tile:0-Destroy,Tile:6,Tile:10,Tile:8,Tile:9,Tile:13,Tile:4-Malus,Bonus,Tile:5,Tile:7,Map,Tile:1,Tile:0-Tile:hidden2,Tile:nugget,Tile:hidden1
Tile:13 6 5 1
Map 12 3 0
Tile:4 5 4 1
Tile:0 7 5 0
Tile:9 6 4 1
Map 12 3 0
Tile:8 5 6 1
Tile:5 6 3 0
Tile:6 5 7 1
Tile:8 8 5 0
Tile:0 9 5 1
Tile:6 10 5 0
Destroy 5 7 1
Tile:7 11 5 0
Tile:10 8 6 1
Tile:9 11 6 0
Tile:7_flip 5 7 1
Tile:8 12 6 0
Tile:5_flip 6 7 1
Tile:0 13 6 0
Map 12 3 1
Tile:7_flip 11 7 0
Tile:9_flip 6 6 1
Malus 0 0 0
Destroy 11 7 1
Map 12 3 0
Map 12 5 1
Malus 0 0 0
Drop 6 0 1
Tile:7_flip 11 7 0
Destroy 5 6 1
Tile:5 10 4 0
Drop 4 0 1
Tile:6 11 4 0
Drop 4 0 1
Tile:1 12 4 0
Drop 3 0 1
Tile:5 11 3 0
Bonus 0 0 1
Map 12 3 0
Drop 4 0 1
Tile:6 13 4 0
Drop 5 0 1
Tile:2 4 5 0
Drop 4 0 1
Tile:3 7 3 0
Drop 3 0 1
Tile:14 4 6 0
Drop 0 0 1
Tile:12_flip 3 5 0
Drop 0 0 1
Drop 0 0 0
Drop 1 0 1
Drop 0 0 0
Drop 0 0 1
GAMEOVER DRAW
# Game ended: Wed Apr 15 11:44:06 EDT 2020
