# Server version 0.08 running on 192.168.2.139:8123
# Game ID: 325
# Board class: Saboteur.SaboteurBoard
# Timeout: 20000
# First Move Timeout: 30000
# Date: Wed Apr 15 17:12:48 EDT 2020
# Player 1: Player-0, '260714615', running on 192.168.2.139
# Player 2: Player-1, 'RandomPlayer', running on 192.168.2.139
START Player-0 260714615
START Player-1 RandomPlayer
BoardInit:Tile:9,Tile:10,Tile:5,Tile:8,Tile:6,Tile:6,Tile:9,Map,Tile:3,Bonus,Tile:0,Tile:6,Tile:8,Tile:1,Malus,Bonus,Tile:0,Tile:10,Tile:7,Tile:0,Tile:5,Tile:5,Tile:12,Tile:15,Malus,Tile:7,Tile:13,Map,Tile:8,Map,Tile:6,Tile:8,Destroy,Tile:8,Destroy,Bonus,Tile:10,Tile:4,Destroy,Tile:7,Tile:2-Tile:9,Tile:11,Tile:7,Tile:14,Tile:0,Map,Bonus-Tile:5,Tile:6,Map,Map,Tile:9,Tile:7,Tile:9-Tile:hidden2,Tile:hidden1,Tile:nugget
Tile:14_flip 4 5 1
Map 12 3 0
Tile:0 6 5 1
Map 12 5 0
Map 12 7 1
Tile:6 7 5 0
Tile:7_flip 4 6 1
Tile:8 8 5 0
Tile:5 8 4 1
Map 12 7 0
Drop 5 0 1
Tile:6 9 5 0
Tile:11_flip 10 5 1
Tile:9 10 6 0
Tile:3 11 6 1
Tile:7_flip 11 7 0
Tile:9_flip 10 7 1
Tile:9 10 8 0
Tile:6_flip 11 8 1
Tile:6 12 8 0
Tile:7_flip 9 7 1
Tile:0 13 8 0
Tile:8 10 4 1
Tile:10 11 9 0
Tile:9 10 3 1
Tile:10 10 9 0
Tile:0 11 3 1
Tile:7_flip 11 10 0
Drop 3 0 1
Tile:5 10 2 0
Malus 0 0 1
Bonus 0 0 0
Tile:13 12 10 1
Tile:5 12 9 0
Drop 0 0 1
Tile:8 13 10 0
Destroy 10 8 1
Tile:8 10 8 0
Tile:6 5 6 1
Tile:1 9 8 0
Destroy 7 5 1
GAMEOVER TIMEOUT WINNER 1
# Game ended: Wed Apr 15 17:14:01 EDT 2020
