# Server version 0.08 running on 192.168.2.139:8123
# Game ID: 459
# Board class: Saboteur.SaboteurBoard
# Timeout: 20000
# First Move Timeout: 30000
# Date: Wed Apr 15 21:42:06 EDT 2020
# Player 1: Player-0, 'RandomPlayer', running on 127.0.0.1
# Player 2: Player-1, '260714615', running on 127.0.0.1
START Player-0 RandomPlayer
START Player-1 260714615
BoardInit:Tile:10,Tile:15,Tile:8,Destroy,Tile:14,Tile:2,Tile:6,Destroy,Tile:8,Map,Tile:10,Tile:9,Destroy,Malus,Tile:9,Tile:5,Map,Tile:6,Tile:9,Tile:9,Tile:0,Map,Tile:8,Tile:5,Tile:4,Tile:5,Tile:0,Tile:12,Tile:0,Tile:7,Tile:8,Tile:11,Tile:6,Tile:7,Bonus,Tile:7,Tile:1,Map,Tile:6,Tile:13,Tile:10-Map,Tile:6,Map,Tile:8,Malus,Bonus,Tile:0-Bonus,Tile:7,Tile:9,Tile:3,Bonus,Tile:7,Tile:5-Tile:nugget,Tile:hidden2,Tile:hidden1
Map 12 3 1
Tile:7 6 5 0
Tile:6 6 6 1
Tile:5_flip 7 6 0
Drop 0 0 1
Tile:7 5 4 0
Tile:8 5 6 1
Drop 2 0 0
Tile:0 4 4 1
Tile:9 5 7 0
Tile:6_flip 6 7 1
Destroy 5 6 0
Tile:8 5 6 1
Drop 4 0 0
Tile:8 6 8 1
Tile:2 3 4 0
Tile:9 7 5 1
Tile:9 7 4 0
Tile:10 7 3 1
Tile:6 2 4 0
Tile:9 7 2 1
Tile:15 7 1 0
Destroy 7 1 1
Tile:9_flip 7 1 0
Malus 0 0 1
Drop 3 0 0
Tile:0 8 2 1
Bonus 0 0 0
Tile:8 9 2 1
Tile:5_flip 9 3 0
Tile:0 10 2 1
Tile:5 1 4 0
Tile:0 11 2 1
Tile:5 6 1 0
Tile:8 12 2 1
GAMEOVER WINNER 1
# Game ended: Wed Apr 15 21:42:42 EDT 2020
