# Server version 0.08 running on 192.168.2.139:8123
# Game ID: 302
# Board class: Saboteur.SaboteurBoard
# Timeout: 20000
# First Move Timeout: 30000
# Date: Mon Apr 13 18:52:28 EDT 2020
# Player 1: Player-0, 'RandomPlayer', running on 127.0.0.1
# Player 2: Player-1, '260714615', running on 127.0.0.1
START Player-0 RandomPlayer
START Player-1 260714615
BoardInit:Tile:2,Tile:0,Map,Map,Malus,Tile:10,Tile:0,Map,Tile:0,Tile:9,Tile:10,Bonus,Tile:4,Tile:11,Tile:5,Tile:1,Malus,Destroy,Tile:12,Bonus,Tile:7,Tile:9,Tile:9,Tile:8,Tile:6,Tile:5,Map,Tile:7,Tile:6,Tile:9,Tile:9,Tile:8,Map,Tile:7,Tile:5,Tile:7,Tile:6,Map,Tile:6,Tile:0,Tile:7-Destroy,Tile:8,Bonus,Tile:14,Tile:3,Destroy,Tile:15-Bonus,Tile:8,Tile:5,Tile:10,Tile:6,Tile:8,Tile:13-Tile:hidden2,Tile:hidden1,Tile:nugget
Tile:8 6 5 1
Drop 5 0 0
Destroy 6 5 1
Tile:8 5 6 0
Map 12 3 1
Tile:6_flip 4 5 0
Tile:14 6 5 1
Map 12 3 0
Tile:0 6 6 1
Tile:13 5 7 0
Tile:0 7 6 1
Tile:5 3 5 0
Tile:10 6 4 1
Tile:0 6 7 0
Tile:3 5 4 1
Tile:10 5 8 0
Tile:5 6 3 1
Tile:1 4 4 0
Destroy 3 5 1
Drop 1 0 0
Tile:15 5 9 1
Tile:11 4 7 0
Tile:7 8 6 1
Destroy 7 6 0
Malus 0 0 1
Map 12 5 0
Malus 0 0 1
Drop 3 0 0
Map 12 3 1
Drop 2 0 0
Tile:9 8 7 1
Drop 1 0 0
Tile:6 9 7 1
Drop 4 0 0
Map 12 3 1
Drop 0 0 0
Tile:6 10 7 1
Drop 3 0 0
Tile:9 10 6 1
Map 12 5 0
Tile:6 11 6 1
Drop 2 0 0
Tile:5 11 5 1
Drop 1 0 0
Tile:6 12 6 1
Drop 3 0 0
Tile:7 13 6 1
Drop 0 0 0
GAMEOVER TIMEOUT WINNER 0
# Game ended: Mon Apr 13 18:53:11 EDT 2020
