# Server version 0.08 running on 192.168.2.139:8123
# Game ID: 42
# Board class: Saboteur.SaboteurBoard
# Timeout: 20000
# First Move Timeout: 30000
# Date: Tue Apr 14 11:56:47 EDT 2020
# Player 1: Player-0, '260714615', running on 192.168.2.139
# Player 2: Player-1, 'RandomPlayer', running on 192.168.2.139
START Player-0 260714615
START Player-1 RandomPlayer
BoardInit:Destroy,Tile:8,Tile:0,Tile:6,Map,Tile:5,Tile:9,Malus,Map,Tile:1,Tile:6,Map,Bonus,Tile:14,Tile:9,Tile:6,Tile:10,Tile:6,Tile:9,Map,Tile:10,Bonus,Tile:0,Tile:7,Tile:8,Tile:12,Tile:2,Tile:5,Map,Tile:13,Tile:8,Tile:8,Tile:0,Tile:5,Tile:9,Tile:4,Tile:7,Map,Tile:6,Tile:11,Tile:5-Malus,Tile:15,Bonus,Tile:7,Destroy,Destroy,Tile:7-Tile:10,Tile:9,Tile:0,Tile:7,Tile:3,Tile:8,Bonus-Tile:hidden2,Tile:hidden1,Tile:nugget
Drop 5 0 1
Tile:0 6 5 0
Tile:7_flip 5 6 1
Tile:8 7 5 0
Tile:7 8 5 1
Tile:10 8 6 0
Tile:0 4 5 1
Tile:9 8 7 0
Destroy 8 6 1
Tile:8 9 7 0
Tile:9_flip 7 4 1
Tile:6 10 7 0
Tile:6_flip 6 6 1
Map 12 3 0
Destroy 6 6 1
Tile:5 10 6 0
Malus 0 0 1
Bonus 0 0 0
Tile:9 8 6 1
Tile:6 11 6 0
Tile:15 7 6 1
Map 12 3 0
Tile:9_flip 12 6 1
GAMEOVER WINNER 1
# Game ended: Tue Apr 14 11:57:09 EDT 2020
