# Server version 0.08 running on 192.168.2.139:8123
# Game ID: 446
# Board class: Saboteur.SaboteurBoard
# Timeout: 20000
# First Move Timeout: 30000
# Date: Wed Apr 15 19:57:47 EDT 2020
# Player 1: Player-0, 'RandomPlayer', running on 127.0.0.1
# Player 2: Player-1, '260714615', running on 127.0.0.1
START Player-0 RandomPlayer
START Player-1 260714615
BoardInit:Malus,Map,Tile:7,Tile:8,Map,Tile:10,Tile:7,Tile:7,Bonus,Destroy,Tile:9,Map,Tile:14,Tile:6,Destroy,Tile:11,Tile:8,Tile:5,Tile:9,Map,Tile:5,Tile:7,Tile:7,Tile:6,Tile:13,Bonus,Tile:10,Bonus,Tile:10,Tile:9,Tile:3,Tile:0,Tile:2,Tile:4,Tile:8,Tile:12,Tile:0,Tile:5,Destroy,Tile:1,Bonus-Tile:0,Tile:15,Tile:6,Tile:8,Tile:6,Malus,Tile:5-Tile:6,Map,Tile:8,Tile:0,Tile:9,Map,Tile:9-Tile:nugget,Tile:hidden2,Tile:hidden1
Tile:0 6 5 1
Tile:8 5 4 0
Drop 0 0 1
Tile:6 6 4 0
Tile:6 7 5 1
Tile:9_flip 5 3 0
Map 12 3 1
Tile:9_flip 5 2 0
Tile:8 8 5 1
Tile:8 8 4 0
Tile:6 9 4 1
Drop 1 0 0
Tile:5 9 3 1
Destroy 8 4 0
Tile:9 8 4 1
Tile:7 8 3 0
Tile:7 10 3 1
Tile:11_flip 5 6 0
Tile:8 10 4 1
Tile:5 4 6 0
Tile:7 11 4 1
Map 12 7 0
Tile:9 11 5 1
Tile:6_flip 4 2 0
Malus 0 0 1
Map 12 3 0
Malus 0 0 1
Map 12 3 0
Tile:7_flip 11 6 1
Drop 5 0 0
Tile:5 7 3 1
Map 12 3 0
Tile:10 10 5 1
Map 12 3 0
Tile:10 10 6 1
Drop 0 0 0
Tile:8 12 6 1
Drop 4 0 0
Tile:0 13 6 1
Drop 0 0 0
Tile:14 4 7 1
Drop 4 0 0
Destroy 4 2 1
Bonus 0 0 0
Tile:13 3 7 1
Drop 3 0 0
Tile:3 3 6 1
Drop 0 0 0
Tile:2 2 6 1
Drop 2 0 0
Destroy 2 6 1
Drop 0 0 0
Drop 0 0 1
Drop 0 0 0
Drop 0 0 1
GAMEOVER DRAW
# Game ended: Wed Apr 15 19:58:43 EDT 2020
