# Server version 0.08 running on 192.168.2.139:8123
# Game ID: 329
# Board class: Saboteur.SaboteurBoard
# Timeout: 20000
# First Move Timeout: 30000
# Date: Mon Apr 13 19:24:32 EDT 2020
# Player 1: Player-0, '260714615', running on 127.0.0.1
# Player 2: Player-1, 'RandomPlayer', running on 127.0.0.1
START Player-0 260714615
START Player-1 RandomPlayer
BoardInit:Malus,Tile:7,Destroy,Map,Tile:10,Tile:3,Tile:0,Bonus,Tile:5,Tile:8,Tile:6,Tile:1,Map,Tile:5,Tile:9,Tile:7,Map,Tile:8,Tile:5,Tile:0,Tile:11,Tile:6,Tile:9,Tile:5,Tile:14,Destroy,Malus,Map,Tile:10,Tile:7,Tile:8,Tile:7,Map,Bonus,Tile:6,Tile:10,Tile:13,Bonus,Tile:12,Tile:6,Destroy-Bonus,Tile:9,Tile:8,Tile:9,Tile:2,Tile:8,Tile:0-Tile:7,Tile:0,Tile:4,Tile:15,Tile:9,Tile:6,Map-Tile:nugget,Tile:hidden2,Tile:hidden1
Tile:9 5 4 1
Map 12 3 0
Tile:2_flip 6 5 1
Tile:0 7 5 0
Tile:8 5 6 1
Tile:6 8 5 0
Tile:0 4 6 1
Tile:9 8 4 0
Tile:0 9 4 1
Tile:7 10 4 0
Tile:8 8 3 1
Tile:7_flip 10 5 0
Tile:6_flip 6 4 1
Tile:8 11 5 0
Tile:9 5 7 1
Tile:5 11 4 0
Tile:9_flip 5 8 1
Tile:7 12 4 0
Drop 5 0 1
Tile:8 11 6 0
Destroy 6 4 1
Tile:0 9 3 0
Tile:10 8 2 1
Tile:6 10 3 0
Tile:11 11 7 1
Tile:5_flip 11 3 0
Tile:9 5 3 1
Tile:4 5 2 0
Tile:5 3 6 1
Tile:15 3 7 0
Malus 0 0 1
Bonus 0 0 0
Tile:8 11 8 1
Tile:7 11 2 0
Tile:10 8 1 1
Tile:7_flip 7 3 0
Tile:6 4 5 1
Tile:10 8 0 0
Tile:14 12 8 1
Tile:3 4 4 0
Tile:5 10 8 1
Tile:6_flip 10 2 0
Destroy 7 3 1
Tile:1 3 5 0
Tile:13 12 6 1
Destroy 3 5 0
Tile:12_flip 9 2 1
Drop 0 0 0
Map 12 3 1
Drop 0 0 0
Drop 1 0 1
Drop 0 0 0
Map 12 3 1
Drop 0 0 0
Drop 0 0 1
GAMEOVER DRAW
# Game ended: Mon Apr 13 19:25:26 EDT 2020
