# Server version 0.08 running on 192.168.2.139:8123
# Game ID: 350
# Board class: Saboteur.SaboteurBoard
# Timeout: 20000
# First Move Timeout: 30000
# Date: Wed Apr 15 17:54:56 EDT 2020
# Player 1: Player-0, 'RandomPlayer', running on 127.0.0.1
# Player 2: Player-1, '260714615', running on 127.0.0.1
START Player-0 RandomPlayer
START Player-1 260714615
BoardInit:Map,Tile:6,Tile:8,Tile:12,Tile:0,Tile:1,Tile:7,Tile:8,Tile:15,Tile:9,Bonus,Tile:6,Tile:6,Destroy,Tile:9,Tile:9,Tile:11,Tile:6,Map,Tile:14,Tile:3,Tile:8,Bonus,Destroy,Tile:0,Tile:8,Tile:10,Tile:0,Bonus,Tile:6,Map,Map,Tile:7,Tile:9,Tile:7,Tile:7,Destroy,Tile:13,Map,Bonus,Tile:9-Malus,Malus,Tile:5,Map,Tile:10,Tile:4,Tile:8-Tile:5,Tile:2,Tile:10,Tile:5,Tile:0,Tile:7,Tile:5-Tile:hidden1,Tile:hidden2,Tile:nugget
Malus 0 0 1
Drop 3 0 0
Malus 0 0 1
Drop 1 0 0
Map 12 3 1
Drop 4 0 0
Map 12 5 1
Drop 5 0 0
Drop 5 0 1
Drop 1 0 0
Drop 5 0 1
Drop 4 0 0
Drop 5 0 1
Drop 0 0 0
Drop 5 0 1
Drop 0 0 0
Drop 5 0 1
Drop 5 0 0
Drop 5 0 1
Drop 3 0 0
Map 12 7 1
Drop 2 0 0
Drop 5 0 1
Drop 0 0 0
Drop 5 0 1
Drop 2 0 0
Drop 5 0 1
Drop 0 0 0
Drop 5 0 1
Drop 5 0 0
Drop 5 0 1
Drop 0 0 0
Drop 5 0 1
Map 12 3 0
Drop 5 0 1
Drop 3 0 0
Drop 5 0 1
Drop 3 0 0
Drop 5 0 1
Drop 6 0 0
Drop 5 0 1
Drop 4 0 0
Drop 5 0 1
Bonus 0 0 0
Drop 5 0 1
Drop 3 0 0
Tile:8 6 5 1
Drop 0 0 0
Tile:8 7 5 1
Drop 2 0 0
Tile:10 7 6 1
Drop 0 0 0
Tile:5 7 4 1
Drop 0 0 0
Tile:4 5 4 1
GAMEOVER DRAW
# Game ended: Wed Apr 15 17:55:52 EDT 2020
