# Server version 0.08 running on 192.168.2.139:8123
# Game ID: 137
# Board class: Saboteur.SaboteurBoard
# Timeout: 20000
# First Move Timeout: 30000
# Date: Mon Apr 13 10:43:08 EDT 2020
# Player 1: Player-0, '260714615', running on 192.168.2.139
# Player 2: Player-1, 'RandomPlayer', running on 192.168.2.139
START Player-0 260714615
START Player-1 RandomPlayer
BoardInit:Tile:3,Tile:10,Tile:7,Malus,Tile:9,Tile:0,Bonus,Tile:6,Map,Map,Tile:8,Tile:5,Tile:0,Tile:12,Destroy,Tile:5,Tile:6,Map,Tile:10,Tile:9,Tile:0,Tile:7,Tile:7,Map,Tile:4,Tile:6,Tile:8,Tile:6,Tile:9,Tile:0,Tile:1,Tile:7,Bonus,Tile:13,Tile:9,Tile:7,Destroy,Tile:10,Malus,Destroy,Tile:5-Tile:5,Tile:9,Tile:11,Tile:8,Tile:15,Tile:14,Tile:8-Bonus,Map,Map,Tile:8,Bonus,Tile:6,Tile:2-Tile:hidden2,Tile:nugget,Tile:hidden1
Tile:9_flip 6 5 1
Tile:8 6 6 0
Tile:8 6 4 1
Tile:2 7 4 0
Tile:15 6 3 1
Drop 4 0 0
Tile:8 4 5 1
Tile:10 6 7 0
Drop 0 0 1
Tile:0 8 4 0
Tile:11 6 8 1
Map 12 7 0
Tile:14_flip 5 4 1
Tile:5_flip 4 6 0
Map 12 7 1
Drop 6 0 0
Destroy 6 4 1
Drop 4 0 0
Tile:0 3 5 1
Map 12 5 0
Tile:9_flip 6 9 1
Tile:9 6 10 0
Tile:3 4 4 1
Tile:7_flip 7 5 0
Drop 4 0 1
Tile:5 5 9 0
Tile:8 6 4 1
GAMEOVER TIMEOUT WINNER 1
# Game ended: Mon Apr 13 10:43:54 EDT 2020
