# Server version 0.08 running on 192.168.2.139:8123
# Game ID: 395
# Board class: Saboteur.SaboteurBoard
# Timeout: 20000
# First Move Timeout: 30000
# Date: Wed Apr 15 19:04:33 EDT 2020
# Player 1: Player-0, '260714615', running on 192.168.2.139
# Player 2: Player-1, 'RandomPlayer', running on 192.168.2.139
START Player-0 260714615
START Player-1 RandomPlayer
BoardInit:Tile:9,Tile:2,Tile:8,Tile:5,Bonus,Map,Tile:8,Destroy,Tile:5,Tile:14,Map,Map,Tile:10,Tile:11,Tile:6,Tile:0,Tile:3,Map,Tile:6,Tile:9,Tile:8,Destroy,Tile:7,Tile:10,Tile:7,Tile:9,Tile:7,Tile:1,Tile:8,Tile:12,Tile:15,Map,Bonus,Malus,Tile:5,Tile:9,Tile:5,Malus,Tile:6,Tile:7,Tile:7-Tile:0,Tile:6,Tile:4,Tile:8,Tile:0,Map,Destroy-Tile:13,Tile:0,Tile:9,Bonus,Tile:10,Tile:6,Bonus-Tile:hidden1,Tile:nugget,Tile:hidden2
Tile:6 5 6 1
Drop 0 0 0
Destroy 5 6 1
Tile:9_flip 6 5 0
Tile:8 4 5 1
Tile:5_flip 6 6 0
Drop 2 0 1
Map 12 3 0
Tile:9 5 4 1
Tile:6_flip 6 4 0
Tile:4 5 3 1
Tile:0 7 4 0
Drop 0 0 1
Map 12 5 0
Tile:5 3 5 1
Tile:10 4 4 0
Drop 0 0 1
Tile:0 8 4 0
Tile:10 4 3 1
Tile:2 4 2 0
Tile:3_flip 5 6 1
Tile:9_flip 9 4 0
Drop 5 0 1
Destroy 3 5 0
Drop 4 0 1
Tile:10 9 5 0
Tile:7_flip 3 2 1
Tile:9 9 6 0
Map 12 7 1
Tile:14 5 2 0
Tile:8 3 1 1
Tile:11 3 0 0
Tile:7_flip 2 1 1
Destroy 2 1 0
Tile:7 9 3 1
Malus 0 0 0
Drop 3 0 1
Tile:9 9 7 0
Bonus 0 0 1
Malus 0 0 0
Drop 4 0 1
Tile:7_flip 9 8 0
Drop 5 0 1
Tile:1 4 0 0
Drop 4 0 1
Tile:12 4 1 0
Drop 3 0 1
Drop 0 0 0
Drop 0 0 1
Drop 0 0 0
Drop 0 0 1
Drop 0 0 0
Drop 1 0 1
Drop 0 0 0
Drop 0 0 1
GAMEOVER DRAW
# Game ended: Wed Apr 15 19:05:27 EDT 2020
