# Server version 0.08 running on 192.168.2.139:8123
# Game ID: 419
# Board class: Saboteur.SaboteurBoard
# Timeout: 20000
# First Move Timeout: 30000
# Date: Wed Apr 15 19:34:12 EDT 2020
# Player 1: Player-0, '260714615', running on 127.0.0.1
# Player 2: Player-1, 'RandomPlayer', running on 127.0.0.1
START Player-0 260714615
START Player-1 RandomPlayer
BoardInit:Map,Tile:6,Tile:1,Tile:5,Map,Tile:8,Tile:12,Map,Tile:7,Destroy,Tile:11,Tile:9,Tile:10,Tile:8,Tile:9,Tile:6,Tile:10,Tile:8,Tile:7,Bonus,Tile:5,Tile:5,Tile:6,Destroy,Tile:8,Destroy,Bonus,Tile:6,Tile:0,Map,Tile:8,Tile:9,Tile:9,Tile:6,Malus,Tile:9,Tile:0,Tile:7,Tile:7,Tile:7,Tile:15-Tile:0,Tile:4,Bonus,Tile:5,Tile:3,Tile:2,Tile:13-Bonus,Malus,Map,Tile:14,Tile:10,Map,Tile:0-Tile:nugget,Tile:hidden2,Tile:hidden1
Tile:0 4 5 1
Map 12 3 0
Tile:4 5 4 1
Tile:0 6 5 0
Tile:2 7 5 1
Tile:6 8 5 0
Tile:5 8 4 1
Tile:8 9 4 0
Tile:12_flip 3 5 1
Tile:5 9 3 0
Tile:7_flip 7 6 1
Destroy 7 5 0
Tile:13 5 6 1
Tile:9 5 7 0
Tile:11 5 8 1
Tile:8 7 5 0
Tile:9_flip 7 4 1
Tile:6 10 3 0
Tile:3 6 6 1
Tile:8 11 3 0
GAMEOVER WINNER 0
# Game ended: Wed Apr 15 19:34:32 EDT 2020
