# Server version 0.08 running on 192.168.2.139:8123
# Game ID: 305
# Board class: Saboteur.SaboteurBoard
# Timeout: 20000
# First Move Timeout: 30000
# Date: Wed Apr 15 16:31:18 EDT 2020
# Player 1: Player-0, '260714615', running on 192.168.2.139
# Player 2: Player-1, 'RandomPlayer', running on 192.168.2.139
START Player-0 260714615
START Player-1 RandomPlayer
BoardInit:Tile:8,Tile:10,Tile:14,Tile:15,Tile:8,Tile:1,Tile:10,Destroy,Bonus,Malus,Malus,Tile:11,Tile:4,Tile:3,Tile:5,Tile:12,Tile:7,Map,Tile:9,Tile:8,Tile:7,Tile:7,Tile:9,Tile:8,Bonus,Tile:5,Tile:6,Tile:0,Tile:6,Tile:8,Map,Tile:0,Destroy,Tile:0,Tile:6,Bonus,Tile:13,Destroy,Map,Tile:6,Tile:5-Tile:0,Map,Map,Tile:9,Tile:2,Tile:9,Bonus-Tile:10,Tile:9,Tile:6,Tile:5,Tile:7,Map,Tile:7-Tile:hidden2,Tile:hidden1,Tile:nugget
Tile:2_flip 4 5 1
Map 12 3 0
Tile:9 5 4 1
Tile:6 6 5 0
Tile:14 7 5 1
Tile:10 7 4 0
Drop 2 0 1
Tile:9 7 3 0
Tile:9_flip 6 4 1
Destroy 7 5 0
Drop 1 0 1
Tile:5 7 2 0
Tile:10 5 3 1
Tile:10 6 3 0
Tile:8 5 6 1
Tile:7_flip 5 7 0
Tile:5 5 2 1
Tile:7 8 3 0
Drop 3 0 1
Map 12 5 0
Tile:8 3 5 1
Tile:8 7 5 0
Tile:9_flip 4 4 1
Tile:7_flip 8 4 0
Tile:0 6 6 1
Tile:8 9 4 0
Tile:7 6 7 1
Tile:5 9 3 0
Tile:6 6 8 1
Malus 0 0 0
Bonus 0 0 1
Tile:0 10 4 0
Tile:7_flip 2 5 1
Tile:8 11 4 0
Tile:9 9 5 1
Tile:0 12 4 0
Destroy 8 4 1
Tile:0 13 4 0
Tile:6_flip 11 3 1
Destroy 12 4 0
Tile:6 10 3 1
Tile:6 11 5 0
Map 12 3 1
Tile:1 12 4 0
Drop 4 0 1
Tile:15 2 4 0
Malus 0 0 1
Bonus 0 0 0
Tile:5_flip 7 6 1
Tile:11 2 3 0
Drop 0 0 1
Tile:3 2 2 0
Tile:13 10 2 1
Tile:12 3 3 0
Drop 0 0 1
GAMEOVER DRAW
# Game ended: Wed Apr 15 16:32:12 EDT 2020
