# Server version 0.08 running on 192.168.2.139:8123
# Game ID: 184
# Board class: Saboteur.SaboteurBoard
# Timeout: 20000
# First Move Timeout: 30000
# Date: Mon Apr 13 12:02:26 EDT 2020
# Player 1: Player-0, '260714615', running on 192.168.2.139
# Player 2: Player-1, 'RandomPlayer', running on 192.168.2.139
START Player-0 260714615
START Player-1 RandomPlayer
BoardInit:Tile:10,Tile:9,Tile:9,Tile:0,Bonus,Map,Map,Tile:12,Tile:5,Tile:1,Tile:9,Tile:15,Map,Destroy,Tile:4,Tile:5,Tile:7,Destroy,Tile:2,Tile:5,Tile:8,Tile:13,Tile:8,Tile:8,Tile:11,Tile:14,Tile:5,Bonus,Tile:8,Tile:9,Tile:10,Tile:7,Map,Bonus,Malus,Tile:6,Tile:6,Tile:8,Tile:10,Map,Tile:6-Tile:6,Tile:7,Tile:0,Bonus,Tile:6,Tile:7,Tile:0-Malus,Tile:7,Tile:9,Map,Tile:0,Tile:3,Destroy-Tile:nugget,Tile:hidden2,Tile:hidden1
Tile:7_flip 5 6 1
Tile:0 6 5 0
Tile:6_flip 6 6 1
Tile:7_flip 4 5 0
Tile:9 4 4 1
Map 12 7 0
Tile:0 7 5 1
Tile:9 6 7 0
Tile:7 5 4 1
Tile:12 7 6 0
Tile:6 6 8 1
Malus 0 0 0
Drop 0 0 1
Destroy 7 5 0
Bonus 0 0 1
Drop 6 0 0
Tile:0 7 8 1
Drop 5 0 0
Map 12 3 1
Map 12 5 0
Tile:7 8 8 1
Tile:1 7 5 0
Tile:9_flip 8 5 1
Tile:5 5 8 0
Tile:8 8 4 1
Destroy 6 8 0
Tile:5_flip 8 9 1
Tile:14 5 9 0
Tile:2 4 3 1
Tile:5_flip 9 4 0
Tile:10 8 6 1
GAMEOVER USER CANCEL UNDECIDED
# Game ended: Mon Apr 13 12:02:41 EDT 2020
