# Server version 0.08 running on 192.168.2.139:8123
# Game ID: 440
# Board class: Saboteur.SaboteurBoard
# Timeout: 20000
# First Move Timeout: 30000
# Date: Wed Apr 15 19:53:28 EDT 2020
# Player 1: Player-0, 'RandomPlayer', running on 127.0.0.1
# Player 2: Player-1, '260714615', running on 127.0.0.1
START Player-0 RandomPlayer
START Player-1 260714615
BoardInit:Malus,Bonus,Tile:7,Map,Tile:7,Tile:0,Tile:0,Tile:10,Tile:14,Tile:9,Tile:5,Destroy,Tile:4,Tile:6,Tile:6,Tile:6,Tile:11,Tile:3,Tile:6,Malus,Tile:9,Map,Map,Tile:15,Tile:10,Destroy,Map,Bonus,Tile:7,Destroy,Tile:6,Tile:9,Tile:12,Tile:10,Tile:5,Bonus,Tile:8,Tile:8,Tile:9,Tile:0,Map-Bonus,Tile:8,Tile:8,Tile:7,Tile:7,Tile:13,Tile:0-Tile:8,Map,Tile:5,Tile:5,Tile:9,Tile:2,Tile:1-Tile:nugget,Tile:hidden1,Tile:hidden2
Tile:8 6 5 1
Tile:8 6 6 0
Tile:8 7 5 1
Tile:5_flip 8 5 0
Tile:7_flip 6 7 1
Tile:2 5 4 0
Tile:0 7 7 1
Drop 4 0 0
Tile:0 8 7 1
Tile:9 4 4 0
Tile:7_flip 5 6 1
Tile:9_flip 6 4 0
Tile:5 8 4 1
Drop 2 0 0
Tile:7 9 4 1
Tile:6 7 6 0
Tile:7_flip 9 5 1
Tile:0 8 6 0
Tile:6 10 5 1
Tile:6_flip 9 6 0
Tile:6 11 5 1
Drop 3 0 0
Tile:9 11 4 1
Tile:5_flip 12 6 0
Map 12 3 1
Tile:3 11 3 0
Malus 0 0 1
Drop 3 0 0
Tile:10 10 4 1
Destroy 6 4 0
Tile:7 12 4 1
Map 12 3 0
Tile:6_flip 10 3 1
Destroy 10 3 0
Tile:13 4 3 1
Destroy 11 3 0
Tile:5 11 3 1
GAMEOVER WINNER 1
# Game ended: Wed Apr 15 19:54:06 EDT 2020
