# Server version 0.08 running on 192.168.2.139:8123
# Game ID: 263
# Board class: Saboteur.SaboteurBoard
# Timeout: 20000
# First Move Timeout: 30000
# Date: Wed Apr 15 15:25:10 EDT 2020
# Player 1: Player-0, '260714615', running on 127.0.0.1
# Player 2: Player-1, 'RandomPlayer', running on 127.0.0.1
START Player-0 260714615
START Player-1 RandomPlayer
BoardInit:Tile:5,Bonus,Tile:10,Malus,Bonus,Tile:6,Tile:8,Tile:8,Map,Tile:7,Tile:7,Bonus,Tile:14,Tile:7,Tile:15,Tile:13,Tile:9,Destroy,Map,Tile:6,Map,Tile:9,Tile:0,Tile:2,Destroy,Tile:4,Tile:10,Tile:9,Tile:6,Tile:1,Tile:6,Malus,Bonus,Tile:7,Tile:0,Tile:5,Tile:3,Tile:0,Tile:6,Tile:12,Map-Tile:7,Tile:8,Tile:5,Tile:9,Map,Map,Destroy-Tile:10,Tile:9,Tile:11,Tile:0,Tile:5,Tile:8,Tile:8-Tile:hidden1,Tile:hidden2,Tile:nugget
Map 12 7 1
Tile:0 6 5 0
Tile:5 4 5 1
Tile:8 7 5 0
Tile:8 4 6 1
Tile:8 8 5 0
Tile:7_flip 7 6 1
Tile:6 9 5 0
Tile:9_flip 8 6 1
Tile:8 10 5 0
Tile:10 10 6 1
Tile:9_flip 11 5 0
Tile:5 8 4 1
Tile:10 11 6 0
Tile:14 10 7 1
Tile:5 11 4 0
Tile:15 11 7 1
Tile:7 12 4 0
Destroy 4 6 1
Destroy 10 7 0
Tile:9_flip 9 4 1
Tile:7_flip 11 8 0
Drop 5 0 1
Tile:6 12 8 0
Drop 4 0 1
Tile:9 9 3 0
Map 12 3 1
Drop 5 0 0
Tile:10 12 6 1
GAMEOVER WINNER 1
# Game ended: Wed Apr 15 15:25:38 EDT 2020
