# Server version 0.08 running on 192.168.2.139:8123
# Game ID: 258
# Board class: Saboteur.SaboteurBoard
# Timeout: 20000
# First Move Timeout: 30000
# Date: Mon Apr 13 17:26:48 EDT 2020
# Player 1: Player-0, 'RandomPlayer', running on 127.0.0.1
# Player 2: Player-1, '260714615', running on 127.0.0.1
START Player-0 RandomPlayer
START Player-1 260714615
BoardInit:Tile:5,Map,Destroy,Tile:0,Bonus,Tile:9,Malus,Tile:13,Tile:7,Tile:6,Tile:6,Tile:3,Tile:7,Map,Tile:14,Tile:5,Tile:15,Tile:6,Map,Tile:9,Bonus,Tile:4,Tile:6,Tile:0,Destroy,Tile:6,Tile:8,Tile:8,Bonus,Tile:1,Map,Tile:7,Tile:0,Destroy,Tile:7,Tile:10,Map,Map,Tile:9,Tile:8,Tile:10-Bonus,Tile:10,Tile:5,Tile:8,Malus,Tile:2,Tile:7-Tile:5,Tile:11,Tile:9,Tile:8,Tile:0,Tile:12,Tile:9-Tile:hidden1,Tile:hidden2,Tile:nugget
Tile:8 6 5 1
Tile:9 6 4 0
Tile:10 6 6 1
Tile:9 6 3 0
Tile:7_flip 6 7 1
Tile:11_flip 5 4 0
Tile:5 6 2 1
Tile:9_flip 7 3 0
Tile:5 4 5 1
Tile:12 7 7 0
Tile:7_flip 4 4 1
Drop 0 0 0
Tile:6 7 5 1
Drop 2 0 0
Tile:7 8 5 1
Drop 3 0 0
Malus 0 0 1
Map 12 7 0
Tile:2 4 3 1
Drop 3 0 0
Map 12 3 1
Drop 2 0 0
Destroy 4 3 1
Drop 0 0 0
Malus 0 0 1
Drop 2 0 0
Tile:6 8 6 1
Drop 0 0 0
Tile:8 9 6 1
Drop 5 0 0
Tile:14 4 6 1
Drop 0 0 0
Map 12 3 1
Drop 6 0 0
Tile:0 10 6 1
Destroy 4 4 0
Tile:7 11 6 1
Drop 3 0 0
