# Server version 0.08 running on 192.168.2.139:8123
# Game ID: 342
# Board class: Saboteur.SaboteurBoard
# Timeout: 20000
# First Move Timeout: 30000
# Date: Wed Apr 15 17:40:31 EDT 2020
# Player 1: Player-0, '260714615', running on 127.0.0.1
# Player 2: Player-1, 'RandomPlayer', running on 127.0.0.1
START Player-0 260714615
START Player-1 RandomPlayer
BoardInit:Map,Tile:7,Tile:9,Tile:0,Tile:8,Tile:3,Tile:10,Tile:9,Tile:5,Tile:4,Tile:6,Tile:10,Tile:11,Tile:0,Tile:8,Tile:10,Malus,Tile:0,Tile:0,Tile:5,Tile:15,Tile:7,Tile:12,Malus,Destroy,Map,Tile:6,Tile:13,Tile:6,Map,Tile:5,Tile:9,Tile:8,Tile:14,Destroy,Tile:6,Bonus,Map,Tile:2,Tile:1,Map-Tile:8,Tile:7,Tile:9,Tile:7,Tile:7,Tile:9,Destroy-Bonus,Bonus,Bonus,Tile:8,Map,Tile:5,Tile:6-Tile:hidden1,Tile:nugget,Tile:hidden2
Tile:9 4 5 1
Map 12 3 0
Tile:7 4 4 1
Tile:8 6 5 0
Map 12 7 1
Tile:6 7 5 0
Tile:9_flip 4 6 1
Tile:0 8 5 0
Tile:7_flip 4 7 1
Tile:5 7 4 0
Tile:9 5 4 1
Tile:7 9 5 0
Tile:8 5 3 1
Tile:9 9 6 0
Destroy 7 4 1
Tile:0 10 6 0
Tile:6_flip 5 7 1
Tile:10 9 7 0
Tile:8 6 7 1
Tile:0 11 6 0
Tile:8 12 6 1
GAMEOVER WINNER 1
# Game ended: Wed Apr 15 17:40:51 EDT 2020
