# Server version 0.08 running on 192.168.2.139:8123
# Game ID: 393
# Board class: Saboteur.SaboteurBoard
# Timeout: 20000
# First Move Timeout: 30000
# Date: Wed Apr 15 18:53:30 EDT 2020
# Player 1: Player-0, '260714615', running on 192.168.2.139
# Player 2: Player-1, 'RandomPlayer', running on 192.168.2.139
START Player-0 260714615
START Player-1 RandomPlayer
BoardInit:Tile:5,Tile:6,Tile:5,Tile:7,Tile:3,Destroy,Map,Bonus,Tile:1,Tile:8,Tile:6,Tile:8,Map,Tile:13,Tile:7,Tile:5,Tile:10,Tile:8,Tile:5,Tile:0,Tile:10,Tile:0,Malus,Tile:11,Destroy,Bonus,Tile:2,Tile:9,Tile:10,Tile:7,Tile:9,Tile:9,Tile:4,Tile:9,Map,Tile:15,Map,Map,Tile:14,Bonus,Map-Bonus,Tile:6,Destroy,Tile:7,Tile:0,Tile:8,Tile:7-Tile:12,Tile:6,Tile:6,Malus,Tile:9,Tile:8,Tile:0-Tile:hidden2,Tile:nugget,Tile:hidden1
Tile:7 6 5 1
Malus 0 0 0
Bonus 0 0 1
Drop 0 0 0
Destroy 6 5 1
Tile:6 6 5 0
Tile:7 5 4 1
Tile:6 7 5 0
Tile:8 4 4 1
Tile:8 8 5 0
Drop 3 0 1
Tile:0 9 5 0
Tile:6 10 5 1
Tile:6 11 5 0
GAMEOVER WINNER 0
# Game ended: Wed Apr 15 18:53:44 EDT 2020
