# Server version 0.08 running on 192.168.2.139:8123
# Game ID: 445
# Board class: Saboteur.SaboteurBoard
# Timeout: 20000
# First Move Timeout: 30000
# Date: Wed Apr 15 19:56:52 EDT 2020
# Player 1: Player-0, '260714615', running on 127.0.0.1
# Player 2: Player-1, 'RandomPlayer', running on 127.0.0.1
START Player-0 260714615
START Player-1 RandomPlayer
BoardInit:Tile:6,Bonus,Tile:1,Tile:7,Tile:13,Map,Tile:0,Tile:5,Tile:8,Map,Destroy,Destroy,Tile:2,Tile:8,Tile:0,Tile:9,Map,Tile:9,Tile:10,Map,Tile:8,Tile:10,Tile:7,Tile:6,Tile:8,Tile:6,Bonus,Tile:9,Tile:12,Tile:7,Tile:8,Tile:6,Tile:5,Tile:15,Tile:5,Tile:0,Malus,Bonus,Destroy,Map,Tile:3-Tile:9,Map,Tile:4,Tile:11,Tile:5,Malus,Tile:0-Bonus,Tile:14,Tile:10,Tile:6,Tile:7,Tile:7,Tile:9-Tile:hidden2,Tile:hidden1,Tile:nugget
Tile:5_flip 6 5 1
Tile:6_flip 6 4 0
Tile:4_flip 5 6 1
Tile:9 5 4 0
Malus 0 0 1
Bonus 0 0 0
Tile:9 4 5 1
Map 12 3 0
Tile:11_flip 5 3 1
Drop 0 0 0
Drop 4 0 1
Map 12 5 0
Destroy 4 5 1
Tile:5 5 2 0
Tile:2 4 3 1
Tile:8 7 4 0
Tile:0 8 4 1
Tile:7_flip 7 5 0
Tile:0 9 4 1
Tile:7 10 4 0
Map 12 7 1
Map 12 7 0
Tile:8 4 5 1
Tile:7_flip 10 5 0
Map 12 7 1
Tile:6 11 5 0
Tile:1 3 5 1
Tile:9 11 4 0
Tile:10 11 3 1
Destroy 8 4 0
Tile:6 2 5 1
Tile:6 8 5 0
Tile:0 6 2 1
Tile:6_flip 8 4 0
Tile:7_flip 3 3 1
Tile:9 11 2 0
Tile:12 12 2 1
Tile:10 7 3 0
Tile:8 1 5 1
Tile:9 2 4 0
Drop 2 0 1
Tile:10 3 2 0
Tile:5_flip 12 6 1
Tile:0 11 6 0
Tile:5 0 5 1
Tile:7 12 4 0
Destroy 12 6 1
Tile:15 0 6 0
Tile:8 0 7 1
Drop 0 0 0
Tile:3 1 4 1
Drop 0 0 0
Malus 0 0 1
Drop 0 0 0
Drop 0 0 1
GAMEOVER DRAW
# Game ended: Wed Apr 15 19:57:46 EDT 2020
