# Server version 0.08 running on 192.168.2.139:8123
# Game ID: 304
# Board class: Saboteur.SaboteurBoard
# Timeout: 20000
# First Move Timeout: 30000
# Date: Mon Apr 13 18:59:54 EDT 2020
# Player 1: Player-0, '260714615', running on 127.0.0.1
# Player 2: Player-1, 'RandomPlayer', running on 127.0.0.1
START Player-0 260714615
START Player-1 RandomPlayer
BoardInit:Malus,Tile:2,Tile:10,Tile:9,Tile:7,Tile:6,Tile:1,Bonus,Tile:8,Tile:11,Destroy,Tile:5,Tile:9,Tile:8,Tile:6,Tile:0,Tile:5,Tile:7,Map,Tile:9,Tile:0,Tile:10,Tile:0,Tile:4,Tile:7,Tile:6,Tile:5,Tile:6,Bonus,Tile:8,Tile:3,Tile:9,Map,Tile:6,Tile:0,Map,Tile:8,Destroy,Malus,Map,Tile:10-Tile:5,Bonus,Tile:9,Tile:7,Tile:13,Map,Map-Tile:8,Tile:12,Bonus,Tile:14,Tile:15,Destroy,Tile:7-Tile:hidden2,Tile:hidden1,Tile:nugget
Map 12 7 1
Tile:8 6 5 0
Tile:7_flip 6 6 1
Tile:7_flip 4 5 0
Tile:9_flip 7 6 1
Tile:9 7 7 0
Drop 4 0 1
Tile:6 8 7 0
Tile:7 6 4 1
Tile:12 9 7 0
Tile:8 5 4 1
Tile:14 5 6 0
Drop 4 0 1
Tile:5 8 6 0
Tile:13 4 4 1
Tile:8 7 5 0
Tile:5 4 3 1
Tile:0 9 6 0
Drop 1 0 1
Tile:7 10 6 0
Tile:1 3 4 1
Tile:9 10 7 0
Tile:6_flip 11 7 1
GAMEOVER WINNER 1
# Game ended: Mon Apr 13 19:00:04 EDT 2020
