# Server version 0.08 running on 192.168.2.139:8123
# Game ID: 323
# Board class: Saboteur.SaboteurBoard
# Timeout: 20000
# First Move Timeout: 30000
# Date: Wed Apr 15 17:07:27 EDT 2020
# Player 1: Player-0, '260714615', running on 192.168.2.139
# Player 2: Player-1, 'RandomPlayer', running on 192.168.2.139
START Player-0 260714615
START Player-1 RandomPlayer
BoardInit:Bonus,Tile:2,Map,Tile:0,Bonus,Destroy,Bonus,Tile:4,Tile:13,Tile:7,Tile:0,Map,Tile:12,Tile:6,Tile:7,Malus,Tile:8,Map,Tile:9,Tile:0,Malus,Tile:8,Tile:6,Tile:7,Tile:10,Tile:15,Tile:5,Tile:9,Bonus,Tile:5,Map,Tile:8,Tile:11,Tile:6,Tile:8,Tile:10,Tile:9,Tile:8,Tile:5,Tile:14,Tile:6-Tile:7,Tile:3,Tile:1,Tile:9,Tile:6,Map,Tile:9-Tile:7,Tile:0,Destroy,Destroy,Tile:5,Tile:10,Map-Tile:hidden2,Tile:hidden1,Tile:nugget
Tile:9 5 6 1
Map 12 3 0
Tile:6_flip 6 5 1
Tile:0 7 5 0
Drop 4 0 1
Tile:0 8 5 0
Drop 6 0 1
Tile:7 9 5 0
Map 12 5 1
Tile:10 9 6 0
Map 12 3 1
Tile:7_flip 9 7 0
Tile:7_flip 4 5 1
Map 12 5 0
Tile:12 10 7 1
Destroy 10 7 0
Tile:0 10 7 1
Tile:6 11 7 0
GAMEOVER WINNER 0
# Game ended: Wed Apr 15 17:07:45 EDT 2020
