# Server version 0.08 running on 192.168.2.139:8123
# Game ID: 101
# Board class: Saboteur.SaboteurBoard
# Timeout: 20000
# First Move Timeout: 30000
# Date: Tue Apr 14 23:56:38 EDT 2020
# Player 1: Player-0, '260714615', running on 192.168.2.139
# Player 2: Player-1, 'RandomPlayer', running on 192.168.2.139
START Player-0 260714615
START Player-1 RandomPlayer
BoardInit:Tile:8,Tile:0,Tile:6,Tile:9,Bonus,Tile:0,Tile:8,Tile:10,Tile:9,Tile:6,Tile:11,Map,Tile:8,Bonus,Tile:14,Tile:9,Tile:7,Tile:8,Tile:8,Tile:5,Destroy,Tile:7,Tile:6,Tile:5,Malus,Tile:0,Tile:12,Tile:7,Tile:6,Tile:7,Tile:15,Map,Tile:5,Tile:3,Tile:2,Tile:1,Tile:9,Bonus,Bonus,Tile:9,Destroy-Tile:4,Map,Malus,Tile:7,Tile:10,Tile:13,Tile:5-Tile:0,Destroy,Map,Map,Tile:6,Map,Tile:10-Tile:hidden2,Tile:nugget,Tile:hidden1
Tile:7 6 5 1
Map 12 3 0
Tile:4_flip 5 6 1
Map 12 3 0
Tile:13 5 4 1
Map 12 3 0
Tile:6 4 4 1
Tile:0 6 4 0
Tile:8 7 4 1
Tile:6 8 4 0
Tile:9 6 6 1
Tile:0 9 4 0
Tile:5 8 3 1
Map 12 3 0
Tile:8 3 4 1
Tile:0 10 4 0
Tile:8 2 4 1
Tile:6 11 4 0
Tile:7 12 4 1
Tile:10 11 3 0
Tile:8 1 4 1
Tile:9 11 2 0
Tile:11_flip 12 2 1
Tile:10 12 1 0
Tile:10 5 3 1
Tile:9 7 5 0
Tile:6 6 7 1
Tile:0 9 3 0
Destroy 11 4 1
Tile:8 11 4 0
Tile:14_flip 3 3 1
Tile:7_flip 11 5 0
Tile:6_flip 0 4 1
Map 12 3 0
Tile:5_flip 1 5 1
Tile:5 12 0 0
Tile:15 2 5 1
Tile:5_flip 10 3 0
Map 12 5 1
