# Server version 0.08 running on 192.168.2.139:8123
# Game ID: 462
# Board class: Saboteur.SaboteurBoard
# Timeout: 20000
# First Move Timeout: 30000
# Date: Wed Apr 15 21:43:40 EDT 2020
# Player 1: Player-0, '260714615', running on 127.0.0.1
# Player 2: Player-1, 'RandomPlayer', running on 127.0.0.1
START Player-0 260714615
START Player-1 RandomPlayer
BoardInit:Map,Destroy,Tile:4,Tile:9,Tile:9,Tile:6,Tile:7,Tile:13,Tile:14,Bonus,Malus,Tile:9,Tile:11,Tile:10,Tile:7,Tile:0,Tile:5,Tile:8,Map,Tile:8,Bonus,Map,Tile:6,Map,Destroy,Destroy,Tile:2,Bonus,Tile:5,Bonus,Tile:7,Tile:8,Tile:0,Tile:5,Tile:3,Tile:7,Tile:6,Tile:5,Tile:8,Tile:0,Tile:10-Map,Tile:0,Tile:7,Malus,Tile:6,Map,Tile:9-Tile:15,Tile:6,Tile:9,Tile:12,Tile:8,Tile:10,Tile:1-Tile:hidden2,Tile:nugget,Tile:hidden1
Tile:9 5 4 1
Drop 0 0 0
Tile:7_flip 5 6 1
Tile:6 6 5 0
Drop 4 0 1
Tile:8 7 5 0
Map 12 3 1
Tile:6 8 5 0
Tile:7 6 6 1
Tile:9 8 4 0
Tile:14_flip 8 3 1
Destroy 8 3 0
Tile:6 6 7 1
Drop 0 0 0
Map 12 5 1
Tile:9 8 3 0
Tile:11 7 6 1
Tile:0 9 5 0
Tile:0 5 7 1
Tile:8 10 5 0
Tile:5 5 3 1
Tile:8 11 5 0
GAMEOVER WINNER 0
# Game ended: Wed Apr 15 21:44:02 EDT 2020
