# Server version 0.08 running on 192.168.2.139:8123
# Game ID: 357
# Board class: Saboteur.SaboteurBoard
# Timeout: 20000
# First Move Timeout: 30000
# Date: Wed Apr 15 18:00:45 EDT 2020
# Player 1: Player-0, 'RandomPlayer', running on 127.0.0.1
# Player 2: Player-1, '260714615', running on 127.0.0.1
START Player-0 RandomPlayer
START Player-1 260714615
BoardInit:Map,Tile:3,Tile:9,Tile:8,Tile:9,Tile:0,Tile:11,Tile:9,Tile:12,Tile:6,Tile:14,Bonus,Tile:0,Tile:6,Tile:6,Tile:15,Tile:6,Tile:7,Tile:0,Tile:8,Tile:10,Bonus,Destroy,Tile:4,Tile:5,Malus,Bonus,Malus,Map,Tile:8,Tile:7,Map,Tile:7,Tile:8,Map,Destroy,Tile:5,Tile:7,Tile:0,Tile:5,Tile:8-Map,Destroy,Tile:9,Tile:5,Tile:13,Tile:1,Tile:6-Tile:10,Tile:10,Map,Bonus,Tile:9,Tile:7,Tile:2-Tile:hidden2,Tile:hidden1,Tile:nugget
Map 12 3 1
Tile:9_flip 5 4 0
Map 12 5 1
Tile:7_flip 5 6 0
Tile:6 6 5 1
Tile:8 4 4 0
Tile:9 6 4 1
Tile:2_flip 4 5 0
Tile:5 6 3 1
Tile:9_flip 4 3 0
Tile:9 4 2 1
Tile:0 3 5 0
Tile:9 4 1 1
Tile:6_flip 5 2 0
Tile:0 7 5 1
Tile:3 6 6 0
Destroy 6 6 1
Tile:10 5 3 0
Tile:6 8 5 1
Tile:6 7 4 0
Tile:6 9 5 1
Tile:15 9 4 0
Tile:0 10 5 1
Tile:7 7 3 0
Destroy 9 4 1
Tile:8 8 4 0
Tile:1 11 5 1
Map 12 7 0
Tile:10 8 3 1
Drop 5 0 0
Map 12 7 1
Tile:8 4 0 0
Tile:5 8 2 1
Map 12 7 0
Tile:7 9 4 1
Drop 4 0 0
Tile:7_flip 3 4 1
Tile:8 3 3 0
Tile:5 2 5 1
Destroy 8 5 0
Tile:0 9 2 1
Tile:10 2 6 0
Tile:8 8 5 1
Tile:5_flip 8 6 0
Tile:13 2 7 1
Tile:7_flip 1 7 0
Tile:11 2 8 1
Drop 1 0 0
Tile:12 3 7 1
Malus 0 0 0
Bonus 0 0 1
Drop 0 0 0
Tile:14 2 9 1
Drop 0 0 0
Drop 0 0 1
GAMEOVER DRAW
# Game ended: Wed Apr 15 18:01:41 EDT 2020
