# Server version 0.08 running on 192.168.2.139:8123
# Game ID: 290
# Board class: Saboteur.SaboteurBoard
# Timeout: 20000
# First Move Timeout: 30000
# Date: Wed Apr 15 15:59:50 EDT 2020
# Player 1: Player-0, '260714615', running on 127.0.0.1
# Player 2: Player-1, 'RandomPlayer', running on 127.0.0.1
START Player-0 260714615
START Player-1 RandomPlayer
BoardInit:Tile:15,Bonus,Tile:10,Tile:10,Tile:2,Tile:6,Tile:8,Tile:11,Tile:5,Bonus,Destroy,Tile:8,Map,Bonus,Tile:0,Map,Tile:9,Tile:0,Tile:0,Tile:9,Tile:14,Tile:6,Tile:8,Tile:3,Tile:9,Map,Tile:7,Tile:8,Tile:7,Tile:5,Tile:7,Tile:6,Malus,Tile:5,Destroy,Tile:7,Bonus,Tile:12,Tile:13,Tile:6,Tile:9-Tile:10,Tile:6,Tile:8,Map,Map,Tile:0,Tile:1-Map,Tile:9,Destroy,Tile:7,Tile:5,Tile:4,Malus-Tile:hidden1,Tile:hidden2,Tile:nugget
Tile:10 5 6 1
Map 12 3 0
Tile:6 4 5 1
Tile:9 5 4 0
Tile:10 4 4 1
Tile:7_flip 5 7 0
Map 12 5 1
Tile:6 6 5 0
Tile:8 3 5 1
Tile:5 5 3 0
Tile:5_flip 7 5 1
Tile:10 7 4 0
Destroy 5 4 1
Tile:8 7 3 0
Tile:2_flip 8 3 1
Destroy 8 3 0
Tile:0 2 5 1
Map 12 5 0
Map 12 5 1
Tile:0 8 3 0
Tile:1 6 7 1
Tile:9 7 2 0
Tile:15 5 4 1
Tile:6 9 3 0
Drop 5 0 1
Drop 5 0 0
Tile:9 1 5 1
Map 12 7 0
Tile:8 1 4 1
Malus 0 0 0
Map 12 3 1
Tile:8 10 3 0
Drop 6 0 1
Tile:6 10 4 0
Drop 0 0 1
Tile:5 9 4 0
Destroy 9 4 1
Tile:5 9 4 0
Malus 0 0 1
Bonus 0 0 0
Drop 4 0 1
Tile:6 11 4 0
Drop 5 0 1
Tile:7_flip 9 5 0
Drop 4 0 1
Tile:4 1 3 0
Drop 2 0 1
Tile:11 0 4 0
Drop 0 0 1
Tile:3 0 3 0
Drop 0 0 1
Tile:12 2 4 0
Drop 1 0 1
Drop 0 0 0
Drop 0 0 1
GAMEOVER DRAW
# Game ended: Wed Apr 15 16:00:44 EDT 2020
