# Server version 0.08 running on 192.168.2.139:8123
# Game ID: 144
# Board class: Saboteur.SaboteurBoard
# Timeout: 20000
# First Move Timeout: 30000
# Date: Mon Apr 13 11:06:26 EDT 2020
# Player 1: Player-0, '260714615', running on 192.168.2.139
# Player 2: Player-1, 'RandomPlayer', running on 192.168.2.139
START Player-0 260714615
START Player-1 RandomPlayer
BoardInit:Destroy,Tile:12,Destroy,Tile:2,Malus,Bonus,Tile:4,Map,Map,Tile:5,Tile:3,Tile:9,Map,Tile:7,Malus,Tile:10,Tile:6,Tile:9,Tile:13,Bonus,Tile:15,Tile:5,Tile:8,Tile:8,Tile:10,Tile:14,Tile:9,Tile:6,Destroy,Tile:6,Tile:0,Tile:7,Tile:5,Tile:10,Tile:7,Tile:0,Tile:6,Tile:8,Tile:5,Tile:0,Tile:9-Bonus,Bonus,Tile:6,Map,Tile:7,Tile:11,Tile:7-Tile:8,Tile:1,Tile:8,Map,Tile:9,Map,Tile:0-Tile:nugget,Tile:hidden2,Tile:hidden1
Tile:7 6 5 1
Drop 0 0 0
Tile:7_flip 6 6 1
Tile:9 5 4 0
Map 12 5 1
Map 12 3 0
Destroy 5 4 1
Drop 3 0 0
Destroy 6 5 1
Drop 0 0 0
Map 12 7 1
Drop 6 0 0
Tile:4_flip 5 6 1
Tile:12_flip 4 5 0
Tile:3 6 5 1
Drop 5 0 0
Map 12 5 1
Tile:2_flip 7 6 0
Tile:11_flip 5 4 1
Drop 4 0 0
Tile:6 8 6 1
Tile:10 7 5 0
Tile:15 7 4 1
Map 12 3 0
Tile:6 4 4 1
Drop 3 0 0
Tile:10 8 5 1
Tile:8 9 6 0
Tile:8 9 7 1
Drop 4 0 0
Drop 3 0 1
Tile:14 9 8 0
Tile:9_flip 10 6 1
Map 12 5 0
Tile:0 3 4 1
Tile:5 8 7 0
Tile:5_flip 10 7 1
Tile:7 5 3 0
Tile:7_flip 8 8 1
Tile:6_flip 7 3 0
Destroy 8 6 1
Tile:8 4 3 0
Tile:5 10 5 1
Tile:10 9 5 0
Tile:6_flip 2 4 1
Tile:6 8 3 0
Tile:13 9 4 1
Drop 3 0 0
Tile:9_flip 4 2 1
Tile:0 3 3 0
Drop 0 0 1
Drop 0 0 0
Malus 0 0 1
Drop 0 0 0
Drop 0 0 1
GAMEOVER DRAW
# Game ended: Mon Apr 13 11:07:17 EDT 2020
