# Server version 0.08 running on 192.168.2.139:8123
# Game ID: 248
# Board class: Saboteur.SaboteurBoard
# Timeout: 20000
# First Move Timeout: 30000
# Date: Mon Apr 13 17:11:19 EDT 2020
# Player 1: Player-0, '260714615', running on 192.168.2.139
# Player 2: Player-1, 'RandomPlayer', running on 192.168.2.139
START Player-0 260714615
START Player-1 RandomPlayer
BoardInit:Tile:0,Tile:5,Map,Tile:4,Tile:7,Tile:8,Tile:11,Tile:10,Tile:5,Tile:8,Tile:10,Tile:8,Tile:0,Tile:7,Tile:13,Tile:9,Tile:14,Tile:7,Tile:7,Tile:8,Tile:6,Tile:7,Tile:6,Tile:0,Map,Tile:9,Map,Tile:6,Tile:3,Bonus,Tile:5,Bonus,Tile:9,Tile:10,Bonus,Tile:15,Bonus,Tile:9,Tile:5,Map,Malus-Tile:9,Malus,Tile:12,Map,Tile:2,Tile:8,Destroy-Map,Destroy,Tile:6,Tile:0,Tile:6,Destroy,Tile:1-Tile:hidden1,Tile:hidden2,Tile:nugget
Tile:9 5 6 1
Map 12 3 0
Tile:8 4 5 1
Tile:6 6 5 0
Map 12 3 1
Tile:0 7 5 0
Tile:2_flip 8 5 1
Tile:6 9 5 0
Tile:0 3 5 1
Tile:8 10 5 0
Drop 5 0 1
Tile:8 11 5 0
Tile:7 9 4 1
Tile:5 11 4 0
Tile:5 5 4 1
Tile:8 12 4 0
Tile:10 10 4 1
Tile:10 11 6 0
Tile:14 5 7 1
Tile:7_flip 11 7 0
Tile:0 13 4 1
Tile:9 10 3 0
Tile:12 11 3 1
Tile:8 10 2 0
Tile:7 6 4 1
Tile:0 11 2 0
Destroy 11 2 1
Tile:9 8 4 0
Map 12 7 1
Tile:6 11 2 0
Tile:6_flip 11 1 1
Tile:7_flip 9 2 0
Drop 6 0 1
Tile:7 12 2 0
Tile:9_flip 4 6 1
Tile:10 10 6 0
Map 12 3 1
Destroy 3 5 0
Tile:6 4 7 1
Tile:9 8 3 0
Tile:3 4 4 1
Map 12 3 0
Tile:13 10 1 1
Destroy 4 4 0
Drop 4 0 1
Tile:1 3 5 0
Map 12 5 1
Tile:4 4 4 0
Drop 0 0 1
Tile:15 8 2 0
Drop 0 0 1
Drop 0 0 0
Malus 0 0 1
Bonus 0 0 0
Drop 0 0 1
GAMEOVER DRAW
# Game ended: Mon Apr 13 17:11:44 EDT 2020
