# Server version 0.08 running on 192.168.2.139:8123
# Game ID: 130
# Board class: Saboteur.SaboteurBoard
# Timeout: 20000
# First Move Timeout: 30000
# Date: Wed Apr 15 01:53:48 EDT 2020
# Player 1: Player-0, '260714615', running on 192.168.2.139
# Player 2: Player-1, 'RandomPlayer', running on 192.168.2.139
START Player-0 260714615
START Player-1 RandomPlayer
BoardInit:Tile:2,Tile:8,Tile:13,Tile:8,Tile:10,Malus,Bonus,Destroy,Tile:4,Bonus,Map,Tile:7,Tile:0,Tile:5,Tile:10,Tile:6,Tile:15,Tile:3,Tile:9,Tile:10,Tile:0,Bonus,Tile:6,Destroy,Tile:0,Tile:6,Tile:8,Tile:0,Tile:6,Tile:1,Bonus,Tile:5,Tile:7,Map,Tile:8,Tile:7,Map,Tile:9,Tile:8,Map,Destroy-Tile:12,Tile:9,Map,Map,Tile:7,Tile:9,Tile:11-Tile:7,Tile:6,Tile:5,Tile:14,Malus,Tile:5,Tile:9-Tile:nugget,Tile:hidden1,Tile:hidden2
Map 12 5 1
Tile:6 6 5 0
Tile:9 5 4 1
Tile:8 7 5 0
Drop 4 0 1
Tile:8 8 5 0
Drop 2 0 1
Tile:7_flip 8 6 0
Tile:10 8 4 1
Tile:5 8 3 0
Tile:2 6 4 1
Tile:5_flip 9 5 0
Drop 4 0 1
Tile:9 9 4 0
Tile:13 9 3 1
Tile:5 9 2 0
Tile:0 9 6 1
Tile:6 10 4 0
Tile:9_flip 7 6 1
Tile:7 11 4 0
Tile:10 7 7 1
Tile:10 11 5 0
Tile:9_flip 11 6 1
GAMEOVER TIMEOUT WINNER 1
# Game ended: Wed Apr 15 01:54:31 EDT 2020
