# Server version 0.08 running on 192.168.2.139:8123
# Game ID: 125
# Board class: Saboteur.SaboteurBoard
# Timeout: 20000
# First Move Timeout: 30000
# Date: Wed Apr 15 01:41:49 EDT 2020
# Player 1: Player-0, '260714615', running on 192.168.2.139
# Player 2: Player-1, 'RandomPlayer', running on 192.168.2.139
START Player-0 260714615
START Player-1 RandomPlayer
BoardInit:Tile:8,Tile:7,Tile:7,Tile:14,Bonus,Bonus,Tile:9,Tile:8,Tile:2,Map,Tile:10,Tile:5,Tile:10,Tile:7,Tile:0,Tile:8,Tile:5,Destroy,Tile:7,Malus,Tile:8,Map,Tile:6,Bonus,Tile:6,Tile:9,Tile:10,Malus,Map,Tile:11,Tile:4,Tile:9,Destroy,Tile:0,Tile:7,Tile:9,Tile:9,Map,Tile:5,Map,Tile:15-Tile:1,Tile:6,Tile:0,Tile:6,Tile:6,Destroy,Tile:8-Tile:3,Bonus,Tile:13,Map,Tile:0,Tile:5,Tile:12-Tile:hidden1,Tile:nugget,Tile:hidden2
Tile:6_flip 5 4 1
Map 12 3 0
Drop 5 0 1
Tile:0 6 5 0
Tile:6 4 4 1
Tile:7_flip 5 6 0
Drop 6 0 1
Tile:5 4 5 0
Destroy 4 4 1
Tile:8 7 5 0
Tile:2_flip 8 5 1
Map 12 3 0
Tile:6 6 4 1
Tile:5 8 4 0
Tile:9_flip 7 6 1
Tile:7_flip 7 7 0
Tile:0 6 6 1
Tile:8 9 5 0
Tile:1 4 4 1
GAMEOVER TIMEOUT WINNER 1
# Game ended: Wed Apr 15 01:42:28 EDT 2020
