# Server version 0.08 running on 192.168.2.139:8123
# Game ID: 11
# Board class: Saboteur.SaboteurBoard
# Timeout: 20000
# First Move Timeout: 30000
# Date: Tue Apr 14 11:11:43 EDT 2020
# Player 1: Player-0, 'RandomPlayer', running on 127.0.0.1
# Player 2: Player-1, '260714615', running on 127.0.0.1
START Player-0 RandomPlayer
START Player-1 260714615
BoardInit:Tile:1,Malus,Tile:13,Map,Tile:7,Map,Tile:8,Malus,Tile:0,Tile:10,Tile:3,Bonus,Tile:9,Tile:5,Bonus,Tile:9,Destroy,Tile:9,Tile:0,Tile:5,Destroy,Tile:15,Tile:11,Map,Map,Tile:5,Destroy,Tile:4,Tile:6,Tile:2,Tile:7,Tile:6,Tile:0,Tile:9,Tile:6,Tile:6,Bonus,Bonus,Tile:6,Tile:8,Tile:7-Map,Tile:9,Tile:7,Tile:0,Tile:10,Tile:7,Map-Tile:8,Tile:14,Tile:10,Tile:8,Tile:5,Tile:8,Tile:12-Tile:hidden1,Tile:hidden2,Tile:nugget
Map 12 3 1
Tile:8 6 5 0
Map 12 3 1
Tile:5 6 4 0
Tile:0 7 5 1
Tile:14 6 6 0
Tile:9 5 6 1
Map 12 7 0
Tile:8 8 5 1
Tile:8 9 5 0
Tile:0 10 5 1
Tile:8 8 4 0
Tile:7 11 5 1
Tile:10 9 6 0
Tile:10 11 6 1
Tile:5_flip 11 7 0
Tile:7_flip 10 7 1
Tile:9_flip 9 7 0
Tile:7_flip 9 8 1
Tile:12_flip 4 5 0
Tile:0 10 8 1
Tile:9_flip 9 4 0
Tile:9 9 3 1
Tile:10 9 2 0
Tile:1 10 3 1
Tile:15 9 1 0
Map 12 3 1
Drop 3 0 0
Tile:13 5 7 1
Tile:5 9 0 0
Tile:6 11 3 1
Tile:2 4 7 0
Tile:7_flip 8 7 1
Tile:6_flip 11 8 0
Tile:0 12 8 1
Tile:9_flip 8 3 0
Tile:6 13 8 1
Tile:4 10 6 0
Tile:3 5 4 1
Tile:5 11 2 0
Tile:6_flip 13 7 1
GAMEOVER WINNER 1
# Game ended: Tue Apr 14 11:12:26 EDT 2020
