# Server version 0.08 running on 192.168.2.139:8123
# Game ID: 194
# Board class: Saboteur.SaboteurBoard
# Timeout: 20000
# First Move Timeout: 30000
# Date: Mon Apr 13 12:13:30 EDT 2020
# Player 1: Player-0, '260714615', running on 192.168.2.139
# Player 2: Player-1, 'RandomPlayer', running on 192.168.2.139
START Player-0 260714615
START Player-1 RandomPlayer
BoardInit:Map,Tile:0,Tile:15,Map,Tile:12,Malus,Tile:10,Tile:7,Tile:13,Tile:0,Tile:7,Bonus,Tile:5,Tile:14,Tile:5,Tile:4,Tile:6,Tile:9,Tile:11,Destroy,Tile:7,Map,Tile:7,Tile:8,Destroy,Tile:0,Tile:6,Tile:10,Tile:9,Tile:0,Bonus,Tile:1,Tile:10,Tile:8,Map,Bonus,Tile:6,Tile:9,Destroy,Map,Tile:2-Map,Tile:3,Tile:8,Tile:5,Tile:8,Tile:7,Bonus-Tile:5,Tile:6,Malus,Tile:8,Tile:6,Tile:9,Tile:9-Tile:hidden2,Tile:nugget,Tile:hidden1
Tile:8 4 5 1
Tile:6 4 6 0
Tile:5 3 6 1
Tile:9_flip 5 4 0
Map 12 5 1
Tile:6 5 6 0
Drop 2 0 1
Tile:0 3 5 0
Tile:10 5 3 1
Malus 0 0 0
Drop 1 0 1
Tile:9_flip 6 5 0
Drop 6 0 1
Drop 1 0 0
Map 12 5 1
Tile:0 2 5 0
Drop 1 0 1
Tile:4 5 2 0
Drop 3 0 1
Drop 6 0 0
Drop 2 0 1
GAMEOVER USER CANCEL UNDECIDED
# Game ended: Mon Apr 13 12:13:41 EDT 2020
