# Server version 0.08 running on 192.168.2.139:8123
# Game ID: 406
# Board class: Saboteur.SaboteurBoard
# Timeout: 20000
# First Move Timeout: 30000
# Date: Wed Apr 15 19:21:45 EDT 2020
# Player 1: Player-0, 'RandomPlayer', running on 127.0.0.1
# Player 2: Player-1, '260714615', running on 127.0.0.1
START Player-0 RandomPlayer
START Player-1 260714615
BoardInit:Bonus,Tile:13,Map,Tile:9,Malus,Tile:12,Tile:6,Tile:3,Bonus,Tile:14,Map,Tile:8,Tile:8,Tile:6,Tile:7,Destroy,Tile:10,Tile:0,Tile:7,Tile:6,Tile:7,Tile:7,Tile:5,Tile:7,Tile:10,Tile:9,Tile:5,Malus,Bonus,Tile:6,Destroy,Tile:5,Tile:4,Tile:5,Tile:9,Tile:9,Tile:11,Tile:8,Map,Tile:2,Map-Tile:0,Tile:9,Bonus,Tile:10,Tile:0,Tile:6,Map-Destroy,Tile:8,Tile:8,Tile:0,Tile:1,Map,Tile:15-Tile:nugget,Tile:hidden2,Tile:hidden1
Map 12 3 1
Tile:8 5 4 0
Tile:0 6 4 1
Map 12 5 0
Tile:0 7 4 1
Tile:13 5 3 0
Tile:6 8 4 1
Tile:8 5 2 0
Tile:6 9 4 1
Drop 2 0 0
Tile:9 9 3 1
Drop 3 0 0
Tile:10 9 2 1
Tile:3_flip 5 6 0
Tile:8 10 3 1
Tile:0 4 2 0
Tile:7 11 3 1
Drop 5 0 0
Tile:10 11 4 1
Tile:14_flip 4 4 0
Tile:7_flip 11 5 1
Destroy 5 2 0
Tile:7 9 1 1
Tile:6_flip 6 5 0
Malus 0 0 1
Destroy 6 4 0
Tile:5 3 2 1
Drop 0 0 0
Tile:5 8 1 1
Drop 6 0 0
Tile:10 3 3 1
Drop 0 0 0
Destroy 3 2 1
Drop 6 0 0
Tile:4 8 3 1
Drop 3 0 0
Tile:9 3 2 1
Drop 3 0 0
Tile:11 3 1 1
Drop 6 0 0
Drop 0 0 1
Drop 2 0 0
Drop 0 0 1
Drop 1 0 0
Drop 0 0 1
Drop 3 0 0
Drop 0 0 1
Drop 0 0 0
Drop 0 0 1
Drop 2 0 0
Drop 0 0 1
Drop 0 0 0
Drop 0 0 1
Drop 0 0 0
Drop 0 0 1
GAMEOVER DRAW
# Game ended: Wed Apr 15 19:22:42 EDT 2020
