# Server version 0.08 running on 192.168.2.139:8123
# Game ID: 278
# Board class: Saboteur.SaboteurBoard
# Timeout: 20000
# First Move Timeout: 30000
# Date: Mon Apr 13 18:33:24 EDT 2020
# Player 1: Player-0, '260714615', running on 127.0.0.1
# Player 2: Player-1, 'RandomPlayer', running on 127.0.0.1
START Player-0 260714615
START Player-1 RandomPlayer
BoardInit:Tile:7,Tile:7,Destroy,Tile:12,Tile:4,Tile:6,Tile:10,Tile:7,Tile:11,Tile:3,Tile:5,Map,Tile:8,Tile:8,Tile:2,Tile:15,Tile:13,Destroy,Destroy,Malus,Bonus,Tile:6,Bonus,Map,Tile:5,Tile:7,Tile:7,Tile:9,Bonus,Tile:1,Tile:6,Tile:0,Tile:8,Map,Tile:0,Tile:5,Tile:10,Tile:8,Tile:10,Tile:6,Map-Map,Tile:9,Tile:8,Tile:5,Tile:0,Tile:6,Map-Tile:9,Tile:9,Bonus,Tile:0,Malus,Tile:9,Tile:14-Tile:nugget,Tile:hidden2,Tile:hidden1
Tile:8 5 6 1
Tile:0 6 5 0
Tile:5 4 5 1
Tile:9 5 4 0
Tile:9_flip 5 3 1
Tile:9 5 7 0
Drop 2 0 1
Tile:6 7 5 0
Tile:7_flip 4 6 1
Tile:9 7 4 0
Destroy 5 6 1
Tile:7_flip 5 8 0
Tile:11_flip 5 6 1
Map 12 3 0
Drop 2 0 1
Tile:8 8 5 0
Tile:2 5 2 1
Tile:7_flip 8 6 0
Tile:8 6 7 1
Malus 0 0 0
Destroy 5 3 1
Tile:14 6 2 0
Map 12 5 1
Malus 0 0 0
Drop 0 0 1
Map 12 3 0
Drop 5 0 1
Tile:6 9 5 0
Drop 6 0 1
Tile:9 9 4 0
Drop 4 0 1
Tile:7 10 5 0
Drop 4 0 1
Tile:0 10 4 0
Drop 0 0 1
Map 12 3 0
Drop 4 0 1
Tile:5_flip 11 4 0
Drop 0 0 1
Tile:8 10 6 0
Drop 4 0 1
Tile:6 11 6 0
Map 12 7 1
Tile:12 6 4 0
Drop 4 0 1
Tile:3 6 1 0
Drop 3 0 1
Tile:15 5 3 0
Drop 2 0 1
Destroy 4 5 0
Drop 0 0 1
Tile:1 5 1 0
Drop 1 0 1
Drop 0 0 0
Drop 0 0 1
GAMEOVER DRAW
# Game ended: Mon Apr 13 18:33:48 EDT 2020
