# Server version 0.08 running on 192.168.2.139:8123
# Game ID: 181
# Board class: Saboteur.SaboteurBoard
# Timeout: 20000
# First Move Timeout: 30000
# Date: Mon Apr 13 11:57:47 EDT 2020
# Player 1: Player-0, '260714615', running on 192.168.2.139
# Player 2: Player-1, 'RandomPlayer', running on 192.168.2.139
START Player-0 260714615
START Player-1 RandomPlayer
BoardInit:Malus,Tile:0,Tile:5,Bonus,Tile:3,Tile:5,Destroy,Map,Tile:4,Tile:7,Tile:9,Tile:6,Tile:9,Tile:8,Tile:11,Bonus,Tile:5,Map,Tile:2,Tile:9,Tile:10,Tile:7,Tile:1,Bonus,Map,Tile:7,Destroy,Tile:13,Tile:10,Map,Malus,Tile:8,Tile:8,Tile:6,Tile:6,Destroy,Tile:0,Map,Tile:15,Tile:7,Tile:0-Tile:14,Tile:6,Bonus,Tile:10,Tile:8,Tile:7,Tile:0-Tile:5,Tile:6,Tile:9,Map,Tile:8,Tile:9,Tile:12-Tile:nugget,Tile:hidden1,Tile:hidden2
Tile:14 6 5 1
Tile:9 4 5 0
Drop 1 0 1
Drop 2 0 0
Tile:6_flip 4 4 1
Tile:6_flip 6 4 0
Tile:10 5 6 1
Tile:5_flip 4 6 0
Tile:0 3 4 1
Tile:8 3 6 0
Destroy 4 6 1
Tile:0 7 4 0
Tile:3_flip 5 7 1
Tile:12_flip 2 6 0
Tile:9 3 7 1
Tile:8 2 4 0
Tile:9_flip 4 6 1
Tile:6_flip 5 4 0
Tile:5_flip 2 5 1
Map 12 7 0
Tile:5 2 3 1
Tile:9_flip 4 7 0
Tile:11 4 8 1
Tile:7_flip 4 9 0
Tile:4 3 5 1
Tile:5 1 5 0
Tile:8 5 9 1
Tile:9 5 10 0
Tile:7 6 9 1
Drop 4 0 0
Tile:10 1 6 1
Tile:13 6 10 0
Tile:2_flip 6 11 1
Tile:7_flip 5 11 0
Destroy 4 6 1
Map 12 7 0
Tile:6 3 3 1
Destroy 5 6 0
Tile:0 7 11 1
Tile:7_flip 1 4 0
Tile:8 4 6 1
Tile:7 8 11 0
Malus 0 0 1
Map 12 3 0
Tile:15 3 8 1
