# Server version 0.08 running on 192.168.2.139:8123
# Game ID: 284
# Board class: Saboteur.SaboteurBoard
# Timeout: 20000
# First Move Timeout: 30000
# Date: Wed Apr 15 15:55:51 EDT 2020
# Player 1: Player-0, '260714615', running on 127.0.0.1
# Player 2: Player-1, 'RandomPlayer', running on 127.0.0.1
START Player-0 260714615
START Player-1 RandomPlayer
BoardInit:Tile:5,Bonus,Tile:8,Tile:8,Bonus,Tile:10,Tile:7,Malus,Map,Map,Tile:1,Map,Tile:7,Malus,Destroy,Tile:7,Tile:7,Tile:0,Tile:9,Tile:8,Tile:9,Tile:4,Tile:0,Tile:13,Destroy,Tile:2,Tile:8,Tile:10,Bonus,Tile:15,Bonus,Tile:5,Tile:6,Tile:9,Tile:3,Tile:6,Tile:9,Destroy,Tile:6,Tile:12,Map-Tile:11,Tile:8,Tile:6,Tile:5,Tile:0,Tile:10,Tile:0-Map,Tile:7,Map,Tile:14,Tile:6,Tile:9,Tile:5-Tile:hidden2,Tile:nugget,Tile:hidden1
Tile:5_flip 6 5 1
Map 12 3 0
Tile:8 6 4 1
Map 12 5 0
Drop 1 0 1
Tile:6 7 4 0
Drop 4 0 1
Tile:8 8 4 0
Tile:10 8 3 1
Tile:7_flip 8 5 0
Tile:8 8 2 1
Tile:10 7 3 0
Tile:0 9 5 1
Tile:9_flip 10 5 0
Tile:11_flip 8 1 1
Tile:5 10 4 0
Tile:7 11 4 1
Tile:7_flip 11 5 0
GAMEOVER WINNER 0
# Game ended: Wed Apr 15 15:56:09 EDT 2020
