# Server version 0.08 running on 192.168.2.139:8123
# Game ID: 377
# Board class: Saboteur.SaboteurBoard
# Timeout: 20000
# First Move Timeout: 30000
# Date: Wed Apr 15 18:27:07 EDT 2020
# Player 1: Player-0, '260714615', running on 192.168.2.139
# Player 2: Player-1, 'RandomPlayer', running on 192.168.2.139
START Player-0 260714615
START Player-1 RandomPlayer
BoardInit:Tile:0,Tile:8,Destroy,Tile:15,Tile:9,Tile:10,Tile:9,Tile:6,Map,Tile:5,Map,Tile:0,Tile:5,Malus,Tile:7,Tile:8,Malus,Tile:8,Tile:4,Map,Tile:7,Tile:9,Destroy,Tile:11,Tile:6,Tile:8,Tile:6,Bonus,Tile:0,Destroy,Tile:14,Tile:12,Map,Bonus,Map,Tile:3,Tile:1,Tile:10,Tile:5,Map,Tile:7-Tile:6,Tile:6,Tile:2,Tile:5,Tile:9,Tile:13,Tile:7-Tile:9,Tile:7,Tile:8,Bonus,Tile:0,Bonus,Tile:10-Tile:hidden2,Tile:hidden1,Tile:nugget
Drop 5 0 1
Tile:8 6 5 0
Tile:2_flip 5 6 1
Tile:0 7 5 0
Tile:9 4 6 1
Tile:8 8 5 0
Drop 2 0 1
Tile:10 8 4 0
Tile:6 4 7 1
Tile:6 9 5 0
Tile:6 3 7 1
Tile:10 9 4 0
Tile:7_flip 2 7 1
Tile:0 10 5 0
Tile:9 8 6 1
Malus 0 0 0
Destroy 7 5 1
Tile:8 7 5 0
Drop 3 0 1
Tile:8 11 5 0
Malus 0 0 1
Bonus 0 0 0
Drop 5 0 1
Map 12 3 0
Drop 2 0 1
Tile:9 11 4 0
Destroy 4 6 1
Tile:8 12 4 0
Drop 5 0 1
Tile:7 13 4 0
Drop 0 0 1
Tile:5_flip 13 5 0
Drop 6 0 1
Tile:9 11 6 0
Drop 0 0 1
Destroy 2 7 0
Drop 3 0 1
Drop 0 0 0
Map 12 7 1
Tile:10 9 3 0
Drop 4 0 1
Map 12 7 0
Drop 0 0 1
Drop 0 0 0
Drop 4 0 1
Drop 0 0 0
Drop 2 0 1
Tile:12 5 7 0
Drop 0 0 1
Drop 0 0 0
Drop 0 0 1
Drop 0 0 0
Drop 1 0 1
Drop 0 0 0
Drop 0 0 1
GAMEOVER DRAW
# Game ended: Wed Apr 15 18:28:01 EDT 2020
