# Server version 0.08 running on 192.168.2.139:8123
# Game ID: 273
# Board class: Saboteur.SaboteurBoard
# Timeout: 20000
# First Move Timeout: 30000
# Date: Mon Apr 13 18:31:03 EDT 2020
# Player 1: Player-0, 'RandomPlayer', running on 127.0.0.1
# Player 2: Player-1, '260714615', running on 127.0.0.1
START Player-0 RandomPlayer
START Player-1 260714615
BoardInit:Tile:6,Tile:0,Malus,Bonus,Tile:9,Malus,Bonus,Tile:14,Tile:7,Tile:6,Tile:9,Tile:5,Bonus,Bonus,Tile:7,Tile:8,Tile:10,Destroy,Tile:8,Tile:7,Tile:9,Tile:13,Destroy,Tile:5,Tile:0,Map,Map,Tile:8,Tile:7,Tile:8,Map,Tile:15,Map,Tile:0,Tile:10,Tile:6,Destroy,Tile:7,Tile:9,Map,Tile:3-Tile:5,Tile:11,Tile:5,Tile:6,Tile:1,Tile:9,Tile:2-Tile:12,Map,Tile:10,Tile:8,Tile:6,Tile:4,Tile:0-Tile:hidden2,Tile:hidden1,Tile:nugget
Tile:6 6 5 1
Tile:6_flip 7 5 0
Tile:6 8 5 1
Tile:10 8 4 0
Tile:5 8 3 1
Map 12 7 0
Tile:9 7 6 1
Drop 2 0 0
Tile:9 7 7 1
Tile:14 8 7 0
Tile:7_flip 7 8 1
Tile:0 9 5 0
Tile:5_flip 10 5 1
Drop 2 0 0
Tile:9 10 4 1
Tile:5 5 4 0
Tile:7 11 4 1
Tile:6_flip 10 3 0
Tile:10 11 5 1
Tile:8 6 4 0
Tile:8 11 6 1
Tile:7 12 6 0
GAMEOVER WINNER 0
# Game ended: Mon Apr 13 18:31:13 EDT 2020
