# Server version 0.08 running on 192.168.2.139:8123
# Game ID: 65
# Board class: Saboteur.SaboteurBoard
# Timeout: 20000
# First Move Timeout: 30000
# Date: Sun Apr 12 21:27:30 EDT 2020
# Player 1: Player-0, '260714615', running on 192.168.2.139
# Player 2: Player-1, 'RandomPlayer', running on 192.168.2.139
START Player-0 260714615
START Player-1 RandomPlayer
BoardInit:Tile:2,Tile:8,Tile:1,Tile:3,Malus,Tile:13,Tile:7,Tile:8,Tile:11,Tile:0,Tile:5,Bonus,Tile:10,Map,Tile:0,Tile:8,Tile:9,Tile:15,Bonus,Destroy,Tile:8,Tile:10,Tile:6,Map,Tile:10,Tile:9,Tile:4,Tile:8,Tile:5,Tile:9,Tile:6,Tile:5,Tile:0,Map,Destroy,Bonus,Tile:12,Tile:6,Malus,Tile:6,Map-Tile:6,Tile:5,Tile:7,Map,Tile:7,Tile:7,Tile:0-Tile:14,Tile:7,Map,Tile:9,Tile:9,Destroy,Bonus-Tile:hidden2,Tile:hidden1,Tile:nugget
Tile:7 6 5 1
Tile:9 4 5 0
Tile:7_flip 4 6 1
Drop 4 0 0
Map 12 5 1
Tile:14 5 6 0
Tile:7_flip 6 6 1
Drop 4 0 0
Tile:2_flip 7 6 1
Tile:7 4 4 0
Drop 1 0 1
Drop 2 0 0
Tile:5 5 4 1
Tile:0 3 4 0
Tile:10 7 5 1
Tile:9_flip 8 6 0
Drop 0 0 1
Drop 4 0 0
Tile:0 6 4 1
Tile:13 2 4 0
Tile:1 1 4 1
Tile:8 7 4 0
Tile:8 2 3 1
Map 12 7 0
Tile:0 1 3 1
Destroy 7 4 0
Tile:10 8 5 1
Tile:8 8 4 0
Tile:4_flip 2 5 1
Map 12 3 0
Tile:5 8 3 1
Tile:9 2 2 0
Tile:11_flip 3 2 1
Tile:8 0 3 0
Tile:6 9 3 1
Tile:15 2 1 0
Destroy 4 5 1
Tile:5_flip 3 3 0
Tile:6_flip 2 0 1
Drop 3 0 0
Tile:9_flip 8 7 1
Tile:6 0 4 0
Drop 0 0 1
Tile:10 3 1 0
Drop 2 0 1
Tile:3 3 0 0
Map 12 3 1
Tile:6 10 3 0
Tile:7 9 2 1
Map 12 7 0
Tile:12 9 4 1
Map 12 7 0
Malus 0 0 1
Drop 0 0 0
Drop 0 0 1
GAMEOVER DRAW
# Game ended: Sun Apr 12 21:27:30 EDT 2020
