# Server version 0.08 running on 192.168.2.139:8123
# Game ID: 228
# Board class: Saboteur.SaboteurBoard
# Timeout: 20000
# First Move Timeout: 30000
# Date: Mon Apr 13 15:54:35 EDT 2020
# Player 1: Player-0, '260714615', running on 192.168.2.139
# Player 2: Player-1, 'RandomPlayer', running on 192.168.2.139
START Player-0 260714615
START Player-1 RandomPlayer
BoardInit:Tile:3,Tile:9,Tile:10,Tile:8,Tile:5,Tile:11,Tile:7,Tile:8,Bonus,Tile:7,Tile:5,Bonus,Tile:0,Tile:7,Bonus,Tile:14,Malus,Tile:1,Tile:9,Tile:6,Destroy,Destroy,Tile:6,Tile:9,Tile:0,Map,Tile:13,Tile:8,Tile:0,Map,Tile:7,Tile:9,Tile:7,Map,Malus,Tile:5,Tile:9,Tile:6,Tile:12,Map,Tile:8-Tile:5,Map,Tile:10,Tile:4,Bonus,Tile:2,Map-Destroy,Tile:0,Tile:15,Tile:6,Tile:10,Tile:8,Tile:6-Tile:hidden1,Tile:nugget,Tile:hidden2
Tile:10 5 4 1
Tile:6 4 5 0
Tile:4 4 4 1
Tile:8 3 5 0
Tile:10 5 6 1
Destroy 3 5 0
Tile:5 5 3 1
Tile:8 6 5 0
Tile:5 3 5 1
Tile:15 6 6 0
Drop 1 0 1
