# Server version 0.08 running on 192.168.2.139:8123
# Game ID: 211
# Board class: Saboteur.SaboteurBoard
# Timeout: 20000
# First Move Timeout: 30000
# Date: Mon Apr 13 15:24:54 EDT 2020
# Player 1: Player-0, '260714615', running on 192.168.2.139
# Player 2: Player-1, 'RandomPlayer', running on 192.168.2.139
START Player-0 260714615
START Player-1 RandomPlayer
BoardInit:Map,Tile:2,Tile:8,Tile:8,Bonus,Tile:7,Map,Tile:3,Tile:5,Destroy,Malus,Tile:6,Bonus,Tile:11,Destroy,Tile:9,Tile:1,Tile:0,Tile:0,Tile:7,Malus,Tile:5,Bonus,Tile:6,Tile:0,Map,Map,Tile:9,Tile:4,Tile:10,Map,Tile:7,Tile:10,Bonus,Tile:13,Tile:6,Tile:14,Tile:5,Tile:10,Tile:9,Tile:5-Tile:7,Tile:6,Tile:9,Tile:7,Tile:12,Destroy,Tile:8-Tile:6,Map,Tile:15,Tile:8,Tile:9,Tile:8,Tile:0-Tile:hidden2,Tile:hidden1,Tile:nugget
Tile:7_flip 4 5 1
Tile:9_flip 5 6 0
Tile:9_flip 4 4 1
Tile:2_flip 5 7 0
Tile:6_flip 6 5 1
Drop 0 0 0
Drop 4 0 1
Tile:0 7 5 0
Tile:8 3 4 1
Tile:8 8 5 0
Map 12 3 1
Tile:8 3 3 0
Tile:12_flip 4 6 1
Tile:8 9 5 0
Tile:5 8 4 1
Destroy 6 5 0
Tile:8 4 3 1
Drop 4 0 0
Drop 1 0 1
Tile:0 4 7 0
Destroy 8 4 1
Tile:7_flip 3 7 0
Drop 5 0 1
Tile:9_flip 4 2 0
Tile:7_flip 2 4 1
Drop 3 0 0
Tile:0 6 5 1
Tile:15 3 6 0
Map 12 7 1
Tile:6_flip 2 3 0
Malus 0 0 1
Map 12 3 0
Map 12 7 1
Map 12 3 0
Tile:4 5 4 1
Bonus 0 0 0
Tile:10 9 4 1
Tile:5_flip 9 6 0
Tile:1 5 3 1
Tile:10 3 5 0
Tile:13 10 5 1
Tile:9_flip 6 3 0
Tile:5 6 2 1
Tile:5 10 4 0
Drop 1 0 1
Tile:6 7 2 0
Drop 3 0 1
