# Server version 0.08 running on 192.168.2.139:8123
# Game ID: 411
# Board class: Saboteur.SaboteurBoard
# Timeout: 20000
# First Move Timeout: 30000
# Date: Wed Apr 15 19:25:30 EDT 2020
# Player 1: Player-0, '260714615', running on 127.0.0.1
# Player 2: Player-1, 'RandomPlayer', running on 127.0.0.1
START Player-0 260714615
START Player-1 RandomPlayer
BoardInit:Destroy,Tile:5,Tile:13,Tile:8,Tile:9,Destroy,Tile:7,Tile:0,Tile:10,Tile:11,Map,Bonus,Bonus,Tile:2,Map,Tile:1,Tile:8,Tile:0,Tile:8,Tile:5,Tile:9,Tile:0,Tile:6,Tile:6,Tile:8,Tile:14,Tile:5,Destroy,Map,Map,Tile:10,Tile:7,Tile:5,Tile:6,Tile:9,Tile:4,Bonus,Tile:6,Malus,Map,Tile:0-Tile:9,Tile:15,Tile:7,Malus,Tile:7,Tile:10,Tile:3-Tile:8,Tile:6,Tile:12,Map,Tile:9,Tile:7,Bonus-Tile:hidden1,Tile:hidden2,Tile:nugget
Tile:7_flip 5 6 1
Map 12 3 0
Drop 1 0 1
Tile:8 6 5 0
Destroy 5 6 1
Tile:6 7 5 0
Tile:9_flip 5 4 1
Drop 0 0 0
Tile:7_flip 4 5 1
Tile:8 8 5 0
Tile:10 7 4 1
Tile:0 9 5 0
Tile:9 8 4 1
Tile:9_flip 10 5 0
Tile:13 8 6 1
Destroy 8 6 0
Tile:10 5 3 1
Tile:7_flip 10 6 0
Tile:3_flip 5 6 1
Tile:0 11 6 0
Tile:7_flip 8 6 1
Tile:5_flip 12 6 0
Tile:8 7 3 1
Tile:5 10 4 0
Tile:6 11 4 1
Tile:6 6 6 0
Tile:8 13 5 1
Tile:14 9 4 0
Tile:5 7 2 1
Destroy 9 4 0
Tile:8 8 3 1
Map 12 7 0
Drop 1 0 1
Tile:7_flip 13 6 0
Tile:10 6 4 1
Tile:2 12 4 0
Tile:9_flip 11 3 1
Tile:6_flip 13 4 0
Tile:5 5 2 1
Tile:0 10 3 0
Map 12 3 1
Tile:6 9 3 0
Map 12 3 1
Tile:11 4 4 0
Drop 4 0 1
Tile:4 4 3 0
Tile:9 6 3 1
Drop 0 0 0
Drop 2 0 1
Drop 0 0 0
Drop 0 0 1
Drop 0 0 0
Drop 1 0 1
Drop 0 0 0
Drop 0 0 1
GAMEOVER DRAW
# Game ended: Wed Apr 15 19:26:24 EDT 2020
