# Server version 0.08 running on 192.168.2.139:8123
# Game ID: 274
# Board class: Saboteur.SaboteurBoard
# Timeout: 20000
# First Move Timeout: 30000
# Date: Mon Apr 13 18:31:14 EDT 2020
# Player 1: Player-0, '260714615', running on 127.0.0.1
# Player 2: Player-1, 'RandomPlayer', running on 127.0.0.1
START Player-0 260714615
START Player-1 RandomPlayer
BoardInit:Tile:8,Tile:7,Tile:8,Tile:3,Tile:14,Tile:5,Tile:4,Map,Tile:0,Map,Tile:5,Map,Tile:10,Tile:7,Tile:2,Tile:0,Tile:7,Tile:8,Bonus,Tile:0,Tile:5,Bonus,Bonus,Bonus,Tile:10,Tile:12,Malus,Tile:8,Destroy,Tile:9,Tile:6,Map,Tile:7,Tile:7,Tile:5,Tile:9,Tile:10,Destroy,Tile:0,Malus,Tile:13-Destroy,Tile:6,Tile:6,Map,Map,Tile:8,Tile:6-Tile:9,Tile:6,Tile:9,Tile:11,Tile:1,Tile:15,Tile:9-Tile:hidden1,Tile:nugget,Tile:hidden2
Tile:6_flip 6 5 1
Tile:6 7 5 0
Destroy 7 5 1
Tile:9 6 6 0
Tile:8 6 7 1
Tile:9 6 8 0
Tile:8 5 7 1
Tile:9 5 4 0
Drop 3 0 1
Map 12 3 0
Drop 5 0 1
Map 12 3 0
Tile:8 7 8 1
Map 12 3 0
Drop 5 0 1
Tile:7_flip 7 9 0
Tile:14 6 9 1
Tile:0 7 5 0
Tile:2 5 9 1
Tile:8 8 5 0
Tile:7_flip 4 5 1
Tile:0 9 5 0
Tile:6 8 6 1
Tile:5_flip 10 5 0
Drop 2 0 1
Tile:7 10 4 0
Map 12 3 1
Tile:11 5 3 0
Tile:10 5 6 1
Tile:8 8 4 0
Destroy 6 5 1
Tile:9 8 3 0
Tile:5_flip 6 4 1
Map 12 3 0
Tile:6 8 8 1
Tile:7_flip 7 4 0
Tile:7 7 3 1
Tile:9 8 2 0
Tile:5 5 2 1
Tile:1 6 2 0
Drop 4 0 1
Malus 0 0 0
Map 12 5 1
Tile:15 4 4 0
Drop 3 0 1
Tile:3 4 3 0
Drop 4 0 1
Tile:12 7 2 0
Drop 0 0 1
Destroy 4 3 0
Drop 0 0 1
Drop 0 0 0
Drop 1 0 1
Drop 0 0 0
Drop 0 0 1
GAMEOVER DRAW
# Game ended: Mon Apr 13 18:31:38 EDT 2020
