# Server version 0.08 running on 192.168.2.139:8123
# Game ID: 330
# Board class: Saboteur.SaboteurBoard
# Timeout: 20000
# First Move Timeout: 30000
# Date: Wed Apr 15 17:32:28 EDT 2020
# Player 1: Player-0, '260714615', running on 127.0.0.1
# Player 2: Player-1, 'RandomPlayer', running on 127.0.0.1
START Player-0 260714615
START Player-1 RandomPlayer
BoardInit:Tile:3,Tile:0,Tile:6,Tile:5,Tile:15,Tile:11,Tile:13,Map,Tile:10,Tile:9,Tile:14,Tile:10,Bonus,Tile:7,Tile:8,Tile:9,Map,Tile:0,Tile:5,Map,Destroy,Bonus,Tile:0,Tile:8,Tile:12,Tile:0,Tile:6,Map,Destroy,Tile:6,Tile:9,Map,Tile:5,Destroy,Tile:9,Bonus,Tile:7,Tile:7,Malus,Bonus,Tile:9-Tile:2,Tile:5,Tile:8,Tile:7,Tile:8,Tile:4,Map-Tile:6,Tile:10,Tile:6,Tile:1,Malus,Tile:7,Tile:8-Tile:hidden1,Tile:hidden2,Tile:nugget
Tile:4 5 4 1
Tile:6 6 5 0
Tile:8 5 6 1
Tile:6 7 5 0
Tile:5 4 5 1
Tile:8 8 5 0
Tile:2 9 5 1
Tile:0 10 5 0
Tile:7 6 6 1
Map 12 3 0
Tile:6 9 6 1
Tile:1 11 5 0
Tile:8 8 4 1
Tile:7_flip 8 6 0
Tile:14_flip 6 4 1
Tile:10 8 3 0
Drop 0 0 1
Tile:7 10 6 0
Tile:13 4 6 1
Tile:9 10 7 0
Tile:8 7 4 1
Map 12 5 0
Tile:3_flip 5 7 1
Tile:0 11 7 0
GAMEOVER WINNER 0
# Game ended: Wed Apr 15 17:32:52 EDT 2020
