# Server version 0.08 running on 192.168.2.139:8123
# Game ID: 226
# Board class: Saboteur.SaboteurBoard
# Timeout: 20000
# First Move Timeout: 30000
# Date: Wed Apr 15 14:41:47 EDT 2020
# Player 1: Player-0, 'RandomPlayer', running on 127.0.0.1
# Player 2: Player-1, '260714615', running on 127.0.0.1
START Player-0 RandomPlayer
START Player-1 260714615
BoardInit:Bonus,Tile:14,Tile:6,Tile:6,Map,Tile:5,Tile:0,Tile:8,Destroy,Tile:8,Tile:7,Tile:9,Tile:15,Tile:8,Tile:0,Tile:9,Tile:8,Bonus,Tile:1,Tile:12,Bonus,Destroy,Tile:0,Tile:0,Tile:2,Tile:9,Map,Tile:7,Map,Tile:6,Tile:9,Map,Tile:5,Map,Tile:4,Tile:3,Tile:10,Tile:7,Tile:11,Tile:9,Destroy-Tile:10,Tile:10,Tile:6,Tile:8,Tile:7,Map,Bonus-Malus,Tile:5,Tile:7,Tile:5,Malus,Tile:13,Tile:6-Tile:hidden1,Tile:hidden2,Tile:nugget
Map 12 3 1
Tile:6 4 5 0
Tile:6 6 5 1
Tile:13 3 5 0
Tile:8 7 5 1
Tile:5 6 4 0
Map 12 5 1
Tile:6_flip 2 5 0
Tile:6 8 5 1
Tile:7_flip 3 6 0
Tile:0 9 5 1
Tile:5_flip 2 6 0
Tile:7 10 5 1
Tile:5 8 4 0
Tile:10 10 6 1
Malus 0 0 0
Bonus 0 0 1
Tile:14_flip 3 4 0
Tile:10 10 7 1
Drop 1 0 0
Tile:0 9 4 1
Tile:9_flip 7 6 0
Tile:7_flip 10 8 1
Tile:8 11 8 0
Tile:0 10 4 1
Tile:8 12 8 0
GAMEOVER WINNER 0
# Game ended: Wed Apr 15 14:42:13 EDT 2020
