# Server version 0.08 running on 192.168.2.139:8123
# Game ID: 417
# Board class: Saboteur.SaboteurBoard
# Timeout: 20000
# First Move Timeout: 30000
# Date: Wed Apr 15 19:33:20 EDT 2020
# Player 1: Player-0, '260714615', running on 127.0.0.1
# Player 2: Player-1, 'RandomPlayer', running on 127.0.0.1
START Player-0 260714615
START Player-1 RandomPlayer
BoardInit:Tile:8,Bonus,Tile:7,Tile:8,Tile:14,Tile:4,Tile:8,Malus,Destroy,Tile:6,Map,Map,Map,Tile:6,Map,Tile:2,Malus,Tile:9,Destroy,Tile:7,Destroy,Tile:6,Map,Tile:5,Tile:12,Tile:6,Tile:7,Tile:9,Tile:10,Tile:1,Tile:5,Tile:7,Tile:3,Tile:10,Tile:10,Tile:13,Bonus,Tile:9,Tile:6,Map,Bonus-Tile:11,Bonus,Tile:5,Tile:8,Tile:15,Tile:0,Tile:0-Tile:0,Tile:0,Tile:8,Tile:9,Tile:7,Tile:5,Tile:9-Tile:nugget,Tile:hidden2,Tile:hidden1
Tile:5 4 5 1
Tile:0 6 5 0
Tile:8 5 6 1
Tile:0 7 5 0
Tile:8 8 5 1
Tile:8 9 5 0
Tile:7_flip 4 6 1
Tile:8 10 5 0
Tile:11_flip 5 4 1
Tile:9_flip 11 5 0
Drop 1 0 1
Tile:7_flip 11 6 0
Tile:0 12 6 1
Map 12 3 0
Tile:14_flip 8 4 1
Tile:5 11 4 0
Tile:8 5 3 1
Tile:6 12 4 0
GAMEOVER WINNER 0
# Game ended: Wed Apr 15 19:33:38 EDT 2020
