# Server version 0.08 running on 192.168.2.139:8123
# Game ID: 51
# Board class: Saboteur.SaboteurBoard
# Timeout: 20000
# First Move Timeout: 30000
# Date: Tue Apr 14 12:16:01 EDT 2020
# Player 1: Player-0, 'RandomPlayer', running on 127.0.0.1
# Player 2: Player-1, '260714615', running on 127.0.0.1
START Player-0 RandomPlayer
START Player-1 260714615
BoardInit:Tile:9,Tile:8,Tile:5,Tile:9,Tile:0,Destroy,Map,Bonus,Tile:15,Destroy,Map,Tile:4,Tile:11,Tile:5,Bonus,Tile:10,Tile:5,Tile:0,Map,Tile:7,Tile:5,Destroy,Tile:6,Bonus,Tile:8,Tile:1,Tile:9,Bonus,Tile:9,Tile:7,Tile:0,Tile:6,Tile:10,Map,Tile:2,Tile:9,Tile:8,Tile:13,Map,Tile:6,Tile:7-Tile:3,Tile:6,Tile:10,Tile:12,Tile:7,Tile:8,Map-Tile:7,Tile:8,Malus,Tile:0,Tile:14,Tile:6,Malus-Tile:hidden2,Tile:nugget,Tile:hidden1
Map 12 3 1
Tile:7 6 5 0
Tile:6 6 6 1
Tile:6_flip 7 6 0
Tile:8 8 6 1
Tile:8 4 5 0
Tile:0 9 6 1
Drop 2 0 0
Map 12 3 1
Tile:9 5 6 0
Tile:10 8 5 1
Tile:8 4 4 0
Map 12 3 1
Destroy 6 6 0
Tile:9 8 4 1
Tile:5_flip 10 6 0
Tile:5 10 5 1
Drop 0 0 0
Tile:7 11 5 1
Destroy 10 6 0
Map 12 3 1
Tile:10 7 7 0
Tile:5_flip 11 6 1
Destroy 8 6 0
Tile:6 10 6 1
Tile:7_flip 7 8 0
Tile:8 9 4 1
Tile:4_flip 9 5 0
Tile:5 9 3 1
Tile:0 10 4 0
Tile:9 5 7 1
Tile:7 6 7 0
Tile:0 11 4 1
Tile:6 5 8 0
Tile:9_flip 12 4 1
Tile:0 3 4 0
Tile:10 8 3 1
Tile:9_flip 6 8 0
Tile:8 8 6 1
Tile:1 8 8 0
Map 12 3 1
Drop 2 0 0
Tile:7_flip 8 7 1
Tile:6_flip 5 4 0
Tile:3 4 3 1
Drop 3 0 0
Tile:12 6 4 1
Tile:13 4 8 0
Tile:15 4 6 1
Malus 0 0 0
Bonus 0 0 1
Drop 0 0 0
Tile:11 2 4 1
Drop 0 0 0
Tile:2 2 3 1
GAMEOVER DRAW
# Game ended: Tue Apr 14 12:16:57 EDT 2020
