# Server version 0.08 running on 192.168.2.139:8123
# Game ID: 298
# Board class: Saboteur.SaboteurBoard
# Timeout: 20000
# First Move Timeout: 30000
# Date: Wed Apr 15 16:06:16 EDT 2020
# Player 1: Player-0, '260714615', running on 127.0.0.1
# Player 2: Player-1, 'RandomPlayer', running on 127.0.0.1
START Player-0 260714615
START Player-1 RandomPlayer
BoardInit:Malus,Tile:14,Bonus,Tile:8,Tile:2,Tile:0,Tile:8,Tile:6,Tile:7,Tile:12,Tile:5,Tile:9,Tile:10,Map,Tile:15,Map,Tile:6,Tile:9,Tile:10,Tile:6,Bonus,Tile:9,Map,Tile:10,Malus,Tile:5,Tile:6,Tile:13,Tile:7,Tile:6,Tile:5,Tile:5,Tile:9,Tile:0,Destroy,Destroy,Tile:3,Tile:8,Map,Tile:8,Tile:11-Bonus,Tile:9,Map,Tile:7,Tile:0,Bonus,Map-Tile:1,Tile:4,Tile:8,Tile:7,Tile:7,Destroy,Tile:0-Tile:hidden1,Tile:nugget,Tile:hidden2
Drop 2 0 1
Tile:8 6 5 0
Tile:9 5 6 1
Tile:0 7 5 0
Drop 0 0 1
Tile:8 8 5 0
Tile:7 6 4 1
Tile:0 9 5 0
Map 12 3 1
Tile:6 10 5 0
Tile:2_flip 6 6 1
Destroy 6 6 0
Drop 4 0 1
Tile:1 11 5 0
Drop 2 0 1
Map 12 3 0
Tile:7 10 4 1
Map 12 5 0
Drop 3 0 1
Tile:7_flip 9 4 0
Tile:6 6 6 1
Tile:9 9 3 0
Tile:10 8 6 1
Tile:6 10 3 0
Map 12 7 1
Tile:9 10 2 0
Tile:15 8 7 1
Tile:10 8 4 0
Drop 3 0 1
Tile:7 11 3 0
Tile:7_flip 11 4 1
Tile:6 12 4 0
Tile:5 5 4 1
Tile:9_flip 13 4 0
Tile:9_flip 8 3 1
Tile:5_flip 13 5 0
GAMEOVER WINNER 0
# Game ended: Wed Apr 15 16:06:53 EDT 2020
