# Server version 0.08 running on 192.168.2.139:8123
# Game ID: 205
# Board class: Saboteur.SaboteurBoard
# Timeout: 20000
# First Move Timeout: 30000
# Date: Mon Apr 13 12:33:19 EDT 2020
# Player 1: Player-0, '260714615', running on 192.168.2.139
# Player 2: Player-1, 'RandomPlayer', running on 192.168.2.139
START Player-0 260714615
START Player-1 RandomPlayer
BoardInit:Tile:7,Tile:10,Tile:13,Bonus,Tile:11,Tile:6,Tile:5,Tile:7,Destroy,Tile:9,Tile:8,Map,Tile:9,Tile:5,Tile:12,Tile:6,Bonus,Destroy,Map,Tile:10,Tile:1,Tile:6,Tile:6,Map,Tile:7,Malus,Tile:8,Tile:0,Tile:4,Tile:9,Tile:9,Tile:10,Tile:14,Tile:5,Bonus,Tile:6,Malus,Map,Tile:7,Tile:15,Tile:8-Tile:0,Tile:0,Tile:2,Tile:3,Bonus,Tile:8,Tile:7-Tile:0,Destroy,Map,Tile:8,Map,Tile:5,Tile:9-Tile:hidden1,Tile:nugget,Tile:hidden2
Tile:0 4 5 1
Tile:0 3 5 0
Tile:7 6 5 1
Map 12 7 0
Tile:3_flip 5 6 1
Tile:9_flip 5 4 0
Drop 2 0 1
Tile:5_flip 6 6 0
Tile:13 5 3 1
Drop 2 0 0
Tile:5 2 5 1
Destroy 5 3 0
Tile:0 4 4 1
Tile:6_flip 5 3 0
Drop 2 0 1
Tile:7 6 3 0
Destroy 2 5 1
Tile:6 2 5 0
Tile:9 1 5 1
Destroy 1 5 0
Tile:8 1 5 1
Tile:5 1 4 0
Tile:11 0 5 1
Drop 0 0 0
Tile:6_flip 2 4 1
Map 12 5 0
Tile:7_flip 0 6 1
Tile:6 1 6 0
Tile:1 3 4 1
Tile:0 2 6 0
Tile:12_flip 4 3 1
Map 12 7 0
Tile:2 3 6 1
Tile:9_flip 3 7 0
Tile:14_flip 2 7 1
Drop 1 0 0
Drop 3 0 1
Tile:10 2 8 0
Tile:4 0 4 1
Drop 4 0 0
Drop 1 0 1
Tile:9 3 8 0
Malus 0 0 1
Drop 3 0 0
Tile:7_flip 2 9 1
Drop 4 0 0
Tile:8 4 8 1
Map 12 3 0
Tile:9_flip 4 9 1
Malus 0 0 0
Drop 1 0 1
Drop 0 0 0
Map 12 3 1
Drop 0 0 0
Drop 0 0 1
GAMEOVER DRAW
# Game ended: Mon Apr 13 12:33:45 EDT 2020
