# Server version 0.08 running on 192.168.2.139:8123
# Game ID: 167
# Board class: Saboteur.SaboteurBoard
# Timeout: 20000
# First Move Timeout: 30000
# Date: Wed Apr 15 12:13:17 EDT 2020
# Player 1: Player-0, '260714615', running on 192.168.2.139
# Player 2: Player-1, 'RandomPlayer', running on 192.168.2.139
START Player-0 260714615
START Player-1 RandomPlayer
BoardInit:Tile:9,Malus,Tile:2,Tile:0,Tile:3,Tile:5,Tile:8,Map,Tile:0,Tile:0,Tile:9,Bonus,Map,Tile:7,Tile:9,Tile:4,Tile:10,Malus,Tile:10,Tile:8,Tile:6,Tile:13,Tile:1,Tile:15,Tile:9,Tile:5,Tile:0,Tile:7,Tile:11,Map,Bonus,Tile:8,Destroy,Map,Destroy,Tile:10,Tile:8,Tile:6,Tile:5,Tile:7,Tile:6-Bonus,Tile:14,Map,Map,Tile:5,Tile:6,Tile:7-Tile:9,Tile:6,Destroy,Bonus,Tile:7,Tile:8,Tile:12-Tile:nugget,Tile:hidden1,Tile:hidden2
Tile:7 5 4 1
Tile:6 6 5 0
Tile:6 7 5 1
Tile:8 8 5 0
Tile:9 7 4 1
Tile:0 9 5 0
Tile:5_flip 10 5 1
Tile:9 10 4 0
Tile:3_flip 5 6 1
GAMEOVER TIMEOUT WINNER 1
# Game ended: Wed Apr 15 12:13:48 EDT 2020
