# Server version 0.08 running on 192.168.2.139:8123
# Game ID: 2
# Board class: Saboteur.SaboteurBoard
# Timeout: 20000
# First Move Timeout: 30000
# Date: Mon Apr 13 20:45:50 EDT 2020
# Player 1: Player-0, '260714615', running on 192.168.2.139
# Player 2: Player-1, 'RandomPlayer', running on 192.168.2.139
START Player-0 260714615
START Player-1 RandomPlayer
BoardInit:Map,Tile:8,Bonus,Map,Bonus,Tile:8,Tile:8,Destroy,Tile:10,Tile:1,Tile:6,Tile:10,Tile:6,Tile:8,Bonus,Tile:7,Tile:9,Destroy,Tile:0,Tile:10,Tile:7,Destroy,Tile:5,Tile:9,Tile:13,Map,Tile:11,Bonus,Tile:12,Tile:7,Tile:0,Map,Tile:5,Tile:9,Tile:8,Map,Tile:0,Tile:14,Malus,Tile:7,Tile:9-Tile:5,Tile:2,Tile:0,Tile:9,Map,Tile:4,Malus-Tile:6,Tile:7,Tile:6,Tile:3,Tile:5,Tile:6,Tile:15-Tile:nugget,Tile:hidden1,Tile:hidden2
Map 12 7 1
Tile:6 6 5 0
Tile:9_flip 5 4 1
Tile:6 7 5 0
Tile:2 7 4 1
Map 12 3 0
Tile:5_flip 8 4 1
Tile:5 8 3 0
Drop 3 0 1
Tile:6 9 3 0
Tile:8 5 3 1
Tile:8 10 3 0
Tile:6_flip 8 5 1
Tile:8 11 3 0
Tile:4 11 2 1
Tile:7_flip 11 4 0
Tile:0 9 5 1
Tile:8 12 4 0
Tile:10 5 6 1
Tile:10 10 2 0
Tile:9 4 3 1
Tile:10 10 4 0
Tile:6_flip 4 2 1
Tile:1 13 4 0
Drop 4 0 1
Tile:9 10 1 0
Tile:5 6 4 1
Tile:7_flip 8 6 0
Drop 6 0 1
Tile:3 5 2 0
Tile:12 11 1 1
Tile:7 9 2 0
Tile:0 9 6 1
Tile:15 5 7 0
Drop 3 0 1
