# Server version 0.08 running on 192.168.2.139:8123
# Game ID: 444
# Board class: Saboteur.SaboteurBoard
# Timeout: 20000
# First Move Timeout: 30000
# Date: Wed Apr 15 19:55:55 EDT 2020
# Player 1: Player-0, 'RandomPlayer', running on 127.0.0.1
# Player 2: Player-1, '260714615', running on 127.0.0.1
START Player-0 RandomPlayer
START Player-1 260714615
BoardInit:Tile:1,Tile:9,Tile:3,Tile:13,Bonus,Bonus,Tile:0,Destroy,Tile:15,Tile:9,Tile:6,Map,Tile:5,Tile:10,Map,Tile:6,Tile:7,Tile:12,Tile:5,Tile:10,Tile:6,Destroy,Tile:9,Tile:0,Map,Tile:6,Tile:8,Tile:8,Tile:8,Tile:5,Tile:11,Tile:7,Bonus,Tile:4,Map,Map,Tile:7,Tile:9,Tile:7,Tile:14,Destroy-Tile:8,Malus,Tile:6,Tile:0,Tile:8,Bonus,Tile:7-Tile:2,Tile:5,Tile:0,Malus,Tile:10,Map,Tile:9-Tile:hidden1,Tile:hidden2,Tile:nugget
Tile:8 6 5 1
Tile:2_flip 5 6 0
Tile:6 7 5 1
Malus 0 0 0
Bonus 0 0 1
Tile:9 4 5 0
Tile:0 8 5 1
Tile:9 5 4 0
Tile:8 9 5 1
Destroy 5 4 0
Tile:0 10 5 1
Tile:9_flip 11 5 0
Tile:7_flip 11 6 1
Tile:13 11 4 0
Tile:6 12 4 1
Tile:10 5 4 0
Map 12 3 1
Tile:10 4 4 0
Tile:5_flip 12 6 1
Tile:5_flip 9 6 0
Tile:7_flip 10 4 1
Drop 4 0 0
Tile:6 13 4 1
Tile:10 11 3 0
Malus 0 0 1
Destroy 11 4 0
Map 12 7 1
Map 12 7 0
Drop 0 0 1
Drop 4 0 0
Drop 0 0 1
Bonus 0 0 0
Tile:8 11 4 1
Tile:7_flip 4 6 0
Tile:5 8 6 1
Tile:8 12 2 0
Tile:9 8 7 1
Map 12 7 0
Tile:8 8 8 1
Tile:9 6 4 0
Tile:7_flip 8 9 1
Tile:4 12 1 0
Destroy 12 1 1
Tile:5_flip 6 6 0
Tile:7_flip 7 8 1
Tile:6_flip 13 5 0
Tile:15 4 3 1
Tile:12 9 9 0
Tile:11 4 2 1
Tile:0 9 8 0
Drop 0 0 1
Map 12 7 0
Drop 0 0 1
Tile:14 13 2 0
Drop 0 0 1
GAMEOVER DRAW
# Game ended: Wed Apr 15 19:56:51 EDT 2020
