# Server version 0.08 running on 192.168.2.139:8123
# Game ID: 394
# Board class: Saboteur.SaboteurBoard
# Timeout: 20000
# First Move Timeout: 30000
# Date: Wed Apr 15 18:54:14 EDT 2020
# Player 1: Player-0, '260714615', running on 192.168.2.139
# Player 2: Player-1, 'RandomPlayer', running on 192.168.2.139
START Player-0 260714615
START Player-1 RandomPlayer
BoardInit:Tile:4,Tile:14,Bonus,Tile:2,Tile:0,Tile:11,Tile:10,Bonus,Tile:13,Tile:5,Malus,Tile:8,Tile:5,Tile:9,Tile:8,Tile:7,Tile:9,Tile:7,Tile:10,Tile:0,Malus,Tile:6,Tile:7,Tile:7,Tile:15,Tile:7,Tile:8,Tile:10,Tile:9,Tile:5,Tile:9,Map,Tile:6,Tile:0,Map,Bonus,Tile:12,Tile:6,Map,Tile:3,Map-Destroy,Destroy,Tile:0,Tile:6,Tile:8,Bonus,Tile:9-Tile:8,Map,Tile:5,Tile:6,Tile:1,Map,Destroy-Tile:hidden2,Tile:hidden1,Tile:nugget
Drop 2 0 1
Map 12 3 0
Tile:6_flip 4 5 1
Map 12 5 0
Tile:4 5 4 1
Tile:8 6 5 0
Destroy 5 4 1
Tile:6 7 5 0
Tile:9 4 6 1
Tile:5 7 4 0
Tile:13 5 4 1
Tile:5 5 3 0
Tile:0 4 4 1
Tile:8 8 5 0
Tile:5_flip 9 5 1
Tile:9 9 4 0
Destroy 4 4 1
Tile:7_flip 8 6 0
Tile:8 5 6 1
Tile:1 10 4 0
Malus 0 0 1
Bonus 0 0 0
Tile:8 6 6 1
Tile:0 11 4 0
Tile:7 6 4 1
Tile:6 12 4 0
Tile:9_flip 8 4 1
Destroy 12 4 0
Drop 3 0 1
Drop 0 0 0
Drop 3 0 1
Drop 0 0 0
Tile:9_flip 12 4 1
Map 12 7 0
Tile:6 4 4 1
Drop 0 0 0
Tile:10 8 3 1
Tile:0 9 6 0
Tile:9_flip 6 7 1
Tile:6 10 6 0
Map 12 3 1
Tile:7 11 6 0
Tile:8 11 7 1
GAMEOVER WINNER 1
# Game ended: Wed Apr 15 18:54:56 EDT 2020
