# Server version 0.08 running on 192.168.2.139:8123
# Game ID: 347
# Board class: Saboteur.SaboteurBoard
# Timeout: 20000
# First Move Timeout: 30000
# Date: Wed Apr 15 17:52:54 EDT 2020
# Player 1: Player-0, '260714615', running on 127.0.0.1
# Player 2: Player-1, 'RandomPlayer', running on 127.0.0.1
START Player-0 260714615
START Player-1 RandomPlayer
BoardInit:Map,Tile:8,Tile:4,Map,Tile:15,Tile:8,Destroy,Tile:6,Tile:0,Bonus,Tile:5,Malus,Tile:9,Tile:7,Destroy,Tile:0,Bonus,Tile:13,Map,Tile:0,Tile:7,Tile:3,Tile:8,Tile:8,Tile:10,Map,Tile:9,Tile:9,Tile:8,Tile:14,Tile:6,Tile:10,Tile:5,Tile:5,Tile:11,Map,Tile:6,Malus,Bonus,Tile:9,Destroy-Tile:0,Tile:7,Tile:12,Tile:7,Tile:10,Tile:6,Tile:7-Bonus,Tile:9,Tile:6,Tile:5,Tile:1,Tile:2,Map-Tile:hidden2,Tile:hidden1,Tile:nugget
Tile:7 5 4 1
Map 12 3 0
Tile:10 5 6 1
Tile:6 6 5 0
Tile:7_flip 4 5 1
Map 12 5 0
Drop 3 0 1
Tile:8 7 5 0
Map 12 7 1
Tile:8 8 5 0
Tile:6_flip 8 4 1
Tile:6 9 5 0
Destroy 5 4 1
Malus 0 0 0
Drop 0 0 1
Tile:9_flip 10 5 0
Destroy 6 5 1
Tile:0 6 5 0
Drop 3 0 1
Tile:5 10 4 0
Drop 6 0 1
Tile:0 11 4 0
Drop 3 0 1
Tile:1 12 4 0
Drop 5 0 1
Tile:8 13 4 0
Drop 0 0 1
Tile:7_flip 13 5 0
Drop 6 0 1
Map 12 7 0
Drop 1 0 1
Tile:9 10 6 0
Drop 4 0 1
Tile:10 10 7 0
Drop 0 0 1
Tile:5_flip 11 6 0
Drop 4 0 1
Tile:2 4 4 0
Drop 0 0 1
Malus 0 0 0
Drop 4 0 1
Tile:9 10 8 0
Destroy 13 5 1
Tile:13 5 4 0
Drop 3 0 1
Tile:3 5 3 0
Drop 4 0 1
Tile:14 6 4 0
Drop 2 0 1
Drop 0 0 0
Drop 0 0 1
Drop 0 0 0
Drop 1 0 1
Drop 0 0 0
Drop 0 0 1
GAMEOVER DRAW
# Game ended: Wed Apr 15 17:53:48 EDT 2020
