# Server version 0.08 running on 192.168.2.139:8123
# Game ID: 131
# Board class: Saboteur.SaboteurBoard
# Timeout: 20000
# First Move Timeout: 30000
# Date: Mon Apr 13 04:00:32 EDT 2020
# Player 1: Player-0, '260714615', running on 192.168.2.139
# Player 2: Player-1, 'RandomPlayer', running on 192.168.2.139
START Player-0 260714615
START Player-1 RandomPlayer
BoardInit:Tile:2,Tile:12,Tile:15,Bonus,Tile:7,Map,Tile:9,Tile:9,Tile:4,Tile:5,Tile:6,Tile:5,Tile:6,Tile:5,Tile:0,Destroy,Tile:8,Tile:9,Tile:0,Tile:7,Destroy,Tile:10,Tile:6,Tile:7,Map,Tile:8,Tile:7,Tile:14,Tile:5,Tile:11,Tile:8,Map,Tile:8,Tile:10,Tile:0,Map,Tile:7,Tile:3,Tile:13,Map,Bonus-Malus,Bonus,Malus,Tile:1,Bonus,Tile:0,Tile:6-Tile:6,Tile:10,Tile:9,Tile:9,Destroy,Map,Tile:8-Tile:hidden2,Tile:nugget,Tile:hidden1
Tile:6 6 5 1
Tile:9 5 4 0
Drop 1 0 1
Destroy 5 4 0
Tile:2 4 5 1
Drop 2 0 0
Drop 6 0 1
Drop 2 0 0
Drop 0 0 1
Tile:10 6 4 0
Tile:0 3 5 1
Tile:8 5 6 0
Drop 4 0 1
Drop 0 0 0
Tile:6_flip 7 5 1
Tile:9_flip 5 4 0
Tile:6_flip 6 3 1
Destroy 5 6 0
Tile:0 8 5 1
Tile:5 5 3 0
Tile:8 2 5 1
Tile:9 2 4 0
Tile:15 2 6 1
Drop 1 0 0
Tile:4_flip 5 6 1
Tile:5 1 5 0
Destroy 2 6 1
Tile:5_flip 7 3 0
Tile:0 3 4 1
Drop 6 0 0
Map 12 3 1
Tile:8 9 5 0
Tile:5_flip 4 6 1
Map 12 3 0
Tile:8 10 5 1
Tile:10 7 6 0
Tile:8 9 6 1
Tile:7 2 3 0
Tile:1 11 5 1
Drop 6 0 0
Drop 2 0 1
Tile:11 1 3 0
Tile:13 7 2 1
Tile:12_flip 8 6 0
Tile:7 7 1 1
Map 12 7 0
Tile:0 3 6 1
Tile:7_flip 2 6 0
Tile:7 8 2 1
Tile:10 10 4 0
Drop 0 0 1
Map 12 3 0
Drop 1 0 1
Map 12 7 0
Drop 0 0 1
GAMEOVER DRAW
# Game ended: Mon Apr 13 04:01:23 EDT 2020
