# Server version 0.08 running on 192.168.2.139:8123
# Game ID: 90
# Board class: Saboteur.SaboteurBoard
# Timeout: 20000
# First Move Timeout: 30000
# Date: Mon Apr 13 00:15:22 EDT 2020
# Player 1: Player-0, '260714615', running on 192.168.2.139
# Player 2: Player-1, 'RandomPlayer', running on 192.168.2.139
START Player-0 260714615
START Player-1 RandomPlayer
BoardInit:Bonus,Tile:9,Map,Tile:6,Tile:5,Tile:13,Tile:10,Tile:10,Tile:9,Bonus,Map,Tile:8,Malus,Malus,Tile:7,Tile:6,Tile:7,Tile:12,Destroy,Tile:0,Tile:14,Tile:0,Tile:6,Destroy,Tile:9,Tile:1,Tile:6,Map,Tile:0,Bonus,Tile:8,Bonus,Tile:6,Destroy,Tile:3,Map,Tile:8,Tile:8,Tile:0,Tile:9,Map-Tile:5,Tile:5,Tile:15,Tile:4,Tile:8,Tile:2,Tile:10-Tile:7,Tile:7,Tile:7,Tile:5,Map,Tile:11,Tile:9-Tile:hidden1,Tile:nugget,Tile:hidden2
Tile:2_flip 6 5 1
Tile:7 6 4 0
Tile:5 5 4 1
Tile:5_flip 7 5 0
Map 12 3 1
Tile:9 7 4 0
Drop 3 0 1
Tile:7_flip 4 5 0
Tile:10 7 3 1
Drop 6 0 0
Tile:15 4 4 1
Tile:6 5 6 0
Tile:9 7 2 1
Drop 1 0 0
Drop 2 0 1
Tile:9_flip 7 1 0
Tile:4 7 0 1
Tile:11 4 3 0
Tile:5_flip 8 2 1
Tile:7 6 6 0
Destroy 5 6 1
Tile:12 5 3 0
Tile:10 6 7 1
Tile:6_flip 8 4 0
Tile:7_flip 6 1 1
Destroy 5 4 0
Map 12 5 1
Tile:0 9 4 0
Tile:5_flip 6 8 1
Map 12 3 0
Tile:6_flip 4 2 1
Tile:8 5 6 0
Tile:14 5 2 1
Tile:0 4 6 0
Tile:9_flip 10 4 1
Destroy 8 2 0
Tile:3 5 1 1
Map 12 7 0
Tile:7 6 0 1
Tile:13 10 3 0
Drop 2 0 1
Tile:8 8 2 0
Tile:6 9 3 1
Tile:9 8 5 0
Drop 2 0 1
Tile:1 5 0 0
Tile:0 5 8 1
Drop 0 0 0
Tile:8 10 2 1
Drop 2 0 0
Tile:8 3 6 1
Drop 0 0 0
Map 12 7 1
Drop 0 0 0
Malus 0 0 1
GAMEOVER DRAW
# Game ended: Mon Apr 13 00:16:16 EDT 2020
