# Server version 0.08 running on 192.168.2.139:8123
# Game ID: 85
# Board class: Saboteur.SaboteurBoard
# Timeout: 20000
# First Move Timeout: 30000
# Date: Tue Apr 14 13:31:46 EDT 2020
# Player 1: Player-0, '260714615', running on 127.0.0.1
# Player 2: Player-1, 'RandomPlayer', running on 127.0.0.1
START Player-0 260714615
START Player-1 RandomPlayer
BoardInit:Tile:8,Tile:15,Tile:7,Map,Tile:14,Tile:7,Malus,Map,Map,Tile:9,Tile:4,Tile:5,Tile:3,Tile:0,Tile:8,Tile:8,Tile:2,Tile:9,Tile:9,Tile:9,Tile:0,Tile:13,Tile:6,Tile:6,Tile:10,Tile:6,Tile:5,Tile:8,Tile:7,Tile:0,Tile:10,Tile:9,Bonus,Bonus,Tile:7,Destroy,Tile:5,Tile:1,Destroy,Map,Tile:10-Malus,Bonus,Tile:11,Tile:0,Tile:5,Tile:7,Map-Map,Tile:6,Destroy,Tile:8,Tile:6,Tile:12,Bonus-Tile:hidden1,Tile:hidden2,Tile:nugget
Tile:0 6 5 1
Map 12 3 0
Tile:11 5 4 1
Tile:6 7 5 0
Tile:5 4 5 1
Map 12 3 0
Drop 2 0 1
Tile:8 8 5 0
Map 12 3 1
Map 12 3 0
Tile:8 7 4 1
Tile:6 9 5 0
Malus 0 0 1
Bonus 0 0 0
Tile:3 8 4 1
Tile:0 10 5 0
Map 12 3 1
Tile:8 11 5 0
Tile:7 7 3 1
Tile:7_flip 11 6 0
Tile:8 4 6 1
Tile:9 11 4 0
Tile:14 12 6 1
Destroy 12 6 0
Tile:0 3 6 1
Tile:9 8 6 0
Tile:6 2 6 1
Tile:6_flip 2 5 0
Drop 5 0 1
Tile:13 4 7 0
Tile:2_flip 5 6 1
Tile:0 5 7 0
Tile:5_flip 3 5 1
Drop 5 0 0
Tile:9_flip 3 4 1
Tile:9 8 7 0
Tile:7 12 4 1
Tile:6 12 6 0
Tile:5_flip 13 5 1
Tile:5 13 4 0
Tile:4 11 3 1
Map 12 3 0
Destroy 2 6 1
Tile:1 13 6 0
Drop 4 0 1
Tile:9 9 4 0
Tile:10 5 3 1
Tile:12 6 6 0
Drop 2 0 1
Tile:15 3 3 0
Malus 0 0 1
Bonus 0 0 0
Drop 1 0 1
Destroy 2 5 0
Drop 0 0 1
GAMEOVER DRAW
# Game ended: Tue Apr 14 13:32:40 EDT 2020
