# Server version 0.08 running on 192.168.2.139:8123
# Game ID: 324
# Board class: Saboteur.SaboteurBoard
# Timeout: 20000
# First Move Timeout: 30000
# Date: Wed Apr 15 17:08:37 EDT 2020
# Player 1: Player-0, '260714615', running on 192.168.2.139
# Player 2: Player-1, 'RandomPlayer', running on 192.168.2.139
START Player-0 260714615
START Player-1 RandomPlayer
BoardInit:Tile:8,Tile:7,Tile:5,Tile:10,Bonus,Tile:14,Tile:6,Destroy,Map,Tile:2,Map,Bonus,Tile:5,Tile:1,Map,Destroy,Tile:6,Tile:9,Bonus,Tile:0,Tile:11,Map,Tile:10,Tile:0,Tile:15,Tile:7,Tile:0,Tile:5,Tile:9,Tile:0,Tile:3,Tile:8,Tile:6,Tile:7,Tile:12,Tile:13,Tile:8,Tile:9,Tile:9,Tile:5,Tile:8-Tile:10,Tile:7,Malus,Map,Tile:6,Malus,Map-Bonus,Tile:9,Destroy,Tile:6,Tile:7,Tile:8,Tile:4-Tile:hidden1,Tile:hidden2,Tile:nugget
Map 12 3 1
Tile:6 6 5 0
Tile:6 4 5 1
Tile:8 7 5 0
Tile:7_flip 3 5 1
Tile:9 7 4 0
Tile:5_flip 5 6 1
Tile:7_flip 7 6 0
Drop 2 0 1
Tile:10 7 3 0
Map 12 7 1
Tile:7 8 5 0
Tile:10 6 4 1
Drop 5 0 0
Tile:5 4 4 1
Tile:1 8 4 0
Map 12 3 1
Drop 5 0 0
Map 12 5 1
Tile:9 7 2 0
Tile:6 8 2 1
Tile:0 9 4 0
Tile:11_flip 7 1 1
Map 12 3 0
Tile:8 6 1 1
Tile:0 10 4 0
Tile:6_flip 5 1 1
Tile:7 11 4 0
Tile:15 6 3 1
Destroy 6 3 0
Drop 2 0 1
Tile:5_flip 11 5 0
Malus 0 0 1
Bonus 0 0 0
Drop 3 0 1
Tile:0 10 5 0
Tile:10 6 2 1
Tile:8 8 6 0
Tile:9_flip 3 4 1
Tile:7_flip 8 7 0
Tile:9_flip 3 3 1
Tile:5 9 5 0
Tile:6 2 3 1
Tile:14_flip 4 1 0
Drop 4 0 1
Tile:9_flip 9 2 0
Tile:3 5 4 1
GAMEOVER TIMEOUT WINNER 1
# Game ended: Wed Apr 15 17:09:41 EDT 2020
