# Server version 0.08 running on 192.168.2.139:8123
# Game ID: 111
# Board class: Saboteur.SaboteurBoard
# Timeout: 20000
# First Move Timeout: 30000
# Date: Wed Apr 15 00:35:22 EDT 2020
# Player 1: Player-0, '260714615', running on 192.168.2.139
# Player 2: Player-1, 'RandomPlayer', running on 192.168.2.139
START Player-0 260714615
START Player-1 RandomPlayer
BoardInit:Tile:10,Tile:2,Tile:7,Tile:8,Tile:4,Tile:12,Tile:5,Tile:7,Tile:8,Tile:13,Tile:6,Tile:3,Tile:5,Tile:6,Tile:9,Bonus,Bonus,Tile:6,Tile:7,Map,Destroy,Tile:7,Tile:11,Tile:15,Tile:9,Tile:14,Tile:0,Map,Malus,Tile:7,Map,Tile:10,Malus,Bonus,Tile:9,Tile:0,Map,Tile:9,Tile:8,Tile:9,Bonus-Map,Tile:5,Destroy,Destroy,Tile:6,Tile:10,Tile:8-Tile:6,Tile:1,Tile:0,Map,Tile:5,Tile:0,Tile:8-Tile:nugget,Tile:hidden1,Tile:hidden2
Map 12 7 1
Map 12 3 0
Tile:6 6 5 1
Tile:6_flip 7 5 0
Tile:7_flip 7 6 1
Tile:8 8 5 0
Tile:8 8 4 1
Tile:2 9 4 0
Destroy 7 5 1
Tile:8 7 5 0
Drop 5 0 1
Tile:7 10 4 0
Drop 6 0 1
Tile:13 10 5 0
Drop 5 0 1
Tile:3 11 5 0
Tile:5 7 4 1
Tile:5_flip 11 6 0
Drop 1 0 1
Tile:6_flip 5 4 0
Tile:5 8 3 1
Tile:6 9 5 0
Tile:10 5 6 1
Tile:7 6 4 0
Drop 5 0 1
Tile:1 4 4 0
Destroy 11 6 1
Tile:15 11 6 0
Drop 2 0 1
Tile:14 10 6 0
Tile:9 11 7 1
Tile:0 9 6 0
Map 12 3 1
Tile:10 11 8 0
Tile:11 11 9 1
Tile:0 4 5 0
Tile:9 11 10 1
Tile:0 3 4 0
Map 12 5 1
Tile:9_flip 5 7 0
Tile:0 2 4 1
Tile:9_flip 11 11 0
Tile:7_flip 4 7 1
Tile:7 4 6 0
Tile:8 5 8 1
Tile:12 6 8 0
Tile:9 1 4 1
Drop 0 0 0
Drop 2 0 1
Drop 0 0 0
Tile:4_flip 11 12 1
Drop 0 0 0
Malus 0 0 1
Bonus 0 0 0
Drop 0 0 1
GAMEOVER DRAW
# Game ended: Wed Apr 15 00:36:16 EDT 2020
