# Server version 0.08 running on 192.168.2.139:8123
# Game ID: 360
# Board class: Saboteur.SaboteurBoard
# Timeout: 20000
# First Move Timeout: 30000
# Date: Wed Apr 15 18:03:30 EDT 2020
# Player 1: Player-0, 'RandomPlayer', running on 127.0.0.1
# Player 2: Player-1, '260714615', running on 127.0.0.1
START Player-0 RandomPlayer
START Player-1 260714615
BoardInit:Tile:15,Tile:9,Destroy,Tile:7,Tile:0,Tile:10,Tile:10,Map,Tile:6,Tile:8,Tile:2,Tile:12,Map,Destroy,Bonus,Tile:13,Destroy,Tile:6,Tile:0,Malus,Malus,Tile:3,Tile:5,Tile:7,Tile:7,Bonus,Map,Tile:0,Tile:7,Map,Tile:11,Tile:1,Tile:9,Tile:7,Tile:6,Tile:8,Tile:6,Tile:8,Tile:9,Bonus,Tile:4-Tile:6,Tile:5,Tile:5,Tile:5,Tile:9,Tile:14,Tile:0-Tile:8,Map,Tile:8,Map,Bonus,Tile:9,Tile:10-Tile:hidden1,Tile:hidden2,Tile:nugget
Tile:6 6 5 1
Tile:9_flip 6 4 0
Tile:0 7 5 1
Map 12 3 0
Tile:5 6 3 1
Tile:9 5 4 0
Tile:0 8 5 1
Tile:8 4 5 0
Tile:5_flip 9 5 1
Tile:10 5 6 0
Tile:5 9 4 1
Map 12 7 0
Tile:6 10 4 1
Drop 4 0 0
Map 12 3 1
Tile:10 5 3 0
Tile:9 10 3 1
Tile:13 5 2 0
Tile:10 10 2 1
Tile:6 11 3 0
Tile:0 11 4 1
Destroy 10 3 0
Malus 0 0 1
Drop 5 0 0
Tile:5_flip 12 4 1
Drop 5 0 0
Tile:7_flip 5 7 1
Drop 5 0 0
Map 12 5 1
Drop 2 0 0
Tile:7_flip 4 2 1
Drop 3 0 0
Tile:14 4 6 1
Map 12 7 0
Tile:9 10 3 1
Drop 4 0 0
Tile:6_flip 10 1 1
Drop 3 0 0
Tile:6 11 1 1
Drop 0 0 0
Tile:9 9 1 1
Drop 4 0 0
Tile:15 4 1 1
Drop 4 0 0
Destroy 4 1 1
Drop 3 0 0
Tile:2 4 1 1
Drop 2 0 0
Destroy 4 1 1
Drop 1 0 0
Tile:11 4 1 1
Bonus 0 0 0
Tile:4 4 0 1
Drop 0 0 0
Drop 0 0 1
GAMEOVER DRAW
# Game ended: Wed Apr 15 18:04:26 EDT 2020
