# Server version 0.08 running on 192.168.2.139:8123
# Game ID: 76
# Board class: Saboteur.SaboteurBoard
# Timeout: 20000
# First Move Timeout: 30000
# Date: Sun Apr 12 23:33:03 EDT 2020
# Player 1: Player-0, 'RandomPlayer', running on 127.0.0.1
# Player 2: Player-1, '260714615', running on 127.0.0.1
START Player-0 RandomPlayer
START Player-1 260714615
BoardInit:Bonus,Tile:11,Destroy,Tile:9,Tile:7,Destroy,Tile:5,Map,Tile:10,Tile:6,Tile:4,Tile:1,Tile:2,Tile:8,Tile:8,Bonus,Tile:12,Tile:13,Tile:0,Tile:0,Tile:0,Tile:6,Tile:6,Tile:3,Tile:9,Tile:9,Tile:6,Tile:7,Bonus,Tile:8,Tile:8,Malus,Destroy,Tile:10,Tile:8,Tile:15,Tile:7,Tile:5,Malus,Map,Tile:9-Map,Tile:9,Tile:7,Tile:6,Map,Map,Tile:7-Tile:5,Bonus,Tile:0,Map,Tile:5,Tile:14,Tile:10-Tile:hidden2,Tile:hidden1,Tile:nugget
Tile:6_flip 5 4 1
Map 12 5 0
Drop 1 0 1
Tile:5 4 4 0
Tile:7_flip 5 6 1
Tile:14 6 5 0
Tile:7 6 4 1
Destroy 5 4 0
Map 12 5 1
Drop 3 0 0
Drop 6 0 1
Tile:6_flip 6 6 0
Tile:5_flip 6 7 1
Tile:0 5 7 0
Tile:7 7 6 1
Tile:5 4 7 0
Destroy 6 6 1
Map 12 3 0
Tile:2 5 4 1
Tile:11 4 8 0
Drop 6 0 1
Tile:8 4 5 0
Tile:4_flip 4 6 1
Tile:1 3 5 0
Drop 4 0 1
Drop 0 0 0
Tile:0 5 8 1
Tile:6_flip 6 6 0
Map 12 7 1
Tile:13 2 5 0
Drop 4 0 1
Tile:9 2 4 0
Map 12 3 1
Tile:0 1 5 0
Destroy 5 8 1
Tile:7_flip 7 7 0
Tile:8 2 3 1
Tile:3_flip 0 5 0
Tile:6_flip 3 3 1
Tile:5_flip 4 9 0
Tile:7 0 4 1
Tile:15 2 2 0
Tile:6 8 7 1
Map 12 7 0
Tile:8 2 6 1
Tile:8 1 3 0
Tile:9 3 9 1
Malus 0 0 0
GAMEOVER TIMEOUT WINNER 0
# Game ended: Sun Apr 12 23:41:24 EDT 2020
