# Server version 0.08 running on 192.168.2.139:8123
# Game ID: 224
# Board class: Saboteur.SaboteurBoard
# Timeout: 20000
# First Move Timeout: 30000
# Date: Mon Apr 13 15:49:53 EDT 2020
# Player 1: Player-0, '260714615', running on 192.168.2.139
# Player 2: Player-1, 'RandomPlayer', running on 192.168.2.139
START Player-0 260714615
START Player-1 RandomPlayer
BoardInit:Tile:6,Tile:12,Tile:5,Tile:8,Bonus,Tile:9,Map,Tile:6,Map,Tile:8,Tile:7,Destroy,Bonus,Tile:10,Tile:9,Map,Tile:0,Tile:5,Malus,Tile:7,Destroy,Tile:3,Tile:7,Tile:9,Tile:2,Tile:14,Tile:10,Map,Map,Tile:10,Tile:4,Tile:8,Tile:7,Destroy,Tile:8,Tile:5,Tile:6,Bonus,Tile:11,Tile:13,Tile:1-Tile:9,Tile:6,Map,Tile:0,Bonus,Tile:15,Tile:0-Tile:8,Tile:5,Malus,Tile:6,Tile:7,Tile:0,Tile:9-Tile:hidden1,Tile:nugget,Tile:hidden2
Drop 3 0 1
Tile:8 6 5 0
Drop 1 0 1
Tile:9 4 5 0
Tile:15 6 4 1
Tile:7 6 3 0
Drop 4 0 1
Tile:6 5 6 0
Map 12 5 1
Tile:8 6 6 0
Tile:9 5 3 1
Tile:9_flip 7 5 0
Tile:5 7 4 1
Tile:6 7 6 0
Map 12 3 1
Tile:5_flip 8 6 0
Tile:0 8 4 1
Tile:0 9 4 0
Tile:9_flip 5 2 1
Destroy 5 2 0
Tile:7_flip 4 6 1
Tile:8 4 4 0
Destroy 6 6 1
Drop 2 0 0
Drop 0 0 1
Tile:5 8 5 0
Tile:0 9 5 1
Drop 3 0 0
Tile:7 10 4 1
Drop 6 0 0
Map 12 3 1
Tile:9_flip 10 5 0
Tile:2 5 2 1
Tile:8 6 6 0
Tile:7_flip 6 7 1
Drop 1 0 0
Map 12 5 1
Tile:14 6 2 0
Drop 6 0 1
Tile:3_flip 10 6 0
Malus 0 0 1
Destroy 8 5 0
Tile:1 11 6 1
Map 12 3 0
Drop 2 0 1
Drop 1 0 0
Tile:11_flip 5 4 1
Bonus 0 0 0
Tile:4 4 3 1
Tile:5 8 5 0
Tile:8 12 6 1
Tile:13 6 1 0
Drop 1 0 1
Drop 0 0 0
Drop 0 0 1
GAMEOVER DRAW
# Game ended: Mon Apr 13 15:50:17 EDT 2020
