# Server version 0.08 running on 192.168.2.139:8123
# Game ID: 266
# Board class: Saboteur.SaboteurBoard
# Timeout: 20000
# First Move Timeout: 30000
# Date: Mon Apr 13 17:55:03 EDT 2020
# Player 1: Player-0, '260714615', running on 192.168.2.139
# Player 2: Player-1, 'RandomPlayer', running on 192.168.2.139
START Player-0 260714615
START Player-1 RandomPlayer
BoardInit:Tile:10,Tile:10,Tile:8,Tile:12,Tile:9,Tile:6,Map,Tile:3,Tile:9,Tile:2,Bonus,Map,Tile:8,Malus,Tile:6,Tile:8,Bonus,Tile:9,Tile:0,Bonus,Tile:7,Tile:7,Tile:7,Tile:9,Tile:6,Tile:7,Tile:6,Destroy,Tile:7,Tile:0,Tile:5,Bonus,Tile:5,Tile:0,Destroy,Tile:8,Tile:4,Tile:1,Tile:9,Tile:5,Map-Map,Tile:14,Destroy,Map,Tile:8,Tile:10,Tile:0-Tile:15,Map,Tile:6,Tile:13,Malus,Tile:11,Tile:5-Tile:hidden2,Tile:hidden1,Tile:nugget
Drop 2 0 1
Map 12 3 0
Tile:10 5 4 1
Tile:6 6 5 0
Map 12 7 1
Tile:13 7 5 0
Tile:10 5 6 1
Tile:6 8 5 0
Tile:14_flip 7 4 1
Tile:10 7 6 0
Tile:9_flip 8 4 1
Tile:5 8 3 0
Tile:0 4 5 1
Map 12 3 0
Tile:8 9 5 1
Tile:15 5 3 0
Map 12 7 1
Tile:8 10 5 0
Tile:8 11 5 1
Tile:9 11 4 0
Drop 6 0 1
Malus 0 0 0
Drop 5 0 1
Malus 0 0 0
Drop 5 0 1
Tile:7_flip 11 6 0
Map 12 7 1
Tile:9_flip 12 4 0
Drop 6 0 1
Tile:7 12 6 0
Drop 1 0 1
Tile:0 9 3 0
Drop 6 0 1
Tile:11 3 5 0
Drop 3 0 1
Tile:0 10 3 0
Destroy 11 5 1
Tile:8 11 5 0
Drop 6 0 1
Tile:3 3 4 0
Drop 2 0 1
Tile:5 9 4 0
Drop 4 0 1
Tile:12_flip 2 4 0
Drop 1 0 1
Tile:2 5 2 0
Map 12 5 1
Destroy 2 4 0
Drop 0 0 1
Tile:1 2 4 0
Drop 0 0 1
Drop 0 0 0
Drop 1 0 1
Drop 0 0 0
Drop 0 0 1
GAMEOVER DRAW
# Game ended: Mon Apr 13 17:55:59 EDT 2020
