# Server version 0.08 running on 192.168.2.139:8123
# Game ID: 156
# Board class: Saboteur.SaboteurBoard
# Timeout: 20000
# First Move Timeout: 30000
# Date: Mon Apr 13 11:28:03 EDT 2020
# Player 1: Player-0, '260714615', running on 192.168.2.139
# Player 2: Player-1, 'RandomPlayer', running on 192.168.2.139
START Player-0 260714615
START Player-1 RandomPlayer
BoardInit:Tile:10,Tile:8,Map,Tile:5,Tile:10,Tile:8,Tile:9,Tile:9,Tile:13,Tile:2,Tile:6,Tile:9,Tile:3,Tile:8,Map,Tile:4,Tile:15,Tile:0,Map,Bonus,Tile:11,Tile:5,Tile:6,Tile:10,Bonus,Tile:0,Tile:14,Tile:5,Tile:7,Destroy,Tile:6,Tile:0,Map,Tile:6,Tile:5,Map,Destroy,Tile:7,Bonus,Tile:7,Tile:7-Tile:1,Tile:12,Map,Tile:6,Tile:9,Tile:7,Malus-Malus,Tile:9,Tile:8,Tile:0,Bonus,Destroy,Tile:8-Tile:hidden1,Tile:nugget,Tile:hidden2
Tile:7 6 5 1
Tile:9_flip 5 6 0
Tile:6 4 6 1
Tile:8 4 5 0
Tile:12_flip 3 5 1
Drop 1 0 0
Drop 2 0 1
Drop 2 0 0
Map 12 3 1
Drop 3 0 0
Drop 1 0 1
Tile:9 5 7 0
Tile:9 6 6 1
Tile:9 5 8 0
Tile:3 4 4 1
Tile:2_flip 6 7 0
Tile:13 5 9 1
Tile:4 5 4 0
Drop 1 0 1
Drop 4 0 0
Tile:1 3 6 1
Tile:8 4 9 0
Tile:6 4 10 1
Tile:0 6 9 0
Drop 2 0 1
Drop 3 0 0
Tile:11 3 10 1
Tile:0 6 8 0
Tile:10 3 11 1
Drop 6 0 0
Drop 2 0 1
Tile:5_flip 7 8 0
Tile:6 3 12 1
Destroy 5 4 0
Tile:7 7 9 1
Tile:0 3 4 0
Tile:15 5 4 1
Map 12 7 0
Drop 2 0 1
GAMEOVER USER CANCEL UNDECIDED
# Game ended: Mon Apr 13 11:28:48 EDT 2020
