# Server version 0.08 running on 192.168.2.139:8123
# Game ID: 383
# Board class: Saboteur.SaboteurBoard
# Timeout: 20000
# First Move Timeout: 30000
# Date: Wed Apr 15 18:39:48 EDT 2020
# Player 1: Player-0, '260714615', running on 192.168.2.139
# Player 2: Player-1, 'RandomPlayer', running on 192.168.2.139
START Player-0 260714615
START Player-1 RandomPlayer
BoardInit:Tile:15,Tile:0,Tile:7,Tile:13,Tile:8,Tile:0,Tile:10,Bonus,Tile:7,Tile:9,Tile:8,Malus,Tile:6,Tile:6,Tile:1,Tile:5,Bonus,Tile:6,Tile:5,Map,Map,Tile:0,Malus,Tile:5,Map,Destroy,Bonus,Map,Tile:5,Map,Tile:0,Tile:9,Tile:11,Tile:10,Tile:7,Tile:9,Tile:7,Destroy,Tile:12,Tile:8,Tile:6-Bonus,Tile:9,Tile:10,Tile:2,Destroy,Tile:7,Tile:4-Tile:6,Tile:14,Tile:3,Tile:8,Tile:8,Tile:9,Map-Tile:nugget,Tile:hidden1,Tile:hidden2
Tile:10 5 6 1
Map 12 3 0
Drop 1 0 1
Tile:6 6 5 0
Tile:7 6 4 1
Drop 0 0 0
Tile:8 4 5 1
Drop 0 0 0
Tile:2 3 5 1
Tile:8 7 5 0
Tile:7_flip 2 5 1
Tile:8 8 5 0
Drop 6 0 1
Malus 0 0 0
Drop 4 0 1
Tile:0 9 5 0
Destroy 9 5 1
Tile:0 9 5 0
Drop 2 0 1
Tile:6 10 5 0
Drop 4 0 1
Tile:9 10 4 0
Drop 5 0 1
Drop 0 0 0
Map 12 3 1
Tile:6 11 4 0
Drop 0 0 1
Tile:9 11 3 0
GAMEOVER WINNER 0
# Game ended: Wed Apr 15 18:40:16 EDT 2020
