# Server version 0.08 running on 192.168.2.139:8123
# Game ID: 405
# Board class: Saboteur.SaboteurBoard
# Timeout: 20000
# First Move Timeout: 30000
# Date: Wed Apr 15 19:21:32 EDT 2020
# Player 1: Player-0, 'RandomPlayer', running on 127.0.0.1
# Player 2: Player-1, '260714615', running on 127.0.0.1
START Player-0 RandomPlayer
START Player-1 260714615
BoardInit:Map,Tile:12,Bonus,Tile:14,Tile:8,Tile:10,Tile:9,Tile:7,Map,Tile:6,Map,Map,Tile:8,Tile:7,Tile:10,Tile:7,Tile:7,Map,Destroy,Tile:0,Tile:10,Bonus,Map,Tile:9,Tile:9,Tile:9,Tile:1,Tile:8,Malus,Tile:6,Tile:0,Tile:15,Tile:5,Destroy,Tile:8,Tile:7,Bonus,Tile:9,Bonus,Tile:6,Tile:0-Tile:8,Tile:5,Tile:6,Destroy,Tile:0,Tile:5,Tile:5-Tile:2,Tile:3,Tile:4,Tile:6,Malus,Tile:11,Tile:13-Tile:hidden2,Tile:nugget,Tile:hidden1
Tile:8 6 5 1
Tile:6 6 6 0
Map 12 3 1
Tile:2 7 6 0
Destroy 7 6 1
Drop 1 0 0
Tile:6 7 5 1
Drop 6 0 0
Tile:0 8 5 1
Tile:3_flip 4 5 0
Map 12 5 1
Tile:6_flip 9 5 0
Tile:8 10 5 1
Drop 6 0 0
Tile:8 11 5 1
GAMEOVER WINNER 1
# Game ended: Wed Apr 15 19:21:48 EDT 2020
