# Server version 0.08 running on 192.168.2.139:8123
# Game ID: 397
# Board class: Saboteur.SaboteurBoard
# Timeout: 20000
# First Move Timeout: 30000
# Date: Wed Apr 15 19:08:41 EDT 2020
# Player 1: Player-0, '260714615', running on 192.168.2.139
# Player 2: Player-1, 'RandomPlayer', running on 192.168.2.139
START Player-0 260714615
START Player-1 RandomPlayer
BoardInit:Tile:13,Tile:9,Tile:9,Tile:1,Tile:4,Tile:8,Map,Tile:6,Tile:11,Bonus,Tile:0,Tile:14,Tile:6,Tile:2,Map,Tile:7,Tile:5,Tile:15,Tile:8,Tile:7,Tile:12,Tile:7,Tile:3,Destroy,Map,Destroy,Tile:10,Tile:7,Tile:8,Tile:5,Tile:9,Bonus,Tile:8,Destroy,Tile:7,Tile:10,Tile:10,Tile:6,Tile:0,Malus,Tile:9-Tile:0,Tile:6,Bonus,Map,Tile:5,Malus,Tile:8-Tile:9,Tile:6,Tile:5,Map,Bonus,Map,Tile:0-Tile:hidden2,Tile:nugget,Tile:hidden1
Tile:6_flip 4 5 1
Map 12 3 0
Drop 1 0 1
Map 12 5 0
Tile:8 4 6 1
Tile:6 6 5 0
Tile:13 5 6 1
Tile:0 7 5 0
Tile:4 6 4 1
Tile:8 8 5 0
Drop 3 0 1
Tile:6 9 5 0
Tile:9 9 4 1
Tile:9 9 3 0
Drop 5 0 1
Tile:5_flip 10 5 0
Tile:6_flip 9 2 1
Tile:9 8 6 0
Tile:5 3 6 1
Tile:7 10 4 0
Tile:11_flip 5 7 1
Tile:7_flip 8 7 0
Drop 1 0 1
Tile:7_flip 8 2 0
Tile:3 9 6 1
Destroy 6 4 0
Tile:5_flip 3 7 1
Destroy 9 6 0
Tile:8 9 7 1
Tile:7_flip 9 8 0
Tile:0 3 5 1
Tile:5 8 1 0
Tile:9_flip 10 8 1
Tile:1 2 5 0
Tile:8 1 5 1
Tile:14 1 6 0
Tile:7_flip 0 5 1
Tile:10 8 4 0
Tile:8 2 7 1
Tile:6 10 3 0
Tile:10 0 4 1
Malus 0 0 0
Drop 3 0 1
Tile:2 0 3 0
Drop 4 0 1
Tile:15 1 4 0
Map 12 3 1
Destroy 0 3 0
Map 12 7 1
Drop 0 0 0
Drop 0 0 1
Drop 0 0 0
Drop 1 0 1
Drop 0 0 0
Drop 0 0 1
GAMEOVER DRAW
# Game ended: Wed Apr 15 19:09:35 EDT 2020
