# Server version 0.08 running on 192.168.2.139:8123
# Game ID: 242
# Board class: Saboteur.SaboteurBoard
# Timeout: 20000
# First Move Timeout: 30000
# Date: Wed Apr 15 14:51:44 EDT 2020
# Player 1: Player-0, 'RandomPlayer', running on 127.0.0.1
# Player 2: Player-1, '260714615', running on 127.0.0.1
START Player-0 RandomPlayer
START Player-1 260714615
BoardInit:Tile:0,Tile:7,Malus,Tile:4,Tile:0,Map,Tile:14,Destroy,Malus,Tile:15,Tile:0,Tile:5,Tile:10,Tile:12,Tile:9,Tile:0,Tile:3,Bonus,Destroy,Tile:9,Bonus,Tile:9,Tile:8,Tile:5,Tile:6,Tile:9,Tile:8,Map,Tile:7,Tile:13,Tile:2,Tile:11,Tile:10,Tile:8,Tile:6,Tile:1,Tile:5,Bonus,Tile:5,Map,Tile:6-Map,Tile:7,Tile:7,Tile:7,Destroy,Tile:8,Tile:8-Bonus,Tile:9,Map,Tile:6,Tile:10,Tile:6,Map-Tile:nugget,Tile:hidden1,Tile:hidden2
Map 12 3 1
Tile:6 4 5 0
Tile:8 6 5 1
Tile:9 6 4 0
Tile:8 7 4 1
Tile:10 6 3 0
Tile:0 8 4 1
Tile:7 5 4 0
Tile:0 9 4 1
Tile:6_flip 4 4 0
Tile:7 10 4 1
Map 12 3 0
Tile:7_flip 10 5 1
Tile:5_flip 5 6 0
Tile:0 11 5 1
Tile:4_flip 6 6 0
Destroy 6 6 1
Map 12 3 0
Tile:10 7 3 1
Drop 1 0 0
Tile:9 7 2 1
Tile:9_flip 12 4 0
GAMEOVER WINNER 0
# Game ended: Wed Apr 15 14:52:06 EDT 2020
