# Server version 0.08 running on 192.168.2.139:8123
# Game ID: 456
# Board class: Saboteur.SaboteurBoard
# Timeout: 20000
# First Move Timeout: 30000
# Date: Wed Apr 15 21:40:36 EDT 2020
# Player 1: Player-0, '260714615', running on 127.0.0.1
# Player 2: Player-1, 'RandomPlayer', running on 127.0.0.1
START Player-0 260714615
START Player-1 RandomPlayer
BoardInit:Tile:10,Tile:5,Tile:5,Tile:7,Tile:0,Tile:0,Tile:10,Tile:7,Tile:5,Tile:6,Tile:8,Map,Map,Tile:1,Tile:12,Bonus,Tile:6,Tile:9,Bonus,Tile:6,Tile:4,Destroy,Tile:8,Bonus,Tile:6,Tile:13,Tile:5,Tile:8,Map,Malus,Tile:7,Map,Tile:9,Map,Tile:7,Tile:6,Tile:7,Tile:11,Tile:8,Map,Tile:9-Tile:0,Tile:9,Tile:15,Malus,Tile:8,Tile:2,Tile:0-Destroy,Tile:9,Tile:3,Destroy,Tile:14,Tile:10,Bonus-Tile:nugget,Tile:hidden2,Tile:hidden1
Malus 0 0 1
Bonus 0 0 0
Tile:2_flip 5 6 1
Tile:9 5 4 0
Tile:8 6 5 1
Tile:5 5 3 0
Drop 2 0 1
Tile:0 7 5 0
Tile:0 4 6 1
Tile:7 8 5 0
Tile:9_flip 6 6 1
Tile:7_flip 8 6 0
Drop 6 0 1
Map 12 3 0
Map 12 7 1
Tile:6 9 6 0
Tile:12_flip 4 5 1
Tile:10 9 5 0
Tile:5 9 4 1
Tile:9_flip 10 4 0
Tile:10 10 5 1
Tile:6_flip 10 3 0
Tile:0 11 3 1
GAMEOVER WINNER 1
# Game ended: Wed Apr 15 21:40:58 EDT 2020
