# Server version 0.08 running on 192.168.2.139:8123
# Game ID: 295
# Board class: Saboteur.SaboteurBoard
# Timeout: 20000
# First Move Timeout: 30000
# Date: Mon Apr 13 18:46:24 EDT 2020
# Player 1: Player-0, 'RandomPlayer', running on 127.0.0.1
# Player 2: Player-1, '260714615', running on 127.0.0.1
START Player-0 RandomPlayer
START Player-1 260714615
BoardInit:Tile:14,Tile:11,Destroy,Tile:6,Tile:8,Bonus,Tile:5,Map,Tile:10,Tile:5,Bonus,Malus,Tile:7,Tile:6,Malus,Tile:15,Tile:6,Tile:0,Tile:8,Tile:4,Tile:12,Bonus,Tile:9,Map,Tile:9,Tile:10,Tile:6,Bonus,Tile:5,Tile:7,Tile:7,Tile:6,Map,Tile:0,Tile:7,Tile:7,Tile:5,Map,Tile:0,Tile:3,Tile:9-Tile:0,Map,Tile:10,Tile:2,Tile:13,Destroy,Tile:9-Tile:8,Map,Tile:9,Tile:8,Tile:8,Tile:1,Destroy-Tile:nugget,Tile:hidden2,Tile:hidden1
Map 12 3 1
Tile:9_flip 5 4 0
Tile:0 6 5 1
Tile:8 5 6 0
Tile:13 7 5 1
Drop 4 0 0
Tile:8 8 5 1
Tile:11 5 3 0
Tile:10 8 4 1
Tile:6_flip 5 2 0
Tile:9 8 3 1
Tile:8 4 6 0
Tile:5 8 2 1
Tile:5_flip 6 3 0
Tile:10 8 6 1
Map 12 3 0
Tile:7_flip 8 7 1
Tile:6 9 5 0
Tile:6 10 5 1
Tile:15 9 4 0
Tile:8 11 5 1
Tile:8 3 6 0
Tile:2 3 5 1
Map 12 7 0
Malus 0 0 1
Bonus 0 0 0
Tile:9 11 4 1
Tile:10 11 3 0
Tile:6 12 4 1
Tile:4_flip 4 7 0
Tile:9 11 2 1
Tile:7_flip 5 7 0
Tile:5_flip 12 2 1
Tile:1 9 2 0
Tile:7 13 4 1
Tile:0 4 4 0
Tile:7_flip 13 5 1
Tile:6_flip 4 5 0
Tile:5 12 1 1
Tile:7_flip 3 4 0
Tile:0 13 1 1
Map 12 3 0
Tile:9 11 6 1
Tile:3 10 2 0
Destroy 3 4 1
Drop 3 0 0
Tile:14 3 7 1
Map 12 3 0
Destroy 3 5 1
Malus 0 0 0
Bonus 0 0 1
Drop 0 0 0
Tile:12 6 6 1
Drop 0 0 0
Drop 0 0 1
GAMEOVER DRAW
# Game ended: Mon Apr 13 18:46:50 EDT 2020
