# Server version 0.08 running on 192.168.2.139:8123
# Game ID: 93
# Board class: Saboteur.SaboteurBoard
# Timeout: 20000
# First Move Timeout: 30000
# Date: Mon Apr 13 00:19:04 EDT 2020
# Player 1: Player-0, '260714615', running on 192.168.2.139
# Player 2: Player-1, 'RandomPlayer', running on 192.168.2.139
START Player-0 260714615
START Player-1 RandomPlayer
BoardInit:Tile:14,Malus,Tile:5,Tile:8,Tile:8,Map,Tile:7,Tile:6,Tile:12,Tile:11,Tile:0,Malus,Destroy,Bonus,Tile:6,Tile:5,Tile:9,Tile:9,Tile:0,Map,Tile:8,Map,Tile:8,Tile:10,Tile:0,Destroy,Tile:10,Tile:3,Tile:9,Tile:9,Destroy,Tile:1,Map,Tile:10,Tile:6,Tile:7,Tile:0,Tile:2,Bonus,Tile:9,Tile:7-Tile:6,Tile:4,Map,Tile:5,Tile:7,Bonus,Tile:8-Tile:15,Map,Tile:5,Tile:13,Tile:6,Bonus,Tile:7-Tile:hidden1,Tile:hidden2,Tile:nugget
Map 12 7 1
Drop 3 0 0
Tile:8 5 6 1
Tile:6_flip 4 5 0
Drop 1 0 1
Tile:7_flip 4 6 0
Tile:14_flip 3 5 1
Map 12 5 0
Drop 2 0 1
Tile:6_flip 5 4 0
Tile:5_flip 6 6 1
Tile:8 6 5 0
Tile:7 7 5 1
Tile:11_flip 3 6 0
Drop 3 0 1
Drop 5 0 0
Destroy 3 5 1
Drop 1 0 0
Tile:5 3 5 1
Drop 6 0 0
Tile:6 4 4 1
Tile:15 5 7 0
Tile:0 3 4 1
Map 12 5 0
Drop 2 0 1
Map 12 5 0
Tile:8 4 3 1
Drop 0 0 0
Tile:12_flip 3 3 1
Destroy 3 4 0
Tile:0 5 3 1
Tile:3_flip 7 6 0
Tile:9_flip 5 8 1
Tile:5 4 8 0
Destroy 5 3 1
Tile:10 4 9 0
Tile:6 4 10 1
Tile:9 5 9 0
Tile:9_flip 6 4 1
Tile:7 6 3 0
Tile:10 4 2 1
Tile:1 3 10 0
Tile:0 5 3 1
Tile:9 4 1 0
Drop 4 0 1
Tile:10 4 0 0
Tile:7_flip 3 7 1
Tile:2_flip 5 1 0
Tile:8 2 6 1
Drop 2 0 0
Drop 1 0 1
Drop 0 0 0
Tile:0 6 1 1
Drop 0 0 0
Drop 0 0 1
GAMEOVER DRAW
# Game ended: Mon Apr 13 00:19:53 EDT 2020
