# Server version 0.08 running on 192.168.2.139:8123
# Game ID: 189
# Board class: Saboteur.SaboteurBoard
# Timeout: 20000
# First Move Timeout: 30000
# Date: Mon Apr 13 12:05:49 EDT 2020
# Player 1: Player-0, '260714615', running on 192.168.2.139
# Player 2: Player-1, 'RandomPlayer', running on 192.168.2.139
START Player-0 260714615
START Player-1 RandomPlayer
BoardInit:Tile:10,Tile:5,Tile:10,Malus,Tile:4,Tile:15,Tile:8,Map,Bonus,Tile:6,Tile:7,Tile:9,Bonus,Tile:8,Map,Tile:6,Tile:0,Tile:9,Destroy,Tile:0,Malus,Tile:6,Tile:7,Tile:14,Tile:8,Destroy,Bonus,Tile:2,Tile:10,Map,Tile:5,Tile:1,Tile:9,Map,Tile:9,Map,Tile:5,Tile:6,Tile:13,Tile:12,Tile:6-Tile:9,Map,Tile:7,Destroy,Tile:7,Tile:3,Tile:5-Tile:8,Tile:7,Bonus,Tile:0,Tile:8,Tile:11,Tile:0-Tile:hidden2,Tile:nugget,Tile:hidden1
Tile:3_flip 5 6 1
Drop 6 0 0
Tile:9 4 5 1
Tile:11_flip 4 4 0
Tile:5_flip 6 6 1
Tile:5 5 4 0
Drop 2 0 1
Drop 4 0 0
Tile:7 6 5 1
Tile:8 4 3 0
Tile:10 4 2 1
Tile:0 3 4 0
Tile:4_flip 4 6 1
Drop 2 0 0
Tile:10 4 1 1
Drop 4 0 0
Tile:7_flip 2 4 1
Tile:7_flip 3 3 0
Map 12 3 1
Tile:9_flip 3 2 0
Tile:0 6 4 1
Tile:0 7 4 0
Map 12 3 1
Drop 2 0 0
Tile:7 3 1 1
Tile:6 8 4 0
Destroy 4 3 1
Destroy 6 6 0
Tile:7 2 3 1
Tile:9_flip 4 3 0
Tile:8 1 3 1
Tile:6_flip 9 4 0
Tile:5_flip 10 4 1
Tile:8 1 2 0
Tile:9 9 5 1
Tile:2_flip 0 2 0
Tile:10 10 3 1
Drop 2 0 0
Tile:5 2 1 1
Drop 2 0 0
Drop 2 0 1
Tile:12_flip 0 3 0
Tile:9 0 1 1
GAMEOVER USER CANCEL UNDECIDED
# Game ended: Mon Apr 13 12:06:15 EDT 2020
