# Server version 0.08 running on 192.168.2.139:8123
# Game ID: 210
# Board class: Saboteur.SaboteurBoard
# Timeout: 20000
# First Move Timeout: 30000
# Date: Wed Apr 15 13:54:53 EDT 2020
# Player 1: Player-0, '260714615', running on 192.168.2.139
# Player 2: Player-1, 'RandomPlayer', running on 192.168.2.139
START Player-0 260714615
START Player-1 RandomPlayer
BoardInit:Tile:6,Tile:6,Bonus,Tile:8,Malus,Tile:12,Tile:7,Destroy,Tile:5,Map,Tile:1,Tile:10,Map,Tile:14,Tile:9,Malus,Tile:4,Bonus,Bonus,Tile:8,Tile:5,Tile:10,Tile:0,Tile:7,Tile:5,Bonus,Tile:9,Tile:3,Tile:5,Destroy,Tile:8,Map,Tile:15,Tile:9,Tile:11,Tile:2,Tile:9,Tile:7,Destroy,Tile:13,Tile:10-Tile:8,Map,Tile:8,Tile:0,Tile:7,Map,Map-Tile:6,Tile:7,Tile:6,Tile:6,Tile:0,Tile:9,Tile:0-Tile:hidden1,Tile:nugget,Tile:hidden2
Tile:8 4 5 1
Tile:6 6 5 0
Tile:6_flip 4 4 1
Tile:6 7 5 0
Map 12 7 1
Tile:6 8 5 0
Malus 0 0 1
Drop 0 0 0
Tile:7_flip 3 4 1
Destroy 3 4 0
Map 12 3 1
GAMEOVER TIMEOUT WINNER 1
# Game ended: Wed Apr 15 13:55:24 EDT 2020
