# Server version 0.08 running on 192.168.2.139:8123
# Game ID: 410
# Board class: Saboteur.SaboteurBoard
# Timeout: 20000
# First Move Timeout: 30000
# Date: Wed Apr 15 19:24:52 EDT 2020
# Player 1: Player-0, 'RandomPlayer', running on 127.0.0.1
# Player 2: Player-1, '260714615', running on 127.0.0.1
START Player-0 RandomPlayer
START Player-1 260714615
BoardInit:Bonus,Tile:9,Tile:8,Tile:10,Map,Tile:15,Tile:5,Tile:14,Tile:9,Tile:9,Tile:7,Malus,Bonus,Bonus,Tile:6,Tile:10,Destroy,Tile:10,Tile:8,Tile:6,Tile:7,Tile:6,Tile:13,Tile:3,Tile:7,Destroy,Tile:5,Bonus,Map,Tile:8,Tile:6,Tile:0,Tile:5,Malus,Map,Tile:5,Tile:9,Map,Tile:6,Tile:7,Tile:0-Tile:1,Tile:0,Tile:12,Map,Tile:4,Tile:9,Tile:7-Tile:8,Tile:2,Tile:0,Destroy,Tile:11,Map,Tile:8-Tile:hidden2,Tile:nugget,Tile:hidden1
Map 12 3 1
Map 12 5 0
Drop 0 0 1
Tile:11_flip 5 4 0
Tile:0 6 5 1
Tile:8 5 6 0
Map 12 5 1
Drop 6 0 0
Drop 0 0 1
Tile:9 4 6 0
Drop 0 0 1
Tile:9_flip 7 5 0
Tile:9 7 4 1
Tile:2 6 6 0
Tile:8 8 4 1
Tile:8 5 3 0
Tile:6 9 4 1
Tile:14_flip 9 3 0
Destroy 6 6 1
Drop 1 0 0
Tile:8 10 4 1
Tile:10 5 2 0
Tile:7_flip 10 5 1
Tile:10 7 6 0
Tile:5_flip 11 5 1
Tile:6 4 7 0
Tile:9_flip 11 4 1
Tile:6 6 3 0
Tile:5 11 3 1
Tile:3_flip 12 4 0
Tile:7 13 4 1
Tile:10 13 5 0
Tile:7_flip 13 6 1
Destroy 11 5 0
Tile:6 11 5 1
GAMEOVER WINNER 1
# Game ended: Wed Apr 15 19:25:28 EDT 2020
