# Server version 0.08 running on 192.168.2.139:8123
# Game ID: 320
# Board class: Saboteur.SaboteurBoard
# Timeout: 20000
# First Move Timeout: 30000
# Date: Wed Apr 15 16:58:32 EDT 2020
# Player 1: Player-0, '260714615', running on 192.168.2.139
# Player 2: Player-1, 'RandomPlayer', running on 192.168.2.139
START Player-0 260714615
START Player-1 RandomPlayer
BoardInit:Tile:4,Map,Tile:7,Tile:7,Tile:8,Tile:5,Bonus,Malus,Map,Tile:2,Tile:5,Tile:13,Destroy,Tile:15,Tile:3,Map,Tile:7,Malus,Tile:9,Tile:8,Tile:0,Tile:11,Tile:0,Tile:6,Map,Tile:9,Tile:9,Destroy,Tile:6,Tile:14,Tile:8,Tile:9,Tile:6,Tile:10,Bonus,Tile:9,Bonus,Map,Tile:0,Tile:1,Tile:0-Tile:6,Tile:8,Tile:7,Tile:12,Destroy,Tile:10,Tile:8-Tile:6,Tile:5,Tile:7,Tile:10,Map,Bonus,Tile:5-Tile:hidden1,Tile:nugget,Tile:hidden2
Tile:6 6 5 1
Tile:6 5 6 0
Tile:12_flip 4 5 1
Tile:5 4 6 0
Tile:7_flip 4 7 1
Tile:7 5 7 0
Tile:8 7 5 1
Tile:10 5 4 0
Tile:8 7 6 1
Map 12 3 0
Tile:10 7 7 1
Tile:5 5 3 0
Map 12 5 1
Map 12 3 0
Tile:8 6 3 1
Tile:7 6 2 0
Destroy 5 7 1
Tile:5 7 4 0
Destroy 5 4 1
Malus 0 0 0
Drop 2 0 1
Tile:2 5 7 0
Drop 0 0 1
Tile:13 5 4 0
Drop 2 0 1
Tile:15 5 8 0
Drop 3 0 1
Map 12 3 0
Drop 4 0 1
Malus 0 0 0
Map 12 3 1
Tile:8 5 9 0
Drop 6 0 1
Tile:11 5 10 0
Drop 3 0 1
Tile:6 4 4 0
Drop 4 0 1
Tile:9 3 4 0
Bonus 0 0 1
Destroy 3 4 0
Drop 4 0 1
Tile:14 6 7 0
Drop 5 0 1
Tile:9_flip 6 10 0
Drop 4 0 1
Tile:1 4 9 0
Drop 2 0 1
Drop 1 0 0
Drop 0 0 1
Map 12 7 0
Drop 0 0 1
Tile:9_flip 6 9 0
Drop 1 0 1
Drop 0 0 0
Drop 0 0 1
GAMEOVER DRAW
# Game ended: Wed Apr 15 16:59:14 EDT 2020
