# Server version 0.08 running on 192.168.2.139:8123
# Game ID: 214
# Board class: Saboteur.SaboteurBoard
# Timeout: 20000
# First Move Timeout: 30000
# Date: Wed Apr 15 14:02:23 EDT 2020
# Player 1: Player-0, '260714615', running on 192.168.2.139
# Player 2: Player-1, 'RandomPlayer', running on 192.168.2.139
START Player-0 260714615
START Player-1 RandomPlayer
BoardInit:Map,Tile:7,Tile:14,Tile:9,Malus,Tile:4,Destroy,Tile:6,Tile:8,Tile:0,Tile:5,Tile:7,Tile:10,Tile:6,Bonus,Map,Tile:10,Tile:5,Tile:5,Bonus,Tile:9,Tile:9,Tile:3,Bonus,Tile:6,Tile:8,Tile:10,Tile:6,Destroy,Map,Tile:5,Map,Tile:8,Map,Tile:6,Tile:9,Tile:13,Tile:0,Tile:11,Malus,Tile:0-Map,Tile:1,Tile:2,Tile:15,Tile:7,Tile:9,Tile:0-Destroy,Tile:12,Bonus,Tile:7,Tile:8,Tile:8,Tile:7-Tile:hidden2,Tile:nugget,Tile:hidden1
Tile:9 4 5 1
Drop 5 0 0
Map 12 3 1
Drop 5 0 0
Tile:14 5 6 1
Drop 5 0 0
Tile:15 4 4 1
Drop 5 0 0
Tile:7 4 3 1
Drop 5 0 0
Tile:8 4 6 1
Drop 5 0 0
Tile:2_flip 4 7 1
Drop 5 0 0
Tile:5 3 3 1
Drop 5 0 0
Tile:0 6 5 1
Map 12 3 0
Destroy 6 5 1
Drop 5 0 0
Tile:10 3 4 1
Drop 5 0 0
Tile:10 5 4 1
Drop 5 0 0
Tile:1 3 7 1
Drop 5 0 0
Tile:3 5 7 1
Drop 5 0 0
Map 12 5 1
Drop 5 0 0
Destroy 3 7 1
Map 12 5 0
Tile:5_flip 3 5 1
Drop 5 0 0
Drop 4 0 1
Drop 5 0 0
Tile:9 5 8 1
