# Server version 0.08 running on 192.168.2.139:8123
# Game ID: 398
# Board class: Saboteur.SaboteurBoard
# Timeout: 20000
# First Move Timeout: 30000
# Date: Wed Apr 15 19:15:25 EDT 2020
# Player 1: Player-0, '260714615', running on 192.168.2.139
# Player 2: Player-1, 'RandomPlayer', running on 192.168.2.139
START Player-0 260714615
START Player-1 RandomPlayer
BoardInit:Tile:7,Tile:11,Bonus,Tile:13,Tile:10,Bonus,Tile:5,Tile:1,Tile:14,Bonus,Tile:6,Tile:4,Tile:10,Tile:8,Tile:7,Tile:0,Tile:7,Malus,Tile:10,Malus,Tile:5,Tile:3,Tile:7,Tile:9,Tile:12,Tile:5,Tile:0,Tile:0,Tile:8,Tile:8,Destroy,Tile:6,Tile:6,Tile:8,Map,Map,Map,Map,Tile:6,Tile:8,Tile:2-Tile:9,Tile:0,Bonus,Tile:9,Destroy,Tile:9,Map-Tile:7,Tile:5,Destroy,Tile:9,Map,Tile:15,Tile:6-Tile:hidden2,Tile:nugget,Tile:hidden1
Tile:9 4 5 1
Map 12 3 0
Tile:9_flip 4 4 1
Tile:6 6 5 0
Destroy 4 4 1
Tile:5 6 4 0
Drop 2 0 1
Tile:7_flip 5 6 0
Tile:10 4 4 1
Tile:9 4 3 0
Drop 1 0 1
Destroy 4 3 0
Map 12 5 1
Drop 0 0 0
Drop 2 0 1
Drop 0 0 0
Tile:7 4 3 1
Drop 0 0 0
Tile:7 7 5 1
Tile:8 7 6 0
Tile:14 8 6 1
Tile:0 7 4 0
Tile:10 5 4 1
Malus 0 0 0
Drop 2 0 1
Malus 0 0 0
Drop 0 0 1
Tile:9 8 5 0
Drop 5 0 1
Tile:0 9 5 0
Drop 0 0 1
Tile:8 10 5 0
Drop 6 0 1
Tile:6 11 5 0
Drop 3 0 1
Tile:5 11 4 0
Drop 2 0 1
Map 12 5 0
Map 12 7 1
Tile:8 12 4 0
Drop 6 0 1
Tile:8 13 4 0
Drop 4 0 1
Tile:1 3 3 0
Drop 1 0 1
Tile:4 5 3 0
Map 12 5 1
