# Server version 0.08 running on 192.168.2.139:8123
# Game ID: 403
# Board class: Saboteur.SaboteurBoard
# Timeout: 20000
# First Move Timeout: 30000
# Date: Wed Apr 15 19:18:52 EDT 2020
# Player 1: Player-0, '260714615', running on 192.168.2.139
# Player 2: Player-1, 'RandomPlayer', running on 192.168.2.139
START Player-0 260714615
START Player-1 RandomPlayer
BoardInit:Tile:6,Tile:15,Bonus,Destroy,Tile:8,Tile:9,Tile:9,Tile:8,Tile:5,Bonus,Tile:5,Tile:2,Malus,Tile:7,Tile:5,Bonus,Tile:10,Tile:8,Tile:0,Tile:9,Tile:7,Tile:14,Malus,Tile:0,Tile:6,Map,Tile:7,Tile:0,Map,Tile:5,Tile:10,Tile:4,Tile:13,Tile:9,Map,Tile:8,Map,Tile:6,Map,Tile:11,Tile:6-Tile:0,Tile:12,Tile:10,Destroy,Tile:7,Map,Tile:1-Tile:9,Bonus,Tile:7,Tile:8,Tile:3,Tile:6,Destroy-Tile:hidden2,Tile:nugget,Tile:hidden1
Tile:7_flip 5 6 1
Tile:8 6 5 0
Drop 1 0 1
Tile:6 7 5 0
Map 12 3 1
Tile:9 7 4 0
Drop 4 0 1
Tile:9 7 3 0
Tile:9_flip 6 4 1
Tile:8 8 5 0
Tile:1 9 5 1
Destroy 9 5 0
Tile:5 5 4 1
Tile:7_flip 8 6 0
Malus 0 0 1
Bonus 0 0 0
Tile:5_flip 6 6 1
Drop 0 0 0
Destroy 5 4 1
Drop 0 0 0
Tile:8 9 5 1
Tile:8 10 5 0
Tile:5 5 4 1
Tile:7 11 5 0
Tile:0 4 5 1
Tile:9 11 6 0
Tile:10 6 3 1
Map 12 3 0
Tile:10 6 2 1
Tile:0 12 6 0
Tile:6_flip 13 6 1
Destroy 12 6 0
Map 12 5 1
Tile:0 12 6 0
Tile:7_flip 13 7 1
Tile:5 10 4 0
Tile:10 9 4 1
Tile:9 11 7 0
Map 12 3 1
Tile:8 11 8 0
Tile:13 3 5 1
Tile:6 12 8 0
Drop 0 0 1
Tile:2 3 4 0
Tile:7_flip 3 6 1
Tile:14 4 4 0
Tile:6_flip 2 4 1
GAMEOVER USER CANCEL UNDECIDED
# Game ended: Wed Apr 15 19:19:39 EDT 2020
