# Server version 0.08 running on 192.168.2.139:8123
# Game ID: 213
# Board class: Saboteur.SaboteurBoard
# Timeout: 20000
# First Move Timeout: 30000
# Date: Wed Apr 15 14:01:50 EDT 2020
# Player 1: Player-0, '260714615', running on 192.168.2.139
# Player 2: Player-1, 'RandomPlayer', running on 192.168.2.139
START Player-0 260714615
START Player-1 RandomPlayer
BoardInit:Tile:10,Destroy,Bonus,Tile:6,Tile:3,Tile:10,Tile:0,Tile:5,Tile:6,Tile:1,Tile:13,Tile:9,Tile:9,Tile:7,Tile:6,Tile:0,Bonus,Tile:8,Map,Tile:4,Destroy,Tile:8,Map,Tile:5,Destroy,Tile:7,Tile:9,Tile:6,Tile:9,Map,Tile:0,Tile:5,Tile:2,Tile:7,Tile:10,Tile:8,Malus,Map,Bonus,Tile:5,Tile:11-Tile:12,Tile:7,Tile:9,Map,Tile:14,Tile:6,Bonus-Tile:0,Tile:7,Malus,Map,Tile:8,Tile:8,Tile:15-Tile:nugget,Tile:hidden2,Tile:hidden1
Tile:6 5 6 1
Map 12 3 0
Map 12 7 1
Drop 5 0 0
Tile:9 4 6 1
Drop 5 0 0
Drop 3 0 1
Drop 5 0 0
Drop 0 0 1
Drop 5 0 0
Drop 1 0 1
Drop 5 0 0
Drop 6 0 1
Drop 5 0 0
Tile:3 6 5 1
Drop 5 0 0
Tile:7 5 4 1
Drop 5 0 0
Tile:6 4 7 1
Drop 5 0 0
Tile:6 6 6 1
Drop 5 0 0
Drop 1 0 1
Drop 5 0 0
Map 12 7 1
Drop 5 0 0
Tile:0 7 6 1
Drop 5 0 0
Destroy 4 6 1
Malus 0 0 0
Destroy 6 5 1
Drop 5 0 0
Map 12 7 1
Drop 5 0 0
Drop 0 0 1
Drop 5 0 0
Drop 4 0 1
Drop 5 0 0
Bonus 0 0 1
Drop 5 0 0
Drop 6 0 1
Drop 5 0 0
Tile:9 4 5 1
Drop 5 0 0
Drop 4 0 1
Tile:0 8 6 0
Tile:11_flip 6 5 1
Tile:8 9 6 0
Tile:9 4 4 1
Tile:8 9 5 0
Tile:9_flip 9 7 1
Tile:7_flip 8 5 0
Tile:2_flip 9 8 1
Tile:7 10 5 0
Tile:10 6 4 1
GAMEOVER DRAW
# Game ended: Wed Apr 15 14:02:44 EDT 2020
