# Server version 0.08 running on 192.168.2.139:8123
# Game ID: 135
# Board class: Saboteur.SaboteurBoard
# Timeout: 20000
# First Move Timeout: 30000
# Date: Mon Apr 13 10:38:31 EDT 2020
# Player 1: Player-0, '260714615', running on 192.168.2.139
# Player 2: Player-1, 'RandomPlayer', running on 192.168.2.139
START Player-0 260714615
START Player-1 RandomPlayer
BoardInit:Map,Map,Tile:1,Map,Tile:11,Tile:6,Map,Tile:6,Tile:10,Tile:8,Tile:2,Tile:5,Malus,Tile:5,Bonus,Bonus,Tile:0,Tile:9,Tile:8,Destroy,Tile:7,Tile:6,Tile:7,Tile:8,Tile:5,Tile:9,Tile:0,Tile:15,Tile:14,Destroy,Bonus,Map,Destroy,Malus,Tile:12,Tile:7,Tile:0,Tile:10,Tile:3,Tile:9,Map-Tile:9,Tile:5,Tile:0,Tile:13,Tile:10,Tile:8,Bonus-Tile:9,Tile:7,Tile:6,Tile:8,Tile:7,Tile:6,Tile:4-Tile:hidden2,Tile:nugget,Tile:hidden1
Tile:9 5 6 1
Tile:6_flip 6 6 0
Tile:10 6 7 1
Drop 1 0 0
Tile:8 6 8 1
Tile:9 6 9 0
Tile:0 6 5 1
Tile:8 7 8 0
Map 12 5 1
Tile:6 6 10 0
Drop 5 0 1
Tile:7 8 8 0
Tile:5 7 7 1
Tile:6 8 9 0
Tile:11_flip 7 5 1
Tile:8 7 9 0
Tile:13 5 4 1
Tile:5_flip 7 10 0
Tile:10 5 7 1
Tile:4 7 4 0
Tile:1 8 7 1
Tile:6_flip 4 5 0
Tile:7_flip 3 5 1
Drop 5 0 0
Tile:2_flip 5 8 1
Tile:9 5 3 0
Malus 0 0 1
Map 12 3 0
Tile:8 5 10 1
Drop 6 0 0
Tile:7_flip 5 11 1
Map 12 3 0
Tile:0 6 3 1
Destroy 5 10 0
Tile:14 4 6 1
Bonus 0 0 0
Tile:5 5 10 1
Drop 3 0 0
Tile:12 6 4 1
Tile:8 3 4 0
Tile:0 3 6 1
Tile:6 7 6 0
Destroy 8 8 1
Tile:7_flip 2 6 0
Drop 4 0 1
Drop 3 0 0
Map 12 3 1
Tile:5_flip 8 6 0
Tile:0 7 3 1
Tile:9 8 5 0
Drop 0 0 1
Map 12 3 0
Drop 1 0 1
Drop 0 0 0
Drop 0 0 1
GAMEOVER DRAW
# Game ended: Mon Apr 13 10:38:31 EDT 2020
