# Server version 0.08 running on 192.168.2.139:8123
# Game ID: 432
# Board class: Saboteur.SaboteurBoard
# Timeout: 20000
# First Move Timeout: 30000
# Date: Wed Apr 15 19:47:36 EDT 2020
# Player 1: Player-0, 'RandomPlayer', running on 127.0.0.1
# Player 2: Player-1, '260714615', running on 127.0.0.1
START Player-0 RandomPlayer
START Player-1 260714615
BoardInit:Tile:9,Tile:7,Tile:10,Tile:10,Tile:9,Tile:5,Tile:8,Tile:6,Tile:6,Tile:6,Bonus,Tile:10,Map,Tile:8,Tile:4,Map,Tile:7,Bonus,Tile:8,Tile:5,Tile:8,Tile:0,Tile:9,Tile:11,Tile:6,Tile:1,Map,Map,Tile:13,Tile:9,Tile:7,Tile:0,Tile:12,Tile:7,Tile:14,Destroy,Bonus,Tile:0,Tile:6,Map,Destroy-Tile:5,Tile:9,Bonus,Malus,Tile:7,Tile:15,Destroy-Tile:5,Tile:0,Malus,Tile:8,Tile:3,Map,Tile:2-Tile:hidden2,Tile:hidden1,Tile:nugget
Tile:5 5 4 1
Tile:2 6 4 0
Destroy 6 4 1
Tile:5 4 5 0
Tile:9 5 6 1
Tile:3 6 4 0
Tile:7_flip 5 7 1
Tile:5_flip 6 6 0
Tile:8 6 5 1
Tile:10 4 6 0
Tile:6 7 5 1
Drop 3 0 0
Tile:9 7 4 1
Tile:7 6 7 0
Map 12 3 1
Drop 3 0 0
Tile:9 7 3 1
Tile:8 8 5 0
Tile:7_flip 8 6 1
Drop 3 0 0
Tile:8 9 5 1
Tile:5_flip 6 8 0
Tile:8 10 5 1
Tile:8 7 2 0
Malus 0 0 1
Drop 0 0 0
Tile:6 11 5 1
Map 12 7 0
Map 12 7 1
Drop 6 0 0
Tile:9 10 6 1
Drop 4 0 0
Tile:7_flip 10 7 1
Drop 6 0 0
Tile:10 11 4 1
Drop 4 0 0
Tile:15 4 7 1
Destroy 11 4 0
Tile:4 7 1 1
Malus 0 0 0
Bonus 0 0 1
Drop 6 0 0
Destroy 6 4 1
Bonus 0 0 0
Tile:6 11 7 1
GAMEOVER WINNER 1
# Game ended: Wed Apr 15 19:48:22 EDT 2020
