# Server version 0.08 running on 192.168.2.139:8123
# Game ID: 236
# Board class: Saboteur.SaboteurBoard
# Timeout: 20000
# First Move Timeout: 30000
# Date: Wed Apr 15 14:47:31 EDT 2020
# Player 1: Player-0, 'RandomPlayer', running on 127.0.0.1
# Player 2: Player-1, '260714615', running on 127.0.0.1
START Player-0 RandomPlayer
START Player-1 260714615
BoardInit:Tile:0,Tile:8,Tile:3,Tile:7,Tile:11,Tile:9,Tile:0,Tile:5,Tile:7,Bonus,Tile:10,Tile:5,Map,Tile:6,Map,Bonus,Destroy,Bonus,Tile:4,Tile:7,Tile:9,Map,Tile:9,Tile:6,Destroy,Destroy,Map,Map,Tile:8,Tile:12,Map,Tile:7,Tile:0,Tile:1,Tile:5,Tile:6,Tile:0,Tile:10,Tile:2,Bonus,Malus-Tile:13,Tile:14,Tile:15,Tile:8,Tile:6,Tile:6,Tile:7-Malus,Tile:8,Tile:8,Tile:9,Tile:9,Tile:10,Tile:5-Tile:nugget,Tile:hidden2,Tile:hidden1
Tile:8 6 5 1
Tile:9_flip 6 4 0
Tile:6 7 5 1
Tile:9 5 4 0
Tile:6 8 5 1
Tile:8 9 5 0
Tile:0 10 5 1
Tile:8 9 4 0
Tile:0 11 5 1
Tile:7 9 3 0
Tile:7_flip 9 6 1
Tile:5 8 4 0
Tile:7 10 6 1
Tile:8 12 6 0
Map 12 3 1
Tile:6_flip 6 3 0
Tile:10 10 7 1
Tile:5 4 5 0
Drop 5 0 1
Tile:5_flip 10 4 0
Drop 5 0 1
Tile:10 5 6 0
Tile:9 10 3 1
Tile:7 13 5 0
Tile:9_flip 11 3 1
Tile:6_flip 11 2 0
Drop 5 0 1
Drop 3 0 0
Drop 5 0 1
Drop 4 0 0
Tile:8 12 2 1
GAMEOVER WINNER 1
# Game ended: Wed Apr 15 14:48:03 EDT 2020
