# Server version 0.08 running on 192.168.2.139:8123
# Game ID: 40
# Board class: Saboteur.SaboteurBoard
# Timeout: 20000
# First Move Timeout: 30000
# Date: Tue Apr 14 11:55:15 EDT 2020
# Player 1: Player-0, '260714615', running on 192.168.2.139
# Player 2: Player-1, 'RandomPlayer', running on 192.168.2.139
START Player-0 260714615
START Player-1 RandomPlayer
BoardInit:Tile:6,Tile:12,Tile:9,Tile:0,Tile:4,Map,Tile:7,Bonus,Bonus,Tile:7,Tile:13,Tile:1,Map,Tile:11,Tile:0,Tile:9,Tile:3,Tile:8,Tile:8,Tile:5,Tile:2,Malus,Tile:15,Map,Map,Tile:7,Tile:10,Map,Destroy,Map,Tile:7,Tile:8,Tile:5,Tile:6,Tile:8,Tile:10,Tile:8,Tile:5,Tile:9,Bonus,Tile:10-Tile:6,Tile:6,Tile:6,Bonus,Tile:5,Tile:9,Tile:9-Malus,Destroy,Tile:14,Tile:7,Tile:0,Tile:0,Destroy-Tile:hidden2,Tile:hidden1,Tile:nugget
Tile:6_flip 6 5 1
Tile:0 7 5 0
Tile:5 4 5 1
Tile:0 8 5 0
Tile:6 5 6 1
Tile:0 9 5 0
Tile:6 10 5 1
Map 12 3 0
Tile:7_flip 4 6 1
Tile:7 11 5 0
Tile:9 10 4 1
Tile:7_flip 11 6 0
Tile:9_flip 12 6 1
GAMEOVER WINNER 1
# Game ended: Tue Apr 14 11:55:27 EDT 2020
