# Server version 0.08 running on 192.168.2.139:8123
# Game ID: 392
# Board class: Saboteur.SaboteurBoard
# Timeout: 20000
# First Move Timeout: 30000
# Date: Wed Apr 15 18:52:22 EDT 2020
# Player 1: Player-0, '260714615', running on 192.168.2.139
# Player 2: Player-1, 'RandomPlayer', running on 192.168.2.139
START Player-0 260714615
START Player-1 RandomPlayer
BoardInit:Tile:9,Destroy,Map,Tile:10,Map,Tile:7,Tile:5,Map,Tile:9,Tile:10,Tile:13,Bonus,Malus,Tile:3,Tile:6,Tile:9,Tile:2,Tile:9,Tile:14,Bonus,Bonus,Tile:0,Tile:1,Destroy,Tile:8,Map,Tile:0,Tile:8,Tile:5,Tile:8,Tile:7,Tile:8,Tile:5,Tile:15,Tile:6,Tile:6,Destroy,Tile:7,Tile:10,Tile:6,Tile:11-Tile:7,Map,Tile:8,Tile:9,Tile:4,Tile:7,Tile:0-Tile:6,Map,Bonus,Tile:5,Malus,Tile:0,Tile:12-Tile:hidden2,Tile:hidden1,Tile:nugget
Tile:7 5 4 1
Map 12 3 0
Tile:9_flip 5 6 1
Malus 0 0 0
Drop 1 0 1
Tile:6 6 5 0
Drop 0 0 1
Tile:0 7 5 0
Drop 1 0 1
Map 12 5 0
Drop 3 0 1
Tile:5 6 4 0
Drop 4 0 1
Tile:10 5 7 0
Map 12 7 1
Tile:7_flip 5 8 0
Drop 1 0 1
Tile:9 4 5 0
Drop 3 0 1
Tile:9_flip 8 5 0
Drop 2 0 1
Tile:10 8 4 0
Drop 5 0 1
Tile:0 6 8 0
Drop 0 0 1
Tile:12 7 4 0
Drop 5 0 1
Destroy 7 4 0
Drop 2 0 1
Map 12 7 0
Drop 4 0 1
Tile:8 8 6 0
Drop 6 0 1
Tile:8 9 6 0
Drop 4 0 1
Tile:8 10 6 0
Drop 3 0 1
Tile:6 11 6 0
Destroy 8 4 1
Tile:7 12 6 0
GAMEOVER WINNER 0
# Game ended: Wed Apr 15 18:53:02 EDT 2020
