# Server version 0.08 running on 192.168.2.139:8123
# Game ID: 352
# Board class: Saboteur.SaboteurBoard
# Timeout: 20000
# First Move Timeout: 30000
# Date: Wed Apr 15 17:56:04 EDT 2020
# Player 1: Player-0, '260714615', running on 127.0.0.1
# Player 2: Player-1, 'RandomPlayer', running on 127.0.0.1
START Player-0 260714615
START Player-1 RandomPlayer
BoardInit:Tile:15,Tile:4,Tile:8,Tile:9,Tile:5,Tile:11,Tile:6,Tile:8,Destroy,Tile:7,Map,Tile:8,Map,Tile:5,Malus,Tile:8,Tile:0,Tile:12,Tile:6,Tile:7,Tile:14,Map,Tile:6,Tile:2,Tile:13,Tile:9,Tile:7,Tile:10,Map,Tile:9,Tile:5,Bonus,Tile:5,Tile:6,Destroy,Tile:1,Tile:8,Bonus,Map,Malus,Destroy-Tile:0,Tile:9,Bonus,Tile:7,Map,Tile:10,Tile:0-Tile:6,Tile:10,Tile:7,Tile:0,Tile:9,Tile:3,Bonus-Tile:hidden2,Tile:hidden1,Tile:nugget
Tile:9 5 4 1
Tile:6 6 5 0
Drop 1 0 1
Tile:0 7 5 0
Tile:7 8 5 1
Tile:10 8 6 0
Tile:10 5 6 1
Tile:7_flip 8 7 0
Tile:8 4 5 1
Tile:8 9 7 0
Destroy 4 5 1
Tile:9 9 6 0
Tile:5_flip 5 7 1
Tile:8 10 6 0
Map 12 7 1
Tile:9 10 5 0
Tile:0 4 5 1
Tile:8 11 5 0
Tile:15 12 4 1
Tile:5 10 4 0
Tile:0 13 5 1
Tile:7 11 4 0
Drop 1 0 1
Map 12 3 0
Tile:6 12 6 1
Tile:7 13 6 0
Tile:6 9 8 1
Tile:9 13 7 0
Tile:0 8 8 1
Tile:10 9 5 0
Map 12 3 1
Tile:9 13 8 0
Tile:6 10 7 1
Tile:3 5 3 0
Tile:7 9 4 1
Tile:6 11 6 0
Drop 3 0 1
Tile:1 11 7 0
Destroy 11 6 1
Tile:4_flip 13 9 0
Drop 4 0 1
Malus 0 0 0
Destroy 9 7 1
Tile:11 3 5 0
Drop 1 0 1
Tile:12 10 8 0
Map 12 3 1
Tile:2 3 4 0
Drop 2 0 1
Drop 0 0 0
Drop 0 0 1
Drop 0 0 0
Drop 1 0 1
Drop 0 0 0
Drop 0 0 1
GAMEOVER DRAW
# Game ended: Wed Apr 15 17:56:59 EDT 2020
