# Server version 0.08 running on 192.168.2.139:8123
# Game ID: 418
# Board class: Saboteur.SaboteurBoard
# Timeout: 20000
# First Move Timeout: 30000
# Date: Wed Apr 15 19:33:39 EDT 2020
# Player 1: Player-0, 'RandomPlayer', running on 127.0.0.1
# Player 2: Player-1, '260714615', running on 127.0.0.1
START Player-0 RandomPlayer
START Player-1 260714615
BoardInit:Tile:0,Tile:6,Map,Map,Tile:6,Tile:8,Tile:14,Destroy,Tile:8,Tile:12,Tile:7,Tile:10,Tile:10,Tile:8,Tile:7,Tile:4,Tile:2,Tile:6,Tile:7,Tile:3,Tile:5,Map,Bonus,Map,Tile:9,Tile:15,Tile:9,Tile:6,Tile:7,Tile:9,Malus,Tile:6,Tile:5,Tile:8,Tile:9,Tile:9,Tile:0,Tile:0,Tile:10,Bonus,Tile:11-Destroy,Map,Tile:1,Bonus,Destroy,Tile:5,Tile:0-Tile:8,Tile:5,Malus,Map,Tile:13,Tile:7,Bonus-Tile:hidden2,Tile:hidden1,Tile:nugget
Map 12 3 1
Tile:5_flip 6 5 0
Tile:5 6 4 1
Tile:6_flip 4 5 0
Map 12 5 1
Tile:13 7 4 0
Destroy 7 4 1
Map 12 3 0
Drop 0 0 1
Tile:8 3 5 0
Tile:0 7 4 1
Tile:7 5 4 0
Tile:0 8 4 1
Map 12 3 0
Tile:6 9 4 1
Drop 2 0 0
Tile:8 10 4 1
Destroy 6 4 0
Tile:7_flip 10 5 1
Drop 1 0 0
Tile:7_flip 5 6 1
Tile:4_flip 4 6 0
Tile:5 6 4 1
Tile:10 3 6 0
Tile:7 11 5 1
Tile:6 4 4 0
Tile:9 11 6 1
Tile:3_flip 11 7 0
Destroy 11 7 1
Tile:12 12 6 0
Tile:9 11 7 1
GAMEOVER WINNER 1
# Game ended: Wed Apr 15 19:34:11 EDT 2020
