# Server version 0.08 running on 192.168.2.139:8123
# Game ID: 126
# Board class: Saboteur.SaboteurBoard
# Timeout: 20000
# First Move Timeout: 30000
# Date: Mon Apr 13 03:44:23 EDT 2020
# Player 1: Player-0, '260714615', running on 192.168.2.139
# Player 2: Player-1, 'RandomPlayer', running on 192.168.2.139
START Player-0 260714615
START Player-1 RandomPlayer
BoardInit:Tile:6,Tile:7,Bonus,Map,Tile:3,Tile:7,Tile:6,Tile:8,Tile:11,Tile:4,Tile:6,Tile:9,Destroy,Tile:10,Tile:5,Tile:5,Tile:7,Tile:13,Tile:10,Tile:12,Map,Tile:2,Tile:8,Tile:1,Tile:8,Map,Tile:9,Tile:8,Tile:8,Tile:0,Tile:6,Malus,Tile:6,Tile:7,Tile:15,Destroy,Tile:7,Bonus,Tile:9,Map,Bonus-Tile:10,Bonus,Malus,Map,Tile:0,Destroy,Tile:0-Tile:0,Tile:14,Map,Tile:9,Tile:9,Tile:5,Tile:5-Tile:hidden1,Tile:nugget,Tile:hidden2
Map 12 7 1
Tile:9 5 6 0
Tile:0 6 6 1
Drop 1 0 0
Tile:6 5 7 1
Tile:5_flip 7 6 0
Tile:0 6 5 1
Tile:7_flip 4 5 0
Tile:3 7 5 1
Drop 0 0 0
Destroy 5 6 1
Map 12 3 0
Tile:6 4 7 1
Tile:9 5 6 0
Tile:6_flip 6 7 1
Tile:9_flip 5 4 0
Tile:11_flip 5 3 1
Tile:5 4 4 0
Drop 3 0 1
Tile:10 6 8 0
Tile:10 5 2 1
Tile:7 4 6 0
Tile:7 7 7 1
Tile:4_flip 7 8 0
Tile:8 5 1 1
Tile:1 3 7 0
Map 12 5 1
Tile:8 4 1 0
Tile:9_flip 4 0 1
Map 12 7 0
Drop 2 0 1
Tile:2 2 7 0
Tile:6 1 7 1
Map 12 7 0
Tile:6 4 3 1
Tile:0 3 1 0
Drop 6 0 1
Destroy 7 6 0
Tile:7_flip 2 1 1
Tile:8 6 1 0
Tile:9 2 8 1
Tile:7 3 8 0
Tile:5_flip 7 6 1
Tile:5 6 0 0
Tile:8 6 9 1
Drop 3 0 0
Tile:8 3 3 1
Tile:12_flip 3 6 0
Tile:10 4 2 1
Drop 0 0 0
Drop 0 0 1
Malus 0 0 0
Drop 0 0 1
Map 12 7 0
Bonus 0 0 1
GAMEOVER DRAW
# Game ended: Mon Apr 13 03:44:24 EDT 2020
