# Server version 0.08 running on 192.168.2.139:8123
# Game ID: 327
# Board class: Saboteur.SaboteurBoard
# Timeout: 20000
# First Move Timeout: 30000
# Date: Mon Apr 13 19:22:39 EDT 2020
# Player 1: Player-0, '260714615', running on 127.0.0.1
# Player 2: Player-1, 'RandomPlayer', running on 127.0.0.1
START Player-0 260714615
START Player-1 RandomPlayer
BoardInit:Destroy,Tile:8,Map,Map,Tile:8,Map,Destroy,Bonus,Tile:9,Tile:7,Malus,Bonus,Tile:3,Tile:10,Bonus,Destroy,Tile:9,Tile:0,Tile:5,Tile:9,Tile:11,Bonus,Map,Tile:13,Tile:6,Tile:6,Tile:2,Tile:9,Map,Tile:12,Tile:10,Tile:0,Tile:15,Tile:7,Tile:5,Tile:4,Tile:6,Tile:7,Tile:8,Malus,Tile:8-Tile:5,Tile:5,Tile:8,Tile:6,Tile:1,Tile:14,Map-Tile:0,Tile:10,Tile:0,Tile:7,Tile:9,Tile:7,Tile:6-Tile:nugget,Tile:hidden2,Tile:hidden1
Tile:14_flip 5 4 1
Tile:0 6 5 0
Tile:6_flip 4 5 1
Tile:0 7 5 0
Map 12 7 1
Map 12 3 0
Drop 4 0 1
Tile:6 8 5 0
Tile:1 3 5 1
Tile:8 9 5 0
Drop 5 0 1
Tile:10 9 4 0
Tile:8 4 6 1
Tile:9 9 3 0
Tile:3 8 4 1
Tile:10 9 2 0
Map 12 7 1
Tile:7 10 3 0
Tile:9_flip 5 6 1
Tile:7_flip 10 4 0
Tile:8 9 6 1
Tile:0 11 4 0
Tile:5 2 5 1
Tile:7 12 4 0
Tile:9_flip 9 7 1
Tile:9 9 1 0
Tile:11_flip 13 5 1
Tile:13 10 1 0
Drop 2 0 1
Tile:9 13 4 0
Tile:5_flip 4 7 1
Tile:6_flip 13 3 0
Tile:5_flip 12 6 1
Tile:0 11 1 0
Map 12 7 1
Tile:7_flip 10 2 0
Tile:6_flip 3 7 1
Destroy 2 5 0
Tile:15 5 7 1
Tile:7 11 2 0
Tile:2 10 6 1
Malus 0 0 0
Drop 4 0 1
Tile:12 6 4 0
Drop 1 0 1
Tile:4 9 0 0
Drop 3 0 1
Drop 0 0 0
Drop 2 0 1
Drop 0 0 0
Drop 0 0 1
Drop 0 0 0
Drop 1 0 1
Drop 0 0 0
Drop 0 0 1
GAMEOVER DRAW
# Game ended: Mon Apr 13 19:23:33 EDT 2020
