# Server version 0.08 running on 192.168.2.139:8123
# Game ID: 247
# Board class: Saboteur.SaboteurBoard
# Timeout: 20000
# First Move Timeout: 30000
# Date: Mon Apr 13 16:49:21 EDT 2020
# Player 1: Player-0, '260714615', running on 192.168.2.139
# Player 2: Player-1, 'RandomPlayer', running on 192.168.2.139
START Player-0 260714615
START Player-1 RandomPlayer
BoardInit:Tile:14,Tile:7,Tile:6,Tile:9,Tile:0,Tile:8,Map,Destroy,Tile:6,Tile:1,Bonus,Tile:10,Malus,Bonus,Tile:7,Tile:9,Tile:4,Tile:5,Tile:9,Tile:3,Map,Tile:15,Bonus,Tile:7,Tile:7,Tile:10,Tile:7,Destroy,Tile:5,Tile:10,Malus,Map,Tile:11,Tile:6,Tile:6,Tile:12,Tile:8,Tile:8,Tile:9,Tile:2,Tile:0-Tile:5,Tile:13,Bonus,Tile:8,Map,Tile:8,Map-Tile:9,Map,Tile:6,Tile:0,Tile:0,Destroy,Tile:5-Tile:nugget,Tile:hidden2,Tile:hidden1
Tile:5 4 5 1
Tile:0 6 5 0
Tile:13 5 4 1
Drop 3 0 0
Map 12 3 1
Tile:6 4 4 0
Tile:14 5 6 1
Drop 6 0 0
Tile:6 7 5 1
Tile:5 3 4 0
Map 12 7 1
Drop 6 0 0
Map 12 7 1
Tile:7 7 4 0
Tile:8 4 3 1
Tile:9 4 2 0
Tile:6 4 6 1
Tile:10 4 1 0
Tile:4_flip 3 5 1
Destroy 7 4 0
Tile:8 4 0 1
Map 12 3 0
Malus 0 0 1
Drop 1 0 0
Tile:7_flip 3 3 1
Drop 1 0 0
Tile:9_flip 7 4 1
Drop 2 0 0
Tile:0 3 0 1
Destroy 7 5 0
Tile:5_flip 5 2 1
Drop 1 0 0
Tile:7 7 3 1
GAMEOVER TIMEOUT WINNER 1
# Game ended: Mon Apr 13 16:50:07 EDT 2020
