# Server version 0.08 running on 192.168.2.139:8123
# Game ID: 49
# Board class: Saboteur.SaboteurBoard
# Timeout: 20000
# First Move Timeout: 30000
# Date: Sun Apr 12 20:56:37 EDT 2020
# Player 1: Player-0, '260714615', running on 127.0.0.1
# Player 2: Player-1, 'RandomPlayer', running on 127.0.0.1
START Player-0 260714615
START Player-1 RandomPlayer
BoardInit:Tile:5,Map,Map,Destroy,Map,Tile:9,Bonus,Tile:7,Tile:7,Tile:3,Tile:0,Tile:2,Tile:6,Tile:5,Bonus,Tile:14,Map,Tile:0,Tile:15,Destroy,Tile:10,Tile:8,Tile:0,Tile:10,Tile:9,Malus,Bonus,Tile:5,Tile:6,Tile:11,Tile:10,Tile:8,Tile:0,Bonus,Tile:8,Tile:13,Tile:6,Tile:1,Tile:7,Map,Tile:5-Tile:6,Tile:7,Tile:4,Tile:12,Tile:8,Tile:6,Tile:9-Destroy,Map,Tile:9,Malus,Tile:7,Tile:8,Tile:9-Tile:nugget,Tile:hidden1,Tile:hidden2
Tile:7_flip 4 5 1
Tile:9 4 4 0
Tile:8 5 4 1
Map 12 7 0
Tile:12 6 5 1
Destroy 5 4 0
Tile:6_flip 4 3 1
Map 12 3 0
Tile:9_flip 5 4 1
Drop 1 0 0
Map 12 5 1
Tile:7 5 3 0
Drop 1 0 1
Drop 1 0 0
Drop 3 0 1
Tile:9 3 3 0
Tile:5 3 2 1
Destroy 4 3 0
Tile:4_flip 3 4 1
Drop 4 0 0
Tile:6_flip 4 2 1
Tile:2_flip 5 6 0
Tile:0 5 2 1
Tile:14 6 2 0
Tile:15 6 1 1
Destroy 3 3 0
Tile:7 6 0 1
Tile:10 3 3 0
Map 12 3 1
Drop 2 0 0
Map 12 7 1
Tile:0 6 6 0
Tile:0 7 6 1
Drop 1 0 0
Tile:9 4 3 1
Drop 3 0 0
Drop 6 0 1
Drop 1 0 0
Tile:6 5 0 1
Drop 3 0 0
Drop 2 0 1
Drop 0 0 0
Tile:0 4 6 1
Map 12 5 0
Tile:6_flip 4 0 1
Malus 0 0 0
Drop 3 0 1
Tile:1 3 0 0
Drop 2 0 1
Drop 1 0 0
Drop 0 0 1
Drop 1 0 0
Drop 1 0 1
Tile:11_flip 8 6 0
Drop 0 0 1
GAMEOVER DRAW
# Game ended: Sun Apr 12 20:56:38 EDT 2020
