# Server version 0.08 running on 192.168.2.139:8123
# Game ID: 254
# Board class: Saboteur.SaboteurBoard
# Timeout: 20000
# First Move Timeout: 30000
# Date: Wed Apr 15 15:07:03 EDT 2020
# Player 1: Player-0, '260714615', running on 192.168.2.139
# Player 2: Player-1, 'RandomPlayer', running on 192.168.2.139
START Player-0 260714615
START Player-1 RandomPlayer
BoardInit:Tile:15,Tile:8,Tile:6,Tile:11,Destroy,Tile:14,Tile:0,Tile:12,Tile:3,Malus,Bonus,Tile:10,Malus,Tile:7,Tile:10,Tile:6,Tile:9,Tile:5,Map,Tile:9,Map,Tile:9,Bonus,Tile:2,Tile:8,Tile:7,Tile:13,Tile:4,Tile:6,Tile:8,Bonus,Tile:0,Tile:6,Tile:9,Map,Tile:7,Tile:0,Tile:8,Tile:10,Tile:9,Map-Destroy,Destroy,Tile:5,Tile:6,Tile:5,Tile:5,Map-Tile:8,Bonus,Tile:1,Map,Tile:7,Tile:0,Tile:7-Tile:nugget,Tile:hidden1,Tile:hidden2
Drop 3 0 1
Map 12 3 0
Drop 1 0 1
Tile:8 6 5 0
Drop 1 0 1
Tile:0 7 5 0
Drop 4 0 1
Tile:8 8 5 0
Tile:0 4 5 1
Tile:7_flip 8 6 0
Drop 1 0 1
Tile:7_flip 6 6 0
Destroy 8 6 1
Tile:10 8 4 0
Tile:3 8 3 1
Tile:7_flip 7 3 0
Tile:5 3 5 1
Tile:6 9 5 0
Tile:9_flip 5 4 1
Tile:5 9 4 0
Tile:6 10 5 1
Tile:1 11 5 0
Destroy 6 6 1
Tile:9_flip 10 4 0
Map 12 7 1
Tile:9 10 3 0
Tile:10 5 6 1
Tile:7 11 3 0
Tile:8 8 6 1
Malus 0 0 0
Map 12 3 1
Tile:8 10 2 0
Bonus 0 0 1
Tile:0 11 2 0
Tile:6_flip 9 6 1
Tile:9_flip 12 2 0
GAMEOVER WINNER 0
# Game ended: Wed Apr 15 15:07:39 EDT 2020
