# Server version 0.08 running on 192.168.2.139:8123
# Game ID: 251
# Board class: Saboteur.SaboteurBoard
# Timeout: 20000
# First Move Timeout: 30000
# Date: Wed Apr 15 15:00:18 EDT 2020
# Player 1: Player-0, 'RandomPlayer', running on 127.0.0.1
# Player 2: Player-1, '260714615', running on 127.0.0.1
START Player-0 RandomPlayer
START Player-1 260714615
BoardInit:Tile:3,Tile:6,Tile:0,Bonus,Tile:5,Map,Destroy,Tile:9,Tile:15,Tile:4,Tile:7,Tile:12,Tile:2,Tile:8,Tile:13,Map,Tile:6,Destroy,Tile:6,Tile:6,Tile:14,Tile:9,Tile:8,Bonus,Malus,Tile:10,Destroy,Tile:9,Map,Tile:8,Tile:0,Tile:0,Tile:0,Map,Bonus,Tile:10,Tile:7,Tile:5,Map,Tile:9,Tile:1-Tile:10,Bonus,Tile:8,Malus,Tile:11,Tile:7,Map-Tile:7,Tile:8,Tile:5,Tile:9,Tile:6,Tile:7,Tile:5-Tile:hidden1,Tile:nugget,Tile:hidden2
Map 12 3 1
Tile:5 5 4 0
Tile:8 6 5 1
Tile:5_flip 6 6 0
Tile:0 7 5 1
Tile:8 6 4 0
Tile:10 6 3 1
Tile:6_flip 4 5 0
Tile:5 6 2 1
Tile:6 5 6 0
Tile:7 8 5 1
Drop 1 0 0
Tile:7_flip 8 6 1
Tile:9_flip 9 6 0
Drop 5 0 1
Drop 1 0 0
Drop 5 0 1
Tile:7_flip 3 5 0
Tile:6 9 7 1
Drop 1 0 0
Tile:6 10 7 1
Destroy 7 5 0
Drop 5 0 1
Tile:8 4 6 0
Tile:8 7 5 1
Tile:9_flip 11 7 0
Drop 5 0 1
Tile:12_flip 8 7 0
Destroy 8 7 1
Drop 4 0 0
Map 12 5 1
Tile:6_flip 3 6 0
Malus 0 0 1
Map 12 7 0
Malus 0 0 1
Drop 4 0 0
Tile:0 8 7 1
Map 12 7 0
Tile:7 11 6 1
Drop 0 0 0
Tile:0 7 7 1
Drop 2 0 0
Drop 5 0 1
Drop 1 0 0
Drop 5 0 1
Drop 3 0 0
Tile:11 3 4 1
Drop 0 0 0
Tile:3 3 3 1
Drop 2 0 0
Destroy 3 3 1
Drop 0 0 0
Drop 0 0 1
Drop 0 0 0
Drop 0 0 1
GAMEOVER DRAW
# Game ended: Wed Apr 15 15:01:14 EDT 2020
