# Server version 0.08 running on 192.168.2.139:8123
# Game ID: 30
# Board class: Saboteur.SaboteurBoard
# Timeout: 20000
# First Move Timeout: 30000
# Date: Sun Apr 12 20:54:39 EDT 2020
# Player 1: Player-0, '260714615', running on 127.0.0.1
# Player 2: Player-1, 'RandomPlayer', running on 127.0.0.1
START Player-0 260714615
START Player-1 RandomPlayer
BoardInit:Tile:2,Map,Tile:9,Map,Tile:10,Tile:5,Tile:9,Tile:5,Bonus,Tile:6,Malus,Tile:15,Tile:14,Bonus,Tile:8,Tile:9,Tile:8,Destroy,Tile:8,Map,Tile:8,Map,Tile:10,Destroy,Tile:11,Tile:9,Tile:10,Tile:7,Tile:6,Bonus,Tile:7,Map,Tile:7,Map,Tile:6,Bonus,Tile:1,Tile:0,Destroy,Tile:6,Tile:0-Tile:12,Tile:3,Tile:7,Tile:8,Tile:9,Tile:6,Tile:0-Malus,Tile:13,Tile:5,Tile:4,Tile:5,Tile:0,Tile:7-Tile:hidden1,Tile:nugget,Tile:hidden2
Tile:8 5 4 1
Tile:13 6 5 0
Tile:2 6 4 1
Tile:5_flip 7 4 0
Tile:3 7 5 1
Tile:0 4 5 0
Tile:9 7 6 1
Tile:7 7 3 0
Tile:9_flip 5 3 1
Tile:4 5 2 0
Tile:9_flip 6 6 1
Tile:6 8 6 0
Tile:0 4 4 1
Tile:5 3 4 0
Tile:6 5 6 1
Drop 1 0 0
Tile:14_flip 4 6 1
Tile:5_flip 9 6 0
Tile:7_flip 6 3 1
Tile:15 8 5 0
Tile:8 3 5 1
Destroy 5 6 0
Tile:10 8 4 1
Tile:9 8 3 0
Drop 2 0 1
Drop 5 0 0
Tile:8 5 6 1
Tile:9 4 7 0
Tile:11 9 5 1
Drop 6 0 0
Tile:8 9 3 1
Destroy 8 5 0
Tile:7_flip 4 3 1
Malus 0 0 0
Drop 0 0 1
Drop 2 0 0
Drop 4 0 1
Map 12 5 0
Drop 0 0 1
Map 12 3 0
Destroy 8 6 1
Tile:0 10 5 0
Drop 0 0 1
Tile:6 10 3 0
Drop 4 0 1
Tile:5 6 2 0
Drop 2 0 1
Map 12 7 0
Drop 0 0 1
Map 12 3 0
Drop 0 0 1
Drop 1 0 0
Drop 1 0 1
Drop 0 0 0
Drop 0 0 1
GAMEOVER DRAW
# Game ended: Sun Apr 12 20:54:39 EDT 2020
