# Server version 0.08 running on 192.168.2.139:8123
# Game ID: 359
# Board class: Saboteur.SaboteurBoard
# Timeout: 20000
# First Move Timeout: 30000
# Date: Wed Apr 15 18:03:15 EDT 2020
# Player 1: Player-0, '260714615', running on 127.0.0.1
# Player 2: Player-1, 'RandomPlayer', running on 127.0.0.1
START Player-0 260714615
START Player-1 RandomPlayer
BoardInit:Tile:8,Tile:6,Tile:7,Tile:15,Tile:7,Map,Tile:8,Tile:6,Tile:0,Tile:9,Bonus,Tile:0,Tile:9,Map,Tile:8,Tile:10,Tile:9,Map,Map,Tile:2,Destroy,Bonus,Tile:6,Tile:1,Destroy,Tile:0,Tile:5,Bonus,Tile:4,Tile:12,Tile:7,Tile:3,Map,Tile:6,Tile:5,Bonus,Tile:13,Malus,Tile:11,Tile:7,Destroy-Tile:9,Tile:9,Malus,Tile:14,Map,Tile:0,Tile:5-Tile:6,Tile:8,Tile:10,Tile:7,Tile:5,Tile:10,Tile:8-Tile:hidden1,Tile:nugget,Tile:hidden2
Map 12 7 1
Tile:6 6 5 0
Tile:8 5 4 1
Tile:8 7 5 0
Tile:0 4 5 1
Tile:8 8 5 0
Tile:7 5 3 1
Map 12 3 0
Tile:9 7 6 1
Tile:6 9 5 0
Tile:9_flip 8 6 1
Tile:6 10 5 0
Tile:14 8 7 1
Tile:0 11 5 0
GAMEOVER WINNER 0
# Game ended: Wed Apr 15 18:03:29 EDT 2020
