# Server version 0.08 running on 192.168.2.139:8123
# Game ID: 58
# Board class: Saboteur.SaboteurBoard
# Timeout: 20000
# First Move Timeout: 30000
# Date: Tue Apr 14 12:20:09 EDT 2020
# Player 1: Player-0, '260714615', running on 127.0.0.1
# Player 2: Player-1, 'RandomPlayer', running on 127.0.0.1
START Player-0 260714615
START Player-1 RandomPlayer
BoardInit:Tile:6,Tile:6,Malus,Tile:5,Tile:5,Tile:1,Tile:9,Tile:0,Tile:0,Tile:5,Map,Tile:11,Map,Tile:8,Tile:4,Tile:0,Tile:9,Tile:10,Tile:6,Tile:7,Tile:6,Tile:5,Tile:8,Map,Tile:7,Tile:2,Tile:13,Tile:15,Bonus,Bonus,Tile:3,Tile:7,Destroy,Tile:6,Destroy,Tile:9,Tile:12,Tile:9,Destroy,Tile:9,Map-Map,Map,Tile:14,Bonus,Tile:7,Tile:10,Tile:8-Tile:10,Bonus,Tile:8,Tile:0,Malus,Tile:8,Tile:7-Tile:hidden2,Tile:nugget,Tile:hidden1
Tile:14 6 5 1
Tile:10 6 4 0
Map 12 5 1
Tile:8 6 3 0
Tile:6_flip 7 3 1
Tile:0 8 3 0
Tile:5 6 2 1
Tile:8 9 3 0
Tile:8 4 5 1
Tile:6 10 3 0
Drop 5 0 1
Tile:0 11 3 0
Drop 4 0 1
Tile:7_flip 9 4 0
Tile:10 10 2 1
Tile:5 10 1 0
Tile:4 9 2 1
Tile:0 10 4 0
Drop 5 0 1
Tile:1 11 4 0
Drop 3 0 1
Tile:8 12 4 0
Tile:6 3 5 1
Malus 0 0 0
Drop 2 0 1
Map 12 3 0
Map 12 3 1
Tile:5_flip 13 4 0
Drop 6 0 1
Tile:10 13 3 0
Bonus 0 0 1
Tile:5 13 2 0
Tile:9_flip 5 4 1
Tile:7_flip 7 4 0
Tile:8 2 5 1
Tile:6 11 1 0
Destroy 6 2 1
Tile:9 11 0 0
Tile:7_flip 2 6 1
Tile:9 6 2 0
Tile:6 1 5 1
Tile:7_flip 5 6 0
Destroy 5 6 1
Tile:9 5 6 0
Tile:12 8 4 1
Tile:11 1 4 0
Map 12 3 1
Tile:2 1 3 0
Tile:3_flip 0 5 1
Tile:15 0 4 0
Destroy 10 1 1
Drop 0 0 0
Map 12 3 1
Drop 0 0 0
Drop 0 0 1
GAMEOVER DRAW
# Game ended: Tue Apr 14 12:21:04 EDT 2020
