# Server version 0.08 running on 192.168.2.139:8123
# Game ID: 63
# Board class: Saboteur.SaboteurBoard
# Timeout: 20000
# First Move Timeout: 30000
# Date: Tue Apr 14 12:24:50 EDT 2020
# Player 1: Player-0, 'RandomPlayer', running on 127.0.0.1
# Player 2: Player-1, '260714615', running on 127.0.0.1
START Player-0 RandomPlayer
START Player-1 260714615
BoardInit:Tile:6,Tile:6,Tile:5,Tile:3,Tile:8,Tile:7,Tile:10,Tile:14,Malus,Tile:9,Tile:8,Map,Map,Bonus,Tile:0,Destroy,Tile:0,Tile:0,Tile:8,Tile:5,Tile:12,Tile:9,Tile:9,Map,Tile:10,Tile:7,Malus,Bonus,Tile:9,Tile:6,Map,Tile:4,Tile:11,Tile:7,Map,Tile:6,Tile:2,Tile:9,Bonus,Tile:5,Tile:6-Tile:8,Tile:15,Tile:7,Tile:0,Destroy,Tile:10,Map-Tile:8,Bonus,Tile:13,Tile:1,Tile:7,Destroy,Tile:5-Tile:nugget,Tile:hidden2,Tile:hidden1
Map 12 3 1
Drop 2 0 0
Tile:8 6 5 1
Tile:5_flip 5 6 0
Tile:0 7 5 1
Drop 2 0 0
Tile:6 8 5 1
Tile:6_flip 5 4 0
Tile:8 9 5 1
Tile:7_flip 4 6 0
Tile:10 9 4 1
Drop 4 0 0
Tile:8 10 5 1
Tile:8 10 6 0
Tile:5 10 4 1
Tile:9_flip 11 6 0
Tile:0 11 4 1
Tile:3_flip 6 6 0
Tile:0 12 4 1
Drop 1 0 0
Tile:8 13 4 1
Destroy 6 6 0
Tile:10 13 3 1
Tile:5 4 5 0
Malus 0 0 1
Map 12 5 0
Tile:9 13 2 1
Map 12 7 0
Malus 0 0 1
Drop 4 0 0
Tile:7_flip 13 5 1
Bonus 0 0 0
Tile:10 13 1 1
Drop 6 0 0
Tile:9 9 3 1
Drop 4 0 0
Tile:15 6 6 1
Drop 4 0 0
Destroy 4 5 1
Drop 0 0 0
Tile:12 10 3 1
Drop 4 0 0
Tile:6_flip 11 5 1
Bonus 0 0 0
Tile:11 4 5 1
Drop 3 0 0
Tile:2 4 4 1
Tile:7_flip 12 6 0
Drop 0 0 1
Tile:7_flip 11 7 0
Drop 0 0 1
Drop 0 0 0
Drop 0 0 1
Tile:5_flip 12 8 0
Drop 0 0 1
GAMEOVER DRAW
# Game ended: Tue Apr 14 12:25:46 EDT 2020
