# Server version 0.08 running on 192.168.2.139:8123
# Game ID: 179
# Board class: Saboteur.SaboteurBoard
# Timeout: 20000
# First Move Timeout: 30000
# Date: Wed Apr 15 12:55:07 EDT 2020
# Player 1: Player-0, '260714615', running on 192.168.2.139
# Player 2: Player-1, 'RandomPlayer', running on 192.168.2.139
START Player-0 260714615
START Player-1 RandomPlayer
BoardInit:Tile:6,Tile:8,Tile:7,Tile:4,Tile:2,Tile:0,Malus,Tile:7,Map,Tile:3,Tile:9,Tile:9,Map,Bonus,Tile:6,Tile:8,Bonus,Map,Tile:5,Tile:6,Tile:10,Tile:12,Tile:0,Tile:8,Destroy,Map,Tile:10,Tile:9,Tile:13,Tile:9,Tile:5,Tile:9,Tile:1,Destroy,Tile:7,Tile:11,Tile:5,Map,Destroy,Malus,Tile:5-Tile:0,Tile:15,Tile:10,Tile:8,Tile:14,Tile:7,Tile:7-Map,Bonus,Tile:8,Tile:6,Bonus,Tile:0,Tile:6-Tile:hidden2,Tile:hidden1,Tile:nugget
Tile:0 4 5 1
Drop 5 0 0
Tile:14 6 5 1
Drop 5 0 0
Tile:6 5 6 1
Drop 5 0 0
Tile:2_flip 3 5 1
Drop 5 0 0
Tile:7 5 4 1
Drop 5 0 0
Drop 2 0 1
Drop 5 0 0
Tile:7_flip 4 4 1
GAMEOVER TIMEOUT WINNER 1
# Game ended: Wed Apr 15 12:55:40 EDT 2020
