# Server version 0.08 running on 192.168.2.139:8123
# Game ID: 6
# Board class: Saboteur.SaboteurBoard
# Timeout: 20000
# First Move Timeout: 30000
# Date: Tue Apr 14 11:06:08 EDT 2020
# Player 1: Player-0, '260714615', running on 192.168.2.139
# Player 2: Player-1, 'RandomPlayer', running on 192.168.2.139
START Player-0 260714615
START Player-1 RandomPlayer
BoardInit:Tile:13,Tile:0,Tile:5,Tile:9,Tile:7,Bonus,Tile:9,Destroy,Map,Tile:6,Tile:8,Tile:12,Tile:7,Tile:9,Destroy,Tile:0,Bonus,Tile:10,Tile:8,Tile:3,Tile:9,Tile:9,Tile:5,Tile:8,Tile:2,Tile:0,Tile:11,Tile:6,Tile:6,Bonus,Malus,Map,Map,Tile:0,Tile:5,Tile:15,Tile:4,Tile:7,Destroy,Tile:8,Tile:14-Tile:10,Tile:6,Tile:10,Tile:7,Tile:5,Tile:7,Bonus-Tile:1,Tile:6,Map,Malus,Map,Map,Tile:8-Tile:hidden1,Tile:hidden2,Tile:nugget
Tile:10 5 6 1
Map 12 3 0
Tile:7 6 5 1
Map 12 3 0
Tile:5 5 4 1
Map 12 3 0
Tile:5_flip 5 7 1
Tile:6 6 4 0
Tile:7 7 4 1
Tile:9 7 5 0
Tile:13 6 3 1
Tile:8 8 5 0
Tile:6_flip 6 2 1
Tile:0 9 5 0
Tile:7_flip 5 3 1
Tile:6 10 5 0
Destroy 7 5 1
Tile:0 11 5 0
Tile:9 5 2 1
Tile:9 10 4 0
Tile:7_flip 6 6 1
Tile:1 11 4 0
Tile:9 8 4 1
Malus 0 0 0
Drop 0 0 1
Tile:8 12 4 0
Bonus 0 0 1
Tile:0 13 4 0
Tile:2_flip 4 5 1
Tile:10 10 3 0
Map 12 3 1
Tile:9 10 2 0
Tile:5 10 1 1
Map 12 3 0
Tile:11 8 6 1
Tile:6 11 2 0
Tile:5_flip 7 3 1
Tile:0 12 2 0
Tile:4_flip 8 7 1
Tile:7_flip 7 5 0
Destroy 5 6 1
Tile:8 13 2 0
Tile:8 5 1 1
Destroy 4 5 0
Tile:14_flip 13 1 1
Tile:12 6 1 0
Tile:8 5 0 1
Tile:3 7 2 0
Tile:6_flip 11 1 1
Tile:15 5 6 0
Drop 0 0 1
Drop 0 0 0
Drop 0 0 1
Drop 0 0 0
Map 12 7 1
GAMEOVER DRAW
# Game ended: Tue Apr 14 11:07:02 EDT 2020
