# Server version 0.08 running on 192.168.2.139:8123
# Game ID: 387
# Board class: Saboteur.SaboteurBoard
# Timeout: 20000
# First Move Timeout: 30000
# Date: Wed Apr 15 18:48:45 EDT 2020
# Player 1: Player-0, '260714615', running on 192.168.2.139
# Player 2: Player-1, 'RandomPlayer', running on 192.168.2.139
START Player-0 260714615
START Player-1 RandomPlayer
BoardInit:Map,Bonus,Tile:0,Bonus,Tile:0,Tile:6,Tile:4,Tile:9,Tile:5,Tile:8,Tile:10,Tile:3,Tile:10,Map,Tile:0,Malus,Tile:7,Destroy,Map,Tile:0,Tile:9,Tile:8,Tile:8,Tile:5,Map,Destroy,Tile:5,Tile:13,Tile:9,Tile:8,Tile:7,Tile:7,Tile:7,Tile:11,Tile:6,Tile:7,Tile:5,Tile:10,Tile:12,Tile:9,Tile:2-Bonus,Tile:6,Map,Bonus,Map,Tile:15,Tile:9-Tile:6,Malus,Tile:1,Tile:6,Tile:14,Destroy,Tile:8-Tile:hidden2,Tile:hidden1,Tile:nugget
Map 12 5 1
Malus 0 0 0
Bonus 0 0 1
Tile:6 6 5 0
Tile:6 7 5 1
Tile:6 8 5 0
Drop 2 0 1
Tile:8 9 5 0
Tile:9_flip 5 4 1
Tile:6 10 5 0
Tile:4 5 3 1
Tile:8 11 5 0
Tile:0 4 5 1
Tile:9 11 4 0
Tile:10 12 6 1
GAMEOVER WINNER 1
# Game ended: Wed Apr 15 18:48:59 EDT 2020
