# Server version 0.08 running on 192.168.2.139:8123
# Game ID: 389
# Board class: Saboteur.SaboteurBoard
# Timeout: 20000
# First Move Timeout: 30000
# Date: Wed Apr 15 18:50:02 EDT 2020
# Player 1: Player-0, '260714615', running on 192.168.2.139
# Player 2: Player-1, 'RandomPlayer', running on 192.168.2.139
START Player-0 260714615
START Player-1 RandomPlayer
BoardInit:Tile:6,Tile:7,Tile:10,Tile:12,Tile:4,Tile:11,Tile:8,Tile:9,Tile:5,Map,Tile:8,Tile:5,Tile:10,Tile:9,Destroy,Tile:9,Bonus,Tile:8,Tile:10,Tile:3,Tile:5,Bonus,Map,Tile:2,Tile:8,Tile:6,Malus,Tile:6,Tile:0,Tile:7,Map,Tile:6,Tile:9,Tile:9,Tile:13,Tile:8,Tile:0,Tile:7,Tile:7,Tile:7,Tile:15-Tile:0,Map,Bonus,Map,Destroy,Tile:14,Destroy-Malus,Map,Tile:6,Tile:1,Tile:0,Tile:5,Bonus-Tile:hidden1,Tile:nugget,Tile:hidden2
Map 12 7 1
Malus 0 0 0
Drop 5 0 1
Map 12 3 0
Map 12 5 1
Tile:6 6 5 0
Drop 5 0 1
Tile:0 7 5 0
Destroy 6 5 1
Tile:5 5 4 0
Bonus 0 0 1
Map 12 5 0
Tile:8 6 4 1
Tile:9 6 3 0
Tile:6 6 5 1
Tile:5 6 2 0
Destroy 7 5 1
Tile:7_flip 5 6 0
Tile:5_flip 7 4 1
Tile:8 7 3 0
Tile:0 4 5 1
Tile:1 8 3 0
Tile:5_flip 9 3 1
Tile:9 9 2 0
Tile:14_flip 9 1 1
Tile:9_flip 10 2 0
Tile:8 10 1 1
Tile:6 11 1 0
Tile:8 7 2 1
Tile:6 12 1 0
Tile:4 7 1 1
Tile:7_flip 10 3 0
Map 12 7 1
Tile:6 11 3 0
Drop 2 0 1
Tile:9 12 0 0
Tile:13 13 0 1
Tile:8 13 1 0
Malus 0 0 1
GAMEOVER USER CANCEL UNDECIDED
# Game ended: Wed Apr 15 18:50:42 EDT 2020
