# Server version 0.08 running on 192.168.2.139:8123
# Game ID: 412
# Board class: Saboteur.SaboteurBoard
# Timeout: 20000
# First Move Timeout: 30000
# Date: Wed Apr 15 19:26:25 EDT 2020
# Player 1: Player-0, 'RandomPlayer', running on 127.0.0.1
# Player 2: Player-1, '260714615', running on 127.0.0.1
START Player-0 RandomPlayer
START Player-1 260714615
BoardInit:Destroy,Tile:1,Tile:8,Tile:3,Tile:7,Tile:8,Tile:6,Tile:12,Tile:9,Tile:13,Tile:5,Tile:8,Malus,Map,Bonus,Tile:4,Tile:10,Tile:7,Destroy,Tile:6,Tile:9,Tile:0,Bonus,Bonus,Tile:7,Map,Tile:8,Tile:7,Tile:6,Bonus,Tile:8,Map,Tile:10,Tile:11,Tile:9,Tile:10,Tile:5,Tile:6,Tile:0,Tile:0,Malus-Tile:14,Tile:2,Map,Map,Tile:5,Tile:7,Tile:6-Destroy,Tile:5,Tile:15,Tile:0,Map,Tile:9,Tile:9-Tile:nugget,Tile:hidden2,Tile:hidden1
Map 12 3 1
Map 12 7 0
Drop 0 0 1
Tile:5 4 5 0
Drop 0 0 1
Drop 4 0 0
Drop 0 0 1
Tile:9 4 6 0
Tile:6 6 5 1
Tile:1 7 5 0
Destroy 7 5 1
Drop 2 0 0
Tile:8 7 5 1
Tile:8 6 4 0
Tile:6 8 5 1
Tile:3 7 4 0
Tile:5 8 4 1
Destroy 7 4 0
Tile:7_flip 7 6 1
Tile:8 6 3 0
Tile:9 6 2 1
Tile:6_flip 6 1 0
Tile:7 9 4 1
Tile:7 7 4 0
Malus 0 0 1
Drop 5 0 0
Tile:5 5 3 1
Map 12 3 0
Tile:8 9 5 1
Drop 6 0 0
Tile:6 10 5 1
Bonus 0 0 0
Tile:9 10 4 1
Drop 1 0 0
Tile:8 11 4 1
Map 12 5 0
Tile:9 11 3 1
GAMEOVER WINNER 1
# Game ended: Wed Apr 15 19:27:03 EDT 2020
