# Server version 0.08 running on 192.168.2.139:8123
# Game ID: 69
# Board class: Saboteur.SaboteurBoard
# Timeout: 20000
# First Move Timeout: 30000
# Date: Sun Apr 12 21:30:19 EDT 2020
# Player 1: Player-0, '260714615', running on 192.168.2.139
# Player 2: Player-1, 'RandomPlayer', running on 192.168.2.139
START Player-0 260714615
START Player-1 RandomPlayer
BoardInit:Tile:8,Map,Tile:9,Tile:0,Tile:5,Tile:6,Tile:8,Destroy,Tile:8,Tile:10,Malus,Bonus,Tile:3,Tile:6,Tile:0,Tile:6,Map,Bonus,Tile:7,Tile:14,Tile:8,Tile:0,Tile:7,Tile:12,Malus,Tile:9,Tile:7,Tile:10,Tile:8,Map,Tile:9,Tile:2,Tile:6,Tile:9,Tile:7,Tile:1,Bonus,Tile:13,Map,Tile:4,Tile:5-Tile:7,Map,Tile:6,Map,Tile:15,Tile:11,Tile:10-Tile:9,Tile:5,Destroy,Tile:0,Bonus,Destroy,Tile:5-Tile:hidden1,Tile:nugget,Tile:hidden2
Tile:11 5 6 1
Tile:9 4 5 0
Tile:6 6 6 1
Destroy 4 5 0
Tile:9_flip 7 6 1
Map 12 5 0
Tile:8 5 4 1
Tile:6 4 5 0
Tile:10 7 7 1
Tile:5 7 5 0
Tile:5_flip 7 8 1
Drop 4 0 0
Drop 2 0 1
Destroy 5 6 0
Map 12 7 1
Tile:6 6 4 0
Tile:3 8 5 1
Tile:6_flip 6 8 0
Tile:8 3 5 1
Tile:5_flip 6 9 0
Tile:7_flip 5 6 1
Tile:10 6 3 0
Tile:7_flip 2 5 1
Tile:0 5 9 0
Tile:7_flip 8 6 1
Destroy 3 5 0
Tile:0 4 9 1
Tile:0 7 4 0
Drop 6 0 1
Drop 4 0 0
Tile:15 2 4 1
Tile:9 4 4 0
Drop 1 0 1
Tile:14_flip 4 3 0
Tile:6 8 4 1
Tile:9_flip 6 2 0
Tile:8 6 1 1
Tile:2_flip 5 2 0
Tile:8 6 0 1
Tile:13 9 6 0
Tile:7 6 5 1
Tile:1 3 5 0
Tile:9 5 1 1
Tile:10 8 3 0
Drop 4 0 1
Drop 2 0 0
Tile:5 2 3 1
Tile:4 9 5 0
Map 12 3 1
Map 12 7 0
Tile:8 8 2 1
Drop 1 0 0
Malus 0 0 1
Drop 0 0 0
Drop 0 0 1
GAMEOVER DRAW
# Game ended: Sun Apr 12 21:30:19 EDT 2020
