# Server version 0.08 running on 192.168.2.139:8123
# Game ID: 255
# Board class: Saboteur.SaboteurBoard
# Timeout: 20000
# First Move Timeout: 30000
# Date: Wed Apr 15 15:08:00 EDT 2020
# Player 1: Player-0, '260714615', running on 192.168.2.139
# Player 2: Player-1, 'RandomPlayer', running on 192.168.2.139
START Player-0 260714615
START Player-1 RandomPlayer
BoardInit:Tile:13,Bonus,Tile:6,Map,Tile:7,Tile:10,Tile:8,Malus,Tile:9,Tile:5,Tile:8,Tile:5,Map,Tile:10,Tile:9,Bonus,Destroy,Tile:5,Destroy,Tile:9,Tile:7,Tile:0,Tile:8,Map,Tile:7,Tile:15,Tile:6,Tile:0,Tile:9,Tile:14,Tile:2,Tile:10,Tile:0,Map,Tile:1,Tile:6,Tile:0,Tile:9,Tile:4,Tile:5,Tile:3-Tile:7,Bonus,Bonus,Map,Map,Destroy,Malus-Tile:8,Tile:6,Tile:7,Tile:12,Tile:6,Tile:8,Tile:11-Tile:nugget,Tile:hidden1,Tile:hidden2
Drop 5 0 1
Tile:8 6 5 0
Map 12 7 1
Tile:6 7 5 0
Tile:6 4 5 1
Map 12 3 0
Tile:7_flip 5 6 1
Tile:6 8 5 0
Tile:13 8 4 1
Tile:8 9 4 0
Tile:9 3 5 1
Tile:10 9 3 0
Tile:8 5 4 1
Tile:5 9 2 0
Drop 3 0 1
Tile:10 8 3 0
Tile:9 4 4 1
Tile:7 10 2 0
Tile:8 6 6 1
Tile:5_flip 10 4 0
Map 12 3 1
Tile:9 10 3 0
Drop 5 0 1
Tile:0 11 3 0
Tile:7 8 2 1
Tile:5 7 4 0
Tile:8 9 5 1
GAMEOVER WINNER 1
# Game ended: Wed Apr 15 15:08:26 EDT 2020
