# Server version 0.08 running on 192.168.2.139:8123
# Game ID: 113
# Board class: Saboteur.SaboteurBoard
# Timeout: 20000
# First Move Timeout: 30000
# Date: Wed Apr 15 00:43:19 EDT 2020
# Player 1: Player-0, '260714615', running on 192.168.2.139
# Player 2: Player-1, 'RandomPlayer', running on 192.168.2.139
START Player-0 260714615
START Player-1 RandomPlayer
BoardInit:Tile:9,Tile:12,Tile:9,Malus,Destroy,Tile:7,Tile:11,Map,Tile:10,Destroy,Tile:8,Tile:15,Tile:5,Tile:13,Tile:4,Tile:8,Tile:6,Tile:0,Tile:2,Tile:6,Tile:0,Bonus,Bonus,Map,Tile:8,Tile:9,Map,Tile:6,Tile:10,Tile:10,Tile:7,Tile:8,Map,Map,Tile:9,Malus,Tile:6,Bonus,Tile:1,Tile:0,Destroy-Tile:5,Tile:9,Tile:6,Bonus,Tile:5,Tile:3,Tile:0-Tile:7,Tile:5,Map,Tile:8,Tile:7,Tile:14,Tile:7-Tile:hidden1,Tile:nugget,Tile:hidden2
Tile:5_flip 6 5 1
Map 12 3 0
Tile:5_flip 5 6 1
Tile:5 6 4 0
Tile:3 5 4 1
Tile:8 7 4 0
Tile:9 7 5 1
Tile:7_flip 7 6 0
Destroy 6 5 1
Map 12 3 0
Tile:9_flip 6 5 1
Tile:7 8 5 0
Tile:8 4 6 1
