# Server version 0.08 running on 192.168.2.139:8123
# Game ID: 277
# Board class: Saboteur.SaboteurBoard
# Timeout: 20000
# First Move Timeout: 30000
# Date: Wed Apr 15 15:35:44 EDT 2020
# Player 1: Player-0, '260714615', running on 127.0.0.1
# Player 2: Player-1, 'RandomPlayer', running on 127.0.0.1
START Player-0 260714615
START Player-1 RandomPlayer
BoardInit:Tile:2,Tile:14,Map,Tile:0,Tile:7,Destroy,Tile:9,Tile:12,Tile:5,Tile:6,Tile:9,Tile:9,Tile:8,Tile:5,Tile:10,Bonus,Map,Tile:9,Map,Tile:6,Tile:13,Bonus,Destroy,Tile:6,Tile:9,Tile:0,Tile:7,Malus,Malus,Tile:8,Tile:5,Bonus,Tile:7,Tile:15,Tile:0,Tile:10,Tile:6,Tile:7,Tile:10,Tile:3,Map-Tile:4,Map,Tile:7,Tile:6,Tile:5,Tile:8,Tile:0-Destroy,Map,Tile:11,Tile:8,Bonus,Tile:8,Tile:1-Tile:hidden2,Tile:hidden1,Tile:nugget
Tile:8 5 4 1
Map 12 3 0
Tile:6_flip 4 4 1
Tile:8 6 5 0
Tile:0 3 4 1
Tile:8 7 5 0
Tile:4 7 4 1
Destroy 7 4 0
Tile:5_flip 8 5 1
Drop 5 0 0
Drop 5 0 1
Tile:6_flip 8 4 0
Tile:5_flip 7 6 1
Tile:0 9 4 0
Tile:2_flip 6 6 1
Tile:1 10 4 0
Tile:8 4 5 1
Tile:9_flip 11 4 0
Tile:9 5 6 1
Tile:9 11 5 0
Map 12 5 1
Tile:6 11 6 0
Tile:7_flip 10 6 1
Tile:5_flip 12 6 0
Map 12 7 1
Tile:6_flip 11 3 0
Tile:7_flip 10 3 1
Tile:0 3 5 0
Destroy 8 5 1
Malus 0 0 0
Map 12 3 1
Tile:8 8 5 0
Malus 0 0 1
Bonus 0 0 0
Drop 3 0 1
Drop 5 0 0
Drop 2 0 1
Tile:10 10 2 0
Map 12 5 1
Tile:7 10 5 0
Drop 2 0 1
Drop 5 0 0
Drop 4 0 1
Drop 5 0 0
Drop 1 0 1
Tile:11 2 4 0
Map 12 5 1
Tile:14 4 6 0
Drop 0 0 1
Tile:12_flip 3 6 0
Drop 0 0 1
Drop 0 0 0
Drop 1 0 1
Drop 0 0 0
Drop 0 0 1
GAMEOVER DRAW
# Game ended: Wed Apr 15 15:36:39 EDT 2020
