# Server version 0.08 running on 192.168.2.139:8123
# Game ID: 16
# Board class: Saboteur.SaboteurBoard
# Timeout: 20000
# First Move Timeout: 30000
# Date: Sun Apr 12 20:54:12 EDT 2020
# Player 1: Player-0, '260714615', running on 127.0.0.1
# Player 2: Player-1, 'RandomPlayer', running on 127.0.0.1
START Player-0 260714615
START Player-1 RandomPlayer
BoardInit:Tile:5,Tile:6,Tile:7,Tile:14,Destroy,Tile:6,Map,Tile:13,Tile:7,Tile:12,Tile:9,Tile:8,Tile:5,Tile:8,Map,Tile:9,Bonus,Malus,Tile:15,Tile:10,Tile:2,Tile:6,Tile:7,Tile:8,Tile:0,Tile:10,Tile:6,Tile:5,Destroy,Tile:6,Map,Tile:5,Malus,Tile:7,Map,Destroy,Tile:8,Map,Bonus,Tile:10,Tile:0-Tile:8,Tile:11,Tile:0,Tile:9,Map,Tile:0,Tile:7-Tile:4,Tile:9,Bonus,Tile:1,Bonus,Tile:3,Tile:9-Tile:hidden2,Tile:hidden1,Tile:nugget
Tile:0 4 5 1
Tile:1 6 5 0
Map 12 7 1
Drop 3 0 0
Tile:7_flip 5 6 1
Tile:14_flip 3 5 0
Destroy 5 6 1
Tile:3_flip 3 6 0
Tile:9_flip 5 6 1
Tile:13 5 7 0
Tile:0 4 6 1
Drop 3 0 0
Drop 4 0 1
Drop 2 0 0
Tile:5 5 4 1
Tile:6_flip 6 7 0
Tile:5_flip 6 4 1
Tile:9_flip 5 8 0
Tile:9_flip 7 7 1
Drop 0 0 0
Tile:8 6 3 1
Tile:8 7 5 0
Tile:7_flip 5 3 1
Malus 0 0 0
Drop 5 0 1
Tile:8 6 2 0
Map 12 7 1
Tile:6_flip 4 7 0
Drop 6 0 1
Tile:9 7 6 0
Destroy 3 6 1
Tile:8 8 6 0
Map 12 7 1
Tile:5_flip 7 2 0
Drop 4 0 1
Drop 2 0 0
Drop 0 0 1
Tile:7_flip 5 9 0
Map 12 5 1
Tile:10 7 1 0
Drop 6 0 1
Tile:12 6 9 0
Malus 0 0 1
Drop 3 0 0
Drop 4 0 1
GAMEOVER ILLEGAL MOVE: Player 0, CardUsed: (Tile:10), PosOfUse: (8, 7) WINNER 1
# Game ended: Sun Apr 12 20:54:13 EDT 2020
