# Server version 0.08 running on 192.168.2.139:8123
# Game ID: 269
# Board class: Saboteur.SaboteurBoard
# Timeout: 20000
# First Move Timeout: 30000
# Date: Wed Apr 15 15:29:43 EDT 2020
# Player 1: Player-0, '260714615', running on 127.0.0.1
# Player 2: Player-1, 'RandomPlayer', running on 127.0.0.1
START Player-0 260714615
START Player-1 RandomPlayer
BoardInit:Tile:4,Tile:15,Map,Tile:8,Tile:6,Tile:6,Map,Tile:5,Map,Bonus,Map,Tile:0,Tile:7,Tile:6,Tile:9,Tile:6,Tile:10,Tile:0,Map,Tile:11,Tile:5,Tile:5,Tile:13,Tile:10,Tile:1,Tile:5,Malus,Tile:6,Bonus,Tile:9,Destroy,Bonus,Tile:14,Tile:9,Tile:2,Tile:8,Tile:7,Tile:7,Map,Bonus,Tile:9-Tile:3,Tile:8,Tile:8,Tile:8,Destroy,Tile:12,Tile:10-Tile:7,Tile:0,Destroy,Tile:0,Tile:7,Tile:9,Malus-Tile:nugget,Tile:hidden2,Tile:hidden1
Tile:8 4 5 1
Tile:0 6 5 0
Tile:8 5 6 1
Tile:0 7 5 0
Drop 2 0 1
Tile:8 8 5 0
Tile:8 4 6 1
Tile:6 9 5 0
Tile:3_flip 5 7 1
Tile:9 9 4 0
Drop 1 0 1
Tile:5 9 3 0
Map 12 7 1
Tile:0 10 5 0
Tile:7 6 6 1
Tile:6 11 5 0
Tile:6 12 6 1
Tile:6 13 6 0
Tile:9_flip 4 4 1
Tile:0 11 6 0
Drop 4 0 1
Tile:7 13 5 0
Drop 5 0 1
Tile:5 11 4 0
Tile:13 6 7 1
Destroy 6 7 0
Tile:1 3 6 1
Tile:7 12 4 0
Drop 2 0 1
Malus 0 0 0
Drop 3 0 1
Tile:5 10 6 0
Destroy 9 3 1
Tile:10 10 7 0
Drop 4 0 1
Tile:6 10 8 0
Drop 2 0 1
Tile:8 11 8 0
Drop 0 0 1
Tile:9 9 3 0
Drop 6 0 1
Tile:9 8 6 0
Drop 5 0 1
Tile:7_flip 11 9 0
Drop 4 0 1
Tile:15 4 3 0
Drop 3 0 1
Tile:11 2 6 0
Drop 2 0 1
Drop 0 0 0
Drop 0 0 1
Drop 0 0 0
Drop 1 0 1
Drop 0 0 0
Drop 0 0 1
GAMEOVER DRAW
# Game ended: Wed Apr 15 15:30:37 EDT 2020
