# Server version 0.08 running on 192.168.2.139:8123
# Game ID: 107
# Board class: Saboteur.SaboteurBoard
# Timeout: 20000
# First Move Timeout: 30000
# Date: Wed Apr 15 00:26:53 EDT 2020
# Player 1: Player-0, '260714615', running on 192.168.2.139
# Player 2: Player-1, 'RandomPlayer', running on 192.168.2.139
START Player-0 260714615
START Player-1 RandomPlayer
BoardInit:Tile:9,Map,Tile:2,Tile:9,Tile:10,Bonus,Map,Tile:6,Tile:8,Tile:6,Tile:7,Malus,Tile:10,Tile:8,Tile:0,Tile:7,Tile:15,Tile:5,Tile:5,Tile:8,Tile:0,Tile:5,Map,Tile:6,Tile:0,Bonus,Tile:11,Tile:10,Tile:7,Tile:12,Map,Tile:9,Destroy,Destroy,Tile:4,Tile:5,Tile:7,Tile:1,Bonus,Tile:7,Tile:6-Tile:6,Tile:3,Tile:0,Tile:8,Map,Tile:9,Tile:9-Destroy,Map,Tile:14,Malus,Tile:13,Tile:8,Bonus-Tile:nugget,Tile:hidden1,Tile:hidden2
Tile:9 5 6 1
Map 12 3 0
Tile:6 6 5 1
Tile:13 6 4 0
Drop 4 0 1
Tile:8 7 4 0
Tile:2_flip 7 5 1
Tile:9_flip 8 4 0
Tile:9 5 4 1
Tile:14 8 5 0
Drop 0 0 1
Destroy 5 4 0
Drop 2 0 1
Tile:6_flip 5 4 0
Tile:7_flip 4 4 1
Malus 0 0 0
Map 12 7 1
Tile:6_flip 4 3 0
Drop 3 0 1
Malus 0 0 0
Drop 2 0 1
Tile:8 3 3 0
Drop 0 0 1
Tile:8 3 2 0
Drop 4 0 1
Tile:6 4 2 0
Drop 3 0 1
Tile:7 5 2 0
Drop 4 0 1
Tile:5 4 1 0
Drop 0 0 1
Tile:5_flip 5 1 0
Map 12 3 1
Tile:9_flip 3 4 0
Destroy 3 2 1
Tile:10 5 0 0
Drop 3 0 1
Tile:5 3 2 0
Drop 6 0 1
Tile:1 2 4 0
Drop 4 0 1
Tile:12_flip 2 3 0
Drop 5 0 1
Destroy 2 3 0
Drop 4 0 1
Tile:7 6 3 0
Drop 2 0 1
Drop 0 0 0
Drop 0 0 1
Drop 0 0 0
Drop 0 0 1
Drop 0 0 0
Drop 1 0 1
Drop 0 0 0
Drop 0 0 1
GAMEOVER DRAW
# Game ended: Wed Apr 15 00:27:47 EDT 2020
