# Server version 0.08 running on 192.168.2.139:8123
# Game ID: 115
# Board class: Saboteur.SaboteurBoard
# Timeout: 20000
# First Move Timeout: 30000
# Date: Wed Apr 15 00:44:42 EDT 2020
# Player 1: Player-0, '260714615', running on 192.168.2.139
# Player 2: Player-1, 'RandomPlayer', running on 192.168.2.139
START Player-0 260714615
START Player-1 RandomPlayer
BoardInit:Tile:2,Tile:6,Tile:14,Tile:6,Tile:9,Bonus,Tile:7,Tile:5,Tile:13,Tile:6,Tile:7,Tile:10,Tile:0,Tile:3,Bonus,Map,Tile:0,Tile:4,Tile:0,Destroy,Tile:9,Tile:12,Map,Tile:9,Destroy,Tile:8,Malus,Map,Map,Tile:10,Tile:10,Tile:7,Destroy,Tile:15,Map,Tile:8,Tile:5,Tile:8,Tile:7,Tile:7,Bonus-Malus,Bonus,Tile:5,Tile:5,Tile:9,Tile:6,Tile:0-Tile:8,Map,Tile:9,Tile:1,Tile:11,Tile:6,Tile:8-Tile:nugget,Tile:hidden1,Tile:hidden2
Tile:9 5 6 1
Map 12 3 0
Tile:5_flip 6 6 1
Tile:8 6 5 0
Tile:2_flip 4 5 1
Tile:9_flip 7 5 0
Tile:0 3 5 1
Tile:11_flip 7 4 0
Tile:9 7 6 1
Tile:6_flip 8 6 0
Tile:13 9 6 1
Tile:8 9 5 0
Tile:5_flip 10 5 1
Tile:6_flip 10 4 0
Tile:7_flip 8 7 1
Tile:6_flip 11 4 0
Tile:14 12 4 1
Tile:6_flip 9 4 0
Drop 1 0 1
Tile:3 10 6 0
Tile:6_flip 2 5 1
Tile:10 11 5 0
Tile:9 5 7 1
Tile:5 8 4 0
Tile:7 5 4 1
Tile:9_flip 10 7 0
Destroy 8 4 1
Tile:8 9 7 0
Drop 5 0 1
Tile:1 6 7 0
Malus 0 0 1
Bonus 0 0 0
Drop 6 0 1
Tile:10 11 6 0
Destroy 7 4 1
Tile:7 7 4 0
Tile:0 1 5 1
Tile:8 10 8 0
Tile:5_flip 10 9 1
Tile:8 11 8 0
Map 12 7 1
Tile:15 11 7 0
Drop 0 0 1
Tile:4_flip 2 6 0
Tile:7_flip 11 9 1
Destroy 7 6 0
Map 12 5 1
Tile:7 7 7 0
Tile:0 12 9 1
Tile:12 13 9 0
Tile:0 0 5 1
Drop 0 0 0
Malus 0 0 1
Drop 0 0 0
Drop 0 0 1
GAMEOVER DRAW
# Game ended: Wed Apr 15 00:45:36 EDT 2020
