# Server version 0.08 running on LAPTOP-PK0TDV81:8123
# Game ID: 196
# Board class: Saboteur.SaboteurBoard
# Timeout: 20000
# First Move Timeout: 30000
# Date: Mon Apr 13 12:17:19 EDT 2020
# Player 1: Player-0, '260714615', running on LAPTOP-PK0TDV81
# Player 2: Player-1, 'RandomPlayer', running on LAPTOP-PK0TDV81
START Player-0 260714615
START Player-1 RandomPlayer
BoardInit:Tile:7,Tile:12,Tile:3,Tile:9,Tile:8,Tile:6,Bonus,Tile:6,Tile:9,Tile:0,Tile:5,Tile:5,Bonus,Tile:0,Map,Destroy,Tile:8,Tile:7,Tile:9,Tile:6,Tile:8,Map,Tile:1,Map,Map,Malus,Tile:10,Tile:6,Bonus,Tile:15,Tile:14,Malus,Tile:4,Tile:5,Tile:0,Tile:10,Tile:2,Map,Bonus,Tile:7,Tile:7-Tile:10,Tile:7,Destroy,Tile:13,Tile:6,Destroy,Tile:5-Tile:11,Tile:8,Tile:8,Map,Tile:0,Tile:9,Tile:9-Tile:hidden2,Tile:nugget,Tile:hidden1
Tile:13 5 6 1
Tile:9 4 6 0
Tile:6 4 7 1
Tile:11_flip 5 7 0
Tile:5_flip 6 6 1
Tile:9 5 8 0
Tile:8 3 7 1
Tile:9_flip 3 8 0
Destroy 5 8 1
Tile:6 3 9 0
Drop 4 0 1
Tile:6_flip 4 5 0
Tile:5 2 8 1
Tile:0 3 5 0
Tile:10 5 4 1
Drop 0 0 0
Tile:7_flip 2 9 1
Drop 2 0 0
Drop 5 0 1
Tile:0 2 5 0
Tile:7_flip 5 8 1
Drop 0 0 0
Tile:8 1 5 1
Tile:6 2 7 0
Drop 5 0 1
Destroy 5 6 0
Tile:9 1 4 1
Drop 2 0 0
Destroy 3 7 1
Tile:5 2 6 0
Tile:9_flip 6 8 1
Tile:6 2 4 0
Tile:14_flip 1 3 1
Map 12 7 0
Tile:10 5 3 1
Tile:5_flip 4 9 0
Tile:0 3 4 1
Drop 2 0 0
Tile:2_flip 1 7 1
Tile:15 1 6 0
Tile:4 6 7 1
Tile:7 2 3 0
Tile:7 3 6 1
Map 12 3 0
Drop 4 0 1
Tile:7 5 2 0
Map 12 3 1
Tile:10 6 9 0
Tile:1 4 2 1
Drop 2 0 0
Drop 0 0 1
Drop 1 0 0
Drop 1 0 1
Drop 0 0 0
Drop 0 0 1
GAMEOVER DRAW
# Game ended: Mon Apr 13 12:17:45 EDT 2020
