# Server version 0.08 running on 192.168.2.139:8123
# Game ID: 173
# Board class: Saboteur.SaboteurBoard
# Timeout: 20000
# First Move Timeout: 30000
# Date: Mon Apr 13 11:51:30 EDT 2020
# Player 1: Player-0, '260714615', running on 192.168.2.139
# Player 2: Player-1, 'RandomPlayer', running on 192.168.2.139
START Player-0 260714615
START Player-1 RandomPlayer
BoardInit:Tile:5,Tile:9,Bonus,Tile:0,Tile:3,Map,Tile:8,Tile:5,Map,Tile:1,Tile:9,Tile:7,Tile:7,Bonus,Bonus,Tile:15,Tile:6,Tile:0,Tile:6,Tile:12,Tile:8,Map,Tile:9,Tile:10,Malus,Tile:6,Tile:0,Tile:7,Destroy,Tile:14,Tile:8,Tile:7,Tile:5,Tile:6,Tile:8,Destroy,Tile:0,Tile:11,Tile:13,Bonus,Malus-Tile:5,Tile:2,Map,Destroy,Tile:9,Tile:4,Tile:10-Tile:9,Tile:6,Tile:10,Tile:8,Tile:7,Map,Map-Tile:nugget,Tile:hidden1,Tile:hidden2
Map 12 3 1
Drop 1 0 0
Tile:4_flip 5 6 1
Map 12 7 0
Tile:9_flip 5 4 1
Tile:8 4 5 0
Tile:3_flip 3 5 1
Tile:9 4 4 0
Tile:5 5 3 1
Map 12 5 0
Tile:2_flip 6 5 1
Map 12 5 0
Tile:5_flip 6 3 1
Tile:7 4 3 0
Tile:7_flip 3 3 1
Tile:9_flip 7 5 0
Tile:8 3 2 1
Tile:7_flip 7 6 0
Tile:6_flip 2 2 1
Tile:0 4 2 0
Tile:10 4 6 1
Drop 3 0 0
Tile:6 5 2 1
Tile:15 3 1 0
Tile:9_flip 2 3 1
Tile:5 5 1 0
Tile:9_flip 8 6 1
Tile:10 3 0 0
Map 12 3 1
Drop 4 0 0
Destroy 8 6 1
Tile:14_flip 1 2 0
Destroy 6 3 1
Tile:7 6 3 0
Drop 4 0 1
Tile:6 4 7 0
Tile:8 7 4 1
Tile:0 6 1 0
Drop 2 0 1
Tile:1 5 7 0
Tile:5 3 7 1
Destroy 4 4 0
Tile:8 2 4 1
Tile:7 6 7 0
Tile:13 4 4 1
Tile:6 3 8 0
Drop 3 0 1
Drop 3 0 0
Tile:8 1 3 1
Tile:11 6 4 0
Drop 0 0 1
Map 12 7 0
Malus 0 0 1
Drop 0 0 0
Drop 0 0 1
GAMEOVER DRAW
# Game ended: Mon Apr 13 11:51:56 EDT 2020
