# Server version 0.08 running on 192.168.2.139:8123
# Game ID: 175
# Board class: Saboteur.SaboteurBoard
# Timeout: 20000
# First Move Timeout: 30000
# Date: Mon Apr 13 11:52:46 EDT 2020
# Player 1: Player-0, '260714615', running on 192.168.2.139
# Player 2: Player-1, 'RandomPlayer', running on 192.168.2.139
START Player-0 260714615
START Player-1 RandomPlayer
BoardInit:Tile:9,Tile:9,Tile:11,Tile:5,Malus,Tile:10,Tile:8,Tile:3,Tile:8,Bonus,Tile:5,Tile:7,Tile:0,Map,Tile:6,Tile:9,Tile:10,Bonus,Tile:8,Map,Tile:7,Tile:7,Bonus,Tile:15,Tile:10,Tile:13,Tile:5,Tile:7,Tile:7,Tile:8,Destroy,Tile:14,Tile:6,Bonus,Tile:9,Tile:6,Destroy,Tile:2,Tile:0,Tile:9,Tile:8-Map,Tile:1,Tile:5,Tile:6,Map,Map,Tile:0-Tile:12,Malus,Tile:6,Tile:4,Tile:0,Map,Destroy-Tile:hidden1,Tile:nugget,Tile:hidden2
Tile:6 6 5 1
Tile:6 4 5 0
Tile:0 7 5 1
Tile:4 5 4 0
Tile:9_flip 4 4 1
Drop 4 0 0
Tile:11_flip 4 3 1
Tile:9 3 3 0
Map 12 7 1
Tile:3_flip 3 4 0
Drop 1 0 1
Tile:12_flip 3 5 0
Tile:8 8 5 1
GAMEOVER USER CANCEL UNDECIDED
# Game ended: Mon Apr 13 11:53:02 EDT 2020
