# Server version 0.08 running on 192.168.2.139:8123
# Game ID: 285
# Board class: Saboteur.SaboteurBoard
# Timeout: 20000
# First Move Timeout: 30000
# Date: Mon Apr 13 18:36:12 EDT 2020
# Player 1: Player-0, 'RandomPlayer', running on 127.0.0.1
# Player 2: Player-1, '260714615', running on 127.0.0.1
START Player-0 RandomPlayer
START Player-1 260714615
BoardInit:Tile:13,Tile:8,Tile:4,Tile:0,Tile:10,Tile:9,Map,Tile:8,Tile:8,Tile:7,Tile:6,Tile:5,Bonus,Tile:9,Tile:9,Tile:5,Map,Tile:7,Tile:9,Tile:6,Tile:8,Tile:0,Bonus,Tile:10,Tile:3,Tile:7,Tile:14,Tile:5,Tile:6,Map,Destroy,Tile:6,Bonus,Tile:15,Map,Tile:7,Tile:10,Tile:5,Malus,Tile:12,Tile:0-Tile:7,Tile:1,Map,Tile:6,Tile:8,Map,Tile:11-Destroy,Bonus,Tile:2,Tile:9,Tile:0,Malus,Destroy-Tile:nugget,Tile:hidden2,Tile:hidden1
Map 12 3 1
Tile:9 4 5 0
Map 12 3 1
Drop 5 0 0
Tile:6 6 5 1
Tile:8 6 4 0
Tile:8 7 5 1
Tile:9 5 6 0
Map 12 3 1
Tile:2 6 6 0
Tile:13 8 5 1
Tile:0 9 5 0
Tile:8 10 5 1
Tile:8 5 7 0
Tile:6 11 5 1
Tile:5_flip 7 6 0
Tile:10 11 4 1
Tile:7_flip 8 6 0
Map 12 3 1
Tile:5 6 3 0
Tile:7_flip 10 6 1
Tile:9_flip 11 3 0
Tile:9 10 3 1
Destroy 7 5 0
Tile:9 11 2 1
Tile:6 6 7 0
Tile:8 12 2 1
Tile:7 9 6 0
Tile:1 4 7 1
Tile:7_flip 9 7 0
Tile:6_flip 11 6 1
Tile:0 12 6 0
Tile:11 4 4 1
Tile:5 4 3 0
Tile:4 8 4 1
Tile:6 13 2 0
Map 12 3 1
Tile:0 10 7 0
Tile:10 10 4 1
Tile:5_flip 13 6 0
Malus 0 0 1
Map 12 5 0
Tile:0 7 3 1
Drop 4 0 0
Tile:3 5 3 1
Drop 3 0 0
Tile:14 4 6 1
Drop 2 0 0
Destroy 4 3 1
Drop 1 0 0
Drop 0 0 1
Bonus 0 0 0
Drop 0 0 1
Tile:12 8 3 0
Drop 0 0 1
GAMEOVER DRAW
# Game ended: Mon Apr 13 18:36:38 EDT 2020
