# Server version 0.08 running on 192.168.2.139:8123
# Game ID: 33
# Board class: Saboteur.SaboteurBoard
# Timeout: 20000
# First Move Timeout: 30000
# Date: Tue Apr 14 11:42:46 EDT 2020
# Player 1: Player-0, 'RandomPlayer', running on 127.0.0.1
# Player 2: Player-1, '260714615', running on 127.0.0.1
START Player-0 RandomPlayer
START Player-1 260714615
BoardInit:Malus,Tile:6,Tile:8,Tile:10,Tile:4,Bonus,Tile:8,Tile:10,Tile:5,Tile:0,Tile:6,Tile:8,Map,Tile:9,Map,Tile:9,Bonus,Map,Destroy,Tile:15,Tile:14,Tile:8,Tile:2,Tile:9,Tile:9,Tile:13,Tile:0,Tile:0,Tile:7,Tile:7,Tile:10,Tile:5,Tile:6,Bonus,Tile:6,Tile:0,Tile:6,Tile:9,Tile:7,Tile:5,Bonus-Malus,Destroy,Tile:3,Tile:8,Destroy,Tile:7,Tile:5-Map,Tile:1,Tile:11,Tile:7,Tile:12,Map,Map-Tile:nugget,Tile:hidden2,Tile:hidden1
Tile:8 6 5 1
Tile:7 6 4 0
Tile:7_flip 6 6 1
Tile:11_flip 7 5 0
Tile:5 7 4 1
Tile:12 8 4 0
Tile:8 7 6 1
Map 12 3 0
Tile:8 8 6 1
Tile:6_flip 5 4 0
Tile:5 8 5 1
Tile:0 9 6 0
Tile:6 10 6 1
Tile:10 5 6 0
Map 12 3 1
Tile:9_flip 11 6 0
Malus 0 0 1
Drop 5 0 0
Destroy 5 4 1
Map 12 7 0
Tile:3 10 5 1
Map 12 7 0
Destroy 5 6 1
Map 12 3 0
Malus 0 0 1
Drop 5 0 0
Tile:9 11 5 1
Drop 0 0 0
Tile:0 9 5 1
Drop 6 0 0
Tile:7 11 4 1
Drop 1 0 0
Tile:10 11 7 1
Drop 4 0 0
Tile:6 10 4 1
Drop 4 0 0
Tile:6_flip 10 3 1
Drop 3 0 0
Tile:6 11 3 1
GAMEOVER WINNER 1
# Game ended: Tue Apr 14 11:43:26 EDT 2020
