# Server version 0.08 running on 192.168.2.139:8123
# Game ID: 301
# Board class: Saboteur.SaboteurBoard
# Timeout: 20000
# First Move Timeout: 30000
# Date: Mon Apr 13 18:49:48 EDT 2020
# Player 1: Player-0, 'RandomPlayer', running on 127.0.0.1
# Player 2: Player-1, '260714615', running on 127.0.0.1
START Player-0 RandomPlayer
START Player-1 260714615
BoardInit:Map,Destroy,Tile:13,Bonus,Tile:5,Tile:0,Tile:7,Tile:8,Tile:5,Tile:10,Tile:9,Tile:6,Tile:5,Malus,Tile:9,Bonus,Tile:7,Map,Tile:15,Tile:6,Tile:7,Tile:6,Tile:0,Tile:7,Tile:0,Tile:9,Tile:9,Destroy,Tile:12,Tile:3,Tile:4,Tile:2,Destroy,Tile:8,Tile:10,Malus,Tile:14,Tile:0,Tile:6,Tile:8,Tile:5-Map,Tile:6,Map,Tile:9,Tile:1,Tile:8,Bonus-Bonus,Map,Tile:7,Tile:8,Map,Tile:10,Tile:11-Tile:hidden1,Tile:nugget,Tile:hidden2
Map 12 3 1
Map 12 5 0
Map 12 3 1
Map 12 3 0
Map 12 3 1
Tile:8 4 5 0
Tile:6 6 5 1
Tile:0 3 5 0
Tile:8 7 5 1
Tile:7_flip 5 6 0
Tile:13 8 5 1
Tile:10 8 6 0
Tile:9 8 4 1
Drop 6 0 0
Tile:5 8 3 1
Tile:8 8 7 0
Tile:7_flip 8 8 1
Tile:11_flip 4 4 0
Tile:5 7 7 1
Destroy 4 5 0
Tile:9_flip 9 5 1
Tile:6 9 8 0
Tile:9 9 6 1
Map 12 5 0
Tile:0 10 6 1
Drop 2 0 0
Tile:0 11 6 1
Tile:9_flip 9 7 0
Tile:5_flip 12 6 1
Tile:6 3 4 0
Tile:9 6 4 1
Tile:7 10 8 0
Tile:7_flip 10 9 1
Drop 6 0 0
Tile:7 9 4 1
Tile:8 3 3 0
Tile:10 7 8 1
Drop 3 0 0
Tile:1 2 3 1
Tile:3 6 6 0
Tile:6 9 3 1
Tile:0 2 4 0
Tile:5 9 2 1
Destroy 9 7 0
GAMEOVER TIMEOUT WINNER 0
# Game ended: Mon Apr 13 18:50:29 EDT 2020
