# Server version 0.08 running on 192.168.2.139:8123
# Game ID: 50
# Board class: Saboteur.SaboteurBoard
# Timeout: 20000
# First Move Timeout: 30000
# Date: Tue Apr 14 12:15:05 EDT 2020
# Player 1: Player-0, '260714615', running on 127.0.0.1
# Player 2: Player-1, 'RandomPlayer', running on 127.0.0.1
START Player-0 260714615
START Player-1 RandomPlayer
BoardInit:Tile:7,Tile:8,Map,Tile:11,Tile:10,Tile:9,Tile:2,Tile:6,Tile:15,Tile:7,Bonus,Tile:8,Tile:9,Tile:13,Map,Tile:9,Destroy,Tile:5,Tile:5,Tile:6,Tile:10,Tile:8,Tile:14,Map,Tile:9,Tile:8,Map,Tile:1,Tile:6,Tile:0,Bonus,Tile:4,Tile:0,Tile:3,Map,Destroy,Tile:0,Tile:6,Map,Malus,Tile:10-Tile:5,Tile:8,Malus,Tile:5,Bonus,Tile:0,Tile:7-Tile:7,Tile:7,Tile:6,Tile:9,Tile:12,Bonus,Destroy-Tile:hidden2,Tile:hidden1,Tile:nugget
Tile:5_flip 5 6 1
Tile:6 6 5 0
Tile:7_flip 4 5 1
Tile:8 7 5 0
Tile:7 5 4 1
Tile:7_flip 7 6 0
Tile:0 8 6 1
Tile:9 7 4 0
Tile:5_flip 8 4 1
Tile:6 9 6 0
Tile:8 4 4 1
Tile:9 9 5 0
Tile:2 3 4 1
Tile:8 10 5 0
Tile:10 9 4 1
Tile:7 11 5 0
Malus 0 0 1
Bonus 0 0 0
Destroy 8 4 1
Tile:7_flip 11 6 0
Tile:5_flip 10 6 1
Tile:6 12 6 0
Map 12 7 1
Tile:8 13 6 0
Tile:14_flip 7 3 1
Map 12 3 0
Map 12 3 1
Tile:9_flip 8 3 0
Tile:9 4 3 1
Destroy 8 6 0
Tile:9 9 3 1
Tile:12_flip 4 6 0
Tile:6_flip 13 5 1
Tile:5 10 4 0
Map 12 3 1
Tile:0 11 4 0
Tile:15 6 4 1
Tile:8 12 4 0
Tile:0 13 4 1
Tile:6 13 7 0
Drop 1 0 1
Malus 0 0 0
Drop 6 0 1
Tile:1 10 3 0
Drop 4 0 1
Tile:11 2 4 0
Map 12 7 1
Tile:13 2 3 0
Bonus 0 0 1
Tile:4 2 2 0
Tile:10 2 5 1
Tile:3 4 2 0
Drop 0 0 1
Destroy 2 2 0
Drop 0 0 1
GAMEOVER DRAW
# Game ended: Tue Apr 14 12:15:59 EDT 2020
