# Server version 0.08 running on 192.168.2.139:8123
# Game ID: 225
# Board class: Saboteur.SaboteurBoard
# Timeout: 20000
# First Move Timeout: 30000
# Date: Wed Apr 15 14:40:51 EDT 2020
# Player 1: Player-0, '260714615', running on 127.0.0.1
# Player 2: Player-1, 'RandomPlayer', running on 127.0.0.1
START Player-0 260714615
START Player-1 RandomPlayer
BoardInit:Tile:13,Tile:7,Tile:7,Map,Tile:15,Map,Tile:0,Tile:6,Tile:7,Tile:14,Tile:6,Map,Map,Tile:10,Tile:8,Tile:0,Tile:8,Tile:3,Tile:5,Bonus,Tile:0,Bonus,Map,Tile:12,Tile:6,Tile:1,Tile:8,Tile:9,Tile:7,Bonus,Malus,Destroy,Tile:9,Tile:4,Tile:11,Tile:8,Tile:0,Map,Destroy,Tile:9,Tile:5-Tile:10,Tile:2,Bonus,Malus,Tile:6,Tile:7,Tile:5-Tile:9,Tile:5,Tile:6,Destroy,Tile:9,Tile:8,Tile:10-Tile:hidden2,Tile:nugget,Tile:hidden1
Tile:6 6 5 1
Tile:6 7 5 0
Tile:7_flip 4 5 1
Tile:8 8 5 0
Tile:7 6 4 1
Map 12 3 0
Tile:5 7 4 1
Map 12 5 0
Drop 0 0 1
Tile:6 9 5 0
Tile:2_flip 10 5 1
Destroy 10 5 0
Tile:15 5 6 1
Tile:9 9 4 0
Map 12 7 1
Tile:5 9 3 0
Tile:13 8 6 1
Tile:0 10 5 0
Tile:8 5 4 1
Tile:9_flip 11 5 0
Tile:0 10 4 1
Tile:10 11 6 0
Tile:5 5 3 1
Tile:7_flip 11 7 0
Tile:0 10 3 1
Tile:10 8 7 0
Tile:6 6 3 1
Tile:1 11 3 0
Drop 2 0 1
Tile:9 8 8 0
Tile:6 12 8 1
Drop 5 0 0
Tile:8 4 4 1
Destroy 8 6 0
Tile:7_flip 3 4 1
Drop 5 0 0
Tile:11_flip 4 3 1
Tile:8 13 8 0
Tile:9_flip 13 9 1
Drop 5 0 0
Destroy 5 6 1
Tile:9_flip 6 2 0
Drop 0 0 1
Drop 5 0 0
Tile:8 8 9 1
Tile:14 5 6 0
Tile:5_flip 8 10 1
Tile:3 4 2 0
Map 12 5 1
Drop 0 0 0
Malus 0 0 1
Bonus 0 0 0
Tile:0 11 8 1
Drop 0 0 0
Malus 0 0 1
GAMEOVER DRAW
# Game ended: Wed Apr 15 14:41:46 EDT 2020
