# Server version 0.08 running on 192.168.2.139:8123
# Game ID: 443
# Board class: Saboteur.SaboteurBoard
# Timeout: 20000
# First Move Timeout: 30000
# Date: Wed Apr 15 19:55:24 EDT 2020
# Player 1: Player-0, '260714615', running on 127.0.0.1
# Player 2: Player-1, 'RandomPlayer', running on 127.0.0.1
START Player-0 260714615
START Player-1 RandomPlayer
BoardInit:Tile:7,Tile:4,Tile:10,Tile:12,Tile:9,Map,Tile:7,Tile:5,Map,Tile:0,Bonus,Tile:6,Tile:11,Tile:0,Bonus,Tile:1,Tile:6,Tile:5,Tile:5,Tile:10,Tile:2,Bonus,Tile:7,Destroy,Tile:10,Tile:9,Tile:3,Tile:8,Tile:0,Tile:8,Tile:8,Tile:6,Malus,Tile:15,Tile:6,Tile:7,Tile:13,Map,Tile:5,Map,Tile:9-Tile:14,Map,Tile:8,Destroy,Tile:9,Bonus,Tile:6-Tile:0,Malus,Tile:7,Destroy,Tile:8,Tile:9,Map-Tile:hidden1,Tile:hidden2,Tile:nugget
Tile:8 4 5 1
Map 12 3 0
Tile:7 5 4 1
Tile:0 6 5 0
Tile:10 5 6 1
Tile:8 7 5 0
Destroy 7 5 1
Map 12 5 0
Tile:6 5 7 1
Tile:9 4 4 0
Drop 0 0 1
Tile:0 7 5 0
Tile:9_flip 6 7 1
Tile:6 8 5 0
Tile:9_flip 9 5 1
Tile:7_flip 9 6 0
Drop 0 0 1
Tile:0 10 6 0
Tile:7_flip 6 8 1
Tile:5_flip 11 6 0
Tile:6_flip 4 7 1
Tile:5 11 5 0
Tile:5_flip 4 6 1
Malus 0 0 0
Drop 0 0 1
Tile:10 9 4 0
Bonus 0 0 1
Tile:9 9 3 0
Tile:11_flip 8 4 1
Destroy 8 4 0
Tile:10 12 6 1
GAMEOVER WINNER 1
# Game ended: Wed Apr 15 19:55:54 EDT 2020
