# Server version 0.08 running on 192.168.2.139:8123
# Game ID: 68
# Board class: Saboteur.SaboteurBoard
# Timeout: 20000
# First Move Timeout: 30000
# Date: Tue Apr 14 13:05:38 EDT 2020
# Player 1: Player-0, 'RandomPlayer', running on 127.0.0.1
# Player 2: Player-1, '260714615', running on 127.0.0.1
START Player-0 RandomPlayer
START Player-1 260714615
BoardInit:Tile:6,Malus,Tile:5,Tile:5,Map,Tile:6,Tile:6,Tile:0,Tile:1,Map,Tile:8,Tile:9,Tile:7,Tile:6,Tile:4,Tile:8,Tile:12,Map,Map,Tile:0,Tile:0,Tile:7,Tile:10,Tile:10,Tile:5,Destroy,Tile:7,Tile:9,Bonus,Tile:10,Tile:13,Tile:6,Tile:3,Map,Malus,Tile:9,Tile:5,Tile:7,Tile:11,Tile:8,Tile:9-Tile:2,Destroy,Destroy,Tile:8,Map,Tile:8,Tile:15-Tile:7,Tile:14,Bonus,Tile:9,Tile:0,Bonus,Bonus-Tile:hidden2,Tile:nugget,Tile:hidden1
Map 12 3 1
Tile:9_flip 5 4 0
Tile:8 6 5 1
Tile:7_flip 6 6 0
Tile:8 7 5 1
Tile:14 5 6 0
Map 12 3 1
Drop 2 0 0
Tile:6 8 5 1
Tile:5 7 4 0
Tile:6 9 5 1
Drop 1 0 0
Tile:8 10 5 1
Tile:6_flip 11 5 0
GAMEOVER WINNER 0
# Game ended: Tue Apr 14 13:05:52 EDT 2020
