# Server version 0.08 running on 192.168.2.139:8123
# Game ID: 169
# Board class: Saboteur.SaboteurBoard
# Timeout: 20000
# First Move Timeout: 30000
# Date: Mon Apr 13 11:46:27 EDT 2020
# Player 1: Player-0, '260714615', running on 192.168.2.139
# Player 2: Player-1, 'RandomPlayer', running on 192.168.2.139
START Player-0 260714615
START Player-1 RandomPlayer
BoardInit:Tile:2,Tile:9,Tile:0,Destroy,Malus,Tile:9,Bonus,Tile:6,Bonus,Tile:7,Map,Tile:5,Tile:13,Tile:8,Tile:8,Tile:10,Tile:15,Tile:0,Tile:9,Tile:6,Tile:8,Map,Tile:10,Map,Tile:7,Map,Tile:12,Tile:5,Tile:9,Tile:3,Tile:8,Map,Tile:14,Bonus,Tile:10,Tile:9,Tile:5,Tile:7,Tile:6,Tile:7,Tile:6-Malus,Destroy,Destroy,Tile:11,Tile:5,Map,Tile:6-Bonus,Tile:0,Tile:4,Tile:0,Tile:8,Tile:7,Tile:1-Tile:hidden1,Tile:nugget,Tile:hidden2
Tile:5 5 4 1
Drop 5 0 0
Map 12 7 1
Tile:8 6 5 0
Tile:6 6 6 1
Tile:9_flip 6 4 0
Tile:0 4 5 1
Drop 5 0 0
Destroy 4 5 1
Tile:0 7 6 0
Malus 0 0 1
Drop 3 0 0
Tile:2_flip 7 5 1
Drop 6 0 0
Drop 1 0 1
Drop 3 0 0
Map 12 3 1
Drop 1 0 0
Tile:8 6 3 1
Drop 2 0 0
Destroy 6 4 1
Drop 4 0 0
Tile:13 6 4 1
Drop 6 0 0
Tile:10 6 2 1
Drop 0 0 0
Tile:8 8 5 1
Drop 1 0 0
Drop 5 0 1
Drop 3 0 0
Drop 3 0 1
Drop 1 0 0
Tile:9_flip 8 6 1
Map 12 5 0
Tile:8 5 6 1
Drop 4 0 0
Tile:12_flip 4 6 1
Map 12 3 0
Tile:5_flip 9 5 1
Map 12 7 0
Tile:10 9 4 1
Drop 3 0 0
Tile:9_flip 7 3 1
Drop 3 0 0
Tile:6 4 5 1
Drop 0 0 0
Tile:6_flip 3 5 1
Drop 2 0 0
Tile:14 3 6 1
Drop 0 0 0
Drop 0 0 1
Drop 1 0 0
Drop 1 0 1
Drop 0 0 0
Drop 0 0 1
GAMEOVER DRAW
# Game ended: Mon Apr 13 11:46:53 EDT 2020
