# Server version 0.08 running on 192.168.2.139:8123
# Game ID: 382
# Board class: Saboteur.SaboteurBoard
# Timeout: 20000
# First Move Timeout: 30000
# Date: Wed Apr 15 18:38:46 EDT 2020
# Player 1: Player-0, '260714615', running on 192.168.2.139
# Player 2: Player-1, 'RandomPlayer', running on 192.168.2.139
START Player-0 260714615
START Player-1 RandomPlayer
BoardInit:Map,Tile:4,Map,Tile:13,Destroy,Tile:8,Map,Tile:11,Tile:6,Tile:9,Tile:5,Tile:14,Bonus,Tile:10,Tile:0,Tile:7,Tile:5,Map,Tile:0,Tile:0,Destroy,Tile:8,Map,Bonus,Tile:6,Map,Tile:8,Tile:5,Tile:3,Tile:12,Tile:6,Malus,Tile:15,Tile:8,Tile:9,Tile:8,Tile:6,Tile:7,Tile:5,Tile:10,Tile:10-Tile:1,Destroy,Tile:9,Malus,Tile:9,Tile:9,Tile:7-Tile:7,Bonus,Tile:7,Tile:6,Tile:2,Bonus,Tile:0-Tile:hidden1,Tile:hidden2,Tile:nugget
Tile:9_flip 5 6 1
Tile:6 6 5 0
Tile:9 6 4 1
Tile:0 7 5 0
Tile:7 6 3 1
Tile:7_flip 5 7 0
Map 12 3 1
Tile:8 8 5 0
Tile:9 8 6 1
Tile:7_flip 8 7 0
Tile:6_flip 9 7 1
Tile:9 8 4 0
Destroy 6 3 1
Tile:2 4 5 0
Map 12 3 1
Tile:10 9 8 0
Destroy 6 5 1
Tile:7_flip 9 9 0
Tile:1 9 4 1
Map 12 3 0
Tile:0 9 6 1
Tile:0 6 7 0
Tile:0 10 7 1
Tile:8 6 5 0
Tile:5_flip 7 4 1
Tile:4 5 4 0
Destroy 7 5 1
Map 12 5 0
Tile:8 11 7 1
Tile:5 11 6 0
Drop 3 0 1
Tile:13 4 6 0
Tile:6 3 6 1
Malus 0 0 0
Map 12 5 1
Tile:8 12 6 0
Drop 0 0 1
Tile:8 13 6 0
Map 12 5 1
Tile:7 13 5 0
Drop 4 0 1
Tile:10 13 7 0
Drop 5 0 1
Tile:11 3 5 0
Drop 4 0 1
Tile:14 4 7 0
Drop 3 0 1
Tile:12 7 7 0
Drop 2 0 1
Drop 0 0 0
Drop 0 0 1
Drop 0 0 0
Drop 1 0 1
Drop 0 0 0
Drop 0 0 1
GAMEOVER DRAW
# Game ended: Wed Apr 15 18:39:41 EDT 2020
