# Server version 0.08 running on 192.168.2.139:8123
# Game ID: 110
# Board class: Saboteur.SaboteurBoard
# Timeout: 20000
# First Move Timeout: 30000
# Date: Wed Apr 15 00:33:58 EDT 2020
# Player 1: Player-0, '260714615', running on 192.168.2.139
# Player 2: Player-1, 'RandomPlayer', running on 192.168.2.139
START Player-0 260714615
START Player-1 RandomPlayer
BoardInit:Map,Map,Tile:15,Tile:7,Tile:5,Tile:5,Destroy,Tile:5,Tile:11,Tile:13,Tile:9,Tile:4,Tile:10,Tile:8,Tile:0,Tile:7,Malus,Tile:1,Bonus,Tile:9,Tile:8,Tile:6,Malus,Tile:10,Tile:9,Bonus,Tile:8,Tile:6,Tile:14,Tile:6,Bonus,Tile:0,Tile:8,Map,Tile:0,Tile:2,Tile:10,Tile:12,Tile:8,Bonus,Tile:9-Tile:7,Tile:6,Tile:9,Tile:5,Destroy,Tile:7,Map-Map,Tile:7,Tile:6,Map,Tile:3,Tile:0,Destroy-Tile:hidden1,Tile:nugget,Tile:hidden2
Tile:7_flip 5 6 1
Map 12 3 0
Tile:7 6 5 1
Map 12 3 0
Tile:9 5 4 1
Map 12 3 0
Tile:5_flip 6 4 1
Tile:6 6 6 0
Tile:6 7 6 1
Tile:0 8 6 0
Destroy 5 6 1
Tile:5 7 5 0
Tile:11 5 3 1
Tile:7 9 6 0
Tile:10 9 7 1
Tile:7_flip 9 8 0
Tile:9 5 6 1
Tile:8 10 8 0
Destroy 9 8 1
Tile:5 10 7 0
Tile:5_flip 11 7 1
Tile:9 11 6 0
Tile:8 4 5 1
Tile:6 12 6 0
Tile:0 8 5 1
Tile:10 11 5 0
Map 12 3 1
Tile:7 11 4 0
Tile:15 4 4 1
Tile:6 13 6 0
Tile:14_flip 3 5 1
Tile:6_flip 13 5 0
Tile:9_flip 6 3 1
Tile:0 10 4 0
Drop 3 0 1
Map 12 3 0
Tile:0 11 8 1
Tile:1 9 5 0
Drop 2 0 1
Tile:3 4 3 0
Tile:10 5 7 1
Destroy 9 6 0
Malus 0 0 1
Bonus 0 0 0
Tile:8 5 8 1
Tile:13 3 6 0
Tile:9_flip 10 9 1
Tile:4 5 2 0
Map 12 5 1
Tile:2 2 6 0
Drop 1 0 1
Tile:12 6 8 0
Drop 1 0 1
Drop 0 0 0
Drop 0 0 1
GAMEOVER DRAW
# Game ended: Wed Apr 15 00:34:52 EDT 2020
