# Server version 0.08 running on 192.168.2.139:8123
# Game ID: 366
# Board class: Saboteur.SaboteurBoard
# Timeout: 20000
# First Move Timeout: 30000
# Date: Wed Apr 15 18:07:18 EDT 2020
# Player 1: Player-0, '260714615', running on 127.0.0.1
# Player 2: Player-1, '260714615', running on 127.0.0.1
START Player-0 260714615
START Player-1 260714615
BoardInit:Tile:5,Tile:0,Malus,Tile:7,Tile:12,Tile:3,Tile:9,Map,Tile:5,Tile:1,Map,Tile:6,Tile:13,Tile:7,Map,Destroy,Tile:6,Tile:6,Tile:8,Map,Tile:6,Tile:9,Bonus,Tile:5,Tile:7,Tile:10,Tile:8,Map,Malus,Tile:2,Tile:10,Destroy,Tile:0,Tile:5,Tile:10,Bonus,Map,Destroy,Tile:8,Bonus,Tile:6-Tile:7,Tile:14,Tile:9,Tile:15,Tile:4,Tile:0,Tile:9-Bonus,Tile:8,Tile:9,Tile:8,Tile:0,Tile:7,Tile:11-Tile:hidden1,Tile:nugget,Tile:hidden2
Tile:0 6 5 1
Tile:8 7 5 0
Tile:7_flip 7 6 1
Tile:8 8 5 0
Malus 0 0 1
Bonus 0 0 0
Tile:9 8 4 1
Tile:0 9 5 0
Tile:9_flip 10 5 1
Map 12 3 0
Tile:5 10 4 1
Tile:0 11 4 0
Map 12 3 1
Tile:6 12 4 0
Tile:9 10 6 1
Tile:9 10 7 0
Map 12 5 1
Destroy 12 4 0
Tile:6 12 4 1
Tile:6 11 6 0
Tile:5 11 5 1
GAMEOVER WINNER 1
# Game ended: Wed Apr 15 18:08:00 EDT 2020
