# Server version 0.08 running on 192.168.2.139:8123
# Game ID: 458
# Board class: Saboteur.SaboteurBoard
# Timeout: 20000
# First Move Timeout: 30000
# Date: Wed Apr 15 21:41:31 EDT 2020
# Player 1: Player-0, '260714615', running on 127.0.0.1
# Player 2: Player-1, 'RandomPlayer', running on 127.0.0.1
START Player-0 260714615
START Player-1 RandomPlayer
BoardInit:Tile:0,Bonus,Tile:7,Tile:8,Tile:6,Destroy,Tile:8,Tile:7,Tile:5,Tile:3,Tile:14,Tile:4,Tile:9,Tile:13,Tile:8,Tile:6,Tile:5,Tile:0,Destroy,Tile:7,Map,Tile:6,Tile:9,Tile:11,Map,Tile:8,Tile:10,Tile:7,Tile:0,Bonus,Tile:9,Tile:5,Map,Tile:9,Tile:10,Destroy,Bonus,Tile:9,Bonus,Tile:12,Tile:6-Malus,Tile:10,Map,Map,Tile:15,Tile:0,Malus-Tile:7,Tile:5,Tile:1,Tile:8,Map,Tile:2,Tile:6-Tile:hidden1,Tile:hidden2,Tile:nugget
Tile:15 5 6 1
Map 12 3 0
Drop 1 0 1
Tile:8 6 5 0
Tile:0 4 5 1
Tile:6 7 5 0
Drop 2 0 1
Tile:8 8 5 0
Tile:8 5 7 1
Tile:7_flip 8 6 0
Tile:6 6 7 1
Tile:5 8 4 0
Tile:14_flip 3 5 1
Drop 0 0 0
Map 12 5 1
Drop 0 0 0
Tile:9 6 6 1
Tile:6 9 5 0
Tile:0 4 7 1
Tile:0 10 5 0
Destroy 8 4 1
Tile:7 11 5 0
Tile:7 7 6 1
Tile:7_flip 11 6 0
Drop 3 0 1
Tile:6 12 6 0
Tile:5 12 4 1
Destroy 12 6 0
Malus 0 0 1
Bonus 0 0 0
Tile:0 13 5 1
Drop 0 0 0
Tile:9 6 4 1
Drop 0 0 0
Tile:9_flip 12 6 1
GAMEOVER WINNER 1
# Game ended: Wed Apr 15 21:42:05 EDT 2020
