# Server version 0.08 running on 192.168.2.139:8123
# Game ID: 339
# Board class: Saboteur.SaboteurBoard
# Timeout: 20000
# First Move Timeout: 30000
# Date: Wed Apr 15 17:38:45 EDT 2020
# Player 1: Player-0, 'RandomPlayer', running on 127.0.0.1
# Player 2: Player-1, '260714615', running on 127.0.0.1
START Player-0 RandomPlayer
START Player-1 260714615
BoardInit:Tile:9,Tile:0,Tile:7,Tile:0,Bonus,Map,Tile:9,Tile:1,Tile:8,Map,Destroy,Tile:11,Tile:7,Tile:9,Tile:4,Tile:9,Map,Tile:13,Tile:6,Tile:3,Tile:5,Tile:0,Tile:8,Bonus,Tile:7,Tile:10,Tile:10,Bonus,Map,Map,Tile:0,Malus,Tile:6,Tile:6,Destroy,Tile:5,Tile:8,Tile:5,Destroy,Tile:6,Map-Tile:9,Malus,Tile:6,Tile:5,Tile:10,Tile:7,Tile:2-Tile:14,Tile:12,Tile:8,Tile:15,Bonus,Tile:7,Tile:8-Tile:hidden1,Tile:nugget,Tile:hidden2
Tile:6 6 5 1
Tile:7_flip 4 5 0
Tile:9 6 4 1
Tile:8 4 4 0
Tile:5 6 3 1
Tile:14 7 4 0
Tile:10 5 6 1
Tile:8 5 7 0
Tile:7_flip 5 8 1
Tile:12 6 8 0
Tile:8 7 3 1
Tile:1 8 3 0
Destroy 7 4 1
Drop 4 0 0
Tile:9 7 2 1
Tile:11 3 4 0
Tile:9 7 1 1
Tile:9_flip 3 5 0
Map 12 3 1
Tile:13 7 5 0
Tile:6 9 3 1
Drop 6 0 0
Tile:5 9 2 1
Tile:9_flip 7 0 0
Tile:8 10 3 1
Map 12 3 0
Tile:7_flip 10 4 1
Tile:0 4 7 0
Malus 0 0 1
Drop 4 0 0
Map 12 5 1
Bonus 0 0 0
Tile:0 11 4 1
Map 12 5 0
Tile:6 12 4 1
Malus 0 0 0
Destroy 12 4 1
Tile:5_flip 8 1 0
Bonus 0 0 1
Tile:6_flip 3 7 0
Destroy 7 5 1
Tile:6 12 4 0
Tile:8 13 4 1
Tile:5_flip 7 5 0
Tile:7_flip 13 5 1
Drop 3 0 0
Tile:10 13 3 1
Tile:15 8 0 0
Tile:7 13 2 1
Tile:0 6 7 0
Tile:2 3 3 1
Tile:0 11 3 0
Tile:4_flip 3 6 1
Drop 0 0 0
Drop 0 0 1
GAMEOVER DRAW
# Game ended: Wed Apr 15 17:39:41 EDT 2020
