# Server version 0.08 running on 192.168.2.139:8123
# Game ID: 82
# Board class: Saboteur.SaboteurBoard
# Timeout: 20000
# First Move Timeout: 30000
# Date: Tue Apr 14 13:28:56 EDT 2020
# Player 1: Player-0, 'RandomPlayer', running on 127.0.0.1
# Player 2: Player-1, '260714615', running on 127.0.0.1
START Player-0 RandomPlayer
START Player-1 260714615
BoardInit:Tile:5,Map,Bonus,Tile:10,Map,Tile:6,Bonus,Map,Tile:9,Bonus,Tile:3,Tile:7,Tile:8,Tile:0,Tile:14,Tile:5,Destroy,Tile:2,Tile:11,Tile:7,Malus,Tile:6,Tile:7,Tile:9,Destroy,Tile:10,Tile:6,Tile:0,Tile:8,Tile:9,Tile:8,Tile:0,Tile:6,Tile:9,Tile:8,Tile:5,Map,Malus,Tile:8,Tile:5,Tile:12-Tile:7,Tile:4,Tile:1,Map,Tile:10,Tile:0,Map-Tile:13,Tile:6,Bonus,Tile:15,Destroy,Tile:9,Tile:7-Tile:hidden2,Tile:nugget,Tile:hidden1
Map 12 3 1
Tile:13 5 6 0
Map 12 3 1
Tile:15 5 4 0
Tile:0 6 5 1
Tile:7 5 3 0
Map 12 3 1
Tile:6 4 3 0
Tile:7_flip 5 7 1
Tile:9_flip 6 7 0
Tile:10 6 8 1
Tile:6_flip 7 5 0
Tile:9 7 6 1
Drop 4 0 0
Tile:8 8 5 1
Tile:7_flip 7 7 0
Tile:5 8 4 1
Tile:10 6 9 0
Tile:1 9 5 1
Drop 1 0 0
Tile:4 4 2 1
Tile:7_flip 4 5 0
Tile:3 4 4 1
Tile:5 4 6 0
Malus 0 0 1
Drop 0 0 0
Tile:7 10 5 1
Map 12 7 0
Tile:6 10 6 1
Drop 6 0 0
Tile:8 11 6 1
Drop 1 0 0
Tile:8 12 6 1
Drop 4 0 0
Tile:6 13 6 1
Drop 0 0 0
Tile:8 13 5 1
Drop 3 0 0
Map 12 3 1
Drop 0 0 0
Tile:8 13 4 1
Drop 4 0 0
Tile:14 4 7 1
Malus 0 0 0
Bonus 0 0 1
Drop 3 0 0
Destroy 4 2 1
Drop 0 0 0
Tile:11 4 2 1
Drop 2 0 0
Destroy 4 2 1
Drop 0 0 0
Tile:12 8 7 1
Drop 0 0 0
Drop 0 0 1
GAMEOVER DRAW
# Game ended: Tue Apr 14 13:29:53 EDT 2020
