# Server version 0.08 running on 192.168.2.139:8123
# Game ID: 348
# Board class: Saboteur.SaboteurBoard
# Timeout: 20000
# First Move Timeout: 30000
# Date: Wed Apr 15 17:53:49 EDT 2020
# Player 1: Player-0, 'RandomPlayer', running on 127.0.0.1
# Player 2: Player-1, '260714615', running on 127.0.0.1
START Player-0 RandomPlayer
START Player-1 260714615
BoardInit:Tile:6,Tile:6,Tile:0,Tile:8,Tile:9,Tile:9,Tile:0,Bonus,Destroy,Tile:8,Tile:2,Tile:12,Tile:7,Tile:6,Map,Tile:8,Map,Tile:7,Tile:10,Tile:0,Tile:6,Tile:11,Tile:8,Tile:4,Tile:3,Tile:10,Tile:0,Tile:9,Map,Destroy,Tile:5,Tile:5,Bonus,Bonus,Tile:13,Destroy,Map,Bonus,Tile:15,Tile:1,Malus-Tile:14,Tile:5,Map,Tile:10,Map,Tile:8,Tile:9-Tile:7,Malus,Tile:5,Tile:6,Tile:7,Tile:9,Tile:7-Tile:hidden2,Tile:hidden1,Tile:nugget
Map 12 3 1
Tile:7 6 5 0
Map 12 5 1
Tile:7 5 4 0
Tile:10 6 6 1
Tile:8 4 4 0
Tile:8 6 7 1
Tile:6 4 5 0
Tile:6 7 7 1
Tile:9_flip 6 8 0
Tile:0 8 7 1
Tile:8 9 7 0
Tile:0 10 7 1
Tile:5 5 7 0
Tile:5 9 6 1
Tile:7 4 3 0
Map 12 7 1
Tile:6 11 7 0
GAMEOVER WINNER 0
# Game ended: Wed Apr 15 17:54:07 EDT 2020
