# Server version 0.08 running on 192.168.2.139:8123
# Game ID: 386
# Board class: Saboteur.SaboteurBoard
# Timeout: 20000
# First Move Timeout: 30000
# Date: Wed Apr 15 18:47:26 EDT 2020
# Player 1: Player-0, '260714615', running on 192.168.2.139
# Player 2: Player-1, 'RandomPlayer', running on 192.168.2.139
START Player-0 260714615
START Player-1 RandomPlayer
BoardInit:Tile:3,Bonus,Tile:6,Map,Tile:7,Tile:11,Destroy,Tile:0,Tile:9,Bonus,Tile:5,Tile:9,Bonus,Map,Tile:4,Map,Destroy,Tile:6,Tile:9,Destroy,Map,Map,Tile:8,Tile:6,Tile:1,Tile:8,Tile:5,Tile:5,Tile:10,Tile:7,Malus,Tile:7,Tile:0,Tile:0,Tile:6,Tile:5,Tile:10,Tile:15,Malus,Tile:0,Tile:12-Tile:8,Tile:13,Tile:10,Tile:7,Tile:9,Tile:14,Bonus-Tile:7,Map,Tile:8,Tile:8,Tile:9,Tile:6,Tile:2-Tile:nugget,Tile:hidden1,Tile:hidden2
Tile:14 5 6 1
Map 12 3 0
Tile:8 6 5 1
Tile:8 7 5 0
Tile:13 7 6 1
Tile:8 8 5 0
Drop 4 0 1
Tile:6 9 5 0
Tile:7 10 5 1
Tile:9 9 4 0
Tile:9_flip 10 6 1
Tile:0 10 4 0
Tile:5 9 6 1
Tile:7 11 4 0
Tile:9_flip 9 3 1
Drop 0 0 0
Tile:4_flip 7 7 1
Tile:9 11 5 0
Destroy 9 5 1
Tile:6 9 5 0
Tile:9 6 6 1
Destroy 7 6 0
Tile:10 9 2 1
Tile:11 5 4 0
Tile:7_flip 10 7 1
Tile:6_flip 9 1 0
Tile:6_flip 10 1 1
Tile:8 11 1 0
Destroy 9 1 1
Tile:5 9 1 0
Tile:8 7 6 1
Tile:7_flip 11 2 0
Tile:10 12 6 1
Tile:7 12 2 0
GAMEOVER WINNER 0
# Game ended: Wed Apr 15 18:48:00 EDT 2020
