# Server version 0.08 running on 192.168.2.139:8123
# Game ID: 152
# Board class: Saboteur.SaboteurBoard
# Timeout: 20000
# First Move Timeout: 30000
# Date: Wed Apr 15 11:33:50 EDT 2020
# Player 1: Player-0, 'RandomPlayer', running on 127.0.0.1
# Player 2: Player-1, '260714615', running on 127.0.0.1
START Player-0 RandomPlayer
START Player-1 260714615
BoardInit:Tile:0,Bonus,Map,Tile:6,Map,Tile:0,Tile:6,Tile:8,Map,Tile:9,Tile:0,Tile:8,Tile:3,Tile:10,Tile:8,Tile:4,Tile:13,Map,Malus,Tile:9,Tile:5,Tile:6,Tile:7,Tile:7,Tile:10,Tile:0,Tile:12,Tile:5,Tile:6,Bonus,Tile:7,Tile:5,Tile:15,Destroy,Tile:1,Tile:11,Tile:5,Malus,Bonus,Tile:7,Tile:9-Destroy,Tile:10,Tile:2,Tile:8,Map,Tile:14,Destroy-Tile:8,Tile:9,Tile:6,Bonus,Tile:9,Tile:7,Map-Tile:hidden2,Tile:hidden1,Tile:nugget
Map 12 3 1
Tile:9 5 4 0
Tile:8 6 5 1
Tile:8 6 4 0
Map 12 3 1
Tile:6 7 5 0
Map 12 3 1
Tile:7_flip 6 6 0
Tile:0 8 5 1
Map 12 5 0
Map 12 3 1
Tile:8 9 5 0
Tile:6 10 5 1
Tile:9_flip 7 4 0
Tile:0 11 5 1
Tile:9_flip 9 6 0
Tile:10 10 4 1
Tile:4_flip 5 6 0
Destroy 5 6 1
Tile:10 7 3 0
Tile:8 10 3 1
Tile:9_flip 9 4 0
Tile:5 9 3 1
Tile:8 12 4 0
Malus 0 0 1
Drop 4 0 0
Tile:7_flip 11 4 1
Drop 5 0 0
Tile:10 9 7 1
Drop 2 0 0
Tile:6 13 4 1
Bonus 0 0 0
Tile:7_flip 8 4 1
Tile:6_flip 7 6 0
Tile:2 5 3 1
Tile:5_flip 5 6 0
Tile:14 7 7 1
Destroy 5 6 0
Destroy 7 7 1
Tile:11 7 2 0
Tile:5_flip 8 2 1
Drop 4 0 0
Tile:12_flip 4 5 1
Tile:0 8 6 0
Drop 3 0 1
Tile:7_flip 12 6 0
Tile:3 6 3 1
Malus 0 0 0
Bonus 0 0 1
Tile:0 13 6 0
Tile:13 13 3 1
Drop 0 0 0
Tile:9 13 2 1
Drop 0 0 0
Tile:15 5 6 1
GAMEOVER DRAW
# Game ended: Wed Apr 15 11:34:46 EDT 2020
