# Server version 0.08 running on 192.168.2.139:8123
# Game ID: 261
# Board class: Saboteur.SaboteurBoard
# Timeout: 20000
# First Move Timeout: 30000
# Date: Mon Apr 13 17:32:07 EDT 2020
# Player 1: Player-0, '260714615', running on 192.168.2.139
# Player 2: Player-1, 'RandomPlayer', running on 192.168.2.139
START Player-0 260714615
START Player-1 RandomPlayer
BoardInit:Tile:13,Tile:9,Tile:7,Tile:1,Bonus,Tile:12,Tile:9,Tile:11,Map,Tile:0,Malus,Tile:3,Map,Tile:9,Tile:7,Tile:6,Tile:10,Map,Tile:9,Tile:5,Tile:0,Tile:8,Tile:7,Destroy,Tile:10,Tile:0,Tile:4,Tile:14,Destroy,Bonus,Tile:5,Malus,Map,Tile:10,Tile:9,Tile:8,Map,Tile:2,Tile:6,Destroy,Tile:8-Tile:7,Tile:0,Bonus,Bonus,Tile:8,Tile:7,Tile:6-Map,Tile:15,Tile:6,Tile:5,Tile:8,Tile:5,Tile:6-Tile:hidden2,Tile:nugget,Tile:hidden1
Tile:8 5 6 1
Tile:5_flip 6 6 0
Tile:6 5 7 1
Map 12 3 0
Tile:0 4 7 1
Tile:6_flip 6 5 0
Tile:7_flip 4 5 1
Tile:8 7 5 0
Tile:13 5 4 1
Tile:6 8 5 0
Tile:9 7 6 1
Tile:0 9 5 0
Tile:7_flip 3 7 1
GAMEOVER TIMEOUT WINNER 1
# Game ended: Mon Apr 13 17:32:44 EDT 2020
