# Server version 0.08 running on 192.168.2.139:8123
# Game ID: 141
# Board class: Saboteur.SaboteurBoard
# Timeout: 20000
# First Move Timeout: 30000
# Date: Wed Apr 15 02:17:35 EDT 2020
# Player 1: Player-0, '260714615', running on 192.168.2.139
# Player 2: Player-1, 'RandomPlayer', running on 192.168.2.139
START Player-0 260714615
START Player-1 RandomPlayer
BoardInit:Destroy,Tile:3,Tile:0,Tile:0,Tile:5,Map,Tile:8,Tile:7,Map,Tile:0,Malus,Tile:9,Tile:9,Tile:7,Bonus,Tile:8,Bonus,Tile:9,Tile:14,Tile:10,Tile:6,Tile:5,Tile:10,Malus,Destroy,Tile:1,Map,Tile:12,Tile:5,Tile:6,Tile:9,Map,Bonus,Tile:6,Tile:6,Tile:7,Tile:13,Tile:6,Tile:4,Tile:8,Tile:5-Tile:9,Tile:2,Tile:11,Tile:7,Map,Tile:0,Tile:10-Tile:7,Tile:15,Bonus,Destroy,Tile:8,Tile:8,Map-Tile:hidden1,Tile:nugget,Tile:hidden2
Tile:11_flip 5 6 1
Map 12 3 0
Tile:7_flip 5 7 1
Drop 1 0 0
Tile:2_flip 6 5 1
Drop 5 0 0
Tile:5_flip 7 5 1
Map 12 3 0
Destroy 5 7 1
Tile:8 7 4 0
Drop 0 0 1
Tile:8 8 4 0
Tile:10 5 7 1
Tile:0 9 4 0
Tile:9 4 6 1
Tile:0 10 4 0
Tile:8 8 3 1
Tile:8 11 4 0
Drop 5 0 1
Tile:7_flip 11 5 0
Tile:14_flip 6 4 1
Destroy 5 6 0
Tile:6 12 4 1
Tile:9 11 3 0
Tile:10 11 2 1
Malus 0 0 0
Destroy 9 4 1
Tile:7_flip 8 5 0
Drop 2 0 1
Drop 6 0 0
Malus 0 0 1
Bonus 0 0 0
Map 12 7 1
Map 12 3 0
Map 12 7 1
Tile:6 9 5 0
Drop 0 0 1
Tile:6_flip 9 4 0
Map 12 7 1
Tile:6 13 4 0
Drop 4 0 1
Tile:9 13 3 0
Bonus 0 0 1
Tile:10 13 2 0
Tile:9_flip 4 7 1
Tile:7 10 5 0
Tile:5 7 3 1
Tile:7_flip 10 6 0
Tile:13 4 5 1
Tile:1 11 6 0
Tile:4_flip 4 8 1
Tile:8 12 6 0
Tile:5 3 7 1
Tile:5_flip 13 6 0
Drop 0 0 1
GAMEOVER DRAW
# Game ended: Wed Apr 15 02:18:29 EDT 2020
