# Server version 0.08 running on 192.168.2.139:8123
# Game ID: 455
# Board class: Saboteur.SaboteurBoard
# Timeout: 20000
# First Move Timeout: 30000
# Date: Wed Apr 15 21:39:39 EDT 2020
# Player 1: Player-0, 'RandomPlayer', running on 127.0.0.1
# Player 2: Player-1, '260714615', running on 127.0.0.1
START Player-0 RandomPlayer
START Player-1 260714615
BoardInit:Tile:4,Tile:7,Tile:0,Tile:8,Tile:6,Tile:8,Malus,Tile:9,Bonus,Tile:6,Tile:12,Tile:11,Tile:7,Tile:6,Tile:7,Tile:0,Tile:3,Bonus,Map,Tile:1,Tile:8,Tile:0,Map,Tile:10,Tile:6,Tile:7,Malus,Map,Map,Map,Tile:5,Tile:2,Destroy,Tile:9,Tile:9,Tile:10,Tile:5,Tile:0,Destroy,Tile:8,Tile:7-Tile:9,Tile:14,Bonus,Destroy,Map,Tile:8,Tile:5-Tile:9,Tile:13,Tile:5,Bonus,Tile:10,Tile:15,Tile:6-Tile:hidden1,Tile:hidden2,Tile:nugget
Map 12 3 1
Tile:6 4 5 0
Tile:8 6 5 1
Tile:10 6 6 0
Tile:0 7 5 1
Tile:9 5 4 0
Tile:6 8 5 1
Drop 2 0 0
Tile:9 8 4 1
Tile:15 6 7 0
Destroy 6 7 1
Tile:5 5 3 0
Drop 0 0 1
Tile:8 9 4 0
Tile:5 9 3 1
Tile:13 10 4 0
Tile:7_flip 10 5 1
Tile:0 11 5 0
Tile:7 10 3 1
Tile:11_flip 6 7 0
Map 12 5 1
Tile:1 3 5 0
Tile:8 6 4 1
Tile:6_flip 2 5 0
Map 12 7 1
Tile:7_flip 5 7 0
Malus 0 0 1
Drop 0 0 0
Malus 0 0 1
Drop 6 0 0
Tile:6 11 4 1
Drop 3 0 0
Tile:5 11 3 1
Map 12 7 0
Destroy 6 7 1
Drop 0 0 0
Tile:9_flip 12 4 1
Drop 4 0 0
Tile:5_flip 9 5 1
Drop 0 0 0
Destroy 10 4 1
Drop 4 0 0
Tile:7_flip 2 6 1
Bonus 0 0 0
Tile:4 4 4 1
Drop 3 0 0
Tile:12 3 6 1
Drop 0 0 0
Tile:3 6 3 1
Drop 2 0 0
Drop 0 0 1
Drop 0 0 0
Drop 0 0 1
Drop 0 0 0
Drop 0 0 1
GAMEOVER DRAW
# Game ended: Wed Apr 15 21:40:35 EDT 2020
