# Server version 0.08 running on 192.168.2.139:8123
# Game ID: 26
# Board class: Saboteur.SaboteurBoard
# Timeout: 20000
# First Move Timeout: 30000
# Date: Sun Apr 12 20:54:31 EDT 2020
# Player 1: Player-0, '260714615', running on 127.0.0.1
# Player 2: Player-1, 'RandomPlayer', running on 127.0.0.1
START Player-0 260714615
START Player-1 RandomPlayer
BoardInit:Tile:5,Tile:9,Destroy,Tile:14,Tile:9,Tile:0,Tile:12,Tile:0,Tile:8,Tile:5,Tile:8,Tile:7,Tile:7,Tile:7,Tile:0,Map,Tile:6,Tile:8,Map,Tile:6,Tile:0,Tile:7,Tile:9,Tile:10,Map,Tile:13,Bonus,Destroy,Bonus,Tile:8,Destroy,Malus,Tile:3,Map,Tile:9,Bonus,Tile:2,Malus,Tile:7,Tile:6,Tile:11-Tile:5,Tile:15,Bonus,Tile:10,Tile:6,Tile:1,Tile:6-Tile:4,Tile:8,Map,Map,Tile:10,Tile:5,Tile:9-Tile:hidden2,Tile:hidden1,Tile:nugget
Tile:5 4 5 1
Tile:9_flip 4 6 0
Tile:6 3 6 1
Drop 3 0 0
Tile:6_flip 6 5 1
Tile:8 4 7 0
Tile:9 5 6 1
Tile:5 2 6 0
Tile:1 3 7 1
Tile:14 4 8 0
Drop 0 0 1
Tile:9_flip 5 7 0
Destroy 5 6 1
Tile:4 5 4 0
Drop 3 0 1
Tile:7_flip 2 7 0
Tile:5 3 8 1
Map 12 7 0
Tile:10 3 5 1
Tile:0 7 5 0
Tile:7_flip 5 8 1
Tile:6 8 5 0
Tile:8 8 4 1
Tile:7_flip 7 4 0
Tile:6 9 4 1
Tile:10 3 9 0
Tile:8 3 4 1
Tile:10 5 6 0
Tile:0 6 8 1
Drop 5 0 0
Tile:9_flip 7 8 1
Drop 3 0 0
Map 12 5 1
Tile:0 9 5 0
Destroy 4 7 1
Tile:5_flip 10 5 0
Tile:9 2 4 1
Tile:7 3 3 0
Tile:2_flip 3 10 1
Destroy 2 6 0
Drop 4 0 1
Tile:6_flip 2 6 0
Drop 0 0 1
Tile:8 7 9 0
Tile:3_flip 6 6 1
Map 12 3 0
Tile:11_flip 7 7 1
Malus 0 0 0
Map 12 3 1
Map 12 5 0
Drop 0 0 1
Drop 0 0 0
Bonus 0 0 1
Malus 0 0 0
Drop 0 0 1
GAMEOVER DRAW
# Game ended: Sun Apr 12 20:54:32 EDT 2020
