# Server version 0.08 running on 192.168.2.139:8123
# Game ID: 260
# Board class: Saboteur.SaboteurBoard
# Timeout: 20000
# First Move Timeout: 30000
# Date: Wed Apr 15 15:23:50 EDT 2020
# Player 1: Player-0, 'RandomPlayer', running on 127.0.0.1
# Player 2: Player-1, '260714615', running on 127.0.0.1
START Player-0 RandomPlayer
START Player-1 260714615
BoardInit:Tile:0,Tile:10,Tile:3,Map,Bonus,Malus,Malus,Tile:7,Tile:6,Tile:8,Tile:9,Tile:5,Tile:4,Tile:10,Tile:9,Tile:8,Tile:7,Tile:9,Tile:0,Tile:15,Tile:9,Destroy,Tile:10,Tile:6,Tile:6,Tile:7,Map,Tile:14,Tile:12,Map,Tile:13,Tile:11,Bonus,Tile:1,Destroy,Tile:5,Bonus,Tile:2,Tile:9,Tile:5,Bonus-Tile:8,Destroy,Map,Map,Tile:0,Tile:7,Tile:5-Tile:6,Tile:8,Map,Tile:0,Tile:7,Tile:6,Tile:8-Tile:hidden2,Tile:hidden1,Tile:nugget
Map 12 3 1
Tile:7 6 5 0
Map 12 5 1
Map 12 5 0
Tile:8 6 6 1
Tile:8 6 7 0
Tile:0 7 6 1
Tile:6 8 6 0
Tile:0 9 6 1
Map 12 7 0
Tile:6 10 6 1
Tile:8 5 7 0
Tile:5 10 5 1
Tile:0 4 5 0
Tile:7 11 5 1
Tile:6 4 7 0
Tile:9_flip 11 6 1
Tile:7_flip 6 8 0
Tile:9 11 7 1
GAMEOVER WINNER 1
# Game ended: Wed Apr 15 15:24:10 EDT 2020
