# Server version 0.08 running on 192.168.2.139:8123
# Game ID: 146
# Board class: Saboteur.SaboteurBoard
# Timeout: 20000
# First Move Timeout: 30000
# Date: Wed Apr 15 11:19:20 EDT 2020
# Player 1: Player-0, '260714615', running on 127.0.0.1
# Player 2: Player-1, 'RandomPlayer', running on 127.0.0.1
START Player-0 260714615
START Player-1 RandomPlayer
BoardInit:Tile:9,Tile:7,Tile:9,Malus,Tile:8,Tile:10,Tile:3,Tile:9,Tile:5,Destroy,Tile:5,Tile:6,Tile:6,Tile:13,Tile:14,Map,Tile:8,Tile:8,Map,Bonus,Map,Destroy,Tile:8,Bonus,Tile:0,Map,Tile:2,Bonus,Tile:6,Tile:7,Tile:0,Tile:9,Tile:1,Tile:5,Map,Tile:7,Tile:9,Tile:7,Tile:0,Tile:4,Tile:10-Tile:11,Tile:7,Tile:12,Tile:5,Tile:10,Map,Tile:8-Tile:6,Tile:15,Bonus,Tile:6,Destroy,Malus,Tile:0-Tile:hidden2,Tile:nugget,Tile:hidden1
Map 12 5 1
Tile:6 6 5 0
Tile:11 5 6 1
Tile:6 7 5 0
Tile:9_flip 6 4 1
Tile:0 8 5 0
Drop 2 0 1
Tile:10 7 4 0
Tile:12 6 6 1
Tile:9 7 3 0
Tile:7 6 3 1
Tile:7 9 5 0
Tile:9 5 4 1
Tile:6 9 6 0
Tile:6 10 6 1
Tile:15 5 7 0
Tile:5 7 2 1
Map 12 3 0
Tile:8 5 3 1
Tile:8 11 6 0
Tile:8 12 6 1
GAMEOVER WINNER 1
# Game ended: Wed Apr 15 11:19:40 EDT 2020
