# Server version 0.08 running on 192.168.2.139:8123
# Game ID: 145
# Board class: Saboteur.SaboteurBoard
# Timeout: 20000
# First Move Timeout: 30000
# Date: Mon Apr 13 11:09:57 EDT 2020
# Player 1: Player-0, '260714615', running on 192.168.2.139
# Player 2: Player-1, 'RandomPlayer', running on 192.168.2.139
START Player-0 260714615
START Player-1 RandomPlayer
BoardInit:Tile:0,Tile:15,Map,Malus,Tile:7,Tile:4,Bonus,Tile:1,Tile:13,Tile:3,Tile:9,Map,Map,Tile:7,Tile:10,Tile:9,Tile:8,Destroy,Tile:6,Tile:12,Tile:6,Tile:0,Tile:8,Tile:9,Tile:8,Destroy,Tile:6,Tile:7,Tile:7,Tile:5,Destroy,Tile:11,Tile:0,Map,Bonus,Tile:6,Tile:6,Tile:7,Tile:5,Tile:10,Tile:9-Bonus,Tile:9,Bonus,Map,Malus,Tile:8,Map-Tile:5,Tile:5,Tile:8,Tile:14,Tile:0,Tile:10,Tile:2-Tile:hidden2,Tile:nugget,Tile:hidden1
Tile:9_flip 5 6 1
Drop 4 0 0
Drop 5 0 1
Tile:2 6 5 0
Map 12 5 1
Tile:5 4 6 0
Tile:0 7 5 1
Tile:15 4 7 0
Drop 3 0 1
Drop 5 0 0
Tile:13 8 5 1
Tile:10 5 7 0
Tile:9 5 8 1
Tile:5_flip 4 8 0
Tile:7_flip 5 9 1
Tile:14_flip 5 4 0
Tile:10 6 6 1
Drop 4 0 0
Map 12 7 1
Drop 0 0 0
Tile:6 6 9 1
Tile:3_flip 6 7 0
Tile:6 4 5 1
Tile:9_flip 8 4 0
Tile:8 9 5 1
Destroy 9 5 0
Tile:8 8 6 1
Tile:1 3 5 0
Tile:8 7 9 1
Tile:9_flip 4 4 0
Tile:7_flip 3 4 1
Tile:12 6 4 0
Destroy 8 4 1
Destroy 3 4 0
Drop 0 0 1
Tile:11 3 8 0
Tile:6 9 5 1
Drop 2 0 0
Tile:6_flip 6 8 1
Tile:6_flip 8 9 0
Tile:0 3 4 1
Tile:7 9 6 0
Tile:9 8 4 1
Map 12 7 0
Tile:5_flip 9 7 1
Tile:7_flip 7 10 0
Drop 0 0 1
Tile:7 8 3 0
Malus 0 0 1
Drop 1 0 0
Map 12 3 1
Malus 0 0 0
Drop 0 0 1
Drop 0 0 0
Bonus 0 0 1
GAMEOVER DRAW
# Game ended: Mon Apr 13 11:10:49 EDT 2020
