# Server version 0.08 running on 192.168.2.139:8123
# Game ID: 241
# Board class: Saboteur.SaboteurBoard
# Timeout: 20000
# First Move Timeout: 30000
# Date: Wed Apr 15 14:50:49 EDT 2020
# Player 1: Player-0, '260714615', running on 127.0.0.1
# Player 2: Player-1, 'RandomPlayer', running on 127.0.0.1
START Player-0 260714615
START Player-1 RandomPlayer
BoardInit:Tile:10,Tile:6,Tile:9,Tile:3,Tile:1,Tile:7,Tile:7,Tile:14,Tile:13,Malus,Tile:7,Tile:15,Tile:9,Tile:8,Tile:6,Tile:6,Tile:8,Tile:0,Map,Tile:7,Bonus,Tile:9,Tile:2,Map,Destroy,Map,Tile:9,Tile:0,Tile:8,Bonus,Tile:10,Tile:0,Tile:6,Tile:6,Bonus,Map,Malus,Tile:5,Tile:8,Tile:5,Tile:5-Tile:9,Tile:4,Tile:0,Map,Tile:5,Tile:8,Map-Destroy,Tile:12,Tile:7,Tile:11,Tile:10,Destroy,Bonus-Tile:hidden1,Tile:hidden2,Tile:nugget
Tile:8 4 5 1
Tile:7_flip 5 6 0
Tile:4 5 4 1
Tile:6 6 5 0
Tile:5_flip 7 5 1
Tile:10 7 4 0
Map 12 5 1
Tile:7_flip 3 5 0
Map 12 5 1
Drop 5 0 0
Tile:10 6 4 1
Drop 5 0 0
Tile:9_flip 4 6 1
Drop 5 0 0
Tile:0 6 6 1
Tile:8 7 3 0
Tile:6_flip 7 2 1
Tile:6 8 3 0
Tile:9 6 2 1
Tile:0 9 3 0
Drop 3 0 1
Tile:7 10 3 0
Tile:7 7 6 1
Tile:9 10 4 0
Tile:2 8 2 1
Map 12 3 0
Destroy 8 2 1
Map 12 5 0
Tile:9_flip 7 7 1
Tile:0 11 4 0
Tile:13 8 2 1
Drop 5 0 0
Tile:1 3 6 1
Tile:0 12 4 0
Drop 0 0 1
Tile:6 13 4 0
Tile:9_flip 4 7 1
Map 12 7 0
Malus 0 0 1
Bonus 0 0 0
Tile:6_flip 13 3 1
Tile:5_flip 10 5 0
Tile:8 9 5 1
Tile:5 8 5 0
Drop 4 0 1
Destroy 3 5 0
Tile:5_flip 9 2 1
Tile:12_flip 3 5 0
Drop 1 0 1
Tile:11 2 6 0
Tile:10 4 4 1
Destroy 2 6 0
Drop 0 0 1
Drop 0 0 0
Drop 0 0 1
GAMEOVER DRAW
# Game ended: Wed Apr 15 14:51:43 EDT 2020
