# Server version 0.08 running on 192.168.2.139:8123
# Game ID: 18
# Board class: Saboteur.SaboteurBoard
# Timeout: 20000
# First Move Timeout: 30000
# Date: Tue Apr 14 11:17:12 EDT 2020
# Player 1: Player-0, '260714615', running on 127.0.0.1
# Player 2: Player-1, 'RandomPlayer', running on 127.0.0.1
START Player-0 260714615
START Player-1 RandomPlayer
BoardInit:Tile:7,Tile:6,Tile:1,Tile:7,Tile:8,Map,Tile:8,Tile:5,Tile:6,Tile:5,Tile:9,Tile:7,Tile:8,Tile:5,Bonus,Tile:6,Tile:7,Map,Malus,Map,Tile:6,Tile:10,Tile:6,Bonus,Tile:7,Bonus,Tile:10,Tile:9,Tile:8,Tile:4,Tile:9,Map,Tile:9,Destroy,Tile:0,Tile:12,Tile:15,Map,Destroy,Malus,Tile:5-Tile:0,Tile:14,Tile:9,Tile:3,Tile:10,Tile:13,Tile:0-Destroy,Tile:11,Tile:0,Map,Tile:2,Bonus,Tile:8-Tile:nugget,Tile:hidden2,Tile:hidden1
Tile:13 6 5 1
Map 12 3 0
Tile:0 7 5 1
Tile:0 8 5 0
Tile:3_flip 4 5 1
Tile:8 9 5 0
Tile:14_flip 6 4 1
Tile:6 10 5 0
Tile:8 9 6 1
Tile:5 10 4 0
Tile:8 11 5 1
Tile:7 11 4 0
Tile:9_flip 9 7 1
Tile:7_flip 11 6 0
Tile:8 9 8 1
Tile:5 8 6 0
Tile:9_flip 5 4 1
Tile:6 12 6 0
Drop 0 0 1
Tile:5_flip 13 6 0
Tile:7 13 5 1
Destroy 4 5 0
Tile:0 7 4 1
Tile:10 9 4 0
Drop 3 0 1
Tile:11 5 3 0
Tile:6_flip 5 2 1
Tile:2 6 2 0
Tile:6 8 7 1
Tile:9 9 3 0
Tile:6 10 3 1
Tile:4 9 2 0
Tile:1 8 8 1
Drop 0 0 0
Tile:9 4 4 1
Destroy 4 4 0
Drop 3 0 1
Tile:12 7 2 0
Tile:9_flip 6 6 1
Drop 0 0 0
Tile:7_flip 7 7 1
Malus 0 0 0
Destroy 9 2 1
Drop 0 0 0
Drop 3 0 1
Drop 0 0 0
Drop 4 0 1
Drop 0 0 0
Drop 0 0 1
Drop 0 0 0
Drop 0 0 1
Drop 0 0 0
Drop 1 0 1
Drop 0 0 0
Drop 0 0 1
GAMEOVER DRAW
# Game ended: Tue Apr 14 11:18:06 EDT 2020
