# Server version 0.08 running on 192.168.2.139:8123
# Game ID: 162
# Board class: Saboteur.SaboteurBoard
# Timeout: 20000
# First Move Timeout: 30000
# Date: Mon Apr 13 11:38:34 EDT 2020
# Player 1: Player-0, '260714615', running on 192.168.2.139
# Player 2: Player-1, 'RandomPlayer', running on 192.168.2.139
START Player-0 260714615
START Player-1 RandomPlayer
BoardInit:Tile:0,Tile:9,Map,Tile:10,Tile:9,Bonus,Map,Tile:8,Tile:13,Malus,Tile:7,Map,Tile:9,Tile:2,Tile:6,Tile:10,Tile:5,Tile:0,Tile:8,Map,Tile:1,Map,Tile:8,Tile:6,Bonus,Tile:6,Tile:12,Malus,Tile:0,Tile:5,Bonus,Destroy,Bonus,Tile:5,Tile:11,Tile:0,Tile:9,Tile:10,Tile:7,Tile:15,Tile:14-Tile:8,Tile:4,Tile:7,Tile:9,Map,Tile:3,Destroy-Tile:7,Tile:6,Tile:6,Tile:8,Destroy,Tile:5,Tile:7-Tile:hidden1,Tile:hidden2,Tile:nugget
Tile:9 5 4 1
Tile:5 4 5 0
Tile:7 6 5 1
Tile:7_flip 6 6 0
Tile:4_flip 5 6 1
Tile:6 7 6 0
Drop 2 0 1
Tile:10 7 5 0
Destroy 7 5 1
Tile:7 5 3 0
Drop 1 0 1
Drop 5 0 0
Map 12 3 1
Destroy 7 6 0
Tile:8 4 3 1
Tile:8 4 2 0
Tile:9_flip 4 6 1
Drop 3 0 0
Tile:5 3 2 1
Tile:6 6 4 0
Tile:0 5 2 1
Tile:2_flip 3 3 0
Tile:7 7 6 1
Tile:10 6 3 0
Tile:6 3 6 1
Drop 2 0 0
Tile:9_flip 3 5 1
Tile:6_flip 6 2 0
Drop 6 0 1
Drop 1 0 0
Drop 3 0 1
Tile:5_flip 7 7 0
Tile:8 4 1 1
Tile:0 5 1 0
Drop 3 0 1
Drop 6 0 0
Tile:0 7 4 1
Destroy 6 3 0
Tile:11_flip 7 2 1
Tile:0 2 6 0
Tile:7 3 4 1
Tile:10 6 3 0
Tile:14_flip 6 7 1
Drop 1 0 0
Map 12 7 1
Tile:9_flip 4 7 0
Tile:9_flip 6 8 1
Tile:15 4 0 0
Tile:8 1 6 1
Drop 0 0 0
Tile:13 1 5 1
GAMEOVER USER CANCEL UNDECIDED
# Game ended: Mon Apr 13 11:39:22 EDT 2020
