# Server version 0.08 running on 192.168.2.139:8123
# Game ID: 188
# Board class: Saboteur.SaboteurBoard
# Timeout: 20000
# First Move Timeout: 30000
# Date: Mon Apr 13 12:05:27 EDT 2020
# Player 1: Player-0, '260714615', running on 192.168.2.139
# Player 2: Player-1, 'RandomPlayer', running on 192.168.2.139
START Player-0 260714615
START Player-1 RandomPlayer
BoardInit:Tile:7,Destroy,Tile:6,Destroy,Tile:5,Malus,Malus,Bonus,Map,Tile:10,Tile:6,Tile:3,Tile:5,Tile:14,Tile:0,Tile:9,Tile:6,Tile:7,Tile:0,Tile:8,Tile:10,Tile:2,Tile:8,Map,Tile:13,Destroy,Tile:15,Tile:8,Tile:9,Tile:7,Tile:9,Bonus,Map,Tile:12,Tile:1,Bonus,Tile:0,Tile:8,Tile:7,Tile:5,Tile:5-Tile:11,Tile:9,Bonus,Map,Map,Map,Tile:4-Tile:0,Tile:10,Tile:8,Tile:6,Tile:6,Tile:9,Tile:7-Tile:nugget,Tile:hidden2,Tile:hidden1
Tile:9_flip 5 6 1
Tile:8 5 4 0
Tile:4 5 3 1
Tile:0 6 5 0
Tile:7 7 5 1
Tile:9_flip 7 6 0
Tile:6_flip 4 6 1
Tile:6 6 4 0
Tile:5 6 3 1
Destroy 5 3 0
Drop 2 0 1
Tile:6 7 4 0
Map 12 7 1
Destroy 7 5 0
Tile:11_flip 7 3 1
Tile:14_flip 6 6 0
Map 12 3 1
Tile:9_flip 4 7 0
Drop 1 0 1
Tile:3_flip 3 6 0
Tile:0 4 5 1
Tile:10 4 8 0
Drop 5 0 1
Tile:2 3 5 0
Tile:6 7 7 1
Tile:8 6 7 0
Tile:6_flip 7 2 1
Tile:7_flip 6 2 0
Tile:5 6 1 1
Destroy 6 4 0
Tile:9_flip 5 3 1
Tile:10 4 9 0
Tile:9 5 7 1
Tile:7 5 2 0
Tile:15 5 8 1
Tile:12 8 4 0
Tile:8 4 10 1
GAMEOVER USER CANCEL UNDECIDED
# Game ended: Mon Apr 13 12:05:45 EDT 2020
