# Server version 0.08 running on 192.168.2.139:8123
# Game ID: 84
# Board class: Saboteur.SaboteurBoard
# Timeout: 20000
# First Move Timeout: 30000
# Date: Tue Apr 14 13:30:49 EDT 2020
# Player 1: Player-0, 'RandomPlayer', running on 127.0.0.1
# Player 2: Player-1, '260714615', running on 127.0.0.1
START Player-0 RandomPlayer
START Player-1 260714615
BoardInit:Tile:0,Bonus,Map,Tile:14,Tile:15,Tile:8,Tile:9,Tile:5,Map,Malus,Tile:8,Tile:11,Tile:9,Tile:5,Bonus,Bonus,Tile:6,Map,Tile:7,Tile:12,Tile:7,Tile:9,Tile:8,Tile:8,Tile:5,Tile:9,Tile:6,Map,Tile:5,Tile:6,Tile:2,Destroy,Tile:9,Tile:0,Tile:10,Tile:3,Bonus,Tile:7,Tile:0,Tile:13,Tile:10-Destroy,Tile:1,Map,Tile:6,Tile:7,Tile:7,Tile:0-Map,Tile:8,Tile:4,Malus,Tile:6,Tile:10,Destroy-Tile:hidden2,Tile:hidden1,Tile:nugget
Map 12 3 1
Drop 2 0 0
Tile:6 6 5 1
Tile:10 6 4 0
Map 12 3 1
Map 12 7 0
Tile:0 7 5 1
Tile:14_flip 4 5 0
Tile:0 8 5 1
Destroy 6 4 0
Map 12 3 1
Drop 1 0 0
Tile:8 9 5 1
Tile:5_flip 9 6 0
Tile:9 9 4 1
Tile:8 9 3 0
Tile:1 10 5 1
Tile:11_flip 4 6 0
Tile:6 11 5 1
Tile:6 4 7 0
Tile:9 11 4 1
Map 12 3 0
Tile:7 12 4 1
Tile:5_flip 10 3 0
Tile:8 10 2 1
Tile:9 8 3 0
Tile:5 11 3 1
Tile:9 3 7 0
Tile:6 11 2 1
Tile:8 5 7 0
Tile:5 8 6 1
Map 12 5 0
Tile:7_flip 8 7 1
Drop 4 0 0
Tile:9 11 1 1
Tile:6_flip 9 2 0
Tile:10 10 1 1
Tile:3 5 4 0
Tile:7 12 2 1
Tile:0 9 7 0
Tile:0 10 7 1
Destroy 12 4 0
Tile:7 13 5 1
Tile:12 10 4 0
Tile:10 13 6 1
Drop 3 0 0
Destroy 3 7 1
Tile:13 12 4 0
Tile:15 5 6 1
Malus 0 0 0
Bonus 0 0 1
Drop 0 0 0
Tile:2 3 6 1
Drop 0 0 0
Drop 0 0 1
GAMEOVER DRAW
# Game ended: Tue Apr 14 13:31:45 EDT 2020
