# Server version 0.08 running on 192.168.2.139:8123
# Game ID: 66
# Board class: Saboteur.SaboteurBoard
# Timeout: 20000
# First Move Timeout: 30000
# Date: Tue Apr 14 12:27:08 EDT 2020
# Player 1: Player-0, '260714615', running on 127.0.0.1
# Player 2: Player-1, 'RandomPlayer', running on 127.0.0.1
START Player-0 260714615
START Player-1 RandomPlayer
BoardInit:Tile:7,Tile:8,Tile:13,Bonus,Tile:5,Tile:6,Tile:8,Tile:5,Tile:9,Map,Tile:3,Tile:5,Tile:1,Tile:12,Tile:11,Tile:8,Tile:15,Malus,Tile:7,Tile:6,Tile:4,Tile:6,Tile:0,Tile:8,Malus,Tile:7,Tile:10,Map,Tile:6,Tile:5,Tile:7,Tile:0,Map,Tile:0,Tile:14,Tile:6,Tile:10,Destroy,Tile:9,Destroy,Tile:7-Tile:8,Tile:10,Tile:9,Map,Bonus,Bonus,Tile:2-Bonus,Tile:9,Tile:9,Destroy,Map,Tile:0,Map-Tile:hidden1,Tile:hidden2,Tile:nugget
Drop 3 0 1
Map 12 3 0
Tile:8 5 6 1
Map 12 3 0
Tile:7 5 4 1
Tile:0 6 5 0
Tile:5_flip 5 7 1
Tile:8 7 5 0
Tile:2_flip 4 4 1
Tile:6 8 5 0
Drop 1 0 1
Map 12 3 0
Tile:3 7 4 1
Tile:9 8 4 0
Drop 5 0 1
Tile:9 8 3 0
Tile:8 4 3 1
Tile:8 9 5 0
Tile:11_flip 4 2 1
Tile:5_flip 10 5 0
Tile:7 10 4 1
Tile:6 9 6 0
Tile:4 4 1 1
Malus 0 0 0
Drop 0 0 1
Tile:6_flip 10 6 0
Drop 3 0 1
Tile:8 11 6 0
Drop 4 0 1
Map 12 3 0
Bonus 0 0 1
Tile:5 11 5 0
Tile:10 12 4 1
Tile:5 3 3 0
Tile:15 12 2 1
Destroy 10 6 0
Tile:6 11 3 1
Tile:6 3 4 0
Tile:7 9 3 1
Destroy 12 4 0
Tile:9_flip 7 6 1
Destroy 10 4 0
Tile:10 10 4 1
Tile:12_flip 8 6 0
Drop 4 0 1
Tile:0 4 5 0
Tile:13 2 4 1
Tile:7_flip 4 7 0
Tile:7 13 3 1
Tile:0 6 6 0
Drop 0 0 1
Drop 0 0 0
Drop 0 0 1
Drop 0 0 0
Map 12 7 1
GAMEOVER DRAW
# Game ended: Tue Apr 14 12:28:02 EDT 2020
