# Server version 0.08 running on 192.168.2.139:8123
# Game ID: 249
# Board class: Saboteur.SaboteurBoard
# Timeout: 20000
# First Move Timeout: 30000
# Date: Mon Apr 13 17:13:10 EDT 2020
# Player 1: Player-0, '260714615', running on 192.168.2.139
# Player 2: Player-1, 'RandomPlayer', running on 192.168.2.139
START Player-0 260714615
START Player-1 RandomPlayer
BoardInit:Tile:11,Tile:0,Tile:5,Tile:8,Tile:13,Map,Tile:0,Map,Map,Tile:10,Malus,Tile:8,Bonus,Map,Tile:1,Map,Destroy,Tile:8,Tile:10,Bonus,Tile:7,Tile:7,Tile:7,Malus,Tile:4,Tile:15,Tile:14,Tile:6,Tile:12,Tile:9,Tile:8,Tile:6,Tile:3,Tile:8,Tile:9,Tile:7,Destroy,Tile:9,Tile:9,Tile:5,Tile:6-Tile:6,Tile:5,Tile:0,Destroy,Tile:9,Bonus,Map-Bonus,Tile:6,Tile:0,Tile:5,Tile:10,Tile:2,Tile:7-Tile:hidden1,Tile:hidden2,Tile:nugget
Drop 3 0 1
Tile:6 6 5 0
Tile:5_flip 5 6 1
Tile:0 7 5 0
Drop 2 0 1
Tile:0 8 5 0
Drop 4 0 1
Map 12 3 0
Map 12 3 1
Map 12 3 0
Drop 1 0 1
Tile:8 9 5 0
Tile:5 6 4 1
Tile:8 10 5 0
Drop 2 0 1
Map 12 3 0
Malus 0 0 1
Bonus 0 0 0
Tile:0 11 5 1
Map 12 3 0
Destroy 11 5 1
Tile:8 11 5 0
Tile:6_flip 10 4 1
Tile:10 11 6 0
Tile:7 11 4 1
Malus 0 0 0
Map 12 7 1
Tile:7_flip 11 7 0
GAMEOVER WINNER 0
# Game ended: Mon Apr 13 17:13:23 EDT 2020
