# Server version 0.08 running on 192.168.2.139:8123
# Game ID: 430
# Board class: Saboteur.SaboteurBoard
# Timeout: 20000
# First Move Timeout: 30000
# Date: Wed Apr 15 19:46:03 EDT 2020
# Player 1: Player-0, 'RandomPlayer', running on 127.0.0.1
# Player 2: Player-1, '260714615', running on 127.0.0.1
START Player-0 RandomPlayer
START Player-1 260714615
BoardInit:Tile:8,Tile:10,Tile:12,Tile:5,Tile:0,Tile:10,Tile:6,Tile:9,Tile:9,Tile:6,Tile:7,Bonus,Tile:5,Tile:6,Tile:7,Tile:11,Bonus,Tile:7,Map,Tile:4,Map,Tile:15,Map,Tile:7,Tile:7,Destroy,Tile:8,Tile:5,Tile:9,Malus,Bonus,Map,Bonus,Tile:9,Tile:13,Tile:0,Tile:8,Tile:9,Map,Tile:1,Tile:0-Tile:8,Tile:3,Tile:5,Tile:8,Destroy,Tile:6,Tile:0-Map,Destroy,Tile:14,Tile:2,Malus,Tile:6,Tile:10-Tile:hidden1,Tile:hidden2,Tile:nugget
Tile:8 6 5 1
Tile:6_flip 7 5 0
Drop 0 0 1
Malus 0 0 0
Destroy 6 5 1
Tile:2_flip 6 5 0
Drop 0 0 1
Tile:10 5 4 0
Drop 0 0 1
Tile:5 6 4 0
Drop 0 0 1
Tile:10 7 6 0
Drop 0 0 1
Drop 0 0 0
Drop 0 0 1
Tile:9 5 6 0
Drop 0 0 1
Drop 5 0 0
Bonus 0 0 1
Drop 5 0 0
Map 12 3 1
Destroy 6 5 0
Map 12 5 1
Tile:15 5 3 0
Map 12 7 1
Tile:14 7 7 0
Tile:0 7 4 1
Tile:7 6 6 0
Tile:6 8 5 1
Drop 6 0 0
Tile:8 9 5 1
Drop 2 0 0
Tile:9 9 6 1
Tile:6_flip 10 5 0
Tile:7_flip 9 7 1
Tile:9 4 5 0
Tile:5_flip 10 7 1
Tile:7_flip 6 7 0
Tile:8 10 6 1
Destroy 8 5 0
Tile:9 9 4 1
Drop 2 0 0
Tile:0 8 5 1
Tile:10 4 6 0
Tile:7 11 6 1
Tile:0 11 5 0
Tile:7_flip 11 7 1
Tile:4_flip 4 7 0
Tile:13 5 2 1
Tile:9_flip 6 2 0
Drop 0 0 1
Tile:1 4 2 0
Drop 0 0 1
Map 12 7 0
Drop 0 0 1
GAMEOVER DRAW
# Game ended: Wed Apr 15 19:47:00 EDT 2020
