# Server version 0.08 running on 192.168.2.139:8123
# Game ID: 122
# Board class: Saboteur.SaboteurBoard
# Timeout: 20000
# First Move Timeout: 30000
# Date: Mon Apr 13 03:27:50 EDT 2020
# Player 1: Player-0, '260714615', running on 192.168.2.139
# Player 2: Player-1, 'RandomPlayer', running on 192.168.2.139
START Player-0 260714615
START Player-1 RandomPlayer
BoardInit:Tile:7,Tile:9,Map,Tile:0,Tile:8,Tile:2,Tile:7,Tile:8,Tile:9,Tile:5,Tile:9,Tile:9,Tile:7,Tile:3,Tile:11,Tile:6,Tile:6,Bonus,Tile:15,Tile:10,Tile:9,Tile:0,Tile:8,Tile:10,Tile:7,Tile:5,Tile:13,Destroy,Map,Destroy,Tile:4,Bonus,Map,Bonus,Tile:6,Tile:6,Destroy,Bonus,Tile:7,Tile:14,Tile:8-Malus,Tile:0,Malus,Tile:8,Tile:12,Tile:1,Tile:10-Tile:5,Map,Map,Tile:5,Tile:0,Map,Tile:6-Tile:nugget,Tile:hidden1,Tile:hidden2
Tile:1 6 5 1
Tile:5 4 5 0
Drop 5 0 1
Tile:6_flip 5 4 0
Tile:0 7 5 1
Tile:0 4 4 0
Tile:8 8 5 1
Tile:2 9 5 0
Drop 2 0 1
Tile:5_flip 8 6 0
Drop 0 0 1
Drop 2 0 0
Tile:9 9 6 1
Tile:0 6 4 0
Tile:8 4 6 1
Tile:9 8 4 0
Tile:11 8 3 1
Tile:5 8 2 0
Drop 0 0 1
Tile:3_flip 9 7 0
Drop 3 0 1
Tile:8 9 2 0
Drop 5 0 1
GAMEOVER TIMEOUT WINNER 1
# Game ended: Mon Apr 13 03:28:32 EDT 2020
