# Server version 0.08 running on 192.168.2.139:8123
# Game ID: 232
# Board class: Saboteur.SaboteurBoard
# Timeout: 20000
# First Move Timeout: 30000
# Date: Wed Apr 15 14:45:28 EDT 2020
# Player 1: Player-0, 'RandomPlayer', running on 127.0.0.1
# Player 2: Player-1, '260714615', running on 127.0.0.1
START Player-0 RandomPlayer
START Player-1 260714615
BoardInit:Map,Tile:6,Tile:8,Tile:2,Tile:9,Tile:8,Tile:9,Tile:7,Map,Map,Map,Malus,Tile:12,Tile:15,Malus,Tile:5,Tile:5,Tile:6,Tile:9,Bonus,Tile:7,Tile:8,Tile:13,Tile:7,Tile:6,Tile:5,Destroy,Destroy,Tile:8,Tile:9,Bonus,Tile:4,Tile:10,Map,Tile:10,Tile:9,Map,Tile:3,Tile:10,Destroy,Tile:0-Tile:14,Tile:0,Tile:6,Tile:6,Tile:0,Tile:1,Tile:0-Bonus,Tile:11,Tile:7,Tile:7,Tile:5,Tile:8,Bonus-Tile:hidden1,Tile:nugget,Tile:hidden2
Tile:0 6 5 1
Tile:11 5 6 0
Map 12 3 1
Tile:5_flip 7 5 0
Tile:6_flip 7 4 1
Tile:7_flip 6 4 0
Tile:6 8 4 1
Tile:6_flip 4 5 0
Tile:0 9 4 1
Tile:7_flip 3 5 0
Map 12 5 1
Tile:8 5 7 0
Tile:0 10 4 1
Drop 2 0 0
Tile:8 11 4 1
Tile:15 3 4 0
Tile:9 11 5 1
GAMEOVER WINNER 1
# Game ended: Wed Apr 15 14:45:46 EDT 2020
