# Server version 0.08 running on 192.168.2.139:8123
# Game ID: 117
# Board class: Saboteur.SaboteurBoard
# Timeout: 20000
# First Move Timeout: 30000
# Date: Wed Apr 15 01:05:47 EDT 2020
# Player 1: Player-0, '260714615', running on 192.168.2.139
# Player 2: Player-1, 'RandomPlayer', running on 192.168.2.139
START Player-0 260714615
START Player-1 RandomPlayer
BoardInit:Tile:8,Tile:6,Tile:8,Tile:1,Tile:0,Destroy,Malus,Tile:7,Tile:8,Tile:9,Tile:6,Tile:9,Tile:10,Tile:5,Tile:9,Tile:0,Tile:6,Map,Tile:11,Map,Tile:0,Bonus,Tile:15,Malus,Tile:8,Tile:4,Tile:0,Tile:5,Map,Tile:10,Tile:2,Tile:3,Tile:7,Bonus,Tile:13,Tile:5,Tile:7,Tile:14,Tile:9,Map,Tile:10-Tile:8,Tile:6,Tile:7,Tile:9,Tile:12,Tile:7,Bonus-Tile:6,Destroy,Map,Destroy,Bonus,Tile:5,Map-Tile:hidden1,Tile:nugget,Tile:hidden2
Tile:9_flip 6 5 1
Map 12 3 0
Tile:7 6 4 1
Map 12 3 0
Tile:8 5 6 1
Tile:6 6 6 0
Drop 4 0 1
Tile:6 7 6 0
Tile:6 4 6 1
Tile:5 7 5 0
Drop 1 0 1
Tile:9 5 4 0
Malus 0 0 1
Bonus 0 0 0
Drop 2 0 1
Tile:7_flip 5 7 0
Tile:6_flip 8 6 1
Tile:0 9 6 0
Tile:6_flip 4 5 1
Map 12 3 0
Tile:11 5 3 1
Map 12 3 0
Tile:8 10 6 1
Tile:9 10 5 0
Drop 5 0 1
Malus 0 0 0
Drop 0 0 1
Tile:1 11 5 0
Drop 6 0 1
Tile:5 10 4 0
Drop 3 0 1
Tile:5_flip 11 4 0
Map 12 7 1
Tile:10 11 3 0
Drop 0 0 1
Destroy 7 6 0
Drop 3 0 1
Tile:5 11 2 0
Drop 6 0 1
Destroy 4 5 0
Drop 2 0 1
Map 12 3 0
Drop 0 0 1
Destroy 4 6 0
Drop 4 0 1
Tile:4 5 2 0
Drop 2 0 1
Tile:3 6 7 0
Drop 0 0 1
Tile:14 6 3 0
Drop 0 0 1
Drop 0 0 0
Drop 1 0 1
Drop 0 0 0
Drop 0 0 1
GAMEOVER DRAW
# Game ended: Wed Apr 15 01:06:41 EDT 2020
