# Server version 0.08 running on 192.168.2.139:8123
# Game ID: 88
# Board class: Saboteur.SaboteurBoard
# Timeout: 20000
# First Move Timeout: 30000
# Date: Tue Apr 14 13:34:34 EDT 2020
# Player 1: Player-0, 'RandomPlayer', running on 127.0.0.1
# Player 2: Player-1, '260714615', running on 127.0.0.1
START Player-0 RandomPlayer
START Player-1 260714615
BoardInit:Tile:7,Map,Tile:6,Destroy,Tile:5,Tile:8,Tile:9,Bonus,Tile:0,Bonus,Bonus,Malus,Tile:10,Tile:9,Tile:11,Tile:6,Tile:5,Tile:2,Tile:9,Tile:5,Tile:6,Map,Map,Tile:12,Map,Tile:6,Tile:9,Tile:10,Tile:0,Tile:4,Tile:5,Destroy,Tile:8,Tile:8,Tile:8,Tile:7,Tile:7,Tile:9,Tile:8,Tile:1,Destroy-Tile:0,Tile:10,Tile:7,Bonus,Tile:7,Tile:15,Map-Map,Malus,Tile:6,Tile:14,Tile:13,Tile:0,Tile:3-Tile:hidden2,Tile:hidden1,Tile:nugget
Map 12 3 1
Tile:3 5 4 0
Tile:0 6 5 1
Tile:6_flip 7 5 0
Tile:6 8 5 1
Map 12 7 0
Tile:10 8 4 1
Tile:8 9 5 0
Tile:7_flip 9 6 1
Tile:0 10 5 0
Tile:0 11 5 1
Drop 0 0 0
Tile:5 9 4 1
Drop 0 0 0
Tile:7 10 6 1
Destroy 5 4 0
Tile:7_flip 10 7 1
Tile:9_flip 13 5 0
Tile:9 13 4 1
Tile:2 13 3 0
Tile:10 13 6 1
Tile:5 4 5 0
Tile:9 13 7 1
Tile:6 11 7 0
GAMEOVER WINNER 0
# Game ended: Tue Apr 14 13:34:58 EDT 2020
