# Server version 0.08 running on 192.168.2.139:8123
# Game ID: 191
# Board class: Saboteur.SaboteurBoard
# Timeout: 20000
# First Move Timeout: 30000
# Date: Wed Apr 15 13:11:17 EDT 2020
# Player 1: Player-0, '260714615', running on 192.168.2.139
# Player 2: Player-1, 'RandomPlayer', running on 192.168.2.139
START Player-0 260714615
START Player-1 RandomPlayer
BoardInit:Tile:8,Tile:5,Tile:5,Tile:5,Malus,Tile:9,Tile:6,Tile:7,Destroy,Tile:6,Tile:15,Tile:0,Bonus,Tile:8,Tile:14,Bonus,Tile:0,Tile:9,Tile:1,Tile:2,Tile:10,Tile:10,Tile:7,Tile:9,Map,Malus,Destroy,Tile:8,Map,Tile:6,Tile:11,Tile:9,Tile:0,Tile:5,Map,Bonus,Bonus,Tile:8,Tile:7,Map,Destroy-Tile:4,Map,Map,Tile:0,Tile:6,Tile:6,Tile:3-Tile:12,Tile:7,Tile:10,Tile:9,Tile:13,Tile:8,Tile:7-Tile:nugget,Tile:hidden2,Tile:hidden1
Tile:6_flip 5 4 1
Tile:8 6 5 0
Drop 1 0 1
Tile:7_flip 6 6 0
Tile:5_flip 7 6 1
Tile:10 5 6 0
Malus 0 0 1
Drop 0 0 0
Tile:6_flip 4 5 1
Drop 0 0 0
Tile:6 3 5 1
Drop 0 0 0
Tile:8 6 4 1
Drop 0 0 0
Tile:3 6 3 1
Drop 0 0 0
Drop 0 0 1
Bonus 0 0 0
Drop 1 0 1
Tile:6_flip 7 5 0
Tile:0 7 4 1
Tile:0 8 5 0
Tile:1 9 5 1
Tile:8 10 5 0
Tile:15 10 4 1
Tile:5_flip 11 5 0
Destroy 6 6 1
Tile:9 11 4 0
Tile:7_flip 6 6 1
Malus 0 0 0
Map 12 3 1
Tile:8 12 4 0
Map 12 3 1
Tile:6 13 4 0
Destroy 6 4 1
Tile:7_flip 10 6 0
Map 12 7 1
Tile:9 11 3 0
Map 12 7 1
Tile:10 13 3 0
Drop 4 0 1
Tile:9 11 2 0
Destroy 7 6 1
Tile:8 12 2 0
Drop 3 0 1
Tile:9 12 1 0
Drop 4 0 1
Tile:5 12 0 0
Drop 0 0 1
Tile:2 3 4 0
Drop 0 0 1
Map 12 3 0
Bonus 0 0 1
Drop 0 0 0
Tile:10 4 6 1
GAMEOVER DRAW
# Game ended: Wed Apr 15 13:12:25 EDT 2020
