# Server version 0.08 running on 192.168.2.139:8123
# Game ID: 95
# Board class: Saboteur.SaboteurBoard
# Timeout: 20000
# First Move Timeout: 30000
# Date: Tue Apr 14 23:10:45 EDT 2020
# Player 1: Player-0, '260714615', running on 192.168.2.139
# Player 2: Player-1, 'RandomPlayer', running on 192.168.2.139
START Player-0 260714615
START Player-1 RandomPlayer
BoardInit:Tile:7,Tile:0,Destroy,Tile:6,Tile:10,Tile:8,Map,Tile:6,Tile:8,Malus,Tile:9,Tile:9,Tile:0,Tile:8,Tile:5,Tile:7,Tile:12,Tile:7,Map,Tile:7,Tile:0,Tile:14,Tile:6,Map,Tile:9,Tile:5,Destroy,Tile:6,Tile:7,Malus,Tile:10,Tile:5,Tile:2,Tile:3,Tile:13,Tile:15,Tile:9,Tile:8,Bonus,Map,Tile:9-Map,Destroy,Tile:5,Tile:8,Bonus,Tile:6,Tile:4-Tile:11,Tile:0,Tile:1,Tile:10,Map,Bonus,Bonus-Tile:hidden1,Tile:hidden2,Tile:nugget
Map 12 7 1
Map 12 3 0
Tile:7_flip 5 6 1
Tile:0 6 5 0
Tile:4 5 4 1
Tile:0 7 5 0
Drop 3 0 1
Tile:6 8 5 0
Tile:6 4 5 1
Tile:8 9 5 0
Tile:8 10 5 1
Tile:6 11 5 0
Tile:8 3 5 1
Tile:10 11 4 0
Tile:9 12 4 1
Tile:8 13 4 0
Destroy 7 5 1
Tile:9 8 4 0
Drop 0 0 1
Tile:7_flip 9 6 0
Map 12 7 1
Tile:7_flip 3 6 0
Tile:10 12 6 1
Malus 0 0 0
Destroy 6 5 1
Tile:7 9 4 0
Drop 0 0 1
Map 12 7 0
Destroy 8 5 1
Tile:1 6 6 0
Drop 1 0 1
Malus 0 0 0
Drop 4 0 1
Tile:6 7 6 0
Drop 0 0 1
Tile:14_flip 7 5 0
Drop 4 0 1
Tile:3 8 6 0
Drop 0 0 1
Tile:11 3 4 0
Drop 4 0 1
Tile:8 10 6 0
Drop 5 0 1
Tile:5_flip 13 5 0
Drop 4 0 1
Tile:5 11 3 0
Drop 2 0 1
Drop 2 0 0
Drop 0 0 1
Drop 0 0 0
Drop 0 0 1
Drop 0 0 0
Drop 1 0 1
Drop 0 0 0
Drop 0 0 1
GAMEOVER DRAW
# Game ended: Tue Apr 14 23:11:40 EDT 2020
