# Server version 0.08 running on 192.168.2.139:8123
# Game ID: 172
# Board class: Saboteur.SaboteurBoard
# Timeout: 20000
# First Move Timeout: 30000
# Date: Wed Apr 15 12:35:03 EDT 2020
# Player 1: Player-0, '260714615', running on 192.168.2.139
# Player 2: Player-1, 'RandomPlayer', running on 192.168.2.139
START Player-0 260714615
START Player-1 RandomPlayer
BoardInit:Tile:12,Tile:10,Tile:9,Tile:2,Tile:8,Tile:7,Tile:9,Bonus,Tile:0,Tile:9,Map,Tile:11,Tile:7,Tile:15,Tile:10,Tile:13,Map,Tile:8,Tile:6,Tile:10,Tile:0,Map,Tile:0,Bonus,Tile:1,Destroy,Tile:8,Tile:5,Tile:5,Tile:8,Map,Destroy,Tile:6,Destroy,Map,Bonus,Tile:5,Tile:9,Tile:6,Tile:0,Tile:9-Malus,Tile:6,Tile:4,Malus,Tile:8,Tile:7,Tile:6-Tile:5,Tile:7,Tile:7,Map,Tile:3,Tile:14,Bonus-Tile:hidden2,Tile:hidden1,Tile:nugget
Tile:6 4 5 1
Map 12 3 0
Tile:6 6 5 1
Tile:5 6 4 0
Tile:9_flip 7 5 1
Tile:7_flip 7 6 0
Tile:8 7 4 1
Tile:10 7 3 0
Tile:9_flip 5 4 1
Tile:7_flip 5 6 0
Tile:7 5 3 1
Tile:9 7 2 0
Tile:8 8 4 1
Tile:7_flip 8 5 0
Tile:7 9 4 1
Tile:3 6 6 0
Tile:4 8 3 1
Tile:14 6 7 0
Tile:0 8 2 1
Tile:8 9 5 0
Map 12 5 1
Tile:10 9 6 0
Tile:12_flip 5 7 1
Map 12 3 0
Drop 4 0 1
Tile:2 4 4 0
Map 12 3 1
Tile:11 3 4 0
Tile:1 9 2 1
Tile:5_flip 10 5 0
Tile:0 4 3 1
Tile:8 10 2 0
Tile:5 10 1 1
Tile:15 7 1 0
Drop 4 0 1
Tile:13 3 3 0
Tile:10 9 7 1
Destroy 3 3 0
Tile:6 9 8 1
Tile:9 10 4 0
Tile:6 10 8 1
Tile:0 11 4 0
Map 12 7 1
Destroy 3 4 0
Tile:5_flip 12 4 1
Destroy 5 7 0
Tile:0 3 5 1
Drop 0 0 0
Tile:9_flip 7 0 1
Drop 0 0 0
Drop 1 0 1
Drop 0 0 0
Malus 0 0 1
Bonus 0 0 0
Drop 0 0 1
GAMEOVER DRAW
# Game ended: Wed Apr 15 12:36:13 EDT 2020
