# Server version 0.08 running on 192.168.2.139:8123
# Game ID: 442
# Board class: Saboteur.SaboteurBoard
# Timeout: 20000
# First Move Timeout: 30000
# Date: Wed Apr 15 19:54:37 EDT 2020
# Player 1: Player-0, 'RandomPlayer', running on 127.0.0.1
# Player 2: Player-1, '260714615', running on 127.0.0.1
START Player-0 RandomPlayer
START Player-1 260714615
BoardInit:Destroy,Tile:8,Tile:9,Tile:9,Tile:8,Tile:6,Tile:4,Tile:5,Tile:5,Tile:8,Bonus,Tile:8,Tile:0,Map,Tile:5,Tile:14,Tile:5,Bonus,Tile:13,Tile:7,Bonus,Malus,Tile:8,Tile:6,Tile:9,Tile:3,Tile:10,Map,Tile:7,Tile:7,Tile:0,Tile:6,Tile:10,Tile:6,Map,Tile:15,Tile:7,Tile:0,Tile:9,Destroy,Map-Destroy,Tile:12,Bonus,Tile:2,Tile:0,Malus,Tile:10-Tile:6,Tile:9,Tile:11,Map,Map,Tile:1,Tile:7-Tile:hidden1,Tile:nugget,Tile:hidden2
Tile:0 6 5 1
Tile:9_flip 5 4 0
Tile:10 5 6 1
Tile:8 5 3 0
Tile:9 5 7 1
Tile:6 6 7 0
Tile:8 7 5 1
Tile:7 5 2 0
Destroy 5 2 1
Map 12 7 0
Drop 0 0 1
Drop 3 0 0
Tile:5 7 4 1
Tile:6_flip 7 7 0
Tile:0 8 5 1
Tile:11 4 3 0
Tile:5_flip 9 5 1
Tile:14_flip 9 4 0
Destroy 9 4 1
Map 12 7 0
Tile:5 9 4 1
Tile:7 8 7 0
Tile:2 4 2 1
Drop 1 0 0
Malus 0 0 1
Drop 0 0 0
Tile:8 10 4 1
Malus 0 0 0
Bonus 0 0 1
Map 12 5 0
Drop 0 0 1
Drop 3 0 0
Tile:0 11 4 1
Map 12 7 0
Tile:9 10 5 1
Drop 0 0 0
Map 12 3 1
Drop 4 0 0
Tile:7 11 5 1
Drop 0 0 0
Tile:7_flip 11 6 1
Drop 2 0 0
Map 12 5 1
Destroy 11 5 0
Tile:9_flip 12 4 1
GAMEOVER WINNER 1
# Game ended: Wed Apr 15 19:55:23 EDT 2020
