# Server version 0.08 running on 192.168.2.139:8123
# Game ID: 457
# Board class: Saboteur.SaboteurBoard
# Timeout: 20000
# First Move Timeout: 30000
# Date: Wed Apr 15 21:40:59 EDT 2020
# Player 1: Player-0, 'RandomPlayer', running on 127.0.0.1
# Player 2: Player-1, '260714615', running on 127.0.0.1
START Player-0 RandomPlayer
START Player-1 260714615
BoardInit:Tile:0,Destroy,Bonus,Tile:8,Tile:9,Map,Tile:7,Tile:6,Tile:10,Tile:5,Tile:8,Tile:5,Tile:9,Tile:10,Map,Tile:13,Tile:6,Tile:8,Bonus,Tile:6,Destroy,Map,Tile:3,Bonus,Tile:7,Malus,Tile:4,Tile:5,Tile:12,Tile:6,Map,Tile:5,Tile:0,Map,Tile:7,Tile:10,Bonus,Tile:6,Tile:9,Tile:2,Tile:14-Tile:15,Tile:9,Tile:7,Map,Tile:7,Tile:1,Tile:8-Tile:8,Tile:0,Tile:9,Malus,Tile:0,Tile:11,Destroy-Tile:nugget,Tile:hidden2,Tile:hidden1
Map 12 3 1
Drop 3 0 0
Drop 0 0 1
Tile:11_flip 5 6 0
Tile:8 6 5 1
Drop 2 0 0
Tile:0 7 5 1
Drop 2 0 0
Tile:9 6 4 1
Tile:8 5 7 0
Tile:9 6 3 1
Tile:0 7 4 0
Tile:8 8 4 1
Tile:8 6 2 0
Tile:9 8 3 1
Map 12 7 0
Tile:7 9 3 1
Destroy 5 7 0
Tile:6 9 4 1
Tile:6 10 4 0
Tile:7 11 4 1
Destroy 6 3 0
Drop 0 0 1
Tile:8 4 5 0
Tile:7_flip 11 5 1
Tile:5_flip 13 5 0
Tile:10 13 4 1
Tile:10 5 4 0
Tile:7 13 3 1
GAMEOVER WINNER 1
# Game ended: Wed Apr 15 21:41:29 EDT 2020
