# Server version 0.08 running on 192.168.2.139:8123
# Game ID: 396
# Board class: Saboteur.SaboteurBoard
# Timeout: 20000
# First Move Timeout: 30000
# Date: Wed Apr 15 19:06:14 EDT 2020
# Player 1: Player-0, '260714615', running on 192.168.2.139
# Player 2: Player-1, 'RandomPlayer', running on 192.168.2.139
START Player-0 260714615
START Player-1 RandomPlayer
BoardInit:Tile:9,Tile:6,Tile:9,Tile:10,Map,Bonus,Tile:5,Tile:0,Tile:7,Tile:13,Tile:11,Tile:12,Tile:10,Tile:6,Malus,Tile:3,Malus,Map,Tile:9,Destroy,Bonus,Bonus,Tile:8,Tile:2,Tile:6,Tile:6,Tile:5,Bonus,Tile:9,Tile:0,Map,Tile:14,Tile:0,Tile:8,Tile:8,Tile:10,Tile:5,Tile:6,Tile:15,Tile:4,Destroy-Tile:8,Tile:8,Tile:7,Tile:9,Destroy,Map,Tile:7-Map,Map,Tile:7,Tile:1,Tile:0,Tile:5,Tile:7-Tile:nugget,Tile:hidden1,Tile:hidden2
Map 12 5 1
Map 12 3 0
Tile:9_flip 5 4 1
Drop 0 0 0
Tile:7 6 5 1
Tile:5_flip 6 6 0
Tile:9 4 5 1
Tile:7 5 3 0
Map 12 5 1
Drop 0 0 0
Destroy 5 4 1
Tile:7 4 4 0
Tile:11 4 6 1
Tile:10 5 4 0
Tile:8 3 4 1
Tile:6 5 6 0
Tile:7_flip 4 7 1
Tile:0 4 3 0
Tile:7 5 7 1
Tile:6 5 8 0
Tile:8 3 3 1
Tile:0 6 8 0
Tile:5 4 8 1
Tile:13 3 2 0
Tile:9 2 3 1
Tile:12 4 2 0
Tile:8 3 1 1
Tile:6 7 8 0
Tile:9 2 2 1
Tile:3 3 0 0
Tile:6_flip 8 8 1
Tile:0 9 8 0
Tile:9 2 0 1
Destroy 2 0 0
Malus 0 0 1
Bonus 0 0 0
Malus 0 0 1
Drop 0 0 0
Tile:0 4 1 1
Bonus 0 0 0
Tile:8 2 4 1
Drop 0 0 0
Destroy 4 7 1
Tile:8 10 8 0
Tile:15 8 9 1
Tile:10 10 7 0
Tile:5_flip 2 5 1
Tile:6_flip 10 6 0
Tile:5_flip 5 1 1
Tile:14 4 9 0
Tile:10 3 5 1
Tile:4 5 0 0
Map 12 3 1
Drop 0 0 0
Drop 0 0 1
GAMEOVER DRAW
# Game ended: Wed Apr 15 19:07:08 EDT 2020
