# Server version 0.08 running on 192.168.2.139:8123
# Game ID: 62
# Board class: Saboteur.SaboteurBoard
# Timeout: 20000
# First Move Timeout: 30000
# Date: Tue Apr 14 12:23:55 EDT 2020
# Player 1: Player-0, '260714615', running on 127.0.0.1
# Player 2: Player-1, 'RandomPlayer', running on 127.0.0.1
START Player-0 260714615
START Player-1 RandomPlayer
BoardInit:Tile:7,Tile:9,Tile:0,Tile:9,Tile:9,Tile:7,Tile:10,Map,Tile:5,Map,Malus,Map,Tile:6,Tile:8,Tile:9,Tile:5,Tile:7,Tile:0,Tile:8,Tile:5,Destroy,Bonus,Tile:0,Bonus,Tile:10,Tile:9,Tile:7,Bonus,Map,Tile:8,Map,Tile:6,Tile:8,Tile:6,Destroy,Tile:6,Tile:8,Tile:12,Tile:11,Map,Bonus-Tile:10,Tile:0,Tile:1,Malus,Tile:13,Tile:14,Tile:2-Tile:15,Destroy,Tile:3,Tile:6,Tile:5,Tile:4,Tile:7-Tile:nugget,Tile:hidden2,Tile:hidden1
Drop 3 0 1
Tile:6 6 5 0
Tile:2 4 5 1
Tile:5 6 4 0
Tile:0 7 5 1
Tile:7_flip 5 6 0
Tile:0 6 6 1
Tile:9_flip 8 5 0
Tile:9_flip 4 6 1
Map 12 3 0
Drop 1 0 1
Tile:9 8 4 0
Tile:5 8 3 1
Tile:7_flip 8 6 0
Tile:14 9 4 1
Tile:8 9 3 0
Tile:9_flip 10 3 1
Tile:5 10 2 0
Tile:10 10 4 1
Tile:0 11 2 0
Tile:7_flip 4 7 1
Tile:5_flip 12 2 0
Tile:13 10 5 1
Tile:15 5 4 0
Tile:0 3 6 1
Destroy 3 6 0
Tile:7_flip 10 6 1
Tile:9 12 1 0
Tile:6 11 5 1
Tile:3 5 7 0
Drop 1 0 1
Tile:8 13 1 0
Tile:10 5 3 1
Tile:6_flip 12 0 0
Tile:8 5 2 1
Tile:6 11 0 0
Destroy 11 5 1
Tile:6 11 5 0
Drop 4 0 1
Tile:4 5 1 0
Tile:7 11 6 1
Tile:12 6 2 0
Tile:8 3 6 1
Drop 0 0 0
Tile:11 11 4 1
Drop 0 0 0
Destroy 12 1 1
Drop 0 0 0
Drop 3 0 1
Drop 0 0 0
Tile:10 3 7 1
Drop 0 0 0
Map 12 7 1
Drop 0 0 0
Map 12 5 1
GAMEOVER DRAW
# Game ended: Tue Apr 14 12:24:49 EDT 2020
