# Server version 0.08 running on 192.168.2.139:8123
# Game ID: 60
# Board class: Saboteur.SaboteurBoard
# Timeout: 20000
# First Move Timeout: 30000
# Date: Tue Apr 14 12:22:02 EDT 2020
# Player 1: Player-0, '260714615', running on 127.0.0.1
# Player 2: Player-1, 'RandomPlayer', running on 127.0.0.1
START Player-0 260714615
START Player-1 RandomPlayer
BoardInit:Tile:0,Map,Tile:13,Tile:8,Bonus,Map,Tile:6,Tile:9,Tile:9,Tile:8,Tile:14,Tile:8,Tile:5,Tile:4,Map,Tile:3,Destroy,Tile:9,Malus,Map,Tile:5,Tile:9,Tile:12,Tile:8,Map,Tile:2,Destroy,Tile:7,Tile:7,Tile:7,Bonus,Tile:8,Tile:10,Tile:1,Tile:11,Tile:6,Bonus,Tile:9,Tile:6,Tile:7,Map-Tile:10,Tile:15,Tile:10,Tile:0,Destroy,Tile:5,Malus-Tile:0,Tile:7,Bonus,Tile:0,Tile:6,Tile:6,Tile:5-Tile:hidden1,Tile:hidden2,Tile:nugget
Tile:10 5 4 1
Tile:0 6 5 0
Drop 5 0 1
Map 12 3 0
Tile:13 5 6 1
Tile:0 7 5 0
Tile:15 5 7 1
Map 12 3 0
Tile:0 6 6 1
Tile:6 8 5 0
Tile:6 9 5 1
Tile:6 10 5 0
Destroy 8 5 1
Tile:8 11 5 0
Tile:14 5 8 1
Tile:7_flip 11 6 0
Tile:9_flip 12 6 1
Tile:5 11 4 0
Tile:10 10 4 1
Tile:8 12 4 0
Tile:0 4 8 1
Map 12 3 0
Tile:5 5 3 1
Tile:8 13 4 0
Tile:12_flip 4 5 1
Tile:9 13 5 0
Destroy 5 8 1
Tile:9 13 6 0
Destroy 13 5 1
Tile:9 13 5 0
Tile:5 4 6 1
Tile:8 13 3 0
Tile:7 7 6 1
Tile:7_flip 13 7 0
Tile:5_flip 4 7 1
Tile:8 10 3 0
Tile:11 7 7 1
Tile:6 11 3 0
Tile:10 11 2 1
Tile:9 13 2 0
Map 12 7 1
Tile:7_flip 9 3 0
Drop 0 0 1
Tile:7_flip 7 8 0
Map 12 3 1
Tile:1 8 5 0
Drop 3 0 1
Tile:4 9 2 0
Malus 0 0 1
Bonus 0 0 0
Map 12 3 1
Tile:3 6 3 0
Drop 1 0 1
Tile:2 3 7 0
Drop 0 0 1
GAMEOVER DRAW
# Game ended: Tue Apr 14 12:22:56 EDT 2020
