# Server version 0.08 running on 192.168.2.139:8123
# Game ID: 202
# Board class: Saboteur.SaboteurBoard
# Timeout: 20000
# First Move Timeout: 30000
# Date: Mon Apr 13 12:30:57 EDT 2020
# Player 1: Player-0, '260714615', running on 192.168.2.139
# Player 2: Player-1, 'RandomPlayer', running on 192.168.2.139
START Player-0 260714615
START Player-1 RandomPlayer
BoardInit:Tile:3,Map,Map,Tile:8,Bonus,Tile:4,Destroy,Tile:7,Malus,Tile:0,Tile:0,Map,Tile:7,Tile:8,Tile:6,Map,Tile:14,Tile:8,Tile:9,Tile:13,Tile:9,Tile:2,Tile:6,Tile:5,Tile:10,Tile:1,Tile:11,Tile:8,Tile:8,Tile:7,Malus,Tile:10,Tile:5,Tile:9,Tile:0,Tile:10,Map,Map,Tile:9,Bonus,Tile:15-Tile:7,Tile:6,Tile:0,Bonus,Tile:6,Destroy,Tile:9-Tile:6,Bonus,Tile:5,Tile:12,Tile:5,Tile:7,Destroy-Tile:hidden2,Tile:hidden1,Tile:nugget
Tile:9 4 5 1
Tile:6 4 6 0
Tile:6 3 6 1
Tile:5 2 6 0
Tile:3 4 4 1
Tile:7 6 5 0
Tile:0 3 4 1
Tile:5_flip 2 7 0
Destroy 6 5 1
Destroy 4 4 0
Tile:6_flip 1 7 1
Tile:8 6 5 0
Destroy 2 7 1
Tile:7 3 5 0
Drop 3 0 1
Tile:8 2 7 0
Tile:7_flip 1 8 1
Tile:0 7 5 0
Drop 1 0 1
Map 12 5 0
Drop 6 0 1
Map 12 3 0
Tile:14 5 6 1
Tile:13 5 4 0
Tile:6 2 4 1
Tile:2_flip 2 8 0
Tile:9 1 4 1
Tile:8 5 3 0
Tile:11 1 5 1
GAMEOVER USER CANCEL UNDECIDED
# Game ended: Mon Apr 13 12:31:11 EDT 2020
