# Server version 0.08 running on 192.168.2.139:8123
# Game ID: 171
# Board class: Saboteur.SaboteurBoard
# Timeout: 20000
# First Move Timeout: 30000
# Date: Mon Apr 13 11:49:13 EDT 2020
# Player 1: Player-0, '260714615', running on 192.168.2.139
# Player 2: Player-1, 'RandomPlayer', running on 192.168.2.139
START Player-0 260714615
START Player-1 RandomPlayer
BoardInit:Tile:5,Tile:6,Tile:10,Tile:2,Destroy,Tile:0,Tile:3,Tile:5,Tile:8,Tile:6,Tile:8,Map,Tile:7,Tile:6,Tile:8,Tile:9,Bonus,Tile:8,Bonus,Bonus,Malus,Tile:0,Map,Tile:11,Destroy,Tile:6,Tile:6,Tile:10,Map,Tile:0,Tile:4,Tile:10,Tile:7,Tile:0,Malus,Tile:1,Tile:7,Map,Tile:7,Tile:5,Tile:9-Tile:5,Tile:13,Tile:12,Tile:9,Bonus,Tile:9,Tile:14-Map,Map,Tile:7,Tile:15,Tile:9,Destroy,Tile:8-Tile:nugget,Tile:hidden1,Tile:hidden2
Tile:9_flip 5 4 1
Drop 4 0 0
Tile:12 6 5 1
Tile:7_flip 4 4 0
Tile:5 4 3 1
Tile:6_flip 5 3 0
Tile:14_flip 4 5 1
Map 12 7 0
Tile:3_flip 5 6 1
Tile:0 6 6 0
Tile:8 7 6 1
Destroy 7 6 0
Destroy 5 3 1
Drop 5 0 0
Tile:5_flip 4 6 1
Drop 6 0 0
Drop 6 0 1
Drop 5 0 0
Tile:13 5 3 1
Tile:8 6 3 0
Tile:8 7 6 1
Tile:15 7 5 0
Tile:9 5 2 1
Tile:9_flip 7 3 0
Malus 0 0 1
Map 12 7 0
Destroy 4 4 1
Drop 4 0 0
Tile:7 6 2 1
Bonus 0 0 0
Tile:10 5 1 1
Drop 6 0 0
Map 12 3 1
Tile:5 7 2 0
Tile:7_flip 6 4 1
Tile:10 7 7 0
Tile:6 8 6 1
Tile:2_flip 9 6 0
Drop 3 0 1
Tile:6 7 8 0
Tile:7_flip 4 4 1
Tile:11 8 5 0
Tile:9_flip 10 6 1
Tile:0 8 2 0
Drop 4 0 1
Tile:1 9 2 0
Tile:7_flip 6 8 1
Tile:10 10 7 0
Tile:4 5 0 1
Tile:8 7 4 0
Drop 0 0 1
Map 12 3 0
Drop 1 0 1
Tile:5 3 6 0
Drop 0 0 1
GAMEOVER DRAW
# Game ended: Mon Apr 13 11:49:39 EDT 2020
