# Server version 0.08 running on 192.168.2.139:8123
# Game ID: 378
# Board class: Saboteur.SaboteurBoard
# Timeout: 20000
# First Move Timeout: 30000
# Date: Wed Apr 15 18:32:11 EDT 2020
# Player 1: Player-0, '260714615', running on 192.168.2.139
# Player 2: Player-1, 'RandomPlayer', running on 192.168.2.139
START Player-0 260714615
START Player-1 RandomPlayer
BoardInit:Tile:10,Map,Map,Tile:8,Tile:8,Tile:14,Tile:7,Tile:6,Tile:8,Tile:9,Tile:5,Tile:6,Map,Malus,Map,Tile:0,Tile:11,Destroy,Tile:7,Tile:2,Tile:0,Tile:4,Tile:9,Tile:6,Tile:0,Tile:6,Tile:15,Tile:5,Tile:6,Tile:7,Tile:5,Tile:10,Tile:5,Destroy,Tile:8,Tile:7,Map,Tile:9,Tile:10,Tile:9,Tile:7-Malus,Tile:8,Tile:3,Bonus,Bonus,Tile:9,Tile:1-Bonus,Tile:0,Map,Destroy,Bonus,Tile:12,Tile:13-Tile:nugget,Tile:hidden2,Tile:hidden1
Tile:8 4 5 1
Map 12 3 0
Malus 0 0 1
Bonus 0 0 0
Tile:10 5 6 1
Tile:0 6 5 0
Map 12 5 1
Tile:8 7 5 0
Tile:7_flip 5 7 1
Tile:6 8 5 0
Tile:1 9 5 1
Tile:9_flip 10 5 0
Tile:9 8 4 1
Tile:6_flip 10 4 0
Drop 5 0 1
Malus 0 0 0
Map 12 3 1
Tile:0 11 4 0
Drop 5 0 1
Destroy 4 5 0
Drop 4 0 1
Tile:12 6 7 0
Drop 5 0 1
Destroy 6 7 0
Drop 0 0 1
Tile:6 12 4 0
Drop 5 0 1
Tile:6 13 4 0
Drop 2 0 1
Tile:5 13 3 0
Drop 4 0 1
Tile:7_flip 10 6 0
Drop 6 0 1
Tile:10 8 3 0
Drop 4 0 1
Destroy 12 4 0
Drop 3 0 1
Tile:7 11 6 0
Map 12 5 1
Tile:9 8 2 0
Drop 4 0 1
Tile:9_flip 9 2 0
Bonus 0 0 1
Tile:13 5 4 0
Tile:11 4 5 1
Tile:14 4 6 0
Tile:7_flip 9 3 1
Tile:2 4 4 0
Tile:10 5 3 1
Tile:4 5 2 0
Tile:8 7 6 1
Drop 0 0 0
Tile:6 10 3 1
Drop 0 0 0
Drop 0 0 1
GAMEOVER DRAW
# Game ended: Wed Apr 15 18:33:05 EDT 2020
