# Server version 0.08 running on 192.168.2.139:8123
# Game ID: 294
# Board class: Saboteur.SaboteurBoard
# Timeout: 20000
# First Move Timeout: 30000
# Date: Mon Apr 13 18:44:25 EDT 2020
# Player 1: Player-0, '260714615', running on 192.168.2.139
# Player 2: Player-1, 'RandomPlayer', running on 192.168.2.139
START Player-0 260714615
START Player-1 RandomPlayer
BoardInit:Tile:13,Tile:15,Tile:9,Map,Tile:14,Tile:7,Tile:11,Tile:0,Map,Tile:6,Tile:8,Bonus,Tile:4,Tile:5,Tile:5,Tile:7,Tile:5,Tile:1,Tile:7,Tile:0,Malus,Bonus,Tile:10,Tile:6,Tile:10,Tile:8,Tile:2,Tile:9,Tile:3,Map,Tile:6,Tile:8,Tile:7,Tile:10,Map,Tile:0,Tile:8,Tile:5,Tile:7,Tile:9,Tile:6-Map,Destroy,Tile:9,Bonus,Map,Malus,Tile:8-Tile:9,Destroy,Tile:0,Destroy,Tile:6,Bonus,Tile:12-Tile:hidden2,Tile:hidden1,Tile:nugget
Tile:9 5 6 1
Tile:0 6 5 0
Drop 1 0 1
Tile:6 7 5 0
Tile:9_flip 5 4 1
Map 12 3 0
Tile:13 8 5 1
Tile:9 8 4 0
Tile:11_flip 8 6 1
Tile:0 9 5 0
Map 12 5 1
Tile:6 10 5 0
Tile:8 5 7 1
Tile:7 11 5 0
Drop 5 0 1
Tile:5 10 4 0
Tile:5_flip 11 6 1
Tile:7_flip 8 7 0
Map 12 7 1
Destroy 5 4 0
Tile:14 6 7 1
Tile:0 11 4 0
Tile:7 12 4 1
Destroy 5 6 0
Tile:4 7 4 1
Tile:6_flip 10 6 0
Malus 0 0 1
Bonus 0 0 0
Drop 2 0 1
Tile:8 10 7 0
Drop 2 0 1
Map 12 3 0
Map 12 3 1
Tile:9 10 8 0
Tile:3_flip 4 5 1
Tile:8 11 8 0
Tile:2 11 7 1
Tile:0 12 8 0
Tile:8 11 9 1
Tile:5 9 6 0
Tile:10 5 6 1
Tile:10 8 3 0
Tile:6 10 9 1
Tile:9 8 2 0
Tile:7_flip 5 8 1
Tile:12 6 8 0
Tile:6_flip 7 6 1
Tile:15 4 4 0
Map 12 3 1
Tile:1 4 7 0
Tile:10 5 4 1
Drop 0 0 0
Tile:7 9 2 1
Drop 0 0 0
Drop 0 0 1
GAMEOVER DRAW
# Game ended: Mon Apr 13 18:44:50 EDT 2020
