# Server version 0.08 running on 192.168.2.139:8123
# Game ID: 437
# Board class: Saboteur.SaboteurBoard
# Timeout: 20000
# First Move Timeout: 30000
# Date: Wed Apr 15 19:51:36 EDT 2020
# Player 1: Player-0, '260714615', running on 127.0.0.1
# Player 2: Player-1, 'RandomPlayer', running on 127.0.0.1
START Player-0 260714615
START Player-1 RandomPlayer
BoardInit:Map,Tile:4,Tile:5,Tile:8,Tile:7,Bonus,Tile:10,Tile:6,Tile:5,Tile:5,Tile:8,Tile:3,Tile:6,Bonus,Tile:0,Tile:9,Tile:9,Tile:0,Tile:8,Destroy,Destroy,Tile:15,Tile:9,Map,Tile:7,Tile:6,Tile:12,Tile:7,Tile:9,Bonus,Tile:6,Tile:2,Tile:13,Tile:10,Tile:14,Destroy,Tile:9,Map,Tile:8,Map,Malus-Tile:1,Bonus,Tile:7,Tile:0,Tile:11,Tile:10,Map-Map,Tile:7,Malus,Tile:8,Tile:0,Tile:5,Tile:6-Tile:hidden2,Tile:nugget,Tile:hidden1
Tile:7 5 4 1
Map 12 3 0
Tile:0 4 5 1
Tile:8 6 5 0
Tile:5_flip 5 6 1
Tile:0 7 5 0
Tile:7_flip 6 6 1
Tile:6 8 5 0
Tile:1 3 5 1
Tile:8 9 5 0
Map 12 3 1
Tile:6 10 5 0
Tile:10 9 6 1
Tile:7 11 5 0
Tile:5 2 5 1
Tile:5 10 4 0
Tile:8 11 6 1
Tile:5_flip 12 6 0
GAMEOVER WINNER 0
# Game ended: Wed Apr 15 19:51:54 EDT 2020
