# Server version 0.08 running on 192.168.2.139:8123
# Game ID: 450
# Board class: Saboteur.SaboteurBoard
# Timeout: 20000
# First Move Timeout: 30000
# Date: Wed Apr 15 21:07:15 EDT 2020
# Player 1: Player-0, '260714615', running on 192.168.2.139
# Player 2: Player-1, 'RandomPlayer', running on 192.168.2.139
START Player-0 260714615
START Player-1 RandomPlayer
BoardInit:Tile:7,Tile:7,Tile:10,Tile:13,Tile:9,Destroy,Tile:0,Tile:9,Bonus,Tile:0,Tile:5,Tile:8,Tile:11,Tile:15,Map,Tile:7,Tile:6,Destroy,Tile:5,Tile:4,Tile:0,Map,Tile:7,Tile:10,Tile:6,Map,Tile:9,Tile:3,Bonus,Tile:6,Destroy,Tile:6,Tile:1,Tile:7,Map,Tile:8,Bonus,Tile:14,Tile:8,Tile:8,Tile:12-Tile:10,Tile:2,Bonus,Tile:9,Malus,Map,Tile:9-Map,Tile:8,Tile:6,Malus,Tile:0,Tile:5,Tile:5-Tile:hidden2,Tile:nugget,Tile:hidden1
Tile:9 4 5 1
Map 12 3 0
Tile:9 4 6 1
Tile:8 6 5 0
Tile:2_flip 5 6 1
Tile:6 7 5 0
Tile:9 4 7 1
Tile:0 8 5 0
Drop 0 0 1
Tile:5 7 4 0
Tile:0 9 5 1
GAMEOVER TIMEOUT WINNER 1
# Game ended: Wed Apr 15 21:07:46 EDT 2020
