# Server version 0.08 running on 192.168.2.139:8123
# Game ID: 349
# Board class: Saboteur.SaboteurBoard
# Timeout: 20000
# First Move Timeout: 30000
# Date: Wed Apr 15 17:54:08 EDT 2020
# Player 1: Player-0, '260714615', running on 127.0.0.1
# Player 2: Player-1, 'RandomPlayer', running on 127.0.0.1
START Player-0 260714615
START Player-1 RandomPlayer
BoardInit:Map,Tile:8,Tile:0,Tile:12,Tile:8,Malus,Tile:6,Tile:5,Tile:9,Tile:9,Tile:6,Bonus,Tile:7,Tile:10,Map,Tile:1,Tile:7,Tile:9,Tile:9,Tile:4,Tile:5,Tile:7,Tile:13,Map,Bonus,Tile:15,Bonus,Map,Tile:5,Tile:11,Tile:8,Tile:0,Tile:2,Tile:7,Tile:8,Tile:6,Tile:3,Bonus,Malus,Tile:0,Tile:8-Tile:5,Tile:0,Tile:10,Tile:7,Destroy,Tile:6,Tile:14-Tile:10,Tile:9,Tile:6,Destroy,Map,Map,Destroy-Tile:nugget,Tile:hidden1,Tile:hidden2
Tile:5 4 5 1
Map 12 3 0
Drop 1 0 1
Tile:6 6 5 0
Tile:7_flip 5 6 1
Tile:8 7 5 0
Tile:14_flip 7 4 1
Destroy 7 4 0
Tile:6_flip 5 4 1
Malus 0 0 0
Drop 1 0 1
Tile:10 7 4 0
Drop 4 0 1
Tile:9 7 3 0
Map 12 7 1
Tile:5 7 2 0
Map 12 7 1
Tile:9 7 6 0
Drop 3 0 1
Tile:10 7 7 0
Drop 2 0 1
Tile:9 7 8 0
Drop 0 0 1
Tile:7_flip 7 9 0
Drop 2 0 1
Tile:1 8 3 0
Drop 0 0 1
Destroy 4 5 0
Drop 2 0 1
Tile:12 6 6 0
Drop 4 0 1
Tile:11 4 4 0
Drop 4 0 1
Tile:0 9 3 0
Drop 3 0 1
Tile:7 10 3 0
Drop 3 0 1
Tile:6 10 4 0
Drop 6 0 1
Tile:4 4 3 0
Drop 4 0 1
Tile:0 11 4 0
Drop 5 0 1
Drop 0 0 0
Drop 4 0 1
Drop 0 0 0
Drop 2 0 1
Drop 0 0 0
Drop 0 0 1
Drop 0 0 0
Drop 0 0 1
Drop 0 0 0
Drop 1 0 1
Drop 0 0 0
Drop 0 0 1
GAMEOVER DRAW
# Game ended: Wed Apr 15 17:55:02 EDT 2020
