# Server version 0.08 running on 192.168.2.139:8123
# Game ID: 245
# Board class: Saboteur.SaboteurBoard
# Timeout: 20000
# First Move Timeout: 30000
# Date: Wed Apr 15 14:56:56 EDT 2020
# Player 1: Player-0, '260714615', running on 127.0.0.1
# Player 2: Player-1, 'RandomPlayer', running on 127.0.0.1
START Player-0 260714615
START Player-1 RandomPlayer
BoardInit:Tile:6,Tile:8,Tile:8,Destroy,Tile:2,Tile:0,Tile:5,Bonus,Map,Tile:6,Bonus,Tile:8,Tile:9,Destroy,Tile:0,Map,Tile:0,Tile:6,Tile:9,Tile:1,Malus,Bonus,Tile:13,Tile:6,Malus,Tile:6,Tile:5,Tile:15,Tile:12,Tile:4,Tile:10,Map,Tile:9,Tile:7,Bonus,Tile:9,Map,Tile:11,Destroy,Tile:10,Tile:9-Tile:7,Tile:5,Tile:8,Tile:5,Tile:14,Tile:8,Tile:10-Map,Map,Tile:3,Tile:7,Tile:7,Tile:7,Tile:0-Tile:hidden2,Tile:nugget,Tile:hidden1
Tile:14_flip 4 5 1
Map 12 3 0
Tile:5_flip 6 5 1
Map 12 5 0
Tile:8 5 4 1
Tile:8 6 4 0
Tile:7_flip 4 4 1
Tile:0 7 4 0
Tile:2 5 3 1
Tile:0 8 4 0
Tile:6 9 4 1
Tile:6 10 4 0
Tile:5 4 3 1
Tile:8 11 4 0
Drop 3 0 1
Tile:7_flip 11 5 0
GAMEOVER WINNER 0
# Game ended: Wed Apr 15 14:57:12 EDT 2020
