# Server version 0.08 running on 192.168.2.139:8123
# Game ID: 15
# Board class: Saboteur.SaboteurBoard
# Timeout: 20000
# First Move Timeout: 30000
# Date: Tue Apr 14 11:14:21 EDT 2020
# Player 1: Player-0, 'RandomPlayer', running on 127.0.0.1
# Player 2: Player-1, '260714615', running on 127.0.0.1
START Player-0 RandomPlayer
START Player-1 260714615
BoardInit:Map,Tile:10,Tile:6,Destroy,Tile:9,Tile:9,Map,Tile:2,Tile:6,Tile:4,Tile:13,Tile:6,Tile:5,Tile:7,Tile:8,Bonus,Bonus,Map,Tile:9,Tile:8,Map,Tile:14,Tile:6,Tile:8,Tile:11,Tile:9,Tile:8,Tile:0,Tile:5,Tile:3,Tile:10,Bonus,Tile:7,Tile:0,Tile:10,Tile:0,Malus,Tile:7,Malus,Tile:15,Bonus-Map,Tile:7,Tile:6,Destroy,Tile:7,Tile:5,Tile:8-Tile:1,Tile:12,Tile:5,Tile:0,Tile:9,Map,Destroy-Tile:hidden2,Tile:hidden1,Tile:nugget
Map 12 3 1
Tile:12 6 5 0
Map 12 3 1
Tile:0 4 5 0
Tile:7_flip 5 6 1
Destroy 4 5 0
Tile:6_flip 6 6 1
Drop 2 0 0
Map 12 3 1
Tile:5 5 4 0
Tile:8 7 6 1
Destroy 6 6 0
Tile:6 8 6 1
Tile:2_flip 9 6 0
Tile:6 10 6 1
Tile:7_flip 7 7 0
Tile:8 11 6 1
Tile:6 4 5 0
Tile:5 11 5 1
Tile:9_flip 12 6 0
Tile:7_flip 11 7 1
Tile:4 7 5 0
Map 12 3 1
Drop 5 0 0
Tile:9 9 5 1
Tile:14 6 4 0
Tile:5 9 4 1
Tile:10 4 4 0
Tile:6 10 4 1
Tile:1 11 4 0
Tile:8 12 4 1
Drop 3 0 0
Tile:9 10 3 1
Tile:0 11 3 0
Tile:5_flip 13 4 1
Tile:3 10 5 0
Tile:10 13 3 1
Tile:0 6 6 0
Malus 0 0 1
Map 12 7 0
Malus 0 0 1
Map 12 7 0
Tile:10 13 2 1
Drop 4 0 0
Tile:7 10 2 1
Drop 3 0 0
Destroy 4 4 1
Drop 2 0 0
Tile:13 3 5 1
Bonus 0 0 0
Tile:11 3 4 1
Drop 0 0 0
Drop 0 0 1
Drop 0 0 0
Drop 0 0 1
GAMEOVER DRAW
# Game ended: Tue Apr 14 11:15:18 EDT 2020
