# Server version 0.08 running on 192.168.2.139:8123
# Game ID: 31
# Board class: Saboteur.SaboteurBoard
# Timeout: 20000
# First Move Timeout: 30000
# Date: Tue Apr 14 11:35:13 EDT 2020
# Player 1: Player-0, 'RandomPlayer', running on 127.0.0.1
# Player 2: Player-1, '260714615', running on 127.0.0.1
START Player-0 RandomPlayer
START Player-1 260714615
BoardInit:Map,Tile:10,Map,Tile:5,Tile:6,Tile:5,Tile:6,Bonus,Tile:9,Bonus,Tile:8,Tile:13,Tile:9,Tile:12,Tile:7,Map,Tile:7,Malus,Tile:10,Tile:9,Tile:8,Tile:5,Tile:0,Bonus,Destroy,Tile:7,Tile:6,Tile:7,Tile:10,Tile:9,Map,Tile:15,Tile:11,Tile:0,Tile:8,Tile:6,Tile:9,Tile:4,Tile:7,Tile:5,Malus-Bonus,Tile:8,Tile:2,Tile:3,Map,Tile:0,Tile:8-Tile:1,Destroy,Tile:0,Map,Tile:14,Destroy,Tile:6-Tile:hidden1,Tile:hidden2,Tile:nugget
Map 12 3 1
Map 12 3 0
Map 12 3 1
Tile:14 5 6 0
Map 12 3 1
Tile:1 4 6 0
Tile:8 6 5 1
Tile:5_flip 7 5 0
Tile:8 7 4 1
Tile:5 3 6 0
Tile:0 8 4 1
Destroy 3 6 0
Tile:6 9 4 1
Drop 2 0 0
Tile:6 10 4 1
Tile:13 6 4 0
Tile:8 11 4 1
Tile:12 12 4 0
Tile:9 11 5 1
Tile:10 6 6 0
Tile:9 11 6 1
Map 12 7 0
Tile:8 12 6 1
GAMEOVER WINNER 1
# Game ended: Tue Apr 14 11:35:37 EDT 2020
