# Server version 0.08 running on 192.168.2.139:8123
# Game ID: 293
# Board class: Saboteur.SaboteurBoard
# Timeout: 20000
# First Move Timeout: 30000
# Date: Wed Apr 15 16:02:04 EDT 2020
# Player 1: Player-0, 'RandomPlayer', running on 127.0.0.1
# Player 2: Player-1, '260714615', running on 127.0.0.1
START Player-0 RandomPlayer
START Player-1 260714615
BoardInit:Tile:9,Tile:6,Tile:7,Tile:12,Tile:15,Map,Map,Tile:0,Tile:7,Tile:13,Malus,Tile:4,Tile:9,Tile:5,Tile:0,Tile:10,Tile:10,Tile:14,Destroy,Tile:6,Tile:8,Tile:6,Map,Tile:9,Tile:6,Map,Tile:0,Tile:5,Tile:8,Bonus,Malus,Tile:5,Destroy,Destroy,Bonus,Bonus,Tile:0,Tile:8,Tile:8,Tile:6,Tile:10-Tile:7,Tile:11,Tile:9,Tile:9,Tile:1,Tile:8,Map-Tile:2,Tile:7,Bonus,Tile:7,Tile:3,Map,Tile:5-Tile:nugget,Tile:hidden2,Tile:hidden1
Map 12 3 1
Map 12 5 0
Tile:8 6 5 1
Tile:7_flip 5 6 0
Tile:9 6 4 1
Tile:2_flip 6 6 0
Tile:9 6 3 1
Tile:3 7 5 0
Tile:9 6 2 1
Tile:5_flip 7 6 0
Tile:7_flip 4 5 1
Tile:0 7 4 0
Tile:1 8 4 1
Tile:7 9 4 0
Tile:7_flip 9 5 1
Tile:6_flip 4 4 0
Tile:0 10 5 1
Tile:12 7 3 0
Tile:7 11 5 1
Tile:10 6 1 0
Destroy 6 6 1
Tile:5_flip 7 2 0
Tile:9 11 6 1
Drop 5 0 0
Tile:8 12 6 1
Tile:9_flip 13 6 0
Tile:10 13 5 1
Tile:14 13 7 0
Malus 0 0 1
Map 12 5 0
Tile:6_flip 13 4 1
Bonus 0 0 0
Tile:0 12 4 1
Tile:5_flip 11 7 0
Destroy 12 4 1
Tile:6_flip 12 4 0
Malus 0 0 1
Drop 6 0 0
Tile:0 11 4 1
Drop 2 0 0
Tile:8 10 7 1
Destroy 9 4 0
Tile:8 9 4 1
Bonus 0 0 0
Tile:10 9 3 1
Tile:6 6 6 0
Tile:11 3 4 1
Tile:13 9 2 0
Tile:15 3 3 1
Tile:4 3 2 0
Drop 0 0 1
Tile:5 6 0 0
Drop 0 0 1
Tile:8 10 8 0
Drop 0 0 1
GAMEOVER DRAW
# Game ended: Wed Apr 15 16:03:01 EDT 2020
