# Server version 0.08 running on 192.168.2.139:8123
# Game ID: 409
# Board class: Saboteur.SaboteurBoard
# Timeout: 20000
# First Move Timeout: 30000
# Date: Wed Apr 15 19:23:57 EDT 2020
# Player 1: Player-0, '260714615', running on 127.0.0.1
# Player 2: Player-1, 'RandomPlayer', running on 127.0.0.1
START Player-0 260714615
START Player-1 RandomPlayer
BoardInit:Tile:5,Destroy,Tile:9,Tile:0,Tile:8,Destroy,Tile:9,Tile:7,Tile:6,Map,Tile:8,Tile:5,Tile:9,Tile:7,Tile:0,Tile:0,Destroy,Tile:6,Tile:0,Malus,Map,Tile:6,Tile:13,Tile:10,Tile:6,Tile:12,Map,Tile:15,Tile:1,Tile:10,Map,Map,Tile:8,Tile:9,Tile:11,Bonus,Tile:5,Malus,Bonus,Tile:2,Tile:7-Tile:7,Tile:8,Tile:6,Tile:9,Tile:8,Tile:7,Tile:14-Tile:5,Tile:10,Bonus,Map,Tile:4,Tile:3,Bonus-Tile:hidden2,Tile:nugget,Tile:hidden1
Tile:14 5 6 1
Map 12 3 0
Tile:8 6 5 1
Tile:5 6 4 0
Tile:7_flip 6 6 1
Tile:0 7 5 0
Tile:8 4 6 1
Tile:10 5 4 0
Tile:5 4 5 1
Tile:7 8 5 0
Tile:8 8 6 1
Map 12 5 0
Tile:9_flip 4 7 1
Tile:5_flip 9 6 0
Tile:9 5 3 1
Tile:7_flip 8 7 0
Tile:0 7 4 1
Tile:0 9 7 0
Destroy 7 4 1
Tile:6 10 7 0
Tile:8 3 7 1
Tile:4 5 2 0
Tile:9 9 5 1
Malus 0 0 0
Drop 4 0 1
Tile:6 10 5 0
Drop 3 0 1
Tile:10 10 4 0
Drop 5 0 1
Tile:3 9 4 0
Map 12 7 1
Destroy 9 4 0
Map 12 7 1
Tile:10 10 3 0
Drop 3 0 1
Tile:9_flip 11 5 0
Drop 2 0 1
Destroy 3 7 0
Map 12 5 1
Malus 0 0 0
Drop 4 0 1
Tile:12 6 3 0
Drop 5 0 1
Tile:15 4 8 0
Drop 4 0 1
Tile:2 3 6 0
Drop 2 0 1
Drop 0 0 0
Drop 0 0 1
Drop 0 0 0
Drop 0 0 1
Drop 0 0 0
Drop 1 0 1
Drop 0 0 0
Drop 0 0 1
GAMEOVER DRAW
# Game ended: Wed Apr 15 19:24:51 EDT 2020
