# Server version 0.08 running on 192.168.2.139:8123
# Game ID: 238
# Board class: Saboteur.SaboteurBoard
# Timeout: 20000
# First Move Timeout: 30000
# Date: Wed Apr 15 14:48:33 EDT 2020
# Player 1: Player-0, 'RandomPlayer', running on 127.0.0.1
# Player 2: Player-1, '260714615', running on 127.0.0.1
START Player-0 RandomPlayer
START Player-1 260714615
BoardInit:Tile:0,Map,Tile:14,Tile:0,Tile:5,Tile:1,Tile:9,Tile:5,Malus,Tile:7,Tile:8,Map,Bonus,Tile:6,Tile:8,Tile:6,Malus,Tile:0,Tile:9,Tile:6,Tile:13,Tile:6,Tile:9,Tile:5,Tile:12,Tile:4,Bonus,Tile:8,Tile:3,Tile:7,Tile:9,Tile:10,Bonus,Tile:7,Tile:2,Tile:7,Map,Map,Destroy,Destroy,Tile:10-Tile:8,Tile:5,Tile:9,Bonus,Tile:6,Tile:7,Tile:15-Tile:10,Tile:11,Map,Tile:0,Map,Tile:8,Destroy-Tile:hidden1,Tile:hidden2,Tile:nugget
Tile:8 6 5 1
Map 12 7 0
Tile:6 7 5 1
Destroy 6 5 0
Tile:0 6 5 1
Tile:10 7 4 0
Tile:5 7 3 1
Drop 2 0 0
Tile:9 5 4 1
Tile:0 8 5 0
Tile:7 9 5 1
Tile:5_flip 6 4 0
Tile:9 9 6 1
Tile:0 8 3 0
Tile:8 10 6 1
Tile:7_flip 4 5 0
Tile:8 11 6 1
Tile:6 9 3 0
Tile:5 11 5 1
Tile:11_flip 12 4 0
Tile:9_flip 12 6 1
GAMEOVER WINNER 1
# Game ended: Wed Apr 15 14:48:55 EDT 2020
