# Server version 0.08 running on 192.168.2.139:8123
# Game ID: 375
# Board class: Saboteur.SaboteurBoard
# Timeout: 20000
# First Move Timeout: 30000
# Date: Wed Apr 15 18:23:59 EDT 2020
# Player 1: Player-0, '260714615', running on 192.168.2.139
# Player 2: Player-1, 'RandomPlayer', running on 192.168.2.139
START Player-0 260714615
START Player-1 RandomPlayer
BoardInit:Map,Tile:5,Tile:5,Tile:9,Destroy,Map,Tile:7,Tile:9,Map,Bonus,Map,Tile:13,Map,Tile:4,Map,Tile:7,Malus,Bonus,Bonus,Tile:9,Tile:15,Tile:8,Destroy,Destroy,Tile:10,Tile:12,Tile:14,Tile:11,Tile:0,Tile:1,Tile:0,Tile:8,Tile:6,Tile:2,Tile:8,Tile:7,Malus,Bonus,Tile:8,Tile:5,Tile:10-Tile:6,Tile:9,Tile:0,Tile:8,Tile:6,Tile:5,Tile:0-Tile:9,Tile:10,Tile:7,Tile:3,Tile:6,Tile:6,Tile:7-Tile:hidden2,Tile:hidden1,Tile:nugget
Tile:9_flip 5 4 1
Tile:6 6 5 0
Drop 5 0 1
Tile:6 7 5 0
Tile:6_flip 7 4 1
Tile:10 5 6 0
Tile:6 4 5 1
Map 12 3 0
Tile:5 3 5 1
Tile:9_flip 8 5 0
Tile:5 6 4 1
Tile:7 8 4 0
Tile:8 8 6 1
Tile:7 9 6 0
Drop 3 0 1
Tile:5_flip 9 7 0
Map 12 7 1
Tile:9 8 7 0
Map 12 3 1
Tile:9 8 8 0
Destroy 5 4 1
Tile:7 9 8 0
Drop 1 0 1
Tile:8 9 9 0
Tile:0 10 9 1
Tile:9_flip 11 9 0
Destroy 4 5 1
Destroy 3 5 0
Tile:15 9 10 1
Drop 0 0 0
Map 12 3 1
Tile:1 7 6 0
Tile:14_flip 11 8 1
Tile:8 12 8 0
Drop 2 0 1
Tile:13 4 5 0
Drop 3 0 1
Tile:7 13 8 0
Tile:6_flip 4 4 1
Drop 0 0 0
Drop 2 0 1
Tile:5_flip 13 9 0
Tile:10 11 10 1
Drop 0 0 0
Tile:0 3 4 1
Drop 0 0 0
Tile:8 8 9 1
Drop 0 0 0
Map 12 7 1
Drop 0 0 0
Tile:8 2 4 1
Drop 0 0 0
Drop 0 0 1
Drop 0 0 0
Malus 0 0 1
GAMEOVER DRAW
# Game ended: Wed Apr 15 18:24:53 EDT 2020
