# Server version 0.08 running on 192.168.2.139:8123
# Game ID: 422
# Board class: Saboteur.SaboteurBoard
# Timeout: 20000
# First Move Timeout: 30000
# Date: Wed Apr 15 19:35:07 EDT 2020
# Player 1: Player-0, 'RandomPlayer', running on 127.0.0.1
# Player 2: Player-1, '260714615', running on 127.0.0.1
START Player-0 RandomPlayer
START Player-1 260714615
BoardInit:Tile:0,Tile:7,Tile:6,Map,Tile:5,Tile:7,Map,Tile:7,Tile:5,Malus,Tile:10,Map,Tile:7,Tile:2,Tile:8,Tile:6,Tile:12,Tile:3,Tile:9,Tile:9,Tile:15,Tile:8,Destroy,Map,Tile:0,Tile:0,Destroy,Destroy,Tile:6,Bonus,Tile:6,Malus,Tile:13,Tile:8,Tile:4,Bonus,Bonus,Tile:14,Tile:7,Tile:9,Tile:11-Map,Tile:0,Tile:10,Map,Tile:8,Tile:8,Bonus-Tile:1,Tile:10,Tile:6,Tile:5,Tile:9,Tile:5,Tile:9-Tile:nugget,Tile:hidden2,Tile:hidden1
Map 12 3 1
Tile:6_flip 4 5 0
Tile:0 6 5 1
Tile:1 7 5 0
Tile:8 8 5 1
Tile:9 8 4 0
Tile:8 9 4 1
Tile:9 5 6 0
Tile:0 10 4 1
Tile:7_flip 3 5 0
Tile:6 11 4 1
Tile:7 8 3 0
Tile:5 11 3 1
Tile:5_flip 9 5 0
Tile:5_flip 12 4 1
Drop 5 0 0
Tile:7_flip 7 3 1
Tile:5 9 3 0
Tile:8 8 6 1
Tile:3 6 6 0
Tile:9 7 2 1
Tile:10 8 7 0
Tile:10 7 1 1
Tile:2 5 4 0
Destroy 6 6 1
Tile:7_flip 5 7 0
Drop 0 0 1
Tile:6 8 2 0
Destroy 7 5 1
Destroy 8 2 0
Tile:0 7 5 1
GAMEOVER WINNER 1
# Game ended: Wed Apr 15 19:35:39 EDT 2020
