# Server version 0.08 running on 192.168.2.139:8123
# Game ID: 132
# Board class: Saboteur.SaboteurBoard
# Timeout: 20000
# First Move Timeout: 30000
# Date: Mon Apr 13 04:01:31 EDT 2020
# Player 1: Player-0, '260714615', running on 192.168.2.139
# Player 2: Player-1, 'RandomPlayer', running on 192.168.2.139
START Player-0 260714615
START Player-1 RandomPlayer
BoardInit:Map,Malus,Tile:5,Tile:9,Destroy,Tile:2,Destroy,Map,Tile:3,Tile:12,Tile:6,Tile:10,Map,Tile:14,Tile:5,Tile:5,Tile:9,Tile:5,Tile:10,Bonus,Tile:6,Bonus,Tile:9,Tile:8,Bonus,Tile:8,Malus,Destroy,Tile:1,Tile:0,Tile:10,Tile:13,Tile:15,Tile:0,Tile:8,Tile:0,Tile:9,Tile:9,Tile:6,Tile:7,Tile:6-Tile:4,Map,Tile:7,Tile:7,Tile:7,Tile:8,Map-Tile:7,Tile:11,Tile:6,Map,Tile:0,Bonus,Tile:8-Tile:hidden2,Tile:nugget,Tile:hidden1
Tile:8 4 5 1
Tile:11 5 6 0
Tile:7 5 4 1
Tile:6_flip 3 5 0
Map 12 3 1
Tile:9_flip 4 6 0
Tile:7_flip 3 6 1
Tile:2_flip 4 7 0
Destroy 4 5 1
Tile:7_flip 2 5 0
Tile:5 4 4 1
Drop 2 0 0
Map 12 7 1
Map 12 5 0
Tile:6_flip 2 4 1
Tile:14 5 7 0
Tile:5 3 7 1
Tile:8 6 5 0
Destroy 2 5 1
Drop 1 0 0
Tile:7 7 5 1
Map 12 7 0
Tile:3_flip 2 5 1
Drop 5 0 0
Tile:4_flip 3 8 1
Tile:10 7 6 0
Tile:9 6 4 1
Tile:8 4 5 0
Tile:10 7 7 1
Drop 4 0 0
Drop 2 0 1
Tile:5_flip 7 4 0
Tile:10 7 8 1
Destroy 4 5 0
Drop 3 0 1
Tile:8 4 5 0
Tile:8 7 3 1
Drop 6 0 0
Tile:9_flip 6 6 1
Tile:13 7 9 0
Tile:9_flip 7 10 1
Tile:9 6 9 0
Map 12 5 1
Tile:5_flip 8 9 0
Tile:6 8 3 1
Tile:7_flip 7 11 0
Tile:6_flip 8 11 1
Tile:0 1 4 0
Map 12 7 1
Tile:0 9 11 0
Malus 0 0 1
Drop 0 0 0
Tile:1 0 4 1
Drop 0 0 0
Tile:15 6 7 1
GAMEOVER DRAW
# Game ended: Mon Apr 13 04:02:23 EDT 2020
