# Server version 0.08 running on 192.168.2.139:8123
# Game ID: 10
# Board class: Saboteur.SaboteurBoard
# Timeout: 20000
# First Move Timeout: 30000
# Date: Sun Apr 12 20:54:01 EDT 2020
# Player 1: Player-0, '260714615', running on 127.0.0.1
# Player 2: Player-1, 'RandomPlayer', running on 127.0.0.1
START Player-0 260714615
START Player-1 RandomPlayer
BoardInit:Tile:4,Map,Destroy,Tile:0,Tile:1,Tile:15,Tile:7,Destroy,Malus,Tile:7,Tile:10,Tile:2,Bonus,Tile:9,Tile:6,Tile:10,Tile:8,Map,Tile:8,Tile:5,Tile:3,Tile:11,Tile:9,Tile:6,Bonus,Tile:9,Map,Tile:14,Malus,Tile:7,Tile:8,Map,Tile:0,Map,Tile:5,Tile:7,Tile:8,Tile:6,Bonus,Map,Tile:5-Tile:0,Tile:8,Tile:7,Tile:6,Destroy,Tile:6,Tile:9-Tile:12,Tile:5,Tile:13,Tile:10,Tile:0,Bonus,Tile:9-Tile:nugget,Tile:hidden2,Tile:hidden1
Tile:6 5 6 1
Tile:5 4 5 0
Tile:6 6 5 1
Tile:9_flip 6 4 0
Destroy 4 5 1
Tile:0 6 6 0
Tile:9_flip 6 3 1
Tile:0 4 5 0
Destroy 4 5 1
Drop 5 0 0
Tile:8 5 3 1
Destroy 6 5 0
Tile:0 4 5 1
Tile:13 3 5 0
Tile:4 3 4 1
Tile:2 4 6 0
Tile:7_flip 2 5 1
Drop 0 0 0
Tile:1 4 3 1
Map 12 5 0
Tile:6 4 7 1
Tile:7_flip 3 6 0
Tile:3 5 7 1
Tile:11_flip 5 8 0
Tile:8 5 4 1
Tile:6_flip 3 7 0
Tile:9_flip 2 4 1
Tile:10 5 9 0
Tile:7_flip 3 3 1
Drop 0 0 0
Tile:8 7 6 1
Map 12 5 0
Tile:8 7 5 1
Tile:5_flip 5 10 0
Drop 3 0 1
Tile:9 2 7 0
Tile:0 4 8 1
Tile:10 7 4 0
Map 12 3 1
Tile:14_flip 1 4 0
Tile:10 7 3 1
Tile:9_flip 3 2 0
Tile:5_flip 8 6 1
Map 12 5 0
Drop 4 0 1
Tile:6 4 10 0
Tile:5 7 2 1
Tile:7_flip 3 10 0
Drop 1 0 1
Tile:7 2 6 0
Malus 0 0 1
Map 12 7 0
Malus 0 0 1
Map 12 7 0
Tile:8 2 2 1
GAMEOVER DRAW
# Game ended: Sun Apr 12 20:54:02 EDT 2020
