# Server version 0.08 running on 192.168.2.139:8123
# Game ID: 102
# Board class: Saboteur.SaboteurBoard
# Timeout: 20000
# First Move Timeout: 30000
# Date: Mon Apr 13 00:43:27 EDT 2020
# Player 1: Player-0, '260714615', running on 192.168.2.139
# Player 2: Player-1, 'RandomPlayer', running on 192.168.2.139
START Player-0 260714615
START Player-1 RandomPlayer
BoardInit:Tile:0,Tile:5,Tile:5,Tile:9,Tile:9,Map,Bonus,Map,Tile:7,Malus,Tile:0,Tile:6,Destroy,Tile:8,Bonus,Tile:12,Tile:0,Map,Tile:9,Tile:14,Map,Tile:8,Tile:9,Tile:6,Tile:10,Map,Tile:6,Bonus,Tile:7,Tile:0,Tile:6,Tile:4,Tile:6,Tile:2,Tile:9,Tile:5,Tile:3,Map,Tile:7,Tile:8,Tile:10-Bonus,Tile:10,Tile:11,Malus,Tile:1,Tile:8,Destroy-Tile:5,Tile:7,Tile:15,Tile:13,Tile:8,Tile:7,Destroy-Tile:hidden2,Tile:nugget,Tile:hidden1
Malus 0 0 1
Drop 3 0 0
Tile:11 4 5 1
Drop 3 0 0
Tile:0 6 5 1
Destroy 4 5 0
Tile:8 7 5 1
Drop 2 0 0
Tile:9 5 4 1
Drop 1 0 0
Tile:10 7 6 1
Map 12 5 0
Drop 6 0 1
Drop 1 0 0
Tile:5_flip 6 4 1
Map 12 3 0
Tile:7_flip 7 7 1
Malus 0 0 0
Bonus 0 0 1
Map 12 7 0
Destroy 7 5 1
Drop 5 0 0
Destroy 7 6 1
Drop 3 0 0
Tile:9_flip 7 6 1
Drop 2 0 0
Drop 0 0 1
Map 12 7 0
Tile:0 6 6 1
Drop 5 0 0
Map 12 3 1
Drop 0 0 0
Tile:6_flip 6 3 1
Drop 6 0 0
Tile:6_flip 8 7 1
Drop 1 0 0
Tile:7_flip 4 5 1
Drop 4 0 0
Tile:9 5 6 1
Drop 5 0 0
Tile:3 7 5 1
GAMEOVER TIMEOUT WINNER 1
# Game ended: Mon Apr 13 00:44:26 EDT 2020
