# Server version 0.08 running on 192.168.2.139:8123
# Game ID: 45
# Board class: Saboteur.SaboteurBoard
# Timeout: 20000
# First Move Timeout: 30000
# Date: Tue Apr 14 12:11:03 EDT 2020
# Player 1: Player-0, '260714615', running on 127.0.0.1
# Player 2: Player-1, 'RandomPlayer', running on 127.0.0.1
START Player-0 260714615
START Player-1 RandomPlayer
BoardInit:Tile:7,Tile:0,Tile:8,Tile:9,Tile:12,Tile:10,Tile:0,Tile:0,Tile:8,Tile:4,Tile:11,Tile:15,Tile:5,Malus,Destroy,Bonus,Tile:8,Tile:9,Bonus,Map,Tile:6,Tile:6,Tile:14,Tile:6,Tile:7,Tile:7,Tile:7,Map,Malus,Tile:5,Tile:0,Tile:8,Tile:9,Bonus,Tile:8,Tile:2,Tile:5,Destroy,Tile:10,Tile:6,Map-Destroy,Map,Tile:7,Tile:6,Tile:13,Tile:1,Tile:3-Map,Tile:5,Bonus,Tile:9,Tile:10,Tile:9,Map-Tile:nugget,Tile:hidden1,Tile:hidden2
Tile:6_flip 5 4 1
Map 12 3 0
Tile:1 4 4 1
Tile:0 6 4 0
Tile:7 6 5 1
Tile:9 6 6 0
Tile:12 7 6 1
Tile:10 6 7 0
Destroy 6 4 1
Tile:0 6 4 0
Tile:8 6 8 1
Tile:10 5 6 0
Tile:0 7 4 1
Tile:5 4 5 0
Tile:5_flip 4 6 1
Tile:9_flip 8 4 0
Tile:8 6 9 1
Tile:9 8 3 0
Tile:11_flip 9 3 1
Tile:9 9 4 0
Tile:7 7 8 1
Tile:4 8 2 0
Drop 5 0 1
Malus 0 0 0
Destroy 9 4 1
Tile:6 8 5 0
Drop 3 0 1
Tile:7_flip 9 4 0
Drop 4 0 1
Tile:6 10 4 0
Drop 3 0 1
Tile:5 10 3 0
Malus 0 0 1
Bonus 0 0 0
Drop 3 0 1
Tile:8 11 3 0
Drop 2 0 1
Tile:15 5 7 0
Map 12 5 1
Tile:2 3 4 0
Drop 2 0 1
Tile:6 11 4 0
Drop 4 0 1
Destroy 3 4 0
Drop 1 0 1
Drop 0 0 0
Map 12 5 1
Drop 0 0 0
Drop 0 0 1
Drop 0 0 0
Drop 0 0 1
Drop 0 0 0
Drop 1 0 1
Drop 0 0 0
Drop 0 0 1
GAMEOVER DRAW
# Game ended: Tue Apr 14 12:11:57 EDT 2020
