# Server version 0.08 running on 192.168.2.139:8123
# Game ID: 7
# Board class: Saboteur.SaboteurBoard
# Timeout: 20000
# First Move Timeout: 30000
# Date: Sun Apr 12 20:53:55 EDT 2020
# Player 1: Player-0, 'RandomPlayer', running on 127.0.0.1
# Player 2: Player-1, '260714615', running on 127.0.0.1
START Player-0 RandomPlayer
START Player-1 260714615
BoardInit:Tile:9,Tile:5,Tile:10,Tile:7,Tile:6,Tile:1,Tile:6,Tile:13,Bonus,Destroy,Tile:0,Tile:5,Tile:5,Destroy,Tile:9,Bonus,Tile:6,Destroy,Tile:2,Map,Tile:0,Tile:8,Tile:8,Tile:9,Tile:8,Map,Tile:0,Tile:15,Tile:0,Bonus,Tile:7,Tile:7,Tile:10,Map,Tile:7,Bonus,Tile:3,Tile:5,Map,Tile:7,Malus-Tile:6,Tile:6,Tile:10,Malus,Tile:9,Tile:8,Tile:11-Map,Map,Tile:14,Tile:12,Tile:9,Tile:4,Tile:8-Tile:nugget,Tile:hidden1,Tile:hidden2
Drop 4 0 1
Tile:8 5 4 0
Tile:9 5 3 1
Map 12 5 0
Tile:6 6 4 1
Tile:9_flip 6 3 0
Tile:11 6 2 1
Tile:12_flip 4 4 0
Tile:6_flip 7 2 1
Tile:1 7 4 0
Tile:6_flip 8 4 1
Destroy 8 4 0
Drop 6 0 1
Tile:7 8 2 0
Tile:6_flip 4 5 1
Tile:5_flip 8 4 0
Tile:10 4 6 1
Destroy 5 3 0
Tile:5 5 3 1
Tile:4 6 1 0
Drop 3 0 1
Destroy 6 3 0
Drop 1 0 1
Tile:13 3 5 0
Tile:9_flip 3 4 1
Tile:9_flip 3 6 0
Tile:2 6 5 1
Map 12 3 0
Tile:0 2 5 1
Tile:14_flip 2 6 0
Drop 3 0 1
Drop 3 0 0
Tile:8 6 3 1
Drop 1 0 0
Tile:0 2 4 1
Tile:15 8 3 0
Tile:7_flip 1 4 1
Drop 6 0 0
Tile:7_flip 6 6 1
Map 12 5 0
Tile:3 3 3 1
Tile:5_flip 2 7 0
Tile:0 7 5 1
Tile:7_flip 4 7 0
Malus 0 0 1
Drop 3 0 0
Tile:10 3 7 1
Bonus 0 0 0
Drop 3 0 1
Drop 2 0 0
Tile:6_flip 7 6 1
Map 12 3 0
Tile:10 7 7 1
Map 12 7 0
Map 12 7 1
GAMEOVER DRAW
# Game ended: Sun Apr 12 20:53:56 EDT 2020
