# Server version 0.08 running on 192.168.2.139:8123
# Game ID: 192
# Board class: Saboteur.SaboteurBoard
# Timeout: 20000
# First Move Timeout: 30000
# Date: Wed Apr 15 13:12:47 EDT 2020
# Player 1: Player-0, '260714615', running on 192.168.2.139
# Player 2: Player-1, 'RandomPlayer', running on 192.168.2.139
START Player-0 260714615
START Player-1 RandomPlayer
BoardInit:Tile:9,Tile:7,Destroy,Map,Tile:0,Tile:8,Map,Tile:6,Tile:8,Tile:8,Bonus,Tile:10,Tile:10,Tile:7,Tile:9,Tile:5,Tile:8,Destroy,Tile:15,Tile:6,Tile:4,Tile:5,Map,Tile:12,Tile:9,Tile:7,Tile:6,Tile:0,Tile:5,Bonus,Bonus,Map,Tile:8,Tile:11,Tile:0,Tile:2,Bonus,Tile:5,Malus,Malus,Tile:0-Map,Tile:6,Tile:1,Tile:6,Tile:10,Tile:3,Tile:9-Destroy,Tile:7,Tile:7,Tile:14,Tile:9,Tile:13,Map-Tile:hidden2,Tile:nugget,Tile:hidden1
Tile:6_flip 4 5 1
Tile:7_flip 5 6 0
Tile:9_flip 4 6 1
Tile:9 5 4 0
Tile:3 6 6 1
Tile:7_flip 6 7 0
Tile:10 4 7 1
Tile:8 7 7 0
Tile:6_flip 8 7 1
Tile:6 9 7 0
Tile:9_flip 10 7 1
Tile:8 10 6 0
Tile:8 7 8 1
Tile:10 10 5 0
Destroy 4 6 1
Tile:7 11 6 0
Map 12 3 1
Tile:7_flip 11 7 0
Tile:9 10 4 1
Tile:5 10 3 0
Tile:1 6 5 1
Tile:6 11 4 0
Tile:10 4 6 1
Tile:5_flip 12 4 0
Tile:8 3 5 1
Destroy 3 5 0
Tile:4 7 6 1
Destroy 7 6 0
Tile:6 6 4 1
Tile:7_flip 10 8 0
Tile:5_flip 8 8 1
Tile:0 11 8 0
Tile:9 9 6 1
Tile:14 4 8 0
Tile:15 9 5 1
Tile:13 3 5 0
Tile:8 5 3 1
Map 12 3 0
Tile:0 3 8 1
Tile:5 7 6 0
Map 12 3 1
Malus 0 0 0
Drop 0 0 1
Map 12 3 0
Drop 4 0 1
Tile:12 7 4 0
Map 12 7 1
Map 12 3 0
Drop 0 0 1
Tile:11 3 4 0
Drop 0 0 1
Tile:2 3 3 0
Bonus 0 0 1
Drop 0 0 0
Tile:0 2 8 1
GAMEOVER DRAW
# Game ended: Wed Apr 15 13:13:41 EDT 2020
