# Server version 0.08 running on 192.168.2.139:8123
# Game ID: 151
# Board class: Saboteur.SaboteurBoard
# Timeout: 20000
# First Move Timeout: 30000
# Date: Wed Apr 15 11:31:33 EDT 2020
# Player 1: Player-0, 'RandomPlayer', running on 127.0.0.1
# Player 2: Player-1, '260714615', running on 127.0.0.1
START Player-0 RandomPlayer
START Player-1 260714615
BoardInit:Tile:10,Destroy,Tile:6,Bonus,Tile:6,Tile:13,Tile:9,Tile:14,Tile:7,Tile:8,Destroy,Bonus,Tile:8,Tile:2,Tile:0,Tile:6,Tile:5,Map,Tile:4,Map,Map,Tile:10,Malus,Tile:9,Destroy,Tile:5,Tile:11,Tile:8,Tile:6,Tile:0,Tile:9,Tile:7,Malus,Bonus,Tile:0,Map,Tile:12,Tile:15,Tile:6,Map,Tile:5-Tile:3,Bonus,Tile:8,Tile:5,Tile:9,Tile:10,Tile:9-Tile:8,Tile:1,Map,Tile:7,Tile:7,Tile:7,Tile:0-Tile:hidden1,Tile:hidden2,Tile:nugget
Tile:8 6 5 1
Tile:7_flip 5 6 0
Tile:5 6 4 1
Tile:7 5 4 0
Tile:6 7 5 1
Tile:8 6 6 0
Tile:6 8 5 1
Destroy 6 5 0
Tile:9 6 7 1
Tile:13 6 8 0
Tile:10 8 4 1
Map 12 5 0
GAMEOVER TIMEOUT WINNER 0
# Game ended: Wed Apr 15 11:32:06 EDT 2020
