# Server version 0.08 running on 192.168.2.139:8123
# Game ID: 291
# Board class: Saboteur.SaboteurBoard
# Timeout: 20000
# First Move Timeout: 30000
# Date: Wed Apr 15 16:00:45 EDT 2020
# Player 1: Player-0, 'RandomPlayer', running on 127.0.0.1
# Player 2: Player-1, '260714615', running on 127.0.0.1
START Player-0 RandomPlayer
START Player-1 260714615
BoardInit:Tile:13,Tile:5,Tile:12,Tile:5,Tile:6,Tile:11,Bonus,Tile:9,Tile:7,Bonus,Tile:10,Tile:10,Malus,Tile:8,Malus,Tile:3,Tile:9,Destroy,Tile:7,Tile:8,Bonus,Tile:4,Tile:15,Tile:9,Tile:0,Map,Map,Tile:6,Map,Tile:9,Map,Tile:5,Tile:7,Tile:10,Tile:6,Tile:9,Bonus,Tile:8,Tile:0,Tile:5,Tile:6-Tile:8,Tile:8,Tile:6,Map,Destroy,Map,Tile:0-Tile:7,Tile:7,Tile:1,Tile:2,Tile:14,Tile:0,Destroy-Tile:hidden2,Tile:nugget,Tile:hidden1
Map 12 3 1
Tile:7 6 5 0
Map 12 5 1
Tile:5_flip 5 6 0
Tile:8 5 4 1
Tile:1 6 4 0
Tile:8 7 4 1
Tile:7 7 3 0
Tile:6 8 4 1
Drop 3 0 0
Tile:0 9 4 1
Tile:5 4 5 0
Tile:6 10 4 1
Tile:11 6 6 0
Destroy 6 6 1
Tile:10 6 6 0
Tile:7 11 4 1
Tile:9 11 5 0
Tile:10 11 6 1
Tile:3_flip 4 4 0
Tile:9 11 7 1
Destroy 7 3 0
Tile:7_flip 11 8 1
Tile:2_flip 12 8 0
Drop 5 0 1
Tile:8 6 7 0
Tile:0 13 8 1
Tile:14 6 8 0
Malus 0 0 1
Drop 6 0 0
Malus 0 0 1
Drop 3 0 0
Drop 5 0 1
Map 12 7 0
Tile:7_flip 7 5 1
Drop 0 0 0
Tile:6_flip 10 3 1
Drop 4 0 0
Drop 5 0 1
Drop 0 0 0
Tile:0 11 3 1
Drop 2 0 0
Tile:6 9 3 1
Drop 1 0 0
Drop 5 0 1
Drop 3 0 0
Tile:13 4 3 1
Drop 0 0 0
Tile:12 7 7 1
Drop 2 0 0
Tile:15 4 2 1
Drop 0 0 0
Drop 0 0 1
Drop 0 0 0
Drop 0 0 1
GAMEOVER DRAW
# Game ended: Wed Apr 15 16:01:41 EDT 2020
