# Server version 0.08 running on 192.168.2.139:8123
# Game ID: 402
# Board class: Saboteur.SaboteurBoard
# Timeout: 20000
# First Move Timeout: 30000
# Date: Wed Apr 15 19:18:06 EDT 2020
# Player 1: Player-0, '260714615', running on 192.168.2.139
# Player 2: Player-1, 'RandomPlayer', running on 192.168.2.139
START Player-0 260714615
START Player-1 RandomPlayer
BoardInit:Bonus,Tile:0,Tile:5,Map,Tile:13,Tile:5,Tile:10,Tile:6,Bonus,Tile:2,Tile:7,Tile:10,Map,Tile:8,Tile:9,Bonus,Tile:8,Tile:15,Tile:5,Tile:6,Map,Destroy,Malus,Tile:0,Destroy,Tile:0,Tile:7,Bonus,Tile:3,Tile:14,Tile:8,Map,Tile:7,Destroy,Map,Tile:6,Tile:9,Tile:1,Tile:10,Tile:8,Tile:6-Tile:4,Tile:9,Tile:0,Tile:8,Map,Tile:5,Tile:7-Tile:9,Tile:11,Tile:7,Tile:12,Tile:6,Malus,Tile:9-Tile:nugget,Tile:hidden2,Tile:hidden1
Tile:5_flip 5 6 1
Tile:6 6 5 0
Tile:0 4 6 1
Tile:0 7 5 0
Tile:5 3 6 1
Map 12 3 0
Drop 2 0 1
Tile:9 6 4 0
Tile:4 6 3 1
Drop 0 0 0
Drop 3 0 1
Tile:6 8 5 0
Tile:7 9 5 1
Tile:9 8 4 0
Tile:9_flip 5 4 1
Tile:5 8 3 0
Tile:9 4 4 1
Tile:8 9 3 0
Tile:13 9 6 1
Tile:10 9 2 0
Map 12 7 1
Tile:6 10 3 0
Tile:7 5 3 1
Destroy 6 3 0
Drop 2 0 1
Malus 0 0 0
Drop 3 0 1
Tile:0 11 3 0
GAMEOVER WINNER 0
# Game ended: Wed Apr 15 19:18:34 EDT 2020
