# Server version 0.08 running on 192.168.2.139:8123
# Game ID: 89
# Board class: Saboteur.SaboteurBoard
# Timeout: 20000
# First Move Timeout: 30000
# Date: Tue Apr 14 13:34:59 EDT 2020
# Player 1: Player-0, '260714615', running on 127.0.0.1
# Player 2: Player-1, 'RandomPlayer', running on 127.0.0.1
START Player-0 260714615
START Player-1 RandomPlayer
BoardInit:Tile:5,Bonus,Map,Tile:11,Tile:9,Tile:10,Tile:14,Tile:13,Tile:0,Tile:9,Tile:7,Tile:3,Tile:6,Tile:10,Tile:6,Map,Tile:9,Tile:0,Malus,Tile:4,Bonus,Tile:9,Tile:8,Tile:6,Tile:9,Tile:5,Map,Tile:5,Tile:8,Bonus,Destroy,Map,Tile:1,Destroy,Tile:7,Tile:6,Map,Tile:12,Tile:2,Tile:0,Tile:5-Tile:8,Tile:15,Map,Tile:7,Tile:10,Tile:0,Tile:6-Tile:7,Tile:8,Bonus,Malus,Destroy,Tile:7,Tile:8-Tile:nugget,Tile:hidden2,Tile:hidden1
Tile:7 6 5 1
Tile:7_flip 6 6 0
Tile:6_flip 4 5 1
Tile:8 7 6 0
Tile:10 7 5 1
Tile:8 8 6 0
Tile:9_flip 5 6 1
Tile:10 8 5 0
Tile:5 3 5 1
Tile:7_flip 8 7 0
Map 12 7 1
Tile:9 8 4 0
Tile:0 9 4 1
Malus 0 0 0
Map 12 7 1
Tile:10 8 3 0
Drop 5 0 1
Map 12 3 0
Drop 3 0 1
Tile:0 10 4 0
Drop 2 0 1
Destroy 3 5 0
Drop 5 0 1
Tile:9_flip 11 4 0
Drop 5 0 1
Tile:6_flip 11 3 0
GAMEOVER WINNER 0
# Game ended: Tue Apr 14 13:35:25 EDT 2020
