# Server version 0.08 running on 192.168.2.139:8123
# Game ID: 159
# Board class: Saboteur.SaboteurBoard
# Timeout: 20000
# First Move Timeout: 30000
# Date: Wed Apr 15 11:55:15 EDT 2020
# Player 1: Player-0, '260714615', running on 192.168.2.139
# Player 2: Player-1, 'RandomPlayer', running on 192.168.2.139
START Player-0 260714615
START Player-1 RandomPlayer
BoardInit:Tile:13,Tile:9,Tile:8,Tile:7,Tile:3,Tile:4,Map,Tile:0,Map,Tile:0,Tile:6,Tile:6,Tile:1,Map,Malus,Bonus,Tile:6,Tile:11,Tile:12,Tile:6,Tile:5,Tile:8,Map,Tile:8,Malus,Bonus,Tile:5,Tile:7,Tile:7,Tile:8,Tile:9,Tile:2,Tile:14,Destroy,Tile:7,Tile:8,Bonus,Tile:9,Tile:0,Tile:15,Map-Tile:10,Tile:7,Destroy,Tile:10,Destroy,Tile:9,Tile:5-Tile:6,Tile:10,Tile:5,Map,Tile:9,Tile:0,Bonus-Tile:hidden2,Tile:hidden1,Tile:nugget
Drop 2 0 1
Tile:6 6 5 0
Tile:10 6 4 1
Tile:0 7 5 0
Drop 2 0 1
Tile:10 6 3 0
Tile:13 8 5 1
Tile:5 8 4 0
Drop 0 0 1
Tile:0 9 5 0
Tile:3 5 4 1
Tile:0 10 5 0
Map 12 3 1
Tile:6 11 5 0
Tile:9 8 6 1
Tile:9 11 4 0
Tile:8 12 4 1
Tile:9 11 3 0
Drop 1 0 1
Tile:7 13 4 0
Tile:10 5 6 1
Tile:6 13 5 0
Tile:6_flip 9 6 1
Tile:8 11 2 0
Map 12 7 1
Tile:8 12 2 0
Drop 3 0 1
Map 12 3 0
Tile:6 9 7 1
Tile:7_flip 10 2 0
Tile:7 11 1 1
Tile:8 10 7 0
Tile:9 8 7 1
Tile:4 6 2 0
Tile:5 10 1 1
Map 12 3 0
Tile:5_flip 11 7 1
Tile:8 13 2 0
Tile:7_flip 13 3 1
Tile:9 10 8 0
Tile:14 10 9 1
Tile:11 4 4 0
Map 12 5 1
Tile:2 4 3 0
Drop 1 0 1
Destroy 4 3 0
Map 12 5 1
GAMEOVER USER CANCEL UNDECIDED
# Game ended: Wed Apr 15 11:56:03 EDT 2020
