# Server version 0.08 running on 192.168.2.139:8123
# Game ID: 380
# Board class: Saboteur.SaboteurBoard
# Timeout: 20000
# First Move Timeout: 30000
# Date: Wed Apr 15 18:34:31 EDT 2020
# Player 1: Player-0, '260714615', running on 192.168.2.139
# Player 2: Player-1, 'RandomPlayer', running on 192.168.2.139
START Player-0 260714615
START Player-1 RandomPlayer
BoardInit:Tile:5,Bonus,Tile:8,Destroy,Tile:9,Bonus,Tile:7,Tile:10,Tile:0,Tile:9,Bonus,Tile:13,Tile:0,Tile:15,Tile:8,Tile:7,Destroy,Tile:9,Tile:0,Map,Malus,Tile:6,Tile:9,Tile:10,Tile:10,Map,Map,Tile:1,Bonus,Map,Tile:0,Tile:8,Tile:7,Map,Tile:6,Tile:8,Malus,Tile:7,Tile:9,Tile:7,Tile:6-Tile:5,Tile:5,Tile:6,Tile:12,Tile:6,Tile:5,Tile:3-Tile:14,Map,Tile:11,Tile:4,Destroy,Tile:8,Tile:2-Tile:hidden1,Tile:nugget,Tile:hidden2
Tile:6 6 5 1
Map 12 3 0
Tile:5 5 4 1
Drop 0 0 0
Tile:8 4 5 1
Drop 0 0 0
Tile:9_flip 4 4 1
Drop 0 0 0
Tile:7_flip 3 5 1
Tile:8 7 5 0
Drop 3 0 1
Tile:10 7 4 0
Tile:3 4 3 1
Tile:9_flip 8 5 0
Drop 2 0 1
Destroy 3 5 0
Tile:5 8 4 1
Drop 0 0 0
Tile:12 9 4 1
Destroy 9 4 0
Tile:5_flip 8 6 1
Map 12 5 0
Tile:0 9 4 1
Tile:6 10 4 0
Tile:9_flip 5 6 1
Tile:7 11 4 0
Destroy 4 4 1
Tile:10 11 5 0
Drop 3 0 1
Tile:9 11 6 0
Tile:8 7 6 1
Tile:1 12 6 0
Tile:0 13 6 1
Tile:8 11 7 0
Tile:0 13 7 1
Tile:13 3 3 0
Tile:6 3 5 1
Tile:8 10 3 0
Tile:10 11 8 1
Tile:7_flip 10 7 0
Tile:9_flip 3 4 1
Tile:7 10 6 0
Tile:7 6 4 1
Tile:15 3 2 0
Tile:6 11 9 1
Drop 0 0 0
Drop 0 0 1
Drop 0 0 0
Malus 0 0 1
Drop 0 0 0
Map 12 3 1
Drop 0 0 0
Malus 0 0 1
Drop 0 0 0
Drop 0 0 1
GAMEOVER DRAW
# Game ended: Wed Apr 15 18:35:38 EDT 2020
