# Server version 0.08 running on 192.168.2.139:8123
# Game ID: 72
# Board class: Saboteur.SaboteurBoard
# Timeout: 20000
# First Move Timeout: 30000
# Date: Tue Apr 14 13:24:08 EDT 2020
# Player 1: Player-0, 'RandomPlayer', running on 127.0.0.1
# Player 2: Player-1, '260714615', running on 127.0.0.1
START Player-0 RandomPlayer
START Player-1 260714615
BoardInit:Tile:4,Tile:7,Tile:7,Tile:6,Map,Map,Tile:8,Tile:8,Tile:0,Tile:6,Bonus,Tile:11,Tile:12,Tile:10,Tile:8,Map,Tile:0,Malus,Bonus,Malus,Tile:9,Tile:0,Map,Tile:5,Tile:1,Destroy,Tile:14,Tile:15,Tile:7,Tile:3,Tile:10,Tile:9,Tile:13,Tile:8,Bonus,Tile:5,Bonus,Tile:8,Map,Tile:6,Tile:7-Tile:7,Tile:6,Tile:0,Tile:2,Map,Tile:5,Tile:10-Destroy,Tile:9,Tile:9,Tile:9,Destroy,Tile:6,Tile:5-Tile:hidden2,Tile:hidden1,Tile:nugget
Map 12 3 1
Tile:9_flip 5 6 0
Tile:6 6 5 1
Tile:6_flip 7 5 0
Tile:0 8 5 1
Tile:9 4 5 0
Map 12 3 1
Tile:9 4 4 0
Tile:8 9 5 1
Map 12 7 0
Tile:0 10 5 1
Drop 3 0 0
Tile:7 11 5 1
Tile:6_flip 9 4 0
Tile:10 11 6 1
Tile:6 8 4 0
Tile:7_flip 11 7 1
GAMEOVER WINNER 1
# Game ended: Tue Apr 14 13:24:26 EDT 2020
