# Server version 0.08 running on 192.168.2.139:8123
# Game ID: 139
# Board class: Saboteur.SaboteurBoard
# Timeout: 20000
# First Move Timeout: 30000
# Date: Mon Apr 13 10:51:47 EDT 2020
# Player 1: Player-0, '260714615', running on 192.168.2.139
# Player 2: Player-1, 'RandomPlayer', running on 192.168.2.139
START Player-0 260714615
START Player-1 RandomPlayer
BoardInit:Tile:5,Map,Tile:8,Tile:10,Map,Destroy,Tile:6,Tile:6,Tile:8,Map,Tile:13,Tile:7,Tile:10,Bonus,Tile:0,Map,Tile:7,Map,Tile:12,Tile:7,Map,Tile:9,Tile:8,Bonus,Tile:15,Tile:6,Tile:5,Destroy,Tile:1,Tile:2,Bonus,Bonus,Tile:5,Destroy,Tile:7,Tile:8,Tile:9,Tile:9,Tile:0,Tile:3,Tile:5-Tile:0,Tile:10,Tile:6,Malus,Tile:9,Tile:4,Tile:6-Tile:14,Tile:0,Tile:9,Tile:8,Malus,Tile:11,Tile:7-Tile:nugget,Tile:hidden1,Tile:hidden2
Tile:6 5 6 1
Tile:7 6 5 0
Tile:0 4 5 1
Malus 0 0 0
Drop 4 0 1
Tile:11 5 4 0
Drop 2 0 1
Destroy 6 5 0
Map 12 5 1
