# Server version 0.08 running on 192.168.2.139:8123
# Game ID: 48
# Board class: Saboteur.SaboteurBoard
# Timeout: 20000
# First Move Timeout: 30000
# Date: Tue Apr 14 12:13:39 EDT 2020
# Player 1: Player-0, '260714615', running on 127.0.0.1
# Player 2: Player-1, 'RandomPlayer', running on 127.0.0.1
START Player-0 260714615
START Player-1 RandomPlayer
BoardInit:Bonus,Tile:7,Map,Tile:10,Tile:13,Tile:7,Tile:10,Tile:4,Map,Tile:0,Tile:8,Tile:10,Map,Tile:12,Bonus,Tile:1,Tile:6,Tile:6,Tile:5,Tile:8,Tile:7,Tile:6,Bonus,Tile:9,Destroy,Tile:11,Tile:3,Tile:9,Tile:0,Tile:14,Map,Malus,Tile:6,Tile:5,Bonus,Tile:8,Tile:2,Tile:9,Map,Malus,Tile:8-Destroy,Tile:9,Tile:5,Tile:0,Tile:9,Tile:15,Destroy-Tile:7,Tile:7,Tile:5,Tile:8,Tile:0,Map,Tile:6-Tile:nugget,Tile:hidden2,Tile:hidden1
Tile:5 4 5 1
Map 12 3 0
Tile:15 5 6 1
Tile:8 6 5 0
Tile:9_flip 4 6 1
Tile:0 7 5 0
Destroy 5 6 1
Tile:6 8 5 0
Tile:9_flip 5 4 1
Tile:5 8 4 0
Tile:0 4 4 1
Tile:0 9 4 0
Drop 2 0 1
Tile:7 10 4 0
Tile:8 6 6 1
Tile:7_flip 10 5 0
Tile:10 6 7 1
Tile:7 11 5 0
Tile:13 6 8 1
Tile:10 11 6 0
Tile:6_flip 5 3 1
Tile:7_flip 11 7 0
Drop 5 0 1
Tile:6_flip 7 6 0
Destroy 10 4 1
Tile:8 10 4 0
Destroy 6 6 1
Tile:6 11 4 0
Tile:3 12 4 1
Tile:10 11 3 0
Drop 3 0 1
Tile:9 11 2 0
Tile:0 3 4 1
Malus 0 0 0
Map 12 3 1
Tile:1 12 2 0
Bonus 0 0 1
Tile:8 13 2 0
Tile:2 13 1 1
Tile:9 13 3 0
Tile:7 9 5 1
Malus 0 0 0
Map 12 5 1
Tile:9 13 4 0
Drop 4 0 1
Tile:5 11 1 0
Drop 0 0 1
Tile:4 6 4 0
Bonus 0 0 1
Tile:12 6 3 0
Tile:6 12 1 1
Tile:11 2 4 0
Tile:8 12 8 1
Tile:14 2 5 0
Drop 0 0 1
GAMEOVER DRAW
# Game ended: Tue Apr 14 12:14:33 EDT 2020
