# Server version 0.08 running on 192.168.2.139:8123
# Game ID: 216
# Board class: Saboteur.SaboteurBoard
# Timeout: 20000
# First Move Timeout: 30000
# Date: Mon Apr 13 15:32:38 EDT 2020
# Player 1: Player-0, '260714615', running on 192.168.2.139
# Player 2: Player-1, 'RandomPlayer', running on 192.168.2.139
START Player-0 260714615
START Player-1 RandomPlayer
BoardInit:Map,Tile:7,Map,Tile:0,Destroy,Tile:4,Tile:5,Tile:6,Malus,Tile:9,Tile:14,Tile:6,Tile:12,Map,Tile:9,Tile:0,Tile:5,Map,Tile:7,Tile:8,Tile:9,Bonus,Map,Tile:10,Bonus,Malus,Tile:6,Tile:8,Map,Tile:5,Bonus,Tile:10,Tile:8,Tile:6,Tile:3,Tile:9,Tile:10,Tile:7,Tile:8,Tile:7,Tile:6-Destroy,Tile:0,Destroy,Tile:7,Tile:9,Tile:13,Tile:2-Tile:15,Tile:0,Tile:5,Tile:1,Tile:8,Bonus,Tile:11-Tile:nugget,Tile:hidden2,Tile:hidden1
Tile:0 4 5 1
Tile:8 5 6 0
Tile:2_flip 5 7 1
Tile:7_flip 4 7 0
Map 12 7 1
Tile:0 3 5 0
Tile:7_flip 2 5 1
Drop 0 0 0
Tile:5 4 6 1
Tile:11_flip 6 5 0
Destroy 2 5 1
Tile:6 6 7 0
Tile:14 7 7 1
Tile:9 6 4 0
Tile:9_flip 5 4 1
Tile:5 7 6 0
Tile:9 6 3 1
Tile:0 7 4 0
Tile:12 8 4 1
Tile:0 2 5 0
Tile:5_flip 7 3 1
Drop 3 0 0
Destroy 6 5 1
Tile:8 8 6 0
Tile:9 1 5 1
Tile:10 7 2 0
Tile:13 1 4 1
Tile:4 6 2 0
Map 12 7 1
Tile:8 1 6 0
Tile:7_flip 8 7 1
Drop 1 0 0
Destroy 1 4 1
Tile:10 5 3 0
Drop 4 0 1
Tile:5 1 4 0
Tile:3 8 5 1
Drop 5 0 0
Drop 2 0 1
Tile:7 6 6 0
Tile:6 4 4 1
Drop 6 0 0
Tile:6 3 4 1
Tile:9_flip 7 1 0
Tile:10 5 2 1
Malus 0 0 0
Map 12 5 1
Map 12 7 0
Drop 0 0 1
Tile:1 2 4 0
Drop 0 0 1
