# Server version 0.08 running on 192.168.2.139:8123
# Game ID: 79
# Board class: Saboteur.SaboteurBoard
# Timeout: 20000
# First Move Timeout: 30000
# Date: Sun Apr 12 23:45:29 EDT 2020
# Player 1: Player-0, '260714615', running on 192.168.2.139
# Player 2: Player-1, 'RandomPlayer', running on 192.168.2.139
START Player-0 260714615
START Player-1 RandomPlayer
BoardInit:Tile:5,Malus,Tile:10,Tile:8,Tile:10,Tile:15,Tile:8,Map,Tile:3,Tile:0,Tile:6,Tile:5,Tile:11,Tile:9,Destroy,Bonus,Tile:10,Tile:8,Tile:5,Map,Map,Tile:7,Tile:13,Tile:5,Tile:0,Tile:1,Map,Tile:2,Tile:6,Tile:6,Tile:8,Tile:7,Destroy,Tile:0,Bonus,Destroy,Tile:12,Bonus,Tile:7,Tile:7,Tile:9-Tile:8,Map,Tile:9,Tile:6,Map,Tile:0,Tile:4-Tile:6,Bonus,Tile:14,Tile:7,Tile:9,Tile:9,Malus-Tile:hidden2,Tile:nugget,Tile:hidden1
Map 12 3 1
Tile:9_flip 6 5 0
Tile:9_flip 5 4 1
Malus 0 0 0
Drop 2 0 1
Drop 2 0 0
Drop 5 0 1
Tile:8 4 4 0
Drop 1 0 1
Drop 0 0 0
Drop 4 0 1
Tile:15 5 3 0
Drop 0 0 1
Tile:9 5 2 0
Drop 0 0 1
Tile:9 6 4 0
Drop 0 0 1
Map 12 5 0
Drop 1 0 1
Tile:0 3 4 0
Destroy 5 2 1
Drop 4 0 0
Map 12 7 1
Tile:7 7 4 0
Drop 2 0 1
Tile:5 2 4 0
Drop 0 0 1
Tile:8 6 6 0
Drop 4 0 1
Tile:7 7 6 0
Map 12 3 1
Tile:2_flip 4 5 0
Drop 6 0 1
Tile:7_flip 7 5 0
Destroy 5 4 1
Tile:6 6 7 0
Drop 4 0 1
Drop 2 0 0
Drop 0 0 1
Tile:0 3 5 0
Drop 4 0 1
Tile:5_flip 7 7 0
Drop 0 0 1
Tile:7_flip 5 6 0
Drop 4 0 1
Destroy 7 4 0
Drop 2 0 1
Drop 0 0 0
Drop 0 0 1
Tile:1 5 7 0
Drop 0 0 1
Drop 1 0 0
Drop 1 0 1
Drop 0 0 0
Drop 0 0 1
GAMEOVER DRAW
# Game ended: Sun Apr 12 23:47:30 EDT 2020
