# Server version 0.08 running on 192.168.2.139:8123
# Game ID: 353
# Board class: Saboteur.SaboteurBoard
# Timeout: 20000
# First Move Timeout: 30000
# Date: Wed Apr 15 17:57:00 EDT 2020
# Player 1: Player-0, 'RandomPlayer', running on 127.0.0.1
# Player 2: Player-1, '260714615', running on 127.0.0.1
START Player-0 RandomPlayer
START Player-1 260714615
BoardInit:Bonus,Tile:5,Map,Tile:8,Tile:10,Destroy,Tile:5,Map,Tile:7,Destroy,Tile:0,Tile:8,Tile:9,Tile:6,Bonus,Tile:7,Tile:11,Tile:5,Tile:6,Tile:4,Map,Map,Tile:12,Tile:6,Tile:2,Tile:15,Tile:7,Bonus,Tile:1,Tile:0,Destroy,Tile:7,Tile:9,Tile:13,Tile:7,Tile:14,Tile:10,Tile:8,Tile:9,Tile:8,Tile:9-Tile:3,Bonus,Tile:9,Tile:6,Malus,Map,Malus-Tile:5,Tile:0,Tile:8,Tile:10,Tile:0,Tile:6,Map-Tile:hidden1,Tile:nugget,Tile:hidden2
Malus 0 0 1
Map 12 3 0
Map 12 3 1
Drop 1 0 0
Malus 0 0 1
Drop 4 0 0
Map 12 5 1
Drop 5 0 0
Tile:6 6 5 1
Map 12 5 0
Tile:9 6 4 1
Drop 1 0 0
Tile:0 7 5 1
Drop 5 0 0
Tile:10 6 3 1
Destroy 6 5 0
Tile:5 6 2 1
Drop 5 0 0
Tile:7_flip 5 6 1
Drop 3 0 0
Tile:6 6 5 1
Drop 2 0 0
Tile:9 4 5 1
Map 12 7 0
Tile:3 4 4 1
Drop 2 0 0
Tile:11 3 4 1
Drop 0 0 0
Tile:7 8 5 1
Drop 6 0 0
Tile:1 7 4 1
Drop 0 0 0
Tile:12 6 6 1
Drop 6 0 0
Destroy 6 6 1
Drop 3 0 0
Tile:9 8 6 1
Drop 3 0 0
Tile:7_flip 8 7 1
Drop 6 0 0
Tile:9_flip 9 6 1
Drop 2 0 0
Tile:10 9 5 1
Drop 1 0 0
Tile:9 9 4 1
Drop 3 0 0
Tile:2 3 3 1
Drop 0 0 0
Drop 0 0 1
Drop 2 0 0
Drop 0 0 1
Drop 0 0 0
Drop 0 0 1
Drop 0 0 0
Drop 0 0 1
GAMEOVER DRAW
# Game ended: Wed Apr 15 17:57:56 EDT 2020
