# Server version 0.08 running on 192.168.2.139:8123
# Game ID: 22
# Board class: Saboteur.SaboteurBoard
# Timeout: 20000
# First Move Timeout: 30000
# Date: Sun Apr 12 20:54:23 EDT 2020
# Player 1: Player-0, '260714615', running on 127.0.0.1
# Player 2: Player-1, 'RandomPlayer', running on 127.0.0.1
START Player-0 260714615
START Player-1 RandomPlayer
BoardInit:Tile:1,Tile:7,Destroy,Tile:13,Tile:5,Tile:10,Tile:0,Tile:0,Tile:9,Map,Tile:10,Tile:6,Tile:9,Tile:11,Malus,Tile:6,Tile:8,Tile:12,Tile:4,Map,Bonus,Destroy,Map,Tile:7,Destroy,Tile:8,Tile:6,Tile:7,Tile:2,Map,Bonus,Tile:7,Tile:5,Malus,Tile:10,Tile:5,Bonus,Tile:9,Tile:15,Tile:14,Tile:9-Map,Tile:8,Tile:8,Tile:0,Tile:7,Tile:0,Bonus-Tile:5,Map,Tile:9,Tile:6,Tile:8,Tile:3,Tile:6-Tile:hidden2,Tile:nugget,Tile:hidden1
Map 12 7 1
Drop 0 0 0
Tile:8 5 6 1
Tile:8 5 4 0
Tile:7_flip 5 7 1
Tile:6 4 6 0
Tile:5 5 3 1
Tile:9 3 6 0
Tile:0 6 7 1
Tile:0 6 4 0
Tile:9_flip 7 7 1
Tile:7_flip 7 8 0
Destroy 6 4 1
Tile:6_flip 6 3 0
Tile:9 4 5 1
Tile:3 7 3 0
Malus 0 0 1
Map 12 5 0
Tile:0 6 6 1
Map 12 7 0
Tile:8 4 4 1
GAMEOVER ILLEGAL MOVE: Player 0, CardUsed: (Tile:6_flip), PosOfUse: (3, 4) WINNER 1
# Game ended: Sun Apr 12 20:54:24 EDT 2020
