# Server version 0.08 running on 192.168.2.139:8123
# Game ID: 461
# Board class: Saboteur.SaboteurBoard
# Timeout: 20000
# First Move Timeout: 30000
# Date: Wed Apr 15 21:43:26 EDT 2020
# Player 1: Player-0, 'RandomPlayer', running on 127.0.0.1
# Player 2: Player-1, '260714615', running on 127.0.0.1
START Player-0 RandomPlayer
START Player-1 260714615
BoardInit:Tile:11,Tile:8,Tile:8,Tile:9,Tile:5,Tile:13,Tile:8,Map,Tile:15,Tile:5,Tile:14,Tile:10,Tile:0,Tile:7,Tile:8,Malus,Map,Map,Tile:1,Tile:9,Map,Tile:8,Tile:6,Malus,Bonus,Tile:10,Tile:7,Tile:6,Map,Tile:0,Tile:6,Tile:9,Tile:2,Destroy,Bonus,Destroy,Tile:9,Destroy,Tile:0,Bonus,Tile:10-Tile:0,Tile:5,Tile:6,Bonus,Tile:7,Tile:9,Tile:6-Tile:7,Tile:12,Map,Tile:7,Tile:4,Tile:5,Tile:3-Tile:hidden1,Tile:nugget,Tile:hidden2
Tile:0 6 5 1
Tile:7 7 5 0
Tile:6 7 6 1
Tile:5_flip 8 6 0
Tile:5 8 5 1
Tile:8 4 5 0
Tile:6 9 5 1
Tile:9_flip 4 6 0
Tile:8 10 5 1
Map 12 7 0
Tile:8 11 5 1
GAMEOVER WINNER 1
# Game ended: Wed Apr 15 21:43:38 EDT 2020
