# Server version 0.08 running on 192.168.2.139:8123
# Game ID: 331
# Board class: Saboteur.SaboteurBoard
# Timeout: 20000
# First Move Timeout: 30000
# Date: Wed Apr 15 17:32:54 EDT 2020
# Player 1: Player-0, 'RandomPlayer', running on 127.0.0.1
# Player 2: Player-1, '260714615', running on 127.0.0.1
START Player-0 RandomPlayer
START Player-1 260714615
BoardInit:Tile:6,Tile:5,Tile:7,Destroy,Tile:9,Tile:6,Tile:7,Map,Tile:9,Destroy,Tile:0,Tile:5,Tile:3,Tile:8,Tile:6,Destroy,Tile:11,Tile:13,Tile:9,Map,Tile:10,Tile:1,Tile:7,Map,Tile:4,Map,Tile:15,Tile:6,Tile:9,Tile:0,Malus,Tile:8,Map,Tile:2,Tile:7,Tile:8,Tile:6,Bonus,Tile:14,Tile:0,Tile:9-Tile:8,Map,Tile:5,Bonus,Bonus,Tile:5,Tile:10-Tile:7,Tile:12,Bonus,Tile:10,Malus,Tile:0,Tile:8-Tile:hidden1,Tile:hidden2,Tile:nugget
Map 12 3 1
Malus 0 0 0
Bonus 0 0 1
Tile:12_flip 4 5 0
Tile:8 6 5 1
Tile:10 6 6 0
Tile:6 7 5 1
Tile:6_flip 7 4 0
Tile:5 6 4 1
Tile:5_flip 8 5 0
Tile:10 6 7 1
Drop 1 0 0
Tile:7_flip 6 8 1
Drop 4 0 0
Tile:0 7 8 1
Destroy 8 5 0
Tile:6 8 5 1
Tile:7 9 5 0
Tile:9 9 6 1
Tile:8 8 4 0
Tile:7_flip 9 7 1
Tile:0 9 4 0
Tile:5 8 3 1
Destroy 6 7 0
Tile:9_flip 10 4 1
Tile:8 10 6 0
Tile:9 10 5 1
Destroy 7 4 0
Tile:7 11 5 1
Tile:13 6 7 0
Tile:10 10 3 1
Tile:6 5 7 0
Malus 0 0 1
Drop 2 0 0
Map 12 5 1
Map 12 3 0
Tile:9_flip 11 6 1
Drop 5 0 0
Tile:7_flip 11 7 1
GAMEOVER WINNER 1
# Game ended: Wed Apr 15 17:33:34 EDT 2020
