# Server version 0.08 running on 192.168.2.139:8123
# Game ID: 74
# Board class: Saboteur.SaboteurBoard
# Timeout: 20000
# First Move Timeout: 30000
# Date: Sun Apr 12 23:13:56 EDT 2020
# Player 1: Player-0, '260714615', running on 192.168.2.139
# Player 2: Player-1, 'RandomPlayer', running on 192.168.2.139
START Player-0 260714615
START Player-1 RandomPlayer
BoardInit:Tile:9,Tile:9,Tile:15,Tile:1,Bonus,Tile:12,Map,Tile:0,Tile:2,Destroy,Tile:6,Map,Tile:8,Tile:8,Tile:9,Tile:0,Tile:13,Tile:5,Tile:6,Malus,Destroy,Tile:9,Tile:3,Tile:11,Bonus,Tile:5,Tile:14,Tile:10,Tile:7,Tile:6,Map,Destroy,Tile:4,Map,Tile:9,Tile:5,Tile:6,Tile:7,Tile:7,Tile:8,Bonus-Map,Tile:6,Map,Tile:10,Bonus,Tile:8,Tile:7-Tile:5,Tile:8,Malus,Tile:7,Tile:0,Tile:0,Tile:10-Tile:nugget,Tile:hidden1,Tile:hidden2
Map 12 5 1
Drop 2 0 0
Tile:10 5 6 1
Drop 5 0 0
Tile:9_flip 6 5 1
Drop 2 0 0
Tile:6 5 7 1
Drop 2 0 0
Map 12 7 1
Drop 5 0 0
Drop 1 0 1
Drop 4 0 0
Tile:15 6 4 1
Drop 1 0 0
Tile:7_flip 4 5 1
Destroy 5 7 0
Tile:6_flip 4 4 1
Drop 1 0 0
Tile:9_flip 5 4 1
Map 12 5 0
Map 12 7 1
Drop 1 0 0
Drop 5 0 1
Drop 4 0 0
Drop 0 0 1
Drop 1 0 0
Tile:2_flip 5 7 1
Drop 4 0 0
Drop 2 0 1
Drop 4 0 0
Tile:3 5 3 1
Drop 1 0 0
Tile:14_flip 4 7 1
Destroy 4 7 0
Destroy 5 4 1
Map 12 3 0
Map 12 3 1
Malus 0 0 0
Bonus 0 0 1
Drop 0 0 0
Tile:7_flip 4 7 1
Drop 1 0 0
Tile:9 6 3 1
Drop 5 0 0
Tile:7 6 7 1
Drop 3 0 0
Tile:4 6 2 1
Drop 0 0 0
Tile:8 6 8 1
Drop 2 0 0
Drop 1 0 1
Drop 1 0 0
Drop 1 0 1
Drop 0 0 0
Drop 0 0 1
GAMEOVER DRAW
# Game ended: Sun Apr 12 23:14:50 EDT 2020
