# Server version 0.08 running on 192.168.2.139:8123
# Game ID: 185
# Board class: Saboteur.SaboteurBoard
# Timeout: 20000
# First Move Timeout: 30000
# Date: Wed Apr 15 13:00:33 EDT 2020
# Player 1: Player-0, '260714615', running on 192.168.2.139
# Player 2: Player-1, 'RandomPlayer', running on 192.168.2.139
START Player-0 260714615
START Player-1 RandomPlayer
BoardInit:Map,Tile:1,Tile:2,Tile:8,Tile:4,Tile:12,Tile:6,Tile:15,Tile:5,Tile:11,Tile:9,Tile:7,Tile:6,Tile:10,Tile:6,Tile:7,Map,Map,Tile:10,Bonus,Map,Tile:9,Tile:7,Tile:9,Malus,Tile:5,Tile:6,Tile:8,Tile:9,Tile:8,Tile:0,Tile:0,Tile:6,Tile:5,Tile:7,Bonus,Tile:10,Tile:13,Map,Bonus,Tile:3-Destroy,Tile:14,Malus,Destroy,Tile:0,Tile:5,Map-Tile:7,Tile:8,Bonus,Destroy,Tile:0,Tile:9,Tile:8-Tile:nugget,Tile:hidden2,Tile:hidden1
Tile:5_flip 6 5 1
Tile:8 6 4 0
Malus 0 0 1
Bonus 0 0 0
Tile:14 5 6 1
Tile:0 7 4 0
Drop 2 0 1
Tile:8 8 4 0
Tile:6_flip 4 5 1
Tile:8 9 4 0
Tile:2 8 3 1
Tile:7_flip 9 5 0
Tile:5_flip 10 4 1
Tile:9 10 3 0
Destroy 10 3 1
Tile:10 10 3 0
Tile:9 5 4 1
Tile:1 10 5 0
Tile:6_flip 6 3 1
Tile:7 11 5 0
Destroy 5 6 1
Tile:7_flip 11 6 0
Tile:4_flip 4 6 1
Destroy 4 6 0
Tile:6_flip 5 3 1
Tile:9_flip 12 6 0
Tile:10 10 2 1
