# Server version 0.08 running on 192.168.2.139:8123
# Game ID: 340
# Board class: Saboteur.SaboteurBoard
# Timeout: 20000
# First Move Timeout: 30000
# Date: Wed Apr 15 17:39:43 EDT 2020
# Player 1: Player-0, '260714615', running on 127.0.0.1
# Player 2: Player-1, 'RandomPlayer', running on 127.0.0.1
START Player-0 260714615
START Player-1 RandomPlayer
BoardInit:Tile:9,Tile:0,Tile:9,Tile:0,Tile:9,Tile:14,Tile:15,Malus,Tile:10,Tile:1,Map,Map,Tile:8,Tile:7,Destroy,Tile:7,Tile:8,Tile:10,Tile:6,Tile:6,Tile:10,Tile:2,Tile:12,Tile:7,Tile:5,Malus,Map,Tile:7,Tile:6,Map,Tile:5,Destroy,Bonus,Tile:5,Bonus,Tile:13,Tile:8,Tile:7,Map,Bonus,Tile:4-Tile:8,Map,Bonus,Destroy,Tile:0,Tile:9,Tile:9-Tile:6,Tile:3,Tile:8,Tile:0,Tile:5,Tile:6,Tile:11-Tile:nugget,Tile:hidden2,Tile:hidden1
Drop 3 0 1
Tile:6 6 5 0
Tile:9 6 4 1
Tile:8 7 5 0
Tile:9_flip 8 5 1
Tile:5 8 4 0
Drop 5 0 1
Tile:0 9 4 0
Drop 0 0 1
Tile:6 10 4 0
Tile:9 6 3 1
Tile:0 11 4 0
Tile:10 6 2 1
Map 12 3 0
Map 12 7 1
Tile:0 12 4 0
Tile:8 4 5 1
Tile:1 13 4 0
Map 12 3 1
Tile:10 10 3 0
Tile:9_flip 7 4 1
Tile:6_flip 10 2 0
Tile:15 4 4 1
Tile:7 11 2 0
Destroy 11 4 1
Tile:7_flip 11 3 0
GAMEOVER WINNER 0
# Game ended: Wed Apr 15 17:40:09 EDT 2020
