# Server version 0.08 running on 192.168.2.139:8123
# Game ID: 309
# Board class: Saboteur.SaboteurBoard
# Timeout: 20000
# First Move Timeout: 30000
# Date: Wed Apr 15 16:40:19 EDT 2020
# Player 1: Player-0, '260714615', running on 192.168.2.139
# Player 2: Player-1, 'RandomPlayer', running on 192.168.2.139
START Player-0 260714615
START Player-1 RandomPlayer
BoardInit:Bonus,Tile:0,Tile:10,Tile:1,Bonus,Tile:3,Tile:14,Tile:10,Tile:12,Malus,Tile:11,Tile:0,Tile:0,Map,Tile:5,Map,Map,Destroy,Map,Tile:9,Tile:9,Tile:7,Tile:5,Tile:5,Tile:15,Map,Tile:7,Tile:4,Tile:7,Tile:13,Tile:8,Tile:8,Destroy,Tile:9,Tile:8,Bonus,Tile:9,Tile:10,Tile:8,Tile:0,Tile:6-Tile:8,Tile:7,Tile:6,Tile:6,Destroy,Tile:6,Bonus-Malus,Tile:5,Tile:6,Tile:2,Tile:7,Tile:9,Map-Tile:nugget,Tile:hidden2,Tile:hidden1
Tile:6_flip 4 5 1
Map 12 3 0
Tile:6 4 6 1
Tile:6 6 5 0
Tile:6 7 5 1
Tile:0 8 5 0
Destroy 6 5 1
Tile:5 5 4 0
Tile:14_flip 7 4 1
Tile:7_flip 3 5 0
Tile:7 9 5 1
Tile:9 9 6 0
Tile:8 5 6 1
Tile:0 6 5 0
Drop 3 0 1
Tile:10 9 7 0
Tile:11_flip 5 7 1
Tile:1 10 6 0
Tile:5_flip 11 6 1
Destroy 7 4 0
Tile:10 7 4 1
GAMEOVER TIMEOUT WINNER 1
# Game ended: Wed Apr 15 16:41:00 EDT 2020
