# Server version 0.08 running on 192.168.2.139:8123
# Game ID: 231
# Board class: Saboteur.SaboteurBoard
# Timeout: 20000
# First Move Timeout: 30000
# Date: Wed Apr 15 14:45:05 EDT 2020
# Player 1: Player-0, '260714615', running on 127.0.0.1
# Player 2: Player-1, 'RandomPlayer', running on 127.0.0.1
START Player-0 260714615
START Player-1 RandomPlayer
BoardInit:Tile:7,Destroy,Tile:5,Tile:8,Tile:0,Tile:8,Tile:6,Tile:4,Tile:10,Destroy,Tile:7,Tile:13,Tile:8,Bonus,Tile:5,Tile:6,Tile:6,Tile:0,Tile:10,Tile:9,Tile:0,Tile:10,Tile:8,Tile:12,Map,Tile:6,Tile:9,Map,Map,Bonus,Tile:14,Tile:5,Tile:9,Malus,Tile:7,Tile:5,Tile:15,Tile:7,Tile:7,Tile:1,Tile:0-Tile:9,Map,Map,Tile:11,Bonus,Tile:9,Tile:3-Map,Tile:8,Tile:2,Bonus,Destroy,Malus,Tile:6-Tile:hidden1,Tile:nugget,Tile:hidden2
Map 12 5 1
Map 12 3 0
Tile:9_flip 5 4 1
Tile:8 6 5 0
Tile:11 4 5 1
Tile:6 7 5 0
Tile:9_flip 5 3 1
Tile:8 8 5 0
Tile:6_flip 5 2 1
Tile:8 9 5 0
Tile:3 9 4 1
Destroy 9 4 0
Tile:7 6 2 1
Drop 5 0 0
Tile:8 4 4 1
Drop 5 0 0
Tile:5_flip 10 5 1
Tile:6_flip 10 4 0
Tile:6 4 6 1
Tile:0 11 4 0
Tile:10 6 6 1
Tile:9_flip 12 4 0
GAMEOVER WINNER 0
# Game ended: Wed Apr 15 14:45:27 EDT 2020
