# Server version 0.08 running on 192.168.2.139:8123
# Game ID: 208
# Board class: Saboteur.SaboteurBoard
# Timeout: 20000
# First Move Timeout: 30000
# Date: Mon Apr 13 12:45:44 EDT 2020
# Player 1: Player-0, '260714615', running on 192.168.2.139
# Player 2: Player-1, 'RandomPlayer', running on 192.168.2.139
START Player-0 260714615
START Player-1 RandomPlayer
BoardInit:Tile:5,Tile:0,Bonus,Tile:5,Tile:0,Tile:5,Tile:7,Tile:0,Tile:13,Tile:6,Tile:11,Tile:9,Tile:9,Destroy,Destroy,Map,Tile:1,Map,Tile:8,Tile:9,Map,Tile:7,Tile:9,Tile:10,Tile:8,Tile:10,Destroy,Tile:7,Bonus,Map,Tile:2,Tile:10,Tile:6,Tile:4,Tile:6,Malus,Tile:3,Tile:7,Map,Tile:9,Tile:14-Tile:12,Tile:0,Tile:5,Tile:8,Tile:8,Tile:6,Bonus-Tile:6,Malus,Tile:15,Tile:8,Map,Tile:7,Bonus-Tile:nugget,Tile:hidden1,Tile:hidden2
Tile:12_flip 4 5 1
Malus 0 0 0
Drop 1 0 1
Drop 5 0 0
Drop 0 0 1
Tile:7_flip 5 6 0
Drop 5 0 1
Drop 6 0 0
Drop 5 0 1
Tile:6_flip 6 5 0
Bonus 0 0 1
Tile:8 7 5 0
Tile:6_flip 7 4 1
Tile:9_flip 6 6 0
Tile:5 5 4 1
Tile:0 6 4 0
Tile:11_flip 6 7 1
Map 12 3 0
Tile:7 8 4 1
Tile:5 5 7 0
Destroy 8 4 1
Tile:9_flip 8 4 0
Tile:9_flip 8 5 1
Tile:15 6 8 0
Drop 0 0 1
Tile:10 8 3 0
Tile:13 8 2 1
Tile:7 9 2 0
Map 12 7 1
Destroy 8 3 0
Destroy 9 2 1
Tile:7 8 1 0
Tile:2_flip 9 2 1
Tile:6 7 2 0
Tile:8 8 3 1
GAMEOVER TIMEOUT WINNER 1
# Game ended: Mon Apr 13 12:46:21 EDT 2020
