# Server version 0.08 running on 192.168.2.139:8123
# Game ID: 307
# Board class: Saboteur.SaboteurBoard
# Timeout: 20000
# First Move Timeout: 30000
# Date: Mon Apr 13 19:00:46 EDT 2020
# Player 1: Player-0, 'RandomPlayer', running on 127.0.0.1
# Player 2: Player-1, '260714615', running on 127.0.0.1
START Player-0 RandomPlayer
START Player-1 260714615
BoardInit:Map,Bonus,Tile:6,Tile:8,Tile:12,Tile:6,Tile:13,Tile:4,Tile:7,Tile:9,Destroy,Tile:0,Map,Tile:5,Tile:9,Tile:8,Tile:7,Tile:7,Tile:8,Tile:6,Tile:5,Tile:0,Map,Tile:9,Tile:3,Tile:10,Map,Tile:11,Tile:7,Tile:5,Tile:6,Malus,Tile:10,Map,Bonus,Tile:2,Map,Tile:8,Tile:1,Destroy,Tile:9-Bonus,Tile:0,Malus,Bonus,Tile:14,Tile:5,Tile:8-Tile:6,Tile:10,Destroy,Tile:9,Tile:15,Tile:0,Tile:7-Tile:nugget,Tile:hidden2,Tile:hidden1
Tile:0 6 5 1
Tile:9 5 6 0
Map 12 3 1
Tile:0 7 5 0
Tile:8 8 5 1
Tile:15 8 4 0
Tile:6 9 5 1
Tile:10 5 7 0
Tile:13 10 5 1
Destroy 9 5 0
Tile:5 10 4 1
Tile:6_flip 9 5 0
Tile:7 11 4 1
Tile:7 8 3 0
Malus 0 0 1
Drop 5 0 0
Tile:9 10 6 1
Drop 1 0 0
Tile:7_flip 10 7 1
Drop 3 0 0
Tile:8 11 5 1
Drop 2 0 0
Tile:5 7 3 1
Drop 3 0 0
Tile:14 5 8 1
Drop 5 0 0
Tile:12 6 6 1
Drop 0 0 0
Destroy 5 6 1
Drop 5 0 0
Tile:7_flip 8 6 1
Drop 0 0 0
Tile:6 11 6 1
Drop 4 0 0
Tile:10 5 4 1
Drop 4 0 0
Tile:3 5 3 1
Map 12 7 0
Drop 0 0 1
Drop 0 0 0
Tile:1 4 3 1
Malus 0 0 0
Bonus 0 0 1
Destroy 11 5 0
Tile:9_flip 11 5 1
Drop 3 0 0
Drop 0 0 1
Drop 0 0 0
Drop 0 0 1
Drop 2 0 0
Drop 0 0 1
Drop 0 0 0
Drop 0 0 1
Drop 0 0 0
Drop 0 0 1
GAMEOVER DRAW
# Game ended: Mon Apr 13 19:01:12 EDT 2020
