# Server version 0.08 running on 192.168.2.139:8123
# Game ID: 112
# Board class: Saboteur.SaboteurBoard
# Timeout: 20000
# First Move Timeout: 30000
# Date: Wed Apr 15 00:37:15 EDT 2020
# Player 1: Player-0, '260714615', running on 192.168.2.139
# Player 2: Player-1, 'RandomPlayer', running on 192.168.2.139
START Player-0 260714615
START Player-1 RandomPlayer
BoardInit:Tile:9,Tile:10,Destroy,Map,Tile:2,Tile:7,Tile:12,Destroy,Map,Map,Destroy,Tile:8,Tile:9,Tile:13,Tile:7,Tile:8,Tile:0,Tile:1,Bonus,Tile:15,Tile:9,Tile:7,Bonus,Tile:10,Tile:9,Tile:7,Tile:0,Tile:5,Tile:0,Tile:6,Tile:5,Tile:8,Tile:10,Tile:8,Map,Tile:5,Tile:3,Tile:0,Tile:6,Tile:8,Malus-Map,Tile:11,Map,Bonus,Tile:6,Malus,Tile:7-Tile:5,Tile:4,Tile:6,Bonus,Tile:14,Tile:6,Tile:9-Tile:hidden2,Tile:hidden1,Tile:nugget
Map 12 5 1
Tile:6 6 5 0
Tile:7 7 5 1
Tile:6 7 6 0
Malus 0 0 1
Map 12 3 0
Tile:2 6 4 1
Bonus 0 0 0
Tile:6_flip 6 6 1
Tile:9 6 7 0
Drop 0 0 1
Map 12 3 0
Destroy 6 4 1
Tile:8 8 6 0
Tile:9_flip 6 4 1
Tile:5 8 5 0
Drop 5 0 1
Tile:8 9 5 0
Tile:12_flip 4 5 1
Tile:10 9 4 0
Destroy 4 5 1
Tile:7 10 5 0
Tile:7 9 3 1
Tile:7_flip 10 6 0
Drop 4 0 1
Tile:1 11 6 0
Map 12 3 1
Tile:7 12 6 0
Tile:9 5 4 1
Tile:10 8 7 0
Drop 2 0 1
Tile:5 8 3 0
Tile:5_flip 6 8 1
Tile:6 8 8 0
Tile:9 6 3 1
Tile:8 9 8 0
Map 12 3 1
Tile:8 10 8 0
Tile:3_flip 5 6 1
Tile:5 10 7 0
Tile:0 11 8 1
Tile:0 11 7 0
GAMEOVER WINNER 0
# Game ended: Wed Apr 15 00:37:57 EDT 2020
