# Server version 0.08 running on 192.168.2.139:8123
# Game ID: 201
# Board class: Saboteur.SaboteurBoard
# Timeout: 20000
# First Move Timeout: 30000
# Date: Wed Apr 15 13:31:53 EDT 2020
# Player 1: Player-0, '260714615', running on 192.168.2.139
# Player 2: Player-1, 'RandomPlayer', running on 192.168.2.139
START Player-0 260714615
START Player-1 RandomPlayer
BoardInit:Tile:11,Tile:0,Tile:7,Tile:2,Tile:8,Tile:3,Destroy,Tile:5,Tile:5,Tile:9,Bonus,Tile:0,Tile:6,Map,Destroy,Tile:9,Tile:9,Tile:6,Tile:10,Tile:7,Bonus,Tile:9,Tile:5,Tile:8,Tile:10,Tile:0,Tile:14,Map,Malus,Map,Tile:0,Destroy,Tile:7,Tile:8,Tile:8,Bonus,Map,Tile:10,Tile:8,Tile:13,Tile:6-Bonus,Tile:7,Malus,Tile:15,Tile:9,Tile:6,Tile:12-Map,Map,Tile:7,Tile:4,Tile:6,Tile:1,Tile:5-Tile:hidden1,Tile:nugget,Tile:hidden2
Drop 3 0 1
Map 12 3 0
Tile:9_flip 6 5 1
Map 12 3 0
Tile:11_flip 5 6 1
Tile:7_flip 6 6 0
Drop 4 0 1
Tile:6 7 6 0
Tile:7_flip 5 7 1
Tile:0 8 6 0
Tile:7 6 7 1
Tile:5 7 5 0
Drop 2 0 1
Tile:0 9 6 0
Tile:6 8 5 1
Map 12 3 0
Tile:8 6 4 1
Tile:5 8 4 0
Destroy 8 6 1
Tile:6 9 5 0
Drop 4 0 1
Tile:1 10 5 0
Tile:5 5 4 1
Tile:9_flip 11 5 0
Tile:5 11 4 1
Tile:8 12 4 0
Tile:10 6 8 1
Tile:9 11 6 0
Tile:14 12 6 1
Map 12 3 0
Tile:9 4 6 1
Map 12 3 0
Tile:10 4 7 1
Destroy 5 6 0
Malus 0 0 1
Drop 0 0 0
Tile:7_flip 11 7 1
Bonus 0 0 0
Tile:8 9 4 1
Tile:0 13 4 0
Drop 6 0 1
Tile:9 9 3 0
Drop 6 0 1
Tile:8 10 3 0
Drop 1 0 1
Tile:10 10 2 0
Map 12 3 1
