# Server version 0.08 running on 192.168.2.139:8123
# Game ID: 8
# Board class: Saboteur.SaboteurBoard
# Timeout: 20000
# First Move Timeout: 30000
# Date: Tue Apr 14 11:09:07 EDT 2020
# Player 1: Player-0, '260714615', running on 127.0.0.1
# Player 2: Player-1, 'RandomPlayer', running on 127.0.0.1
START Player-0 260714615
START Player-1 RandomPlayer
BoardInit:Malus,Tile:0,Tile:13,Tile:11,Tile:5,Destroy,Map,Tile:7,Map,Bonus,Tile:3,Tile:7,Tile:6,Map,Tile:9,Tile:7,Tile:14,Tile:1,Bonus,Tile:0,Tile:10,Tile:6,Tile:15,Destroy,Tile:10,Map,Tile:7,Tile:4,Tile:5,Map,Tile:6,Destroy,Bonus,Tile:8,Tile:6,Tile:10,Tile:9,Malus,Tile:9,Tile:7,Tile:9-Tile:8,Tile:5,Tile:0,Map,Tile:12,Tile:8,Tile:8-Tile:8,Bonus,Tile:6,Tile:2,Tile:9,Tile:0,Tile:5-Tile:nugget,Tile:hidden2,Tile:hidden1
Map 12 3 1
Tile:8 6 5 0
Tile:8 4 5 1
Tile:6 7 5 0
Tile:13 5 4 1
Tile:0 8 5 0
Tile:8 7 4 1
Tile:0 9 5 0
Tile:5_flip 8 4 1
Tile:9_flip 10 5 0
Drop 0 0 1
Tile:5 10 4 0
Tile:5_flip 10 6 1
Tile:7 11 4 0
Tile:3 5 3 1
Map 12 3 0
Tile:6 5 6 1
Tile:7_flip 11 5 0
Tile:14 6 6 1
Tile:7 8 3 0
Tile:9 4 3 1
Tile:0 9 6 0
Tile:8 4 4 1
Tile:6_flip 7 3 0
Map 12 7 1
Tile:1 8 6 0
Tile:10 12 6 1
Tile:2 4 2 0
Tile:7_flip 3 4 1
Tile:11 3 2 0
Tile:5_flip 5 2 1
Destroy 3 2 0
Tile:10 12 8 1
Destroy 3 4 0
Tile:12_flip 7 6 1
Tile:8 12 9 0
Tile:15 12 4 1
Tile:10 12 10 0
Tile:6_flip 13 9 1
Malus 0 0 0
Drop 2 0 1
Tile:7_flip 6 3 0
Drop 4 0 1
Tile:4 5 1 0
Drop 1 0 1
Destroy 4 2 0
Drop 4 0 1
Drop 0 0 0
Drop 0 0 1
Drop 0 0 0
Drop 0 0 1
Drop 0 0 0
Drop 1 0 1
Drop 0 0 0
Drop 0 0 1
GAMEOVER DRAW
# Game ended: Tue Apr 14 11:10:01 EDT 2020
