# Server version 0.08 running on 192.168.2.139:8123
# Game ID: 267
# Board class: Saboteur.SaboteurBoard
# Timeout: 20000
# First Move Timeout: 30000
# Date: Mon Apr 13 17:57:51 EDT 2020
# Player 1: Player-0, '260714615', running on 192.168.2.139
# Player 2: Player-1, 'RandomPlayer', running on 192.168.2.139
START Player-0 260714615
START Player-1 RandomPlayer
BoardInit:Tile:1,Tile:7,Map,Tile:5,Tile:9,Tile:9,Tile:6,Tile:7,Destroy,Tile:10,Tile:8,Tile:7,Map,Tile:4,Tile:10,Tile:8,Tile:5,Tile:6,Malus,Tile:8,Tile:14,Tile:8,Destroy,Bonus,Map,Tile:0,Tile:15,Tile:7,Tile:0,Tile:11,Bonus,Tile:0,Tile:9,Tile:6,Map,Tile:9,Bonus,Map,Tile:5,Tile:2,Tile:13-Tile:0,Tile:12,Map,Destroy,Tile:5,Tile:10,Malus-Tile:8,Bonus,Tile:9,Tile:6,Tile:7,Tile:3,Tile:6-Tile:nugget,Tile:hidden1,Tile:hidden2
Tile:5_flip 6 5 1
Tile:8 6 4 0
Drop 1 0 1
Tile:6 7 4 0
Malus 0 0 1
Bonus 0 0 0
Drop 2 0 1
Tile:6 8 4 0
Tile:9 7 3 1
Tile:9 7 2 0
Drop 0 0 1
Tile:7 9 4 0
Tile:8 8 2 1
Tile:7_flip 9 5 0
Tile:6_flip 10 5 1
Tile:5_flip 11 5 0
Map 12 3 1
Tile:9 11 4 0
Drop 1 0 1
Tile:8 12 4 0
GAMEOVER WINNER 0
# Game ended: Mon Apr 13 17:58:09 EDT 2020
