# Server version 0.08 running on 192.168.2.139:8123
# Game ID: 142
# Board class: Saboteur.SaboteurBoard
# Timeout: 20000
# First Move Timeout: 30000
# Date: Mon Apr 13 10:55:45 EDT 2020
# Player 1: Player-0, '260714615', running on 192.168.2.139
# Player 2: Player-1, 'RandomPlayer', running on 192.168.2.139
START Player-0 260714615
START Player-1 RandomPlayer
BoardInit:Destroy,Tile:2,Tile:13,Destroy,Tile:5,Tile:6,Tile:1,Tile:0,Destroy,Tile:10,Map,Tile:9,Bonus,Malus,Tile:4,Malus,Tile:7,Tile:9,Map,Tile:7,Tile:0,Tile:0,Tile:8,Tile:8,Bonus,Tile:9,Tile:8,Tile:9,Tile:5,Tile:0,Tile:6,Tile:3,Tile:5,Tile:9,Tile:12,Tile:6,Tile:6,Map,Map,Tile:15,Tile:10-Bonus,Tile:7,Tile:7,Tile:5,Tile:10,Bonus,Tile:14-Map,Tile:8,Map,Tile:7,Tile:8,Tile:11,Tile:6-Tile:nugget,Tile:hidden2,Tile:hidden1
Drop 2 0 1
Map 12 7 0
Drop 1 0 1
Tile:7_flip 4 5 0
Tile:14 5 6 1
Tile:2_flip 6 5 0
Tile:5 4 4 1
Tile:11_flip 6 4 0
Tile:13 5 4 1
Drop 2 0 0
Destroy 6 5 1
Map 12 3 0
Tile:5 4 6 1
Destroy 4 5 0
Destroy 4 6 1
Tile:9_flip 5 3 0
Drop 1 0 1
Drop 0 0 0
Tile:7_flip 4 6 1
Tile:9_flip 6 5 0
Map 12 3 1
Drop 4 0 0
Tile:0 4 3 1
Tile:10 5 2 0
Tile:4 6 3 1
Tile:8 4 5 0
Tile:1 3 5 1
Tile:7 5 1 0
Drop 5 0 1
