# Server version 0.08 running on 192.168.2.139:8123
# Game ID: 54
# Board class: Saboteur.SaboteurBoard
# Timeout: 20000
# First Move Timeout: 30000
# Date: Tue Apr 14 12:17:57 EDT 2020
# Player 1: Player-0, '260714615', running on 127.0.0.1
# Player 2: Player-1, 'RandomPlayer', running on 127.0.0.1
START Player-0 260714615
START Player-1 RandomPlayer
BoardInit:Tile:7,Tile:6,Tile:7,Tile:5,Map,Map,Tile:12,Tile:7,Malus,Map,Tile:5,Tile:6,Tile:10,Tile:2,Destroy,Map,Bonus,Map,Tile:9,Bonus,Tile:6,Tile:3,Tile:8,Tile:11,Tile:6,Tile:7,Tile:0,Destroy,Bonus,Tile:13,Tile:9,Malus,Tile:7,Tile:1,Tile:5,Destroy,Tile:8,Tile:9,Tile:0,Tile:8,Tile:0-Tile:5,Tile:6,Tile:8,Tile:0,Tile:4,Map,Tile:10-Tile:9,Tile:15,Bonus,Tile:8,Tile:14,Tile:10,Tile:9-Tile:nugget,Tile:hidden2,Tile:hidden1
Tile:8 5 4 1
Tile:8 6 5 0
Drop 5 0 1
Tile:6 7 5 0
Tile:7 5 3 1
Tile:9 7 4 0
Tile:6 4 5 1
Map 12 3 0
Tile:7 6 4 1
Tile:10 7 3 0
Drop 1 0 1
Tile:9 7 2 0
Drop 0 0 1
Tile:6 8 2 0
Drop 3 0 1
Tile:5 8 1 0
Tile:4 7 1 1
Tile:7 9 2 0
Drop 1 0 1
Tile:15 5 6 0
Destroy 4 5 1
Tile:14 5 7 0
Tile:9 9 3 1
Tile:2 4 3 0
Drop 2 0 1
Tile:3 8 4 0
Tile:8 4 4 1
Tile:7_flip 9 4 0
Tile:6 8 5 1
Tile:11 3 3 0
Tile:0 9 5 1
Destroy 3 3 0
Map 12 7 1
Malus 0 0 0
Drop 3 0 1
Tile:1 10 3 0
Drop 2 0 1
Tile:13 3 3 0
Malus 0 0 1
Bonus 0 0 0
Drop 4 0 1
Tile:8 11 3 0
Drop 5 0 1
Tile:9 11 2 0
Drop 4 0 1
Destroy 3 3 0
Drop 3 0 1
Drop 0 0 0
Drop 2 0 1
Drop 0 0 0
Drop 0 0 1
Drop 0 0 0
Bonus 0 0 1
Drop 0 0 0
Tile:0 9 1 1
GAMEOVER DRAW
# Game ended: Tue Apr 14 12:18:51 EDT 2020
