# Server version 0.08 running on 192.168.2.139:8123
# Game ID: 271
# Board class: Saboteur.SaboteurBoard
# Timeout: 20000
# First Move Timeout: 30000
# Date: Wed Apr 15 15:31:35 EDT 2020
# Player 1: Player-0, '260714615', running on 127.0.0.1
# Player 2: Player-1, 'RandomPlayer', running on 127.0.0.1
START Player-0 260714615
START Player-1 RandomPlayer
BoardInit:Tile:0,Tile:8,Tile:8,Bonus,Map,Tile:7,Tile:8,Tile:2,Map,Tile:10,Tile:7,Tile:9,Tile:13,Tile:8,Tile:15,Tile:0,Tile:3,Tile:6,Destroy,Tile:12,Tile:8,Bonus,Tile:7,Tile:10,Destroy,Tile:1,Tile:5,Tile:0,Tile:6,Tile:9,Tile:5,Tile:11,Tile:0,Tile:6,Bonus,Tile:7,Map,Malus,Tile:5,Map,Malus-Tile:9,Map,Tile:10,Map,Tile:9,Tile:5,Destroy-Tile:14,Tile:9,Tile:4,Bonus,Tile:7,Tile:6,Tile:6-Tile:hidden2,Tile:nugget,Tile:hidden1
Tile:5 5 4 1
Tile:6 6 5 0
Tile:9 5 6 1
Tile:6 7 5 0
Tile:8 8 5 1
Tile:8 9 5 0
Tile:9 5 7 1
Tile:9 9 4 0
Tile:8 7 4 1
Tile:7_flip 9 6 0
Drop 0 0 1
Tile:10 9 3 0
Tile:7 8 4 1
Tile:7 10 5 0
Destroy 7 4 1
Tile:8 10 6 0
Tile:10 5 8 1
Tile:0 11 6 0
Tile:3 9 2 1
Tile:6 12 6 0
GAMEOVER WINNER 0
# Game ended: Wed Apr 15 15:31:55 EDT 2020
