# Server version 0.08 running on LAPTOP-PK0TDV81:8123
# Game ID: 429
# Board class: Saboteur.SaboteurBoard
# Timeout: 20000
# First Move Timeout: 30000
# Date: Wed Apr 15 19:45:16 EDT 2020
# Player 1: Player-0, '260714615', running on 127.0.0.1
# Player 2: Player-1, 'RandomPlayer', running on 127.0.0.1
START Player-0 260714615
START Player-1 RandomPlayer
BoardInit:Map,Tile:5,Tile:7,Tile:6,Tile:5,Tile:4,Bonus,Tile:13,Tile:10,Tile:6,Map,Tile:0,Destroy,Tile:14,Tile:9,Tile:7,Tile:0,Malus,Tile:8,Tile:8,Tile:1,Tile:7,Map,Tile:0,Map,Tile:11,Tile:8,Bonus,Tile:9,Map,Tile:12,Tile:9,Bonus,Bonus,Tile:6,Tile:15,Tile:3,Map,Malus,Tile:8,Tile:0-Tile:10,Tile:6,Tile:9,Tile:7,Tile:8,Destroy,Tile:5-Tile:5,Tile:7,Tile:9,Tile:2,Tile:6,Destroy,Tile:10-Tile:hidden2,Tile:hidden1,Tile:nugget
Tile:8 5 6 1
Tile:6 6 5 0
Tile:9 4 5 1
Tile:5 6 4 0
Tile:6 7 4 1
Tile:6 8 4 0
Tile:7_flip 4 6 1
Tile:9 8 3 0
Tile:7_flip 5 7 1
Tile:5 8 2 0
Tile:5_flip 6 7 1
Tile:6 9 4 0
Destroy 8 2 1
Tile:0 10 4 0
Destroy 10 4 1
Tile:7 10 4 0
Tile:9_flip 4 4 1
Drop 0 0 0
Tile:10 10 5 1
Tile:7_flip 10 6 0
Tile:0 7 5 1
Tile:8 11 6 0
Drop 1 0 1
Malus 0 0 0
Drop 4 0 1
Tile:0 12 6 0
Drop 3 0 1
Destroy 12 6 0
Map 12 5 1
Tile:10 11 5 0
Bonus 0 0 1
Map 12 3 0
Tile:9_flip 7 3 1
Drop 0 0 0
Tile:1 12 6 1
Drop 0 0 0
Tile:6_flip 9 3 1
Drop 0 0 0
Tile:3 4 3 1
Map 12 5 0
Tile:10 11 4 1
Tile:8 13 6 0
Tile:8 3 4 1
Tile:9 13 5 0
Map 12 5 1
Tile:7_flip 11 7 0
GAMEOVER WINNER 0
# Game ended: Wed Apr 15 19:46:02 EDT 2020
