# Server version 0.08 running on 192.168.2.139:8123
# Game ID: 346
# Board class: Saboteur.SaboteurBoard
# Timeout: 20000
# First Move Timeout: 30000
# Date: Wed Apr 15 17:51:56 EDT 2020
# Player 1: Player-0, 'RandomPlayer', running on 127.0.0.1
# Player 2: Player-1, '260714615', running on 127.0.0.1
START Player-0 RandomPlayer
START Player-1 260714615
BoardInit:Tile:12,Tile:6,Tile:0,Tile:14,Tile:9,Tile:13,Tile:6,Tile:9,Map,Bonus,Tile:8,Tile:7,Tile:7,Map,Tile:9,Tile:7,Tile:0,Destroy,Destroy,Tile:6,Tile:8,Destroy,Tile:6,Tile:10,Tile:5,Tile:5,Tile:10,Malus,Tile:8,Tile:7,Tile:5,Tile:2,Bonus,Tile:6,Tile:11,Bonus,Map,Tile:8,Tile:7,Tile:9,Bonus-Malus,Map,Tile:9,Map,Tile:15,Tile:0,Tile:5-Map,Tile:4,Tile:3,Tile:0,Tile:1,Tile:8,Tile:10-Tile:hidden2,Tile:nugget,Tile:hidden1
Malus 0 0 1
Map 12 3 0
Map 12 3 1
Drop 1 0 0
Map 12 5 1
Drop 4 0 0
Tile:0 6 5 1
Drop 5 0 0
Tile:0 7 5 1
Drop 1 0 0
Tile:6 8 5 1
Bonus 0 0 0
Tile:8 9 5 1
Tile:6_flip 9 4 0
Tile:9 9 6 1
Tile:13 10 5 0
Tile:5_flip 11 5 1
Tile:7_flip 9 7 0
Tile:9 11 4 1
Tile:8 10 6 0
Tile:0 12 4 1
Tile:1 11 6 0
Destroy 12 4 1
Tile:6_flip 12 4 0
Tile:8 12 6 1
Destroy 9 5 0
Tile:9 8 4 1
Drop 3 0 0
Tile:7 10 4 1
Tile:5_flip 10 7 0
Tile:6 13 4 1
Drop 3 0 0
Tile:8 13 6 1
Tile:4 11 3 0
Tile:5 13 5 1
Tile:2_flip 4 5 0
Tile:10 13 3 1
Map 12 3 0
Tile:5 13 2 1
Tile:8 9 5 0
Tile:7_flip 13 7 1
Tile:9 3 5 0
Tile:15 3 4 1
Tile:10 4 4 0
Tile:11 3 3 1
Drop 3 0 0
Drop 0 0 1
Tile:9_flip 3 2 0
Drop 0 0 1
Drop 2 0 0
Drop 0 0 1
Tile:7 4 3 0
Drop 0 0 1
Drop 0 0 0
Drop 0 0 1
GAMEOVER DRAW
# Game ended: Wed Apr 15 17:52:52 EDT 2020
