# Server version 0.08 running on 192.168.2.139:8123
# Game ID: 47
# Board class: Saboteur.SaboteurBoard
# Timeout: 20000
# First Move Timeout: 30000
# Date: Sun Apr 12 20:56:34 EDT 2020
# Player 1: Player-0, '260714615', running on 127.0.0.1
# Player 2: Player-1, 'RandomPlayer', running on 127.0.0.1
START Player-0 260714615
START Player-1 RandomPlayer
BoardInit:Tile:7,Tile:9,Malus,Tile:10,Tile:13,Tile:9,Tile:9,Tile:6,Tile:6,Tile:7,Tile:0,Tile:11,Tile:5,Bonus,Map,Tile:8,Tile:10,Tile:14,Map,Tile:15,Tile:2,Tile:9,Map,Tile:8,Map,Tile:5,Malus,Destroy,Destroy,Tile:8,Map,Tile:7,Tile:5,Map,Tile:12,Tile:8,Tile:5,Tile:6,Tile:6,Tile:3,Bonus-Tile:0,Tile:0,Tile:1,Tile:9,Tile:8,Destroy,Bonus-Tile:7,Tile:0,Tile:4,Bonus,Tile:7,Tile:10,Tile:6-Tile:nugget,Tile:hidden2,Tile:hidden1
Tile:9_flip 6 5 1
Drop 0 0 0
Drop 1 0 1
Drop 1 0 0
Tile:7_flip 4 5 1
Tile:9_flip 6 4 0
Drop 6 0 1
Tile:10 6 3 0
Tile:9 5 4 1
Tile:6_flip 6 2 0
Tile:8 5 6 1
Tile:7_flip 5 2 0
Drop 6 0 1
Tile:11 5 7 0
Tile:5_flip 6 6 1
Tile:7 4 4 0
Tile:0 7 2 1
Tile:6_flip 3 4 0
Destroy 6 3 1
Drop 2 0 0
Tile:1 2 4 1
Drop 1 0 0
Tile:2_flip 1 4 1
Tile:9 6 3 0
Tile:6 5 8 1
Tile:8 1 3 0
Map 12 7 1
Tile:14 8 2 0
Tile:10 3 5 1
Tile:8 0 4 0
Destroy 1 3 1
Tile:9_flip 0 3 0
Drop 6 0 1
Tile:5 4 8 0
Map 12 3 1
Destroy 0 4 0
Tile:12_flip 4 6 1
Tile:15 5 1 0
Tile:5_flip 4 9 1
Tile:6_flip 0 2 0
Drop 2 0 1
Tile:8 1 2 0
Tile:5 5 0 1
Drop 0 0 0
Malus 0 0 1
GAMEOVER ILLEGAL MOVE: Player 0, CardUsed: (Tile:7), PosOfUse: (2, 2) WINNER 1
# Game ended: Sun Apr 12 20:56:34 EDT 2020
