# Server version 0.08 running on 192.168.2.139:8123
# Game ID: 204
# Board class: Saboteur.SaboteurBoard
# Timeout: 20000
# First Move Timeout: 30000
# Date: Mon Apr 13 12:32:40 EDT 2020
# Player 1: Player-0, '260714615', running on 192.168.2.139
# Player 2: Player-1, 'RandomPlayer', running on 192.168.2.139
START Player-0 260714615
START Player-1 RandomPlayer
BoardInit:Map,Map,Tile:6,Tile:7,Tile:9,Tile:15,Tile:10,Destroy,Tile:9,Destroy,Tile:3,Bonus,Tile:0,Bonus,Map,Map,Tile:0,Tile:9,Bonus,Tile:10,Bonus,Destroy,Map,Tile:8,Tile:11,Tile:9,Tile:6,Tile:8,Malus,Tile:5,Tile:0,Tile:6,Tile:8,Tile:7,Tile:14,Tile:6,Tile:7,Tile:4,Tile:5,Map,Tile:8-Malus,Tile:1,Tile:0,Tile:2,Tile:5,Tile:13,Tile:9-Tile:12,Tile:5,Tile:10,Tile:8,Tile:7,Tile:7,Tile:6-Tile:hidden1,Tile:nugget,Tile:hidden2
Tile:9 5 4 1
Tile:8 6 4 0
Tile:5_flip 6 5 1
Drop 0 0 0
Map 12 7 1
Tile:10 6 3 0
Tile:9_flip 5 6 1
Tile:7 7 4 0
Tile:13 4 5 1
Tile:15 7 5 0
Tile:6_flip 6 2 1
Destroy 6 2 0
Tile:3_flip 3 5 1
Tile:7 3 4 0
Tile:9 6 2 1
Tile:6_flip 2 4 0
Tile:2_flip 1 4 1
Tile:7 7 2 0
Drop 1 0 1
Destroy 5 4 0
Tile:0 0 4 1
Tile:10 6 1 0
Map 12 5 1
Tile:5 6 0 0
Drop 4 0 1
Tile:9 4 6 0
Tile:11 4 4 1
Tile:9_flip 2 5 0
Drop 2 0 1
Tile:8 5 4 0
Tile:6 7 0 1
Destroy 1 4 0
Tile:0 1 4 1
Drop 5 0 0
Drop 3 0 1
Map 12 3 0
Tile:8 4 7 1
Tile:6 3 7 0
Tile:0 2 7 1
Tile:4 4 3 0
Drop 6 0 1
Tile:6 2 6 0
Tile:14 4 8 1
Tile:7 3 6 0
Tile:8 7 6 1
Tile:8 7 7 0
Tile:7_flip 7 3 1
Map 12 7 0
Drop 2 0 1
Map 12 3 0
Malus 0 0 1
Drop 1 0 0
Drop 1 0 1
Bonus 0 0 0
Tile:10 5 3 1
GAMEOVER DRAW
# Game ended: Mon Apr 13 12:33:05 EDT 2020
