# Server version 0.08 running on 192.168.2.139:8123
# Game ID: 186
# Board class: Saboteur.SaboteurBoard
# Timeout: 20000
# First Move Timeout: 30000
# Date: Mon Apr 13 12:04:47 EDT 2020
# Player 1: Player-0, '260714615', running on 192.168.2.139
# Player 2: Player-1, 'RandomPlayer', running on 192.168.2.139
START Player-0 260714615
START Player-1 RandomPlayer
BoardInit:Destroy,Tile:9,Bonus,Tile:7,Malus,Tile:11,Tile:2,Map,Tile:14,Tile:6,Destroy,Tile:10,Tile:8,Tile:6,Tile:13,Map,Bonus,Tile:7,Map,Tile:0,Tile:10,Bonus,Tile:3,Tile:15,Tile:1,Tile:5,Tile:5,Tile:9,Tile:8,Tile:8,Tile:5,Destroy,Map,Tile:5,Tile:6,Tile:7,Tile:8,Bonus,Tile:6,Tile:10,Tile:12-Tile:4,Tile:8,Malus,Tile:9,Tile:0,Tile:7,Tile:7-Tile:9,Tile:6,Map,Map,Tile:9,Tile:0,Tile:0-Tile:nugget,Tile:hidden2,Tile:hidden1
Tile:9_flip 5 4 1
Drop 2 0 0
Tile:4_flip 5 6 1
Tile:9 5 3 0
Malus 0 0 1
Drop 0 0 0
Tile:8 6 3 1
Drop 2 0 0
Tile:2 6 2 1
Drop 3 0 0
Tile:7_flip 4 4 1
Drop 4 0 0
Tile:7_flip 6 4 1
Drop 3 0 0
Destroy 6 4 1
Drop 0 0 0
Tile:14 7 3 1
Drop 0 0 0
Destroy 7 3 1
Drop 0 0 0
Map 12 3 1
Drop 0 0 0
Tile:8 6 5 1
Drop 1 0 0
Drop 0 0 1
Map 12 7 0
Tile:13 7 3 1
Drop 4 0 0
Drop 2 0 1
Drop 0 0 0
Tile:8 7 2 1
Drop 6 0 0
Tile:1 4 5 1
Destroy 7 2 0
Drop 0 0 1
Drop 6 0 0
Tile:6 8 3 1
Drop 3 0 0
Tile:5_flip 9 3 1
Drop 2 0 0
Tile:10 6 6 1
Drop 6 0 0
Tile:5 3 5 1
GAMEOVER USER CANCEL UNDECIDED
# Game ended: Mon Apr 13 12:05:10 EDT 2020
