# Server version 0.08 running on 192.168.2.139:8123
# Game ID: 234
# Board class: Saboteur.SaboteurBoard
# Timeout: 20000
# First Move Timeout: 30000
# Date: Mon Apr 13 16:19:13 EDT 2020
# Player 1: Player-0, '260714615', running on 192.168.2.139
# Player 2: Player-1, 'RandomPlayer', running on 192.168.2.139
START Player-0 260714615
START Player-1 RandomPlayer
BoardInit:Tile:9,Bonus,Tile:2,Tile:12,Tile:6,Tile:5,Tile:5,Map,Tile:7,Tile:7,Tile:14,Tile:5,Tile:9,Map,Tile:0,Map,Tile:6,Tile:6,Bonus,Tile:8,Tile:7,Tile:1,Tile:0,Tile:5,Tile:8,Destroy,Bonus,Tile:13,Tile:11,Tile:7,Tile:6,Malus,Tile:0,Map,Tile:9,Tile:7,Tile:6,Tile:3,Map,Tile:10,Tile:8-Tile:9,Map,Tile:8,Tile:0,Bonus,Tile:15,Malus-Tile:10,Destroy,Tile:9,Tile:4,Tile:10,Destroy,Tile:8-Tile:hidden2,Tile:nugget,Tile:hidden1
Drop 2 0 1
Drop 4 0 0
Tile:9_flip 5 6 1
Tile:8 4 5 0
Tile:2_flip 6 5 1
Tile:4 6 4 0
Tile:6_flip 3 5 1
Drop 2 0 0
Map 12 5 1
Tile:10 4 4 0
Tile:0 2 5 1
Destroy 5 6 0
Tile:5 1 5 1
Tile:7_flip 4 6 0
Tile:9_flip 4 3 1
Destroy 4 4 0
Malus 0 0 1
Drop 0 0 0
Tile:9_flip 5 4 1
Drop 2 0 0
Tile:14 5 6 1
Map 12 3 0
Tile:15 5 3 1
Drop 4 0 0
Tile:6 7 5 1
Map 12 7 0
Drop 3 0 1
Destroy 4 3 0
Tile:0 8 5 1
Drop 0 0 0
Tile:7 5 2 1
Drop 6 0 0
Tile:6_flip 9 5 1
Drop 5 0 0
Drop 4 0 1
Drop 0 0 0
Tile:0 10 5 1
Drop 4 0 0
Tile:9 4 4 1
Drop 4 0 0
Drop 6 0 1
Drop 6 0 0
Tile:7 4 3 1
Drop 2 0 0
Drop 4 0 1
Drop 2 0 0
Tile:11_flip 11 5 1
Drop 0 0 0
Drop 1 0 1
Drop 0 0 0
Tile:0 3 3 1
Drop 1 0 0
Drop 1 0 1
Drop 0 0 0
Drop 0 0 1
GAMEOVER DRAW
# Game ended: Mon Apr 13 16:19:38 EDT 2020
