# Server version 0.08 running on 192.168.2.139:8123
# Game ID: 97
# Board class: Saboteur.SaboteurBoard
# Timeout: 20000
# First Move Timeout: 30000
# Date: Tue Apr 14 23:18:32 EDT 2020
# Player 1: Player-0, '260714615', running on 192.168.2.139
# Player 2: Player-1, 'RandomPlayer', running on 192.168.2.139
START Player-0 260714615
START Player-1 RandomPlayer
BoardInit:Tile:11,Tile:10,Malus,Tile:0,Tile:9,Tile:0,Tile:8,Bonus,Tile:5,Tile:8,Destroy,Tile:8,Tile:7,Tile:0,Destroy,Map,Destroy,Tile:6,Tile:9,Tile:5,Tile:7,Tile:12,Tile:6,Tile:6,Tile:0,Map,Bonus,Tile:2,Bonus,Malus,Tile:6,Tile:6,Tile:8,Map,Tile:9,Tile:9,Tile:10,Tile:4,Tile:9,Tile:7,Bonus-Tile:1,Map,Map,Tile:7,Tile:15,Tile:5,Map-Tile:8,Tile:14,Tile:3,Tile:13,Tile:7,Tile:10,Tile:5-Tile:hidden1,Tile:nugget,Tile:hidden2
Drop 3 0 1
Tile:8 6 5 0
Map 12 3 1
Tile:7_flip 6 6 0
Malus 0 0 1
Drop 0 0 0
Tile:5_flip 5 6 1
Drop 0 0 0
Tile:8 5 4 1
Bonus 0 0 0
Tile:11 4 5 1
Tile:0 7 5 0
Map 12 7 1
Tile:0 8 5 0
Tile:7 6 4 1
Tile:8 9 5 0
Destroy 4 5 1
Map 12 3 0
Drop 1 0 1
Tile:8 10 5 0
Tile:5 4 5 1
Tile:0 11 5 0
GAMEOVER WINNER 0
# Game ended: Tue Apr 14 23:18:54 EDT 2020
