# Server version 0.08 running on 192.168.2.139:8123
# Game ID: 35
# Board class: Saboteur.SaboteurBoard
# Timeout: 20000
# First Move Timeout: 30000
# Date: Sun Apr 12 20:55:37 EDT 2020
# Player 1: Player-0, 'RandomPlayer', running on 127.0.0.1
# Player 2: Player-1, '260714615', running on 127.0.0.1
START Player-0 RandomPlayer
START Player-1 260714615
BoardInit:Tile:12,Tile:8,Bonus,Tile:11,Tile:5,Tile:6,Tile:9,Tile:3,Destroy,Tile:10,Map,Tile:5,Tile:0,Tile:7,Tile:9,Tile:7,Destroy,Tile:5,Tile:6,Bonus,Tile:9,Tile:6,Tile:7,Tile:6,Malus,Tile:10,Tile:2,Tile:8,Bonus,Tile:8,Tile:9,Tile:0,Tile:10,Tile:4,Tile:7,Tile:0,Tile:14,Map,Map,Malus,Tile:6-Tile:13,Tile:8,Tile:7,Tile:8,Bonus,Map,Map-Tile:9,Tile:1,Tile:0,Tile:5,Map,Tile:15,Destroy-Tile:hidden1,Tile:hidden2,Tile:nugget
Drop 5 0 1
Tile:9 4 5 0
Tile:13 6 5 1
Destroy 4 5 0
Tile:7 7 5 1
Drop 2 0 0
Drop 0 0 1
Tile:8 6 6 0
Tile:8 5 6 1
Tile:11_flip 6 4 0
Tile:9 5 4 1
Tile:1 4 5 0
Tile:5 4 6 1
Tile:3_flip 4 7 0
Map 12 7 1
Drop 3 0 0
Tile:0 3 5 1
Drop 0 0 0
Drop 6 0 1
Tile:10 5 3 0
Tile:6 5 7 1
Tile:5 6 3 0
Destroy 6 6 1
Tile:7 7 3 0
Drop 4 0 1
Tile:7_flip 2 5 0
Tile:7 6 7 1
Tile:6_flip 2 4 0
Drop 4 0 1
Drop 5 0 0
Malus 0 0 1
Drop 3 0 0
Map 12 3 1
Map 12 3 0
Tile:12_flip 1 4 1
Drop 3 0 0
Tile:9 6 8 1
Drop 3 0 0
Drop 5 0 1
Map 12 5 0
Tile:2_flip 6 6 1
Drop 4 0 0
Drop 4 0 1
Malus 0 0 0
GAMEOVER ILLEGAL MOVE: Player 1, CardUsed: (Tile:6_flip), PosOfUse: (7, 8) WINNER 0
# Game ended: Sun Apr 12 20:55:38 EDT 2020
