# Server version 0.08 running on 192.168.2.139:8123
# Game ID: 303
# Board class: Saboteur.SaboteurBoard
# Timeout: 20000
# First Move Timeout: 30000
# Date: Mon Apr 13 18:59:28 EDT 2020
# Player 1: Player-0, 'RandomPlayer', running on 127.0.0.1
# Player 2: Player-1, '260714615', running on 127.0.0.1
START Player-0 RandomPlayer
START Player-1 260714615
BoardInit:Map,Tile:9,Tile:8,Tile:6,Tile:8,Tile:8,Tile:12,Tile:0,Destroy,Tile:7,Tile:11,Malus,Tile:7,Tile:7,Tile:6,Malus,Tile:13,Tile:0,Tile:5,Map,Tile:9,Tile:6,Tile:9,Tile:6,Map,Tile:8,Tile:9,Tile:2,Map,Tile:0,Map,Destroy,Bonus,Bonus,Tile:9,Tile:5,Tile:1,Tile:7,Tile:10,Tile:10,Tile:14-Bonus,Tile:5,Tile:7,Bonus,Tile:0,Tile:5,Tile:4-Map,Tile:6,Destroy,Tile:8,Tile:10,Tile:3,Tile:15-Tile:nugget,Tile:hidden1,Tile:hidden2
Tile:0 6 5 1
Map 12 5 0
Map 12 3 1
Tile:8 7 5 0
Tile:8 8 5 1
Tile:9_flip 7 4 0
Tile:8 9 5 1
Drop 4 0 0
Tile:5 9 4 1
Tile:8 4 5 0
Tile:7_flip 9 6 1
Destroy 4 5 0
Tile:5_flip 10 4 1
Tile:6 10 6 0
Tile:7 10 3 1
Tile:6_flip 10 5 0
Tile:6 11 5 1
Malus 0 0 0
Bonus 0 0 1
Tile:0 6 4 0
Tile:5 11 4 1
Tile:3_flip 4 5 0
Tile:13 12 4 1
Tile:10 8 4 0
Tile:9_flip 13 4 1
Tile:6 9 3 0
Tile:9 13 3 1
Map 12 7 0
Tile:9 13 2 1
Tile:8 4 4 0
Tile:4 4 3 1
Tile:7 7 3 0
Tile:12 11 6 1
Tile:7_flip 6 3 0
Destroy 4 3 1
Destroy 4 5 0
Tile:9_flip 8 6 1
Tile:5_flip 5 6 0
Tile:11 4 3 1
Tile:6 8 7 0
Map 12 7 1
Tile:7_flip 4 6 0
Tile:14_flip 9 2 1
Tile:2 9 7 0
Drop 5 0 1
Tile:10 12 6 0
Tile:1 3 4 1
Drop 0 0 0
Drop 0 0 1
Tile:0 10 2 0
Drop 0 0 1
Tile:0 10 7 0
Drop 0 0 1
Drop 0 0 0
Drop 0 0 1
GAMEOVER DRAW
# Game ended: Mon Apr 13 18:59:53 EDT 2020
