# Server version 0.08 running on LAPTOP-PK0TDV81:8123
# Game ID: 199
# Board class: Saboteur.SaboteurBoard
# Timeout: 20000
# First Move Timeout: 30000
# Date: Mon Apr 13 12:23:05 EDT 2020
# Player 1: Player-0, '260714615', running on LAPTOP-PK0TDV81
# Player 2: Player-1, 'RandomPlayer', running on LAPTOP-PK0TDV81
START Player-0 260714615
START Player-1 RandomPlayer
BoardInit:Tile:5,Tile:13,Tile:9,Tile:6,Map,Tile:5,Map,Tile:8,Bonus,Tile:10,Tile:2,Tile:0,Tile:9,Bonus,Tile:12,Destroy,Tile:7,Tile:3,Tile:7,Tile:6,Map,Tile:11,Bonus,Tile:0,Tile:6,Map,Map,Tile:9,Tile:5,Tile:6,Tile:4,Tile:15,Map,Destroy,Tile:0,Tile:8,Malus,Tile:9,Tile:7,Tile:7,Tile:6-Tile:8,Malus,Tile:5,Tile:0,Tile:7,Tile:14,Tile:8-Tile:10,Destroy,Tile:10,Tile:1,Bonus,Tile:9,Tile:8-Tile:hidden1,Tile:nugget,Tile:hidden2
Tile:0 4 5 1
Drop 1 0 0
Tile:7 6 5 1
Drop 3 0 0
Tile:9_flip 5 4 1
Tile:8 5 3 0
Tile:14 5 6 1
Tile:10 6 6 0
Tile:5 3 5 1
Tile:6 6 7 0
Drop 1 0 1
Tile:8 7 7 0
Tile:2 8 7 1
Tile:0 5 7 0
Tile:8 6 3 1
GAMEOVER USER CANCEL UNDECIDED
# Game ended: Mon Apr 13 12:23:12 EDT 2020
