# Server version 0.08 running on 192.168.2.139:8123
# Game ID: 334
# Board class: Saboteur.SaboteurBoard
# Timeout: 20000
# First Move Timeout: 30000
# Date: Wed Apr 15 17:34:12 EDT 2020
# Player 1: Player-0, '260714615', running on 127.0.0.1
# Player 2: Player-1, 'RandomPlayer', running on 127.0.0.1
START Player-0 260714615
START Player-1 RandomPlayer
BoardInit:Tile:6,Tile:6,Tile:7,Tile:10,Bonus,Map,Bonus,Tile:0,Tile:6,Malus,Tile:8,Bonus,Tile:5,Tile:5,Tile:10,Tile:9,Tile:7,Tile:0,Tile:0,Destroy,Tile:0,Bonus,Tile:5,Tile:15,Tile:7,Tile:6,Tile:11,Tile:7,Tile:8,Tile:3,Tile:14,Map,Tile:7,Malus,Tile:8,Tile:8,Tile:10,Tile:5,Tile:8,Tile:9,Tile:4-Destroy,Tile:9,Tile:6,Tile:1,Tile:12,Map,Map-Tile:9,Tile:2,Destroy,Tile:9,Tile:13,Map,Map-Tile:hidden1,Tile:nugget,Tile:hidden2
Tile:9 5 6 1
Map 12 3 0
Map 12 3 1
Map 12 5 0
Map 12 3 1
Tile:6 6 5 0
Tile:6 4 5 1
Tile:9 6 4 0
Tile:7 7 4 1
Tile:0 6 6 0
Destroy 6 6 1
Tile:9 6 3 0
Tile:8 4 4 1
Tile:10 6 2 0
Tile:6_flip 6 6 1
Tile:5 6 1 0
Tile:12 7 6 1
Destroy 7 6 0
Drop 1 0 1
Tile:0 7 6 0
Tile:7 8 6 1
Tile:9 8 7 0
Tile:6 7 3 1
Drop 5 0 0
Tile:5 3 5 1
Drop 5 0 0
Tile:7_flip 6 7 1
Tile:6 9 7 0
Drop 0 0 1
Malus 0 0 0
Drop 1 0 1
Tile:7_flip 8 8 0
Drop 4 0 1
Drop 5 0 0
Drop 0 0 1
Malus 0 0 0
Drop 3 0 1
Tile:8 10 7 0
Drop 6 0 1
Tile:5 10 6 0
Drop 2 0 1
Tile:9_flip 11 6 0
Drop 0 0 1
Drop 5 0 0
Drop 4 0 1
Tile:2 4 3 0
Drop 2 0 1
Tile:13 3 6 0
Drop 0 0 1
Tile:15 3 7 0
Drop 0 0 1
Drop 0 0 0
Drop 1 0 1
Drop 0 0 0
Drop 0 0 1
GAMEOVER DRAW
# Game ended: Wed Apr 15 17:35:06 EDT 2020
