# Server version 0.08 running on 192.168.2.139:8123
# Game ID: 118
# Board class: Saboteur.SaboteurBoard
# Timeout: 20000
# First Move Timeout: 30000
# Date: Wed Apr 15 01:08:33 EDT 2020
# Player 1: Player-0, '260714615', running on 192.168.2.139
# Player 2: Player-1, 'RandomPlayer', running on 192.168.2.139
START Player-0 260714615
START Player-1 RandomPlayer
BoardInit:Tile:9,Map,Tile:9,Tile:0,Tile:15,Malus,Map,Destroy,Tile:8,Tile:5,Tile:5,Tile:8,Tile:7,Tile:10,Tile:6,Tile:10,Tile:6,Tile:13,Tile:5,Tile:4,Destroy,Tile:9,Map,Tile:8,Bonus,Tile:9,Tile:8,Malus,Map,Destroy,Tile:7,Tile:6,Tile:9,Tile:7,Tile:0,Tile:7,Tile:6,Tile:3,Tile:5,Tile:1,Tile:0-Tile:2,Map,Bonus,Tile:0,Tile:7,Tile:14,Bonus-Tile:12,Tile:6,Tile:10,Tile:11,Map,Bonus,Tile:8-Tile:nugget,Tile:hidden1,Tile:hidden2
Tile:2 4 5 1
Map 12 3 0
Map 12 3 1
Tile:6_flip 6 5 0
Drop 1 0 1
Tile:11_flip 7 5 0
Tile:14_flip 3 5 1
Tile:8 7 4 0
Tile:9_flip 8 4 1
Tile:10 8 5 0
Tile:7 5 4 1
Tile:5_flip 8 6 0
Map 12 5 1
Tile:8 7 6 0
Tile:8 5 6 1
Tile:10 7 7 0
Tile:6_flip 8 3 1
Tile:10 7 8 0
Drop 1 0 1
Tile:13 6 6 0
Tile:5_flip 5 7 1
Tile:0 4 4 0
Tile:15 3 6 1
Malus 0 0 0
Map 12 7 1
Tile:9_flip 7 9 0
Bonus 0 0 1
Tile:8 6 9 0
Drop 6 0 1
Malus 0 0 0
Drop 2 0 1
Tile:9_flip 6 8 0
Map 12 3 1
Tile:6_flip 5 8 0
Destroy 5 7 1
Tile:12 9 3 0
Drop 4 0 1
Destroy 3 5 0
Drop 0 0 1
Tile:4_flip 3 7 0
Drop 4 0 1
Tile:1 3 4 0
Drop 5 0 1
Destroy 3 4 0
Drop 4 0 1
Tile:7_flip 4 6 0
Drop 3 0 1
Tile:7_flip 3 4 0
Drop 2 0 1
Tile:3 3 3 0
Drop 0 0 1
Drop 0 0 0
Drop 1 0 1
Drop 0 0 0
Drop 0 0 1
GAMEOVER DRAW
# Game ended: Wed Apr 15 01:09:27 EDT 2020
