# Server version 0.08 running on 192.168.2.139:8123
# Game ID: 391
# Board class: Saboteur.SaboteurBoard
# Timeout: 20000
# First Move Timeout: 30000
# Date: Wed Apr 15 18:51:47 EDT 2020
# Player 1: Player-0, '260714615', running on 192.168.2.139
# Player 2: Player-1, 'RandomPlayer', running on 192.168.2.139
START Player-0 260714615
START Player-1 RandomPlayer
BoardInit:Tile:7,Tile:14,Bonus,Tile:9,Tile:11,Tile:6,Tile:5,Tile:8,Tile:9,Destroy,Tile:8,Tile:8,Bonus,Tile:15,Tile:8,Tile:12,Tile:7,Tile:7,Tile:10,Tile:9,Malus,Tile:13,Tile:0,Destroy,Tile:5,Tile:7,Tile:5,Tile:9,Bonus,Bonus,Tile:7,Tile:2,Map,Destroy,Malus,Tile:0,Map,Tile:6,Map,Tile:10,Tile:9-Tile:3,Tile:6,Map,Tile:4,Tile:6,Tile:8,Tile:5-Tile:6,Map,Map,Tile:10,Tile:0,Tile:0,Tile:1-Tile:nugget,Tile:hidden2,Tile:hidden1
Tile:6 6 5 1
Map 12 3 0
Tile:4_flip 5 6 1
Tile:6 7 5 0
Tile:7_flip 4 5 1
Drop 0 0 0
Tile:5 6 4 1
Tile:0 8 5 0
Tile:6_flip 7 4 1
Tile:0 9 5 0
Drop 1 0 1
Tile:6 10 5 0
Tile:5 4 4 1
Tile:10 10 4 0
Tile:11_flip 10 3 1
Destroy 10 3 0
Tile:8 11 5 1
Tile:9 11 4 0
Tile:9_flip 10 3 1
Tile:8 12 4 0
GAMEOVER WINNER 0
# Game ended: Wed Apr 15 18:52:07 EDT 2020
