# Server version 0.08 running on 192.168.2.139:8123
# Game ID: 121
# Board class: Saboteur.SaboteurBoard
# Timeout: 20000
# First Move Timeout: 30000
# Date: Mon Apr 13 03:27:10 EDT 2020
# Player 1: Player-0, '260714615', running on 192.168.2.139
# Player 2: Player-1, 'RandomPlayer', running on 192.168.2.139
START Player-0 260714615
START Player-1 RandomPlayer
BoardInit:Tile:7,Tile:5,Tile:8,Destroy,Tile:0,Tile:0,Tile:10,Tile:10,Tile:10,Tile:5,Destroy,Tile:5,Malus,Tile:3,Tile:7,Map,Tile:15,Tile:11,Tile:12,Tile:9,Bonus,Tile:9,Map,Tile:13,Tile:8,Destroy,Tile:7,Map,Bonus,Map,Tile:6,Tile:0,Tile:7,Tile:6,Tile:9,Tile:6,Tile:7,Tile:8,Tile:14,Map,Tile:9-Malus,Tile:1,Bonus,Map,Tile:2,Tile:4,Bonus-Tile:0,Tile:6,Tile:8,Tile:6,Tile:8,Tile:9,Tile:5-Tile:hidden2,Tile:hidden1,Tile:nugget
Tile:2_flip 6 5 1
Tile:8 7 5 0
Map 12 7 1
Tile:5 6 4 0
Tile:7 8 5 1
Tile:9_flip 5 4 0
Tile:8 7 6 1
Tile:8 7 4 0
Tile:0 6 6 1
