# Server version 0.08 running on 192.168.2.139:8123
# Game ID: 454
# Board class: Saboteur.SaboteurBoard
# Timeout: 20000
# First Move Timeout: 30000
# Date: Wed Apr 15 21:37:16 EDT 2020
# Player 1: Player-0, 'RandomPlayer', running on 192.168.2.139
# Player 2: Player-1, '260714615', running on 192.168.2.139
START Player-0 RandomPlayer
START Player-1 260714615
BoardInit:Tile:5,Map,Tile:9,Tile:2,Tile:10,Tile:15,Tile:10,Destroy,Malus,Tile:3,Tile:5,Tile:8,Tile:13,Tile:5,Malus,Tile:7,Tile:8,Tile:12,Tile:0,Tile:7,Tile:1,Tile:9,Tile:0,Tile:6,Map,Bonus,Tile:6,Map,Tile:6,Map,Bonus,Tile:0,Tile:8,Destroy,Tile:10,Tile:9,Tile:0,Tile:8,Map,Tile:9,Tile:6-Tile:7,Tile:5,Tile:7,Tile:14,Destroy,Tile:7,Tile:4-Bonus,Bonus,Tile:11,Tile:6,Tile:8,Tile:9,Map-Tile:nugget,Tile:hidden1,Tile:hidden2
Tile:7_flip 5 6 1
Tile:9_flip 6 6 0
Tile:7_flip 6 7 1
Tile:8 7 7 0
Tile:5 7 6 1
Tile:6 7 8 0
Drop 0 0 1
Tile:2_flip 8 8 0
Destroy 8 8 1
Destroy 5 6 0
Tile:5 6 8 1
Map 12 7 0
Tile:7_flip 6 9 1
Drop 2 0 0
Drop 0 0 1
Tile:3 5 4 0
Tile:9 5 6 1
Tile:5 4 4 0
Tile:8 8 6 1
Drop 3 0 0
Tile:0 9 6 1
Tile:7 8 8 0
Tile:5 8 5 1
Tile:12 7 9 0
Malus 0 0 1
Drop 0 0 0
Map 12 3 1
Bonus 0 0 0
Malus 0 0 1
Map 12 5 0
Tile:0 9 5 1
Bonus 0 0 0
Tile:6 10 5 1
Tile:7 6 5 0
Tile:6 11 5 1
Tile:9_flip 12 4 0
GAMEOVER WINNER 0
# Game ended: Wed Apr 15 21:37:52 EDT 2020
