# Server version 0.08 running on 192.168.2.139:8123
# Game ID: 306
# Board class: Saboteur.SaboteurBoard
# Timeout: 20000
# First Move Timeout: 30000
# Date: Wed Apr 15 16:33:02 EDT 2020
# Player 1: Player-0, '260714615', running on 192.168.2.139
# Player 2: Player-1, 'RandomPlayer', running on 192.168.2.139
START Player-0 260714615
START Player-1 RandomPlayer
BoardInit:Bonus,Tile:14,Tile:6,Tile:9,Tile:5,Tile:10,Tile:10,Tile:8,Tile:7,Tile:0,Map,Tile:9,Bonus,Tile:8,Tile:0,Tile:9,Bonus,Map,Tile:6,Tile:6,Tile:7,Tile:0,Malus,Tile:3,Bonus,Destroy,Map,Destroy,Map,Tile:5,Tile:10,Tile:5,Tile:7,Tile:13,Tile:15,Tile:7,Tile:1,Tile:0,Tile:9,Tile:6,Tile:8-Destroy,Tile:8,Tile:6,Tile:12,Map,Tile:2,Tile:5-Tile:11,Tile:4,Map,Malus,Tile:9,Tile:7,Tile:8-Tile:hidden2,Tile:nugget,Tile:hidden1
Tile:2_flip 6 5 1
Map 12 3 0
Destroy 6 5 1
Tile:8 6 5 0
Drop 2 0 1
Tile:9 6 4 0
Drop 6 0 1
Tile:7_flip 6 6 0
Tile:6_flip 7 4 1
Tile:8 8 4 0
Tile:6 7 5 1
Tile:0 9 4 0
Drop 2 0 1
Tile:9 8 3 0
Tile:10 5 6 1
Tile:8 10 4 0
Drop 0 0 1
Tile:10 10 5 0
Map 12 7 1
Map 12 5 0
Tile:6_flip 7 6 1
Tile:6 11 4 0
Tile:7 11 3 1
Tile:0 12 4 0
Tile:7_flip 5 7 1
Tile:9 10 6 0
Tile:0 13 4 1
Destroy 12 4 0
Map 12 5 1
Malus 0 0 0
Map 12 5 1
Tile:9 10 3 0
Map 12 3 1
Tile:5_flip 11 6 0
Bonus 0 0 1
Tile:5 11 5 0
GAMEOVER WINNER 0
# Game ended: Wed Apr 15 16:33:38 EDT 2020
