# Server version 0.08 running on 192.168.2.139:8123
# Game ID: 399
# Board class: Saboteur.SaboteurBoard
# Timeout: 20000
# First Move Timeout: 30000
# Date: Wed Apr 15 19:16:21 EDT 2020
# Player 1: Player-0, '260714615', running on 192.168.2.139
# Player 2: Player-1, 'RandomPlayer', running on 192.168.2.139
START Player-0 260714615
START Player-1 RandomPlayer
BoardInit:Bonus,Tile:10,Tile:3,Malus,Tile:5,Map,Tile:7,Tile:9,Tile:6,Tile:7,Tile:14,Tile:0,Map,Tile:11,Tile:6,Tile:7,Map,Map,Tile:0,Tile:7,Tile:6,Tile:12,Tile:8,Tile:8,Tile:9,Malus,Tile:5,Tile:9,Tile:5,Tile:8,Tile:8,Tile:6,Tile:8,Bonus,Tile:10,Map,Tile:15,Bonus,Tile:13,Destroy,Tile:5-Bonus,Tile:0,Tile:7,Tile:9,Tile:9,Map,Tile:6-Tile:10,Destroy,Tile:2,Tile:1,Destroy,Tile:0,Tile:4-Tile:hidden2,Tile:nugget,Tile:hidden1
Tile:6 6 5 1
Tile:0 7 5 0
Tile:9 4 5 1
Tile:10 6 4 0
Tile:9 6 3 1
Tile:10 6 2 0
Drop 2 0 1
Map 12 3 0
Tile:3_flip 4 6 1
Tile:9 6 1 0
Tile:7 5 4 1
Tile:7 8 5 0
Tile:6 5 6 1
Tile:0 7 3 0
Tile:14 7 1 1
Destroy 7 1 0
Drop 0 0 1
Drop 0 0 0
Tile:6_flip 6 0 1
Map 12 5 0
Tile:0 5 0 1
Drop 0 0 0
Tile:6_flip 4 0 1
Malus 0 0 0
Drop 4 0 1
Tile:7_flip 8 6 0
Map 12 3 1
Malus 0 0 0
Drop 6 0 1
Tile:8 9 6 0
Drop 3 0 1
Tile:8 10 6 0
Map 12 7 1
Tile:6 11 6 0
Drop 0 0 1
Tile:9 11 5 0
GAMEOVER WINNER 0
# Game ended: Wed Apr 15 19:16:57 EDT 2020
