# Server version 0.08 running on 192.168.2.139:8123
# Game ID: 286
# Board class: Saboteur.SaboteurBoard
# Timeout: 20000
# First Move Timeout: 30000
# Date: Mon Apr 13 18:36:39 EDT 2020
# Player 1: Player-0, '260714615', running on 127.0.0.1
# Player 2: Player-1, 'RandomPlayer', running on 127.0.0.1
START Player-0 260714615
START Player-1 RandomPlayer
BoardInit:Tile:2,Tile:5,Tile:5,Tile:1,Map,Tile:6,Tile:9,Tile:5,Tile:4,Tile:9,Destroy,Tile:0,Tile:10,Bonus,Map,Tile:5,Tile:8,Destroy,Tile:6,Tile:0,Tile:0,Tile:9,Tile:10,Tile:7,Tile:9,Tile:10,Tile:15,Tile:8,Tile:3,Tile:0,Tile:11,Map,Bonus,Tile:6,Tile:7,Destroy,Tile:14,Tile:9,Tile:12,Bonus,Malus-Map,Tile:6,Malus,Tile:6,Map,Tile:8,Tile:7-Tile:8,Tile:7,Tile:8,Tile:13,Bonus,Tile:7,Map-Tile:hidden1,Tile:nugget,Tile:hidden2
Tile:8 4 5 1
Map 12 3 0
Drop 5 0 1
Tile:8 6 5 0
Tile:6 7 5 1
Tile:8 8 5 0
Tile:5_flip 9 5 1
Tile:13 9 4 0
Drop 3 0 1
Tile:6 10 4 0
Tile:2 7 4 1
Tile:7 11 4 0
Drop 0 0 1
Tile:7_flip 11 5 0
Tile:9 4 6 1
Tile:5 10 3 0
Destroy 7 5 1
Tile:0 11 3 0
Tile:8 6 4 1
Tile:9 8 6 0
Tile:6_flip 8 4 1
Tile:0 9 6 0
Tile:6_flip 6 3 1
Tile:5_flip 10 6 0
Drop 4 0 1
Tile:9 8 7 0
Tile:9_flip 9 3 1
Tile:5 9 2 0
Tile:10 4 4 1
Tile:7_flip 8 3 0
Tile:15 6 6 1
Tile:0 9 7 0
Tile:4 10 5 1
Map 12 3 0
Tile:3_flip 6 7 1
Tile:6_flip 10 7 0
Drop 6 0 1
Tile:8 11 7 0
Tile:14 8 8 1
Tile:10 11 8 0
Tile:10 10 8 1
Tile:9 11 9 0
Tile:11 4 3 1
Tile:1 5 3 0
Malus 0 0 1
Bonus 0 0 0
Drop 3 0 1
Destroy 4 3 0
Map 12 5 1
Destroy 4 4 0
Tile:0 7 8 1
Drop 0 0 0
Malus 0 0 1
Bonus 0 0 0
Drop 0 0 1
GAMEOVER DRAW
# Game ended: Mon Apr 13 18:37:03 EDT 2020
