# Server version 0.08 running on 192.168.2.139:8123
# Game ID: 311
# Board class: Saboteur.SaboteurBoard
# Timeout: 20000
# First Move Timeout: 30000
# Date: Mon Apr 13 19:11:36 EDT 2020
# Player 1: Player-0, 'RandomPlayer', running on 127.0.0.1
# Player 2: Player-1, '260714615', running on 127.0.0.1
START Player-0 RandomPlayer
START Player-1 260714615
BoardInit:Tile:2,Tile:7,Tile:8,Tile:0,Tile:7,Malus,Tile:13,Tile:7,Tile:9,Tile:6,Tile:11,Map,Destroy,Tile:10,Tile:8,Tile:1,Tile:8,Tile:8,Tile:6,Tile:9,Destroy,Map,Tile:10,Map,Bonus,Tile:0,Tile:9,Tile:0,Bonus,Tile:6,Bonus,Tile:4,Tile:3,Tile:5,Tile:8,Tile:0,Map,Tile:9,Tile:7,Tile:7,Tile:15-Tile:14,Tile:5,Tile:5,Bonus,Tile:6,Map,Tile:10-Destroy,Tile:6,Malus,Tile:12,Tile:9,Tile:5,Map-Tile:hidden1,Tile:nugget,Tile:hidden2
Map 12 3 1
Tile:6 6 5 0
Tile:6 7 5 1
Tile:9_flip 5 4 0
Tile:8 8 5 1
Map 12 7 0
Tile:5 8 4 1
Tile:7 9 4 0
Tile:13 9 5 1
Tile:5 5 3 0
Tile:10 9 6 1
Tile:0 4 5 0
Tile:7_flip 9 7 1
Tile:6_flip 3 5 0
Tile:5_flip 10 5 1
Tile:10 6 4 0
Tile:9 10 4 1
Destroy 6 5 0
Tile:8 11 4 1
Tile:8 10 7 0
Tile:8 12 4 1
Tile:1 2 5 0
Tile:6 13 4 1
Tile:9 11 5 0
Tile:10 11 6 1
Drop 4 0 0
Tile:14 3 6 1
Tile:7_flip 4 4 0
Tile:9 11 3 1
Map 12 7 0
Tile:2 2 6 1
Tile:6_flip 6 3 0
Tile:11 1 5 1
Tile:4 10 6 0
Destroy 1 5 1
Drop 3 0 0
Tile:8 11 7 1
Tile:5 13 3 0
Map 12 3 1
Tile:0 1 5 0
Tile:7_flip 11 8 1
Drop 2 0 0
Destroy 1 5 1
Tile:0 1 5 0
GAMEOVER TIMEOUT WINNER 0
# Game ended: Mon Apr 13 19:12:39 EDT 2020
