# Server version 0.08 running on 192.168.2.139:8123
# Game ID: 128
# Board class: Saboteur.SaboteurBoard
# Timeout: 20000
# First Move Timeout: 30000
# Date: Wed Apr 15 01:50:57 EDT 2020
# Player 1: Player-0, '260714615', running on 192.168.2.139
# Player 2: Player-1, 'RandomPlayer', running on 192.168.2.139
START Player-0 260714615
START Player-1 RandomPlayer
BoardInit:Destroy,Tile:6,Bonus,Tile:0,Tile:5,Tile:15,Tile:7,Map,Tile:9,Tile:13,Tile:1,Tile:8,Malus,Tile:0,Tile:10,Tile:5,Tile:14,Tile:10,Tile:7,Tile:11,Tile:6,Tile:0,Map,Tile:7,Tile:12,Bonus,Bonus,Tile:9,Map,Tile:3,Tile:6,Tile:9,Map,Tile:7,Bonus,Tile:6,Tile:8,Tile:0,Map,Map,Tile:8-Tile:7,Tile:2,Tile:6,Tile:8,Tile:9,Tile:5,Tile:9-Tile:5,Tile:8,Destroy,Malus,Destroy,Tile:10,Tile:4-Tile:nugget,Tile:hidden2,Tile:hidden1
Drop 5 0 1
Tile:8 6 5 0
Drop 1 0 1
Tile:6 7 5 0
Tile:6_flip 5 4 1
Tile:0 8 5 0
Tile:7_flip 4 5 1
Tile:5 7 4 0
Tile:9_flip 6 4 1
Map 12 3 0
Tile:9 4 4 1
Tile:10 6 3 0
Tile:9_flip 6 2 1
Tile:8 9 5 0
Tile:7_flip 6 6 1
Tile:0 10 5 0
Tile:1 7 6 1
Tile:5 9 4 0
Tile:14 9 6 1
Tile:10 6 1 0
Destroy 9 4 1
Destroy 4 4 0
Tile:6 11 5 1
Tile:0 8 4 0
Tile:7_flip 12 6 1
Malus 0 0 0
Map 12 3 1
Tile:7 11 4 0
Drop 4 0 1
Tile:9_flip 9 4 0
Bonus 0 0 1
Destroy 4 5 0
Map 12 3 1
Tile:9 9 3 0
Tile:12 13 6 1
Tile:7_flip 10 4 0
Tile:6_flip 4 4 1
Tile:6_flip 10 3 0
Tile:8 5 2 1
Tile:0 11 3 0
GAMEOVER WINNER 0
# Game ended: Wed Apr 15 01:51:37 EDT 2020
