# Server version 0.08 running on 192.168.2.139:8123
# Game ID: 356
# Board class: Saboteur.SaboteurBoard
# Timeout: 20000
# First Move Timeout: 30000
# Date: Wed Apr 15 17:59:49 EDT 2020
# Player 1: Player-0, '260714615', running on 127.0.0.1
# Player 2: Player-1, 'RandomPlayer', running on 127.0.0.1
START Player-0 260714615
START Player-1 RandomPlayer
BoardInit:Tile:0,Tile:5,Bonus,Tile:5,Tile:9,Tile:1,Tile:8,Malus,Tile:2,Tile:10,Tile:6,Tile:8,Map,Destroy,Map,Tile:7,Tile:4,Tile:6,Tile:13,Tile:9,Tile:9,Bonus,Tile:14,Tile:10,Bonus,Tile:9,Tile:5,Destroy,Destroy,Malus,Tile:0,Tile:9,Map,Tile:6,Tile:3,Map,Tile:8,Tile:11,Tile:8,Tile:10,Tile:7-Tile:7,Tile:5,Map,Tile:0,Bonus,Tile:7,Tile:0-Tile:6,Tile:7,Map,Tile:15,Tile:12,Tile:8,Tile:6-Tile:hidden1,Tile:nugget,Tile:hidden2
Tile:7_flip 5 6 1
Map 12 3 0
Tile:0 4 5 1
Tile:6 6 5 0
Tile:7 7 5 1
Tile:7_flip 7 6 0
Tile:9 6 4 1
Tile:8 8 6 0
Tile:0 3 5 1
Malus 0 0 0
Map 12 3 1
Tile:6 9 6 0
Drop 3 0 1
Tile:8 10 6 0
Map 12 5 1
Tile:5 10 5 0
Drop 0 0 1
Tile:5_flip 11 5 0
Map 12 7 1
Tile:10 11 4 0
Drop 2 0 1
Tile:6_flip 11 6 0
Drop 3 0 1
Tile:1 12 6 0
Drop 5 0 1
Destroy 12 6 0
Drop 5 0 1
Tile:7 12 6 0
Drop 2 0 1
Tile:9 11 7 0
Bonus 0 0 1
Malus 0 0 0
Destroy 8 6 1
Tile:10 6 3 0
Drop 3 0 1
Tile:6 8 6 0
Drop 3 0 1
Map 12 5 0
Map 12 3 1
Tile:9 11 3 0
Drop 2 0 1
Tile:10 10 7 0
Drop 0 0 1
Tile:9 11 2 0
Drop 4 0 1
Tile:15 5 4 0
Drop 2 0 1
Tile:12 6 6 0
Drop 0 0 1
Destroy 6 6 0
Drop 0 0 1
Tile:11 2 5 0
Drop 1 0 1
Drop 0 0 0
Drop 0 0 1
GAMEOVER DRAW
# Game ended: Wed Apr 15 18:00:43 EDT 2020
