# Server version 0.08 running on 192.168.2.139:8123
# Game ID: 404
# Board class: Saboteur.SaboteurBoard
# Timeout: 20000
# First Move Timeout: 30000
# Date: Wed Apr 15 19:19:46 EDT 2020
# Player 1: Player-0, '260714615', running on 192.168.2.139
# Player 2: Player-1, 'RandomPlayer', running on 192.168.2.139
START Player-0 260714615
START Player-1 RandomPlayer
BoardInit:Tile:10,Tile:15,Tile:5,Tile:6,Tile:8,Tile:5,Malus,Tile:6,Tile:9,Tile:8,Malus,Tile:3,Tile:5,Tile:7,Tile:1,Map,Destroy,Tile:14,Tile:9,Bonus,Map,Map,Tile:7,Tile:7,Tile:8,Tile:13,Tile:0,Bonus,Tile:7,Map,Tile:6,Tile:12,Tile:9,Tile:11,Tile:9,Tile:8,Tile:0,Tile:4,Map,Destroy,Tile:5-Destroy,Tile:7,Tile:10,Tile:6,Tile:0,Tile:9,Map-Tile:0,Tile:8,Bonus,Bonus,Tile:2,Tile:10,Tile:6-Tile:hidden2,Tile:nugget,Tile:hidden1
Tile:6_flip 6 5 1
Tile:0 7 5 0
Tile:10 6 6 1
Tile:8 8 5 0
Tile:5 8 4 1
Tile:6 9 5 0
Destroy 9 5 1
Tile:6 9 5 0
Tile:8 10 5 1
Tile:6 11 5 0
GAMEOVER WINNER 0
# Game ended: Wed Apr 15 19:19:56 EDT 2020
