# Server version 0.08 running on 192.168.2.139:8123
# Game ID: 73
# Board class: Saboteur.SaboteurBoard
# Timeout: 20000
# First Move Timeout: 30000
# Date: Sun Apr 12 21:38:06 EDT 2020
# Player 1: Player-0, '260714615', running on 192.168.2.139
# Player 2: Player-1, 'RandomPlayer', running on 192.168.2.139
START Player-0 260714615
START Player-1 RandomPlayer
BoardInit:Tile:9,Tile:11,Tile:10,Tile:6,Tile:6,Tile:8,Tile:5,Tile:10,Tile:8,Bonus,Tile:9,Tile:8,Tile:6,Tile:0,Destroy,Tile:9,Tile:6,Bonus,Map,Tile:0,Tile:9,Destroy,Tile:7,Tile:6,Map,Tile:4,Tile:7,Tile:7,Tile:5,Bonus,Tile:0,Tile:15,Tile:8,Tile:14,Tile:12,Tile:9,Tile:13,Map,Tile:1,Destroy,Map-Map,Tile:0,Tile:10,Tile:5,Map,Tile:5,Tile:7-Tile:2,Tile:7,Bonus,Tile:3,Tile:8,Malus,Malus-Tile:nugget,Tile:hidden2,Tile:hidden1
Map 12 5 1
Drop 5 0 0
Map 12 7 1
Tile:7_flip 5 6 0
Tile:5 5 4 1
Drop 5 0 0
Tile:0 6 5 1
Tile:2_flip 7 5 0
Drop 2 0 1
Tile:8 4 5 0
Drop 1 0 1
Tile:6 6 4 0
Tile:6 8 5 1
Tile:8 6 3 0
Tile:10 8 4 1
Tile:8 8 3 0
Tile:6 7 3 1
Tile:9_flip 4 4 0
Tile:6_flip 6 6 1
Tile:3 4 3 0
Destroy 6 4 1
Tile:0 3 4 0
Tile:9_flip 8 2 1
Destroy 8 3 0
Tile:7 7 4 1
Tile:10 6 7 0
Tile:9 6 8 1
Drop 0 0 0
Map 12 3 1
Tile:6_flip 7 2 0
Tile:8 9 5 1
Drop 6 0 0
Tile:5 8 1 1
Tile:7_flip 2 4 0
Tile:7_flip 3 3 1
Tile:0 7 8 0
Tile:0 8 8 1
Drop 3 0 0
Tile:9_flip 9 8 1
Tile:14_flip 3 5 0
Tile:13 8 3 1
Tile:9_flip 9 7 0
Tile:5_flip 9 3 1
Destroy 5 6 0
Map 12 5 1
Drop 2 0 0
Tile:1 9 1 1
Tile:15 4 6 0
Tile:10 9 6 1
Drop 0 0 0
Drop 1 0 1
Map 12 5 0
Tile:8 6 9 1
Drop 0 0 0
Map 12 5 1
GAMEOVER DRAW
# Game ended: Sun Apr 12 21:39:00 EDT 2020
