# Server version 0.08 running on 192.168.2.139:8123
# Game ID: 178
# Board class: Saboteur.SaboteurBoard
# Timeout: 20000
# First Move Timeout: 30000
# Date: Wed Apr 15 12:54:16 EDT 2020
# Player 1: Player-0, '260714615', running on 192.168.2.139
# Player 2: Player-1, 'RandomPlayer', running on 192.168.2.139
START Player-0 260714615
START Player-1 RandomPlayer
BoardInit:Map,Destroy,Tile:10,Tile:6,Tile:8,Map,Map,Tile:4,Tile:8,Bonus,Map,Tile:7,Bonus,Tile:5,Tile:11,Tile:6,Tile:9,Tile:7,Tile:9,Tile:6,Tile:7,Tile:8,Tile:0,Tile:10,Tile:0,Tile:15,Tile:0,Destroy,Tile:9,Destroy,Tile:6,Tile:8,Tile:7,Bonus,Tile:5,Bonus,Tile:9,Tile:6,Tile:5,Tile:9,Tile:1-Map,Tile:13,Malus,Tile:8,Tile:7,Tile:2,Tile:3-Tile:5,Malus,Tile:10,Map,Tile:12,Tile:14,Tile:0-Tile:hidden1,Tile:nugget,Tile:hidden2
Tile:2_flip 5 6 1
Drop 5 0 0
Tile:7_flip 4 6 1
Drop 5 0 0
Tile:8 6 5 1
Drop 5 0 0
Drop 2 0 1
Drop 5 0 0
Map 12 5 1
Drop 5 0 0
Tile:3 7 5 1
Drop 5 0 0
Drop 4 0 1
Drop 5 0 0
Tile:8 4 5 1
Drop 5 0 0
Tile:11 5 4 1
Drop 5 0 0
Tile:10 4 4 1
Drop 5 0 0
Tile:8 7 6 1
Drop 5 0 0
Tile:9_flip 6 4 1
Drop 5 0 0
Drop 4 0 1
Drop 5 0 0
Tile:13 6 3 1
Drop 5 0 0
Tile:0 7 3 1
