# Server version 0.08 running on 192.168.2.139:8123
# Game ID: 182
# Board class: Saboteur.SaboteurBoard
# Timeout: 20000
# First Move Timeout: 30000
# Date: Mon Apr 13 11:58:53 EDT 2020
# Player 1: Player-0, '260714615', running on 192.168.2.139
# Player 2: Player-1, 'RandomPlayer', running on 192.168.2.139
START Player-0 260714615
START Player-1 RandomPlayer
BoardInit:Tile:7,Tile:5,Destroy,Tile:2,Tile:0,Tile:8,Tile:0,Tile:11,Tile:3,Tile:8,Tile:6,Map,Tile:5,Map,Destroy,Map,Tile:7,Tile:6,Destroy,Map,Tile:9,Tile:4,Tile:9,Bonus,Tile:9,Tile:5,Tile:7,Tile:8,Bonus,Tile:0,Bonus,Tile:7,Map,Tile:1,Tile:0,Tile:9,Tile:10,Tile:10,Tile:6,Malus,Tile:6-Tile:13,Tile:15,Tile:8,Tile:14,Tile:12,Bonus,Malus-Tile:9,Tile:10,Tile:6,Map,Tile:8,Tile:5,Tile:7-Tile:hidden2,Tile:hidden1,Tile:nugget
Tile:15 5 4 1
Map 12 7 0
Tile:14 5 6 1
Tile:5 4 5 0
Tile:7 6 5 1
Drop 4 0 0
Destroy 4 5 1
Tile:8 4 5 0
Tile:13 4 6 1
Tile:11 6 6 0
Drop 2 0 1
Tile:9_flip 6 7 0
Tile:8 6 8 1
Tile:8 4 7 0
Tile:6 7 8 1
Drop 3 0 0
Tile:0 3 5 1
Tile:5_flip 4 8 0
Tile:0 5 7 1
Tile:10 5 3 0
Destroy 5 7 1
Tile:6_flip 5 7 0
Tile:5 3 6 1
Tile:8 8 8 0
Tile:3_flip 6 9 1
Map 12 5 0
Destroy 5 7 1
Tile:4 8 7 0
Tile:9_flip 8 9 1
Tile:8 3 7 0
Tile:7_flip 8 10 1
Tile:0 7 9 0
Tile:9 5 8 1
Tile:5 2 5 0
Tile:7 9 10 1
Tile:7 5 2 0
Tile:9_flip 5 9 1
Tile:6_flip 9 8 0
Tile:12_flip 4 2 1
Tile:1 4 9 0
Tile:6 3 8 1
Drop 2 0 0
Tile:0 3 9 1
Tile:9 2 8 0
Drop 4 0 1
Drop 3 0 0
Drop 1 0 1
Map 12 3 0
Malus 0 0 1
Map 12 3 0
Map 12 7 1
Malus 0 0 0
Bonus 0 0 1
Drop 0 0 0
Tile:6 5 10 1
GAMEOVER DRAW
# Game ended: Mon Apr 13 11:58:53 EDT 2020
