# Server version 0.08 running on 192.168.2.139:8123
# Game ID: 381
# Board class: Saboteur.SaboteurBoard
# Timeout: 20000
# First Move Timeout: 30000
# Date: Wed Apr 15 18:37:51 EDT 2020
# Player 1: Player-0, '260714615', running on 192.168.2.139
# Player 2: Player-1, 'RandomPlayer', running on 192.168.2.139
START Player-0 260714615
START Player-1 RandomPlayer
BoardInit:Map,Destroy,Tile:0,Tile:0,Map,Tile:5,Tile:9,Tile:6,Tile:10,Tile:9,Destroy,Tile:8,Tile:8,Tile:5,Tile:6,Tile:13,Tile:5,Tile:7,Tile:7,Bonus,Tile:8,Tile:4,Tile:7,Tile:7,Tile:8,Tile:0,Tile:10,Tile:9,Tile:1,Tile:7,Bonus,Destroy,Bonus,Tile:9,Tile:6,Tile:0,Tile:8,Map,Tile:2,Malus,Tile:5-Tile:14,Map,Tile:3,Tile:6,Tile:6,Malus,Tile:15-Tile:11,Tile:9,Map,Tile:12,Tile:10,Bonus,Map-Tile:hidden2,Tile:nugget,Tile:hidden1
Tile:6 4 5 1
Map 12 3 0
Tile:6_flip 5 4 1
Map 12 5 0
Tile:3_flip 3 5 1
Drop 0 0 0
Tile:0 6 5 1
Tile:0 7 5 0
Tile:14 6 4 1
Destroy 6 4 0
Tile:15 3 4 1
Tile:6 8 5 0
Map 12 7 1
Tile:8 9 5 0
Tile:9 4 4 1
Tile:9 9 4 0
Drop 5 0 1
Drop 0 0 0
Destroy 6 5 1
Tile:10 8 4 0
Tile:6_flip 6 5 1
Tile:9 9 6 0
Tile:7_flip 5 6 1
Tile:5 9 3 0
Map 12 5 1
Tile:7_flip 9 7 0
Tile:8 10 7 1
Tile:0 10 5 0
Tile:8 11 7 1
Tile:5 11 6 0
Tile:5_flip 6 6 1
Tile:7 12 6 0
Tile:10 8 3 1
Tile:9 11 8 0
Drop 3 0 1
Tile:7_flip 11 9 0
Tile:6 11 5 1
GAMEOVER WINNER 1
# Game ended: Wed Apr 15 18:38:27 EDT 2020
