# Server version 0.08 running on LAPTOP-PK0TDV81:8123
# Game ID: 198
# Board class: Saboteur.SaboteurBoard
# Timeout: 20000
# First Move Timeout: 30000
# Date: Mon Apr 13 12:22:32 EDT 2020
# Player 1: Player-0, '260714615', running on LAPTOP-PK0TDV81
# Player 2: Player-1, 'RandomPlayer', running on LAPTOP-PK0TDV81
START Player-0 260714615
START Player-1 RandomPlayer
BoardInit:Tile:9,Malus,Tile:6,Map,Tile:10,Tile:3,Tile:0,Tile:0,Map,Tile:12,Tile:8,Tile:8,Malus,Tile:15,Tile:11,Tile:10,Tile:7,Tile:9,Tile:5,Bonus,Tile:5,Tile:6,Bonus,Tile:6,Map,Tile:2,Tile:7,Tile:13,Destroy,Tile:8,Tile:7,Tile:9,Tile:9,Bonus,Tile:5,Destroy,Map,Map,Tile:4,Tile:0,Tile:6-Tile:14,Tile:0,Destroy,Map,Tile:7,Tile:10,Bonus-Tile:6,Tile:9,Tile:8,Tile:1,Tile:5,Tile:7,Tile:8-Tile:nugget,Tile:hidden1,Tile:hidden2
Map 12 7 1
Tile:8 6 5 0
Tile:10 6 6 1
Tile:7_flip 6 7 0
Destroy 6 6 1
Tile:9 6 4 0
Tile:0 4 5 1
Tile:6 7 7 0
Tile:7 6 3 1
Tile:8 8 7 0
Tile:9 3 5 1
Drop 0 0 0
Tile:6_flip 3 4 1
Drop 1 0 0
Tile:10 5 4 1
Tile:3_flip 2 4 0
Tile:14 4 4 1
Tile:5_flip 3 6 0
Tile:7 8 6 1
Tile:10 2 3 0
Tile:8 2 2 1
Tile:9_flip 9 7 0
Tile:5 2 6 1
Tile:15 9 6 0
Tile:5 5 3 1
Tile:6 7 4 0
Tile:11_flip 2 7 1
Drop 3 0 0
Tile:0 8 4 1
Drop 0 0 0
Destroy 2 6 1
Tile:2 1 7 0
Tile:7_flip 9 8 1
Drop 1 0 0
Tile:9 1 2 1
Tile:0 9 4 0
Tile:7 10 4 1
Tile:6_flip 7 5 0
Map 12 5 1
Tile:13 1 8 0
Tile:5_flip 2 8 1
Tile:8 3 2 0
Tile:4 4 3 1
Tile:9 2 6 0
Tile:6_flip 1 1 1
Destroy 7 5 0
Drop 3 0 1
Map 12 5 0
Malus 0 0 1
Drop 0 0 0
Map 12 3 1
Drop 1 0 0
Drop 1 0 1
GAMEOVER USER CANCEL UNDECIDED
# Game ended: Mon Apr 13 12:22:58 EDT 2020
