# Server version 0.08 running on 192.168.2.139:8123
# Game ID: 23
# Board class: Saboteur.SaboteurBoard
# Timeout: 20000
# First Move Timeout: 30000
# Date: Sun Apr 12 20:54:25 EDT 2020
# Player 1: Player-0, 'RandomPlayer', running on 127.0.0.1
# Player 2: Player-1, '260714615', running on 127.0.0.1
START Player-0 RandomPlayer
START Player-1 260714615
BoardInit:Tile:12,Destroy,Tile:8,Map,Tile:3,Tile:8,Bonus,Map,Map,Destroy,Bonus,Tile:2,Tile:7,Tile:10,Destroy,Tile:9,Tile:9,Map,Bonus,Tile:9,Tile:7,Tile:6,Tile:5,Malus,Tile:7,Malus,Tile:5,Tile:0,Tile:0,Tile:1,Tile:9,Tile:9,Tile:8,Tile:8,Tile:6,Tile:0,Map,Tile:6,Map,Tile:7,Tile:13-Tile:0,Tile:7,Bonus,Tile:8,Tile:14,Tile:4,Tile:11-Tile:15,Tile:10,Tile:6,Tile:5,Tile:5,Tile:10,Tile:6-Tile:hidden2,Tile:nugget,Tile:hidden1
Drop 2 0 1
Tile:10 5 6 0
Tile:8 5 4 1
Tile:15 5 3 0
Tile:14_flip 4 5 1
Tile:6_flip 6 5 0
Tile:0 7 5 1
Destroy 7 5 0
Tile:3_flip 6 6 1
Tile:6 6 4 0
Tile:11_flip 7 6 1
Map 12 7 0
Tile:7_flip 4 4 1
Map 12 5 0
Tile:7 5 2 1
Tile:10 4 6 0
Tile:4 4 3 1
Tile:5 6 3 0
Tile:9_flip 7 5 1
Tile:9 4 7 0
Drop 5 0 1
Tile:9 4 8 0
Drop 3 0 1
Tile:2_flip 4 2 0
Drop 0 0 1
Tile:8 3 2 0
Drop 1 0 1
Tile:6 4 9 0
Tile:5_flip 3 3 1
Destroy 3 2 0
Tile:5 3 2 1
Tile:0 5 9 0
Tile:8 7 3 1
Malus 0 0 0
GAMEOVER ILLEGAL MOVE: Player 1, CardUsed: (Tile:9_flip), PosOfUse: (7, 4) WINNER 0
# Game ended: Sun Apr 12 20:54:26 EDT 2020
