# Server version 0.08 running on 192.168.2.139:8123
# Game ID: 39
# Board class: Saboteur.SaboteurBoard
# Timeout: 20000
# First Move Timeout: 30000
# Date: Tue Apr 14 11:54:55 EDT 2020
# Player 1: Player-0, '260714615', running on 192.168.2.139
# Player 2: Player-1, 'RandomPlayer', running on 192.168.2.139
START Player-0 260714615
START Player-1 RandomPlayer
BoardInit:Tile:8,Tile:8,Tile:6,Map,Tile:3,Tile:13,Tile:5,Tile:9,Tile:10,Tile:9,Tile:9,Tile:8,Tile:7,Destroy,Tile:7,Map,Tile:14,Tile:11,Tile:4,Destroy,Tile:7,Tile:6,Destroy,Tile:1,Tile:15,Tile:10,Tile:2,Tile:9,Tile:0,Tile:9,Tile:5,Tile:6,Tile:7,Bonus,Bonus,Map,Malus,Tile:5,Malus,Bonus,Tile:8-Bonus,Tile:7,Tile:6,Tile:0,Tile:6,Map,Map-Tile:12,Tile:5,Map,Tile:10,Tile:8,Tile:0,Tile:0-Tile:hidden2,Tile:hidden1,Tile:nugget
Map 12 7 1
Map 12 3 0
Tile:0 6 5 1
Tile:8 7 5 0
Tile:6 4 5 1
Map 12 3 0
Tile:7_flip 5 6 1
Tile:0 8 5 0
Tile:3 6 6 1
Tile:0 9 5 0
Tile:8 10 5 1
Tile:8 11 5 0
Tile:6 11 6 1
Tile:8 12 6 0
GAMEOVER WINNER 0
# Game ended: Tue Apr 14 11:55:09 EDT 2020
