# Server version 0.08 running on 192.168.2.139:8123
# Game ID: 243
# Board class: Saboteur.SaboteurBoard
# Timeout: 20000
# First Move Timeout: 30000
# Date: Wed Apr 15 14:52:07 EDT 2020
# Player 1: Player-0, '260714615', running on 127.0.0.1
# Player 2: Player-1, 'RandomPlayer', running on 127.0.0.1
START Player-0 260714615
START Player-1 RandomPlayer
BoardInit:Tile:8,Tile:10,Tile:0,Tile:0,Tile:7,Tile:6,Tile:5,Tile:5,Tile:7,Map,Map,Tile:8,Tile:9,Map,Tile:0,Tile:8,Destroy,Tile:2,Tile:9,Tile:1,Malus,Tile:11,Bonus,Tile:12,Tile:9,Tile:8,Malus,Tile:14,Destroy,Tile:5,Tile:10,Tile:13,Tile:6,Tile:6,Map,Bonus,Tile:10,Tile:15,Destroy,Tile:7,Tile:6-Tile:6,Tile:9,Tile:8,Tile:0,Tile:4,Tile:5,Tile:3-Map,Tile:7,Bonus,Tile:7,Bonus,Tile:9,Map-Tile:nugget,Tile:hidden1,Tile:hidden2
Tile:9_flip 5 6 1
Map 12 3 0
Tile:8 4 5 1
Tile:9 5 4 0
Tile:8 6 5 1
Tile:0 7 5 0
Tile:6_flip 5 3 1
Tile:6 8 5 0
Tile:4_flip 6 6 1
Tile:10 8 4 0
Drop 4 0 1
Tile:5 8 3 0
Tile:3_flip 5 7 1
Tile:8 9 3 0
Tile:0 6 3 1
Tile:7_flip 9 4 0
Tile:0 10 3 1
Tile:8 11 3 0
GAMEOVER WINNER 0
# Game ended: Wed Apr 15 14:52:25 EDT 2020
