# Server version 0.08 running on 192.168.2.139:8123
# Game ID: 116
# Board class: Saboteur.SaboteurBoard
# Timeout: 20000
# First Move Timeout: 30000
# Date: Mon Apr 13 02:19:47 EDT 2020
# Player 1: Player-0, '260714615', running on 192.168.2.139
# Player 2: Player-1, 'RandomPlayer', running on 192.168.2.139
START Player-0 260714615
START Player-1 RandomPlayer
BoardInit:Tile:8,Destroy,Tile:7,Tile:0,Tile:0,Tile:7,Tile:6,Tile:7,Tile:6,Tile:1,Tile:14,Bonus,Tile:9,Tile:9,Tile:0,Tile:6,Tile:11,Bonus,Bonus,Tile:10,Tile:10,Map,Tile:13,Tile:0,Tile:15,Tile:9,Tile:9,Tile:10,Map,Tile:5,Tile:8,Map,Tile:5,Malus,Tile:12,Tile:3,Map,Tile:5,Tile:7,Tile:8,Tile:8-Tile:5,Tile:6,Destroy,Tile:7,Tile:6,Destroy,Map-Tile:9,Tile:2,Bonus,Malus,Tile:8,Tile:4,Map-Tile:nugget,Tile:hidden2,Tile:hidden1
Tile:7 5 4 1
Drop 3 0 0
Tile:6_flip 4 5 1
Tile:2_flip 3 5 0
Tile:6 4 4 1
Tile:8 2 5 0
Tile:7 6 5 1
Tile:4 4 3 0
Tile:8 5 6 1
Tile:7_flip 5 7 0
Map 12 3 1
Drop 0 0 0
Tile:5 2 4 1
Tile:7 6 7 0
Destroy 2 5 1
Destroy 5 4 0
Tile:6 4 6 1
Drop 0 0 0
Drop 1 0 1
Tile:6_flip 5 4 0
Tile:6 6 8 1
Drop 4 0 0
Tile:0 5 8 1
Tile:0 6 4 0
Tile:14 7 4 1
Map 12 5 0
Tile:11 7 3 1
Tile:1 3 6 0
Destroy 6 4 1
Drop 2 0 0
Tile:13 2 5 1
Tile:5_flip 6 6 0
Map 12 7 1
Map 12 3 0
Tile:9_flip 7 2 1
Tile:0 6 4 0
Tile:9 4 8 1
Tile:3 4 7 0
Tile:5 7 1 1
Tile:9 2 6 0
Drop 2 0 1
Tile:8 7 8 0
Map 12 7 1
Tile:5_flip 7 9 0
Tile:12_flip 3 7 1
Drop 3 0 0
Tile:10 4 9 1
Tile:10 4 10 0
Tile:8 1 5 1
Malus 0 0 0
Drop 0 0 1
Drop 0 0 0
Drop 1 0 1
Drop 0 0 0
Drop 0 0 1
GAMEOVER DRAW
# Game ended: Mon Apr 13 02:20:38 EDT 2020
