# Server version 0.08 running on 192.168.2.139:8123
# Game ID: 161
# Board class: Saboteur.SaboteurBoard
# Timeout: 20000
# First Move Timeout: 30000
# Date: Wed Apr 15 11:58:34 EDT 2020
# Player 1: Player-0, '260714615', running on 192.168.2.139
# Player 2: Player-1, 'RandomPlayer', running on 192.168.2.139
START Player-0 260714615
START Player-1 RandomPlayer
BoardInit:Tile:8,Tile:2,Tile:3,Tile:0,Tile:9,Tile:6,Tile:12,Bonus,Tile:0,Tile:0,Map,Map,Tile:6,Tile:8,Tile:9,Tile:5,Tile:1,Tile:9,Destroy,Tile:8,Map,Tile:13,Tile:4,Tile:9,Tile:7,Tile:6,Tile:15,Map,Tile:5,Tile:7,Destroy,Tile:7,Malus,Destroy,Tile:9,Bonus,Map,Tile:8,Tile:6,Tile:5,Tile:11-Map,Tile:7,Tile:6,Tile:14,Malus,Bonus,Tile:8-Bonus,Tile:5,Tile:10,Tile:10,Tile:0,Tile:7,Tile:10-Tile:hidden2,Tile:hidden1,Tile:nugget
Map 12 5 1
Tile:0 6 5 0
Tile:7 5 4 1
Tile:10 5 6 0
Drop 4 0 1
Tile:0 7 5 0
Tile:3_flip 4 5 1
Tile:6 8 5 0
Drop 0 0 1
Tile:5 8 4 0
Tile:14_flip 4 4 1
Tile:0 9 5 0
Drop 6 0 1
Tile:7 10 5 0
Tile:8 10 6 1
Tile:8 11 6 0
Tile:12 9 4 1
Tile:10 11 5 0
Tile:9 5 7 1
Tile:10 11 4 0
Tile:6_flip 11 3 1
Tile:8 12 6 0
GAMEOVER WINNER 0
# Game ended: Wed Apr 15 11:58:56 EDT 2020
