# Server version 0.08 running on 192.168.2.139:8123
# Game ID: 176
# Board class: Saboteur.SaboteurBoard
# Timeout: 20000
# First Move Timeout: 30000
# Date: Mon Apr 13 11:53:09 EDT 2020
# Player 1: Player-0, '260714615', running on 192.168.2.139
# Player 2: Player-1, 'RandomPlayer', running on 192.168.2.139
START Player-0 260714615
START Player-1 RandomPlayer
BoardInit:Map,Tile:0,Tile:5,Tile:7,Map,Tile:8,Tile:3,Tile:7,Tile:5,Tile:6,Tile:8,Tile:4,Tile:11,Tile:2,Destroy,Tile:12,Tile:10,Tile:15,Destroy,Tile:9,Tile:1,Tile:9,Tile:0,Bonus,Tile:6,Tile:9,Tile:5,Tile:7,Tile:7,Tile:0,Bonus,Tile:14,Tile:13,Tile:8,Tile:6,Bonus,Map,Malus,Destroy,Map,Tile:10-Tile:9,Tile:10,Map,Tile:6,Tile:8,Bonus,Malus-Tile:8,Tile:5,Tile:7,Tile:9,Tile:0,Tile:6,Map-Tile:hidden2,Tile:hidden1,Tile:nugget
Tile:9 5 6 1
Tile:6 6 6 0
Tile:10 5 4 1
Tile:9_flip 6 5 0
Tile:6 7 6 1
Drop 6 0 0
Tile:5 7 5 1
Drop 3 0 0
Drop 0 0 1
Drop 4 0 0
Drop 2 0 1
Tile:8 4 5 0
Tile:3 4 4 1
Tile:7 8 6 0
Drop 5 0 1
Tile:2 3 4 0
Tile:11_flip 5 7 1
Map 12 3 0
Map 12 3 1
Tile:6 3 5 0
Tile:8 5 3 1
Tile:5 2 5 0
Tile:10 5 8 1
Tile:15 2 6 0
Destroy 5 3 1
Tile:9_flip 4 6 0
Tile:6 8 7 1
Tile:9_flip 2 7 0
Destroy 7 5 1
Tile:7_flip 4 7 0
Tile:5 7 7 1
Tile:0 2 4 0
Tile:5_flip 9 7 1
Tile:7_flip 1 4 0
Map 12 3 1
Tile:8 1 3 0
Tile:0 0 3 1
Tile:9 7 8 0
Tile:7_flip 5 9 1
Tile:4 9 6 0
Destroy 5 6 1
Tile:14_flip 3 6 0
Tile:10 7 9 1
Tile:8 7 10 0
Tile:1 1 7 1
Tile:12 8 8 0
Tile:6 6 10 1
Map 12 3 0
Tile:13 0 7 1
Drop 0 0 0
Map 12 3 1
Malus 0 0 0
Drop 0 0 1
Drop 0 0 0
Bonus 0 0 1
GAMEOVER DRAW
# Game ended: Mon Apr 13 11:53:34 EDT 2020
