# Server version 0.08 running on 192.168.2.139:8123
# Game ID: 133
# Board class: Saboteur.SaboteurBoard
# Timeout: 20000
# First Move Timeout: 30000
# Date: Wed Apr 15 01:59:15 EDT 2020
# Player 1: Player-0, '260714615', running on 192.168.2.139
# Player 2: Player-1, 'RandomPlayer', running on 192.168.2.139
START Player-0 260714615
START Player-1 RandomPlayer
BoardInit:Tile:11,Tile:15,Tile:9,Tile:8,Tile:6,Tile:5,Tile:0,Map,Malus,Tile:7,Bonus,Tile:10,Destroy,Tile:9,Tile:0,Tile:9,Tile:0,Tile:6,Tile:2,Map,Tile:8,Tile:8,Tile:4,Destroy,Tile:0,Tile:3,Tile:5,Tile:5,Tile:8,Destroy,Tile:9,Tile:10,Tile:5,Tile:1,Tile:6,Tile:7,Tile:6,Bonus,Tile:6,Tile:7,Tile:14-Tile:7,Tile:7,Tile:10,Bonus,Map,Map,Map-Tile:12,Malus,Bonus,Map,Tile:9,Tile:8,Tile:13-Tile:hidden2,Tile:hidden1,Tile:nugget
Tile:7_flip 5 6 1
Map 12 3 0
Map 12 3 1
Tile:8 6 5 0
Tile:9_flip 6 4 1
Tile:8 7 5 0
Tile:11_flip 8 5 1
Tile:9 8 4 0
Tile:10 7 4 1
