# Server version 0.08 running on 192.168.2.139:8123
# Game ID: 229
# Board class: Saboteur.SaboteurBoard
# Timeout: 20000
# First Move Timeout: 30000
# Date: Wed Apr 15 14:43:12 EDT 2020
# Player 1: Player-0, '260714615', running on 127.0.0.1
# Player 2: Player-1, 'RandomPlayer', running on 127.0.0.1
START Player-0 260714615
START Player-1 RandomPlayer
BoardInit:Tile:9,Tile:7,Tile:8,Tile:1,Destroy,Tile:9,Tile:10,Map,Tile:5,Tile:7,Tile:5,Tile:9,Tile:10,Tile:8,Tile:7,Tile:0,Tile:12,Tile:14,Map,Tile:0,Tile:5,Destroy,Tile:3,Map,Tile:6,Tile:4,Tile:8,Tile:6,Tile:8,Map,Bonus,Bonus,Malus,Map,Bonus,Tile:0,Tile:6,Map,Tile:10,Malus,Tile:7-Tile:11,Tile:8,Tile:5,Tile:2,Tile:7,Tile:9,Tile:6-Tile:6,Tile:13,Tile:0,Tile:15,Tile:9,Destroy,Bonus-Tile:hidden2,Tile:hidden1,Tile:nugget
Drop 5 0 1
Tile:6 6 5 0
Tile:6_flip 4 5 1
Tile:0 7 5 0
Drop 4 0 1
Tile:9 6 4 0
Tile:5 6 3 1
Tile:7_flip 5 6 0
Tile:9_flip 4 6 1
Map 12 3 0
Drop 1 0 1
Tile:1 8 5 0
Tile:2_flip 4 7 1
Tile:9_flip 9 5 0
Tile:5_flip 7 3 1
Tile:7_flip 9 6 0
Tile:5 3 6 1
Tile:8 10 6 0
Tile:10 10 7 1
Tile:0 11 6 0
Destroy 6 5 1
Tile:0 6 6 0
Tile:11_flip 9 4 1
Destroy 9 4 0
Tile:10 5 4 1
Map 12 5 0
Drop 0 0 1
Tile:9 7 2 0
Tile:7 7 1 1
Tile:6 8 2 0
Tile:6_flip 9 2 1
Map 12 7 0
Tile:5 10 5 1
Drop 5 0 0
Tile:3 12 6 1
Destroy 12 6 0
Tile:8 12 6 1
Tile:0 7 6 0
Tile:6 6 5 1
Drop 5 0 0
Tile:12 11 5 1
Malus 0 0 0
Drop 6 0 1
Drop 5 0 0
Drop 4 0 1
Tile:13 3 7 0
Map 12 7 1
Tile:15 3 8 0
Drop 0 0 1
Tile:14 3 9 0
Drop 0 0 1
Drop 0 0 0
Malus 0 0 1
Bonus 0 0 0
Drop 0 0 1
GAMEOVER DRAW
# Game ended: Wed Apr 15 14:44:06 EDT 2020
