# Server version 0.08 running on 192.168.2.139:8123
# Game ID: 34
# Board class: Saboteur.SaboteurBoard
# Timeout: 20000
# First Move Timeout: 30000
# Date: Tue Apr 14 11:43:27 EDT 2020
# Player 1: Player-0, '260714615', running on 127.0.0.1
# Player 2: Player-1, 'RandomPlayer', running on 127.0.0.1
START Player-0 260714615
START Player-1 RandomPlayer
BoardInit:Tile:7,Bonus,Map,Tile:8,Tile:10,Tile:7,Tile:11,Tile:14,Malus,Tile:6,Map,Tile:5,Bonus,Tile:4,Tile:10,Map,Tile:9,Tile:0,Tile:9,Tile:0,Bonus,Tile:10,Tile:7,Tile:6,Map,Tile:12,Tile:9,Tile:8,Malus,Tile:9,Tile:8,Tile:9,Tile:8,Destroy,Tile:7,Tile:1,Bonus,Tile:5,Tile:13,Tile:15,Map-Tile:6,Tile:6,Tile:0,Tile:2,Destroy,Tile:8,Tile:0-Map,Tile:7,Destroy,Tile:6,Tile:3,Tile:5,Tile:5-Tile:hidden1,Tile:hidden2,Tile:nugget
Tile:2_flip 4 5 1
Map 12 3 0
Tile:8 3 5 1
Tile:6 6 5 0
Tile:0 2 5 1
Tile:8 7 5 0
Tile:7_flip 7 6 1
Tile:5 7 4 0
Tile:6 3 6 1
Tile:7_flip 5 6 0
Tile:10 4 4 1
Tile:6 8 5 0
Tile:6_flip 4 3 1
Tile:5_flip 9 5 0
Destroy 7 4 1
Tile:5 9 4 0
Tile:0 3 3 1
Map 12 3 0
Tile:11_flip 8 4 1
Tile:0 10 4 0
Tile:9 7 4 1
Tile:0 11 4 0
Tile:10 7 3 1
Tile:7 12 4 0
Tile:9 1 5 1
Tile:6_flip 8 6 0
Tile:7 7 2 1
Tile:10 8 3 0
Map 12 3 1
Tile:8 8 7 0
Tile:9_flip 13 5 1
Tile:9 13 4 0
Malus 0 0 1
Bonus 0 0 0
Tile:8 13 3 1
Tile:9 13 6 0
Drop 6 0 1
Tile:1 9 6 0
Tile:8 5 3 1
Tile:5 13 2 0
Drop 2 0 1
Destroy 1 5 0
Drop 5 0 1
Tile:3 3 4 0
Drop 4 0 1
GAMEOVER TIMEOUT WINNER 1
# Game ended: Tue Apr 14 11:44:32 EDT 2020
