# Server version 0.08 running on 192.168.2.139:8123
# Game ID: 318
# Board class: Saboteur.SaboteurBoard
# Timeout: 20000
# First Move Timeout: 30000
# Date: Wed Apr 15 16:55:30 EDT 2020
# Player 1: Player-0, '260714615', running on 192.168.2.139
# Player 2: Player-1, 'RandomPlayer', running on 192.168.2.139
START Player-0 260714615
START Player-1 RandomPlayer
BoardInit:Tile:0,Tile:11,Destroy,Tile:15,Tile:10,Map,Tile:5,Tile:8,Tile:7,Map,Bonus,Tile:14,Bonus,Tile:9,Destroy,Tile:8,Tile:12,Malus,Tile:6,Tile:8,Bonus,Tile:10,Tile:5,Tile:4,Map,Tile:6,Tile:6,Bonus,Tile:10,Tile:6,Tile:5,Tile:9,Tile:3,Tile:9,Map,Tile:7,Tile:7,Destroy,Tile:8,Map,Tile:0-Tile:8,Tile:6,Tile:7,Tile:0,Tile:9,Tile:7,Malus-Tile:0,Tile:9,Tile:2,Tile:13,Tile:5,Tile:1,Map-Tile:hidden1,Tile:nugget,Tile:hidden2
Tile:7 5 4 1
Map 12 3 0
Tile:9_flip 6 5 1
Tile:9 6 4 0
Tile:0 4 4 1
Tile:0 7 4 0
Tile:6 6 6 1
Map 12 5 0
Destroy 5 4 1
Tile:8 8 4 0
Tile:0 9 4 1
Tile:5 8 3 0
Tile:7 5 4 1
Tile:1 10 4 0
Tile:5 6 3 1
Tile:9_flip 11 4 0
Tile:8 3 4 1
Tile:8 11 5 0
Tile:7 11 3 1
Drop 5 0 0
Tile:6 10 3 1
Tile:8 11 6 0
Tile:12_flip 10 5 1
Tile:10 11 7 0
Drop 2 0 1
Drop 5 0 0
Tile:5_flip 3 5 1
Tile:6 12 6 0
Tile:6 7 6 1
Drop 5 0 0
Drop 3 0 1
Tile:6 13 6 0
Drop 1 0 1
Tile:9 13 5 0
Tile:10 10 2 1
Tile:9 13 4 0
Tile:5 2 4 1
Tile:7_flip 11 8 0
Drop 2 0 1
Destroy 12 6 0
Tile:3_flip 8 5 1
Drop 5 0 0
Drop 0 0 1
Tile:11 2 5 0
Tile:8 12 8 1
Tile:2 3 3 0
Tile:0 12 6 1
Tile:13 2 6 0
Tile:7 13 3 1
Tile:15 2 7 0
Map 12 3 1
Drop 0 0 0
Map 12 3 1
Map 12 5 0
Drop 0 0 1
GAMEOVER DRAW
# Game ended: Wed Apr 15 16:56:21 EDT 2020
