# Server version 0.08 running on LAPTOP-PK0TDV81:8123
# Game ID: 427
# Board class: Saboteur.SaboteurBoard
# Timeout: 20000
# First Move Timeout: 30000
# Date: Wed Apr 15 19:42:59 EDT 2020
# Player 1: Player-0, '260714615', running on LAPTOP-PK0TDV81
# Player 2: Player-1, 'RandomPlayer', running on LAPTOP-PK0TDV81
START Player-0 260714615
START Player-1 RandomPlayer
BoardInit:Bonus,Tile:12,Tile:5,Tile:7,Tile:10,Tile:4,Map,Tile:9,Tile:5,Bonus,Destroy,Map,Tile:9,Tile:8,Tile:5,Tile:0,Tile:6,Malus,Tile:15,Map,Tile:2,Tile:0,Destroy,Tile:6,Malus,Tile:8,Bonus,Map,Tile:14,Destroy,Tile:7,Tile:3,Tile:10,Tile:8,Tile:10,Tile:9,Map,Bonus,Tile:11,Tile:13,Tile:8-Tile:1,Tile:7,Tile:5,Tile:7,Tile:8,Tile:9,Tile:0-Tile:7,Tile:6,Tile:0,Map,Tile:6,Tile:6,Tile:9-Tile:hidden1,Tile:hidden2,Tile:nugget
Tile:9 5 6 1
Map 12 3 0
Tile:5 4 5 1
Tile:6 6 5 0
Tile:5_flip 5 7 1
Tile:0 7 5 0
Tile:10 4 6 1
Tile:6 8 5 0
Tile:8 4 7 1
Tile:6 9 5 0
Tile:7 6 6 1
Tile:9 9 4 0
Destroy 6 5 1
Map 12 5 0
Tile:7_flip 3 7 1
Tile:7_flip 6 7 0
Tile:1 10 5 1
Drop 0 0 0
Tile:6_flip 5 4 1
Tile:8 7 7 0
Tile:15 4 8 1
Map 12 7 0
Tile:2 11 5 1
Malus 0 0 0
Destroy 5 4 1
Tile:0 8 7 0
Malus 0 0 1
Bonus 0 0 0
Drop 2 0 1
Tile:0 9 7 0
Drop 4 0 1
Destroy 10 5 0
Drop 6 0 1
Tile:6 10 7 0
Drop 4 0 1
Tile:8 11 7 0
GAMEOVER WINNER 0
# Game ended: Wed Apr 15 19:43:35 EDT 2020
