# Server version 0.08 running on 192.168.2.139:8123
# Game ID: 206
# Board class: Saboteur.SaboteurBoard
# Timeout: 20000
# First Move Timeout: 30000
# Date: Mon Apr 13 12:37:01 EDT 2020
# Player 1: Player-0, '260714615', running on 192.168.2.139
# Player 2: Player-1, 'RandomPlayer', running on 192.168.2.139
START Player-0 260714615
START Player-1 RandomPlayer
BoardInit:Tile:9,Tile:11,Tile:5,Tile:6,Tile:6,Tile:7,Map,Bonus,Tile:4,Tile:5,Tile:13,Tile:9,Tile:8,Tile:0,Tile:9,Tile:12,Map,Tile:5,Tile:7,Malus,Tile:6,Map,Tile:6,Tile:14,Tile:9,Malus,Tile:8,Tile:1,Tile:7,Bonus,Map,Tile:7,Tile:7,Tile:6,Destroy,Bonus,Tile:0,Tile:10,Destroy,Tile:0,Map-Tile:8,Tile:2,Destroy,Tile:15,Tile:9,Tile:8,Tile:10-Tile:0,Map,Tile:5,Tile:10,Tile:3,Tile:8,Bonus-Tile:nugget,Tile:hidden1,Tile:hidden2
Tile:8 6 5 1
Drop 4 0 0
Tile:10 5 6 1
Tile:11 6 6 0
Tile:9 5 4 1
Tile:5_flip 7 6 0
Tile:2 7 5 1
Tile:8 6 7 0
Tile:6_flip 7 7 1
Drop 4 0 0
Tile:4_flip 7 8 1
Tile:10 5 3 0
Tile:9 5 2 1
Tile:9_flip 6 8 0
Tile:8 5 7 1
Tile:7_flip 4 5 0
Tile:9_flip 8 7 1
Tile:5 5 1 0
Tile:8 5 8 1
Tile:0 6 2 0
Tile:7 6 4 1
Tile:0 6 1 0
Tile:5_flip 7 2 1
Map 12 3 0
Map 12 7 1
Tile:12 8 5 0
Destroy 7 5 1
Drop 5 0 0
Tile:6_flip 7 5 1
Tile:5 4 7 0
Tile:15 4 4 1
Drop 4 0 0
Tile:9_flip 7 1 1
Tile:7_flip 8 8 0
Tile:7 7 0 1
Tile:6 4 8 0
Destroy 7 2 1
GAMEOVER TIMEOUT WINNER 1
# Game ended: Mon Apr 13 12:37:39 EDT 2020
