# Server version 0.08 running on 192.168.2.139:8123
# Game ID: 1
# Board class: Saboteur.SaboteurBoard
# Timeout: 20000
# First Move Timeout: 30000
# Date: Sun Apr 12 20:52:14 EDT 2020
# Player 1: Player-0, 'RandomPlayer', running on 127.0.0.1
# Player 2: Player-1, '260714615', running on 127.0.0.1
START Player-0 RandomPlayer
START Player-1 260714615
BoardInit:Tile:9,Tile:7,Bonus,Destroy,Bonus,Tile:2,Tile:1,Tile:6,Tile:6,Map,Tile:0,Tile:10,Tile:15,Tile:3,Tile:0,Tile:12,Tile:6,Malus,Tile:8,Tile:9,Tile:9,Tile:5,Tile:10,Tile:8,Tile:5,Tile:5,Tile:0,Malus,Tile:8,Tile:14,Tile:13,Tile:7,Tile:7,Map,Tile:11,Tile:7,Map,Bonus,Tile:10,Tile:5,Tile:6-Bonus,Destroy,Map,Tile:6,Tile:9,Destroy,Tile:7-Tile:8,Map,Tile:0,Tile:9,Tile:8,Map,Tile:4-Tile:nugget,Tile:hidden2,Tile:hidden1
Map 12 7 1
Map 12 5 0
Drop 4 0 1
Tile:9_flip 5 6 0
Drop 5 0 1
Drop 4 0 0
Tile:7_flip 4 6 1
Destroy 5 6 0
Tile:6 5 6 1
Tile:2 6 5 0
Drop 1 0 1
Tile:8 6 6 0
Tile:9_flip 6 7 1
Map 12 5 0
Tile:0 7 5 1
Tile:10 5 4 0
Drop 1 0 1
Tile:6_flip 4 5 0
Drop 1 0 1
Tile:8 5 3 0
Tile:8 4 3 1
Tile:12 8 5 0
Tile:6 6 8 1
Tile:7 7 8 0
Tile:15 5 2 1
Tile:5 5 8 0
Tile:9_flip 5 1 1
Tile:3 7 6 0
Tile:0 6 3 1
Map 12 3 0
Tile:5_flip 4 4 1
Tile:14_flip 3 3 0
Drop 0 0 1
Tile:8 5 9 0
Tile:0 6 9 1
Tile:7_flip 7 7 0
Tile:8 7 9 1
Tile:0 7 3 0
Tile:6 8 9 1
Tile:5_flip 8 7 0
Tile:10 7 10 1
Tile:9 3 5 0
Tile:7_flip 4 9 1
Tile:7 5 0 0
Tile:1 4 0 1
Tile:5_flip 7 11 0
Tile:10 4 2 1
Map 12 7 0
Tile:11_flip 8 3 1
Drop 1 0 0
Tile:13 3 4 1
Malus 0 0 0
GAMEOVER ILLEGAL MOVE: Player 1, CardUsed: (Tile:6_flip), PosOfUse: (4, 1) WINNER 0
# Game ended: Sun Apr 12 20:52:14 EDT 2020
