# Server version 0.08 running on 192.168.2.139:8123
# Game ID: 168
# Board class: Saboteur.SaboteurBoard
# Timeout: 20000
# First Move Timeout: 30000
# Date: Mon Apr 13 11:45:12 EDT 2020
# Player 1: Player-0, '260714615', running on 192.168.2.139
# Player 2: Player-1, 'RandomPlayer', running on 192.168.2.139
START Player-0 260714615
START Player-1 RandomPlayer
BoardInit:Map,Destroy,Bonus,Map,Tile:0,Tile:7,Tile:14,Tile:8,Tile:8,Map,Tile:8,Map,Tile:5,Tile:8,Tile:15,Tile:5,Tile:6,Tile:9,Map,Tile:7,Tile:9,Tile:9,Tile:10,Tile:7,Bonus,Tile:0,Tile:4,Tile:11,Malus,Destroy,Tile:7,Bonus,Tile:6,Tile:5,Tile:1,Tile:2,Tile:6,Tile:10,Tile:7,Tile:5,Tile:9-Tile:12,Tile:10,Bonus,Tile:13,Tile:6,Tile:0,Tile:9-Malus,Map,Destroy,Tile:0,Tile:3,Tile:6,Tile:8-Tile:hidden2,Tile:nugget,Tile:hidden1
Tile:12_flip 4 5 1
Tile:6_flip 5 4 0
Tile:13 6 4 1
Tile:3 6 3 0
Tile:6 6 5 1
Map 12 7 0
Tile:0 4 4 1
Tile:7_flip 5 6 0
Drop 3 0 1
Map 12 5 0
Tile:8 7 5 1
Destroy 7 5 0
Tile:0 5 3 1
Drop 0 0 0
Drop 3 0 1
Tile:0 6 6 0
Tile:8 7 6 1
Tile:5_flip 8 6 0
Tile:5_flip 7 4 1
GAMEOVER TIMEOUT WINNER 1
# Game ended: Mon Apr 13 11:45:42 EDT 2020
