# Server version 0.08 running on 192.168.2.139:8123
# Game ID: 425
# Board class: Saboteur.SaboteurBoard
# Timeout: 20000
# First Move Timeout: 30000
# Date: Wed Apr 15 19:36:53 EDT 2020
# Player 1: Player-0, '260714615', running on 127.0.0.1
# Player 2: Player-1, 'RandomPlayer', running on 127.0.0.1
START Player-0 260714615
START Player-1 RandomPlayer
BoardInit:Tile:6,Bonus,Map,Tile:8,Tile:9,Tile:7,Bonus,Tile:10,Destroy,Map,Tile:9,Malus,Tile:14,Tile:5,Map,Tile:3,Tile:0,Tile:2,Tile:10,Tile:6,Tile:9,Tile:7,Tile:9,Tile:0,Tile:7,Tile:7,Tile:5,Map,Tile:6,Tile:0,Tile:11,Tile:15,Tile:5,Map,Tile:8,Bonus,Tile:6,Bonus,Tile:8,Destroy,Tile:9-Tile:7,Tile:12,Malus,Tile:0,Tile:8,Tile:5,Tile:8-Tile:6,Tile:4,Map,Destroy,Tile:1,Tile:13,Tile:10-Tile:hidden1,Tile:nugget,Tile:hidden2
Drop 3 0 1
Map 12 3 0
Tile:8 4 5 1
Tile:6 6 5 0
Tile:8 5 4 1
Drop 0 0 0
Tile:6_flip 4 4 1
Tile:8 7 5 0
Tile:5_flip 8 5 1
Tile:7_flip 7 6 0
Tile:9_flip 5 6 1
Map 12 5 0
Tile:9 8 4 1
Tile:10 8 3 0
Drop 5 0 1
Tile:5 8 2 0
Map 12 7 1
Tile:10 7 4 0
Tile:7_flip 4 6 1
Destroy 4 4 0
Map 12 5 1
Drop 0 0 0
Tile:14_flip 4 4 1
Drop 0 0 0
Drop 2 0 1
Malus 0 0 0
Drop 0 0 1
Tile:6 9 4 0
Drop 6 0 1
Tile:0 10 4 0
Drop 1 0 1
Tile:0 11 4 0
Drop 4 0 1
Tile:7 12 4 0
GAMEOVER WINNER 0
# Game ended: Wed Apr 15 19:37:27 EDT 2020
