# Server version 0.08 running on 192.168.2.139:8123
# Game ID: 264
# Board class: Saboteur.SaboteurBoard
# Timeout: 20000
# First Move Timeout: 30000
# Date: Mon Apr 13 17:44:27 EDT 2020
# Player 1: Player-0, '260714615', running on 192.168.2.139
# Player 2: Player-1, 'RandomPlayer', running on 192.168.2.139
START Player-0 260714615
START Player-1 RandomPlayer
BoardInit:Tile:7,Tile:3,Tile:8,Map,Bonus,Tile:8,Malus,Tile:7,Tile:6,Tile:0,Tile:8,Tile:8,Tile:0,Tile:9,Tile:0,Destroy,Tile:6,Tile:12,Tile:5,Malus,Map,Tile:4,Tile:14,Bonus,Tile:6,Tile:6,Tile:9,Destroy,Tile:5,Map,Tile:13,Map,Tile:1,Tile:2,Tile:9,Tile:11,Tile:7,Tile:0,Tile:8,Tile:6,Destroy-Map,Map,Tile:5,Bonus,Bonus,Tile:9,Tile:9-Tile:10,Tile:15,Tile:10,Tile:5,Tile:10,Tile:7,Tile:7-Tile:hidden1,Tile:hidden2,Tile:nugget
Map 12 5 1
Tile:10 5 4 0
Map 12 3 1
Tile:10 5 6 0
Drop 4 0 1
Map 12 3 0
Drop 3 0 1
Tile:8 6 5 0
Tile:7_flip 6 6 1
Tile:5 6 4 0
Drop 1 0 1
Tile:0 7 5 0
Tile:5 4 5 1
Tile:8 8 5 0
Tile:6_flip 7 6 1
Tile:10 8 4 0
Tile:8 5 3 1
Tile:9 8 3 0
Drop 1 0 1
Tile:7_flip 7 7 0
Tile:5_flip 5 7 1
Tile:7 9 5 0
Tile:6_flip 8 7 1
Malus 0 0 0
Drop 0 0 1
Tile:7_flip 9 6 0
Map 12 5 1
Tile:6 10 6 0
Drop 6 0 1
GAMEOVER TIMEOUT WINNER 1
# Game ended: Mon Apr 13 17:45:13 EDT 2020
