# Server version 0.08 running on 192.168.2.139:8123
# Game ID: 37
# Board class: Saboteur.SaboteurBoard
# Timeout: 20000
# First Move Timeout: 30000
# Date: Tue Apr 14 11:52:59 EDT 2020
# Player 1: Player-0, '260714615', running on 192.168.2.139
# Player 2: Player-1, 'RandomPlayer', running on 192.168.2.139
START Player-0 260714615
START Player-1 RandomPlayer
BoardInit:Bonus,Bonus,Tile:15,Tile:7,Map,Tile:9,Tile:14,Tile:7,Tile:8,Tile:0,Bonus,Tile:10,Tile:1,Tile:11,Tile:9,Tile:5,Tile:6,Map,Tile:10,Tile:9,Tile:6,Tile:8,Tile:12,Tile:4,Tile:0,Map,Tile:6,Map,Destroy,Tile:5,Bonus,Tile:5,Tile:9,Tile:3,Tile:7,Tile:7,Tile:5,Destroy,Tile:8,Destroy,Map-Malus,Malus,Tile:8,Map,Tile:9,Tile:6,Tile:6-Tile:0,Tile:13,Tile:7,Tile:10,Tile:0,Tile:8,Tile:2-Tile:hidden2,Tile:nugget,Tile:hidden1
Tile:6 6 5 1
Tile:0 7 5 0
Tile:9 5 4 1
Tile:0 8 5 0
Tile:6 5 6 1
Tile:8 9 5 0
Tile:8 9 4 1
Tile:7_flip 9 6 0
Tile:14 10 5 1
Tile:10 9 3 0
Map 12 7 1
Tile:0 10 6 0
Map 12 7 1
Tile:7 11 6 0
Tile:8 10 4 1
Tile:9 11 7 0
Tile:1 11 4 1
Tile:7_flip 11 8 0
Malus 0 0 1
Bonus 0 0 0
Tile:10 10 3 1
Tile:5_flip 12 8 0
Tile:6 13 7 1
Tile:10 13 6 0
Tile:12 12 4 1
Tile:9 13 5 0
Tile:9 13 4 1
Tile:8 13 3 0
Tile:6_flip 6 4 1
Tile:13 5 3 0
Drop 6 0 1
Tile:5 13 2 0
Tile:6_flip 6 6 1
Tile:5 10 2 0
Tile:9 4 3 1
Tile:2 4 2 0
Drop 3 0 1
Tile:7_flip 8 4 0
Drop 6 0 1
Tile:11 3 2 0
Drop 2 0 1
Tile:4 3 1 0
Tile:8 5 2 1
Tile:3 5 1 0
Drop 4 0 1
Destroy 3 1 0
Tile:0 4 1 1
Destroy 3 2 0
Drop 0 0 1
Drop 0 0 0
Drop 0 0 1
Drop 0 0 0
Map 12 5 1
Drop 0 0 0
Drop 0 0 1
GAMEOVER DRAW
# Game ended: Tue Apr 14 11:53:54 EDT 2020
