# Server version 0.08 running on 192.168.2.139:8123
# Game ID: 64
# Board class: Saboteur.SaboteurBoard
# Timeout: 20000
# First Move Timeout: 30000
# Date: Sun Apr 12 21:27:13 EDT 2020
# Player 1: Player-0, '260714615', running on 192.168.2.139
# Player 2: Player-1, 'RandomPlayer', running on 192.168.2.139
START Player-0 260714615
START Player-1 RandomPlayer
BoardInit:Tile:13,Bonus,Tile:5,Tile:10,Tile:4,Map,Destroy,Map,Tile:0,Destroy,Tile:6,Tile:5,Tile:5,Malus,Bonus,Map,Tile:14,Destroy,Tile:9,Tile:3,Tile:10,Tile:8,Bonus,Tile:7,Tile:6,Tile:0,Map,Tile:1,Tile:0,Map,Tile:6,Tile:9,Tile:11,Tile:9,Tile:8,Tile:0,Tile:7,Tile:9,Tile:10,Tile:6,Tile:7-Tile:2,Tile:12,Tile:9,Tile:15,Tile:8,Tile:7,Tile:8-Tile:5,Bonus,Malus,Tile:7,Tile:6,Map,Tile:8-Tile:hidden2,Tile:hidden1,Tile:nugget
Tile:9 4 5 1
Tile:7 5 4 0
Tile:8 4 6 1
Tile:8 6 5 0
Tile:2_flip 5 6 1
Tile:6 3 6 0
Tile:5_flip 6 6 1
Malus 0 0 0
Destroy 4 5 1
Drop 6 0 0
Drop 4 0 1
Tile:5 4 4 0
Drop 0 0 1
Drop 0 0 0
Drop 0 0 1
Tile:5_flip 4 7 0
Drop 1 0 1
Destroy 4 6 0
Drop 3 0 1
Map 12 7 0
Drop 2 0 1
Map 12 3 0
Drop 3 0 1
Tile:10 6 4 0
Drop 5 0 1
Tile:8 4 5 0
Drop 0 0 1
Drop 6 0 0
Drop 6 0 1
Malus 0 0 0
Drop 1 0 1
Drop 2 0 0
Drop 4 0 1
Drop 3 0 0
Drop 0 0 1
Map 12 5 0
Drop 4 0 1
Tile:9 6 3 0
Drop 0 0 1
Tile:9_flip 7 5 0
Drop 4 0 1
Tile:3 6 2 0
Drop 5 0 1
Tile:6 7 3 0
Drop 4 0 1
Drop 1 0 0
Drop 3 0 1
Tile:0 5 2 0
Drop 2 0 1
Tile:9 4 2 0
Drop 0 0 1
Map 12 5 0
Bonus 0 0 1
Drop 0 0 0
Drop 0 0 1
GAMEOVER DRAW
# Game ended: Sun Apr 12 21:27:13 EDT 2020
