# Server version 0.08 running on 192.168.2.139:8123
# Game ID: 322
# Board class: Saboteur.SaboteurBoard
# Timeout: 20000
# First Move Timeout: 30000
# Date: Mon Apr 13 19:19:01 EDT 2020
# Player 1: Player-0, 'RandomPlayer', running on 127.0.0.1
# Player 2: Player-1, '260714615', running on 127.0.0.1
START Player-0 RandomPlayer
START Player-1 260714615
BoardInit:Tile:15,Map,Tile:9,Tile:7,Bonus,Map,Tile:8,Destroy,Tile:8,Tile:11,Tile:1,Tile:14,Tile:6,Tile:4,Tile:5,Tile:10,Tile:7,Tile:5,Tile:9,Map,Malus,Tile:9,Bonus,Destroy,Tile:3,Tile:12,Tile:8,Tile:0,Tile:5,Tile:6,Tile:7,Tile:7,Tile:10,Tile:6,Tile:2,Tile:7,Tile:0,Map,Tile:9,Tile:10,Malus-Map,Bonus,Bonus,Tile:6,Tile:0,Tile:0,Map-Tile:9,Destroy,Tile:6,Tile:8,Tile:13,Tile:8,Tile:5-Tile:hidden2,Tile:nugget,Tile:hidden1
Map 12 3 1
Tile:6_flip 6 5 0
Map 12 3 1
Tile:8 4 5 0
Tile:6 7 5 1
Drop 4 0 0
Tile:0 8 5 1
Tile:9 7 4 0
Tile:0 9 5 1
Map 12 3 0
Tile:8 10 5 1
Destroy 4 5 0
Tile:8 11 5 1
GAMEOVER WINNER 1
# Game ended: Mon Apr 13 19:19:15 EDT 2020
