# Server version 0.08 running on 192.168.2.139:8123
# Game ID: 136
# Board class: Saboteur.SaboteurBoard
# Timeout: 20000
# First Move Timeout: 30000
# Date: Mon Apr 13 10:39:34 EDT 2020
# Player 1: Player-0, '260714615', running on 192.168.2.139
# Player 2: Player-1, 'RandomPlayer', running on 192.168.2.139
START Player-0 260714615
START Player-1 RandomPlayer
BoardInit:Tile:7,Tile:5,Tile:7,Tile:7,Tile:4,Malus,Tile:6,Map,Tile:3,Bonus,Tile:0,Malus,Tile:1,Tile:6,Map,Tile:0,Bonus,Tile:0,Tile:9,Tile:13,Map,Tile:15,Tile:9,Map,Map,Tile:0,Destroy,Tile:8,Destroy,Tile:10,Destroy,Tile:10,Bonus,Tile:6,Tile:5,Tile:9,Tile:8,Tile:9,Tile:6,Tile:6,Tile:7-Tile:5,Tile:8,Tile:12,Tile:14,Tile:7,Tile:11,Tile:9-Tile:2,Tile:8,Map,Bonus,Tile:5,Tile:8,Tile:10-Tile:nugget,Tile:hidden1,Tile:hidden2
Tile:12_flip 4 5 1
Tile:8 5 4 0
Tile:5_flip 6 4 1
Tile:2 6 5 0
Tile:7 6 3 1
Tile:5_flip 7 5 0
Tile:11_flip 5 6 1
Tile:10 7 4 0
Tile:7_flip 6 6 1
Drop 3 0 0
Tile:6 4 4 1
Tile:7 4 3 0
Tile:14_flip 3 3 1
Map 12 7 0
Tile:1 7 6 1
Tile:6 3 4 0
Tile:7 8 6 1
GAMEOVER TIMEOUT WINNER 1
# Game ended: Mon Apr 13 10:40:10 EDT 2020
