# Server version 0.08 running on 192.168.2.139:8123
# Game ID: 280
# Board class: Saboteur.SaboteurBoard
# Timeout: 20000
# First Move Timeout: 30000
# Date: Wed Apr 15 15:51:42 EDT 2020
# Player 1: Player-0, '260714615', running on 192.168.2.139
# Player 2: Player-1, 'RandomPlayer', running on 192.168.2.139
START Player-0 260714615
START Player-1 RandomPlayer
BoardInit:Tile:11,Tile:5,Tile:9,Tile:9,Tile:6,Tile:2,Tile:8,Tile:13,Tile:0,Tile:7,Tile:15,Tile:9,Malus,Tile:6,Map,Tile:8,Tile:10,Tile:5,Destroy,Tile:6,Tile:1,Tile:10,Tile:0,Tile:9,Tile:0,Tile:8,Tile:9,Tile:14,Tile:4,Malus,Map,Tile:7,Tile:6,Destroy,Map,Tile:5,Tile:7,Tile:7,Tile:8,Tile:3,Tile:12-Tile:6,Bonus,Tile:0,Tile:8,Bonus,Map,Tile:10-Map,Bonus,Map,Tile:5,Destroy,Bonus,Tile:7-Tile:hidden1,Tile:hidden2,Tile:nugget
Tile:6_flip 6 5 1
Map 12 3 0
Drop 1 0 1
Map 12 5 0
Tile:9 5 4 1
Tile:7_flip 6 6 0
Drop 2 0 1
Tile:5 5 3 0
Tile:11_flip 5 6 1
Destroy 5 6 0
Tile:0 6 4 1
Tile:5 4 5 0
Drop 6 0 1
Tile:9 4 6 0
Tile:6 7 6 1
Tile:6 8 6 0
Tile:8 7 4 1
Tile:8 9 6 0
Map 12 7 1
Tile:9 9 5 0
Drop 4 0 1
Tile:6 10 5 0
Destroy 7 4 1
Tile:7 11 5 0
Drop 4 0 1
Tile:10 11 6 0
Tile:0 6 3 1
Tile:5 10 4 0
Tile:0 7 4 1
Tile:9 11 7 0
GAMEOVER WINNER 0
# Game ended: Wed Apr 15 15:52:12 EDT 2020
