# Server version 0.08 running on 192.168.2.139:8123
# Game ID: 240
# Board class: Saboteur.SaboteurBoard
# Timeout: 20000
# First Move Timeout: 30000
# Date: Mon Apr 13 16:37:52 EDT 2020
# Player 1: Player-0, '260714615', running on 192.168.2.139
# Player 2: Player-1, 'RandomPlayer', running on 192.168.2.139
START Player-0 260714615
START Player-1 RandomPlayer
BoardInit:Tile:14,Tile:8,Tile:7,Tile:15,Map,Tile:0,Map,Tile:7,Tile:6,Tile:7,Bonus,Tile:9,Tile:4,Map,Destroy,Tile:9,Map,Destroy,Map,Tile:6,Bonus,Destroy,Tile:9,Tile:6,Tile:1,Bonus,Tile:8,Tile:7,Tile:10,Tile:2,Tile:9,Malus,Tile:0,Tile:0,Tile:7,Tile:11,Malus,Tile:13,Tile:10,Tile:12,Tile:3-Tile:8,Tile:9,Tile:5,Tile:8,Tile:10,Tile:6,Tile:5-Tile:5,Tile:0,Map,Bonus,Tile:5,Tile:8,Tile:6-Tile:hidden2,Tile:hidden1,Tile:nugget
Tile:9_flip 6 5 1
Map 12 7 0
Drop 1 0 1
Tile:8 6 4 0
Tile:8 5 4 1
Tile:5 4 4 0
Drop 6 0 1
Tile:5_flip 5 6 0
Map 12 5 1
Tile:7_flip 4 6 0
Tile:7_flip 6 6 1
Tile:7 5 3 0
Tile:14 7 4 1
Drop 1 0 0
Drop 1 0 1
GAMEOVER TIMEOUT WINNER 1
# Game ended: Mon Apr 13 16:38:28 EDT 2020
