# Server version 0.08 running on 192.168.2.139:8123
# Game ID: 376
# Board class: Saboteur.SaboteurBoard
# Timeout: 20000
# First Move Timeout: 30000
# Date: Wed Apr 15 18:25:06 EDT 2020
# Player 1: Player-0, '260714615', running on 192.168.2.139
# Player 2: Player-1, 'RandomPlayer', running on 192.168.2.139
START Player-0 260714615
START Player-1 RandomPlayer
BoardInit:Map,Destroy,Tile:8,Map,Tile:8,Tile:6,Tile:6,Tile:0,Tile:9,Bonus,Tile:7,Malus,Map,Tile:0,Tile:5,Tile:5,Destroy,Tile:9,Bonus,Map,Malus,Tile:7,Tile:9,Tile:13,Tile:8,Tile:7,Tile:0,Tile:0,Tile:1,Tile:10,Tile:11,Tile:4,Tile:6,Tile:7,Tile:7,Map,Tile:8,Tile:12,Tile:14,Tile:15,Tile:6-Map,Destroy,Tile:5,Tile:10,Bonus,Tile:8,Tile:9-Tile:9,Tile:3,Tile:6,Tile:2,Tile:10,Bonus,Tile:5-Tile:hidden1,Tile:nugget,Tile:hidden2
Map 12 7 1
Tile:6 6 5 0
Tile:8 5 6 1
Tile:10 6 4 0
Tile:10 5 4 1
Map 12 3 0
Tile:9 6 3 1
Tile:6 7 5 0
Tile:6_flip 6 6 1
Tile:0 8 5 0
Drop 1 0 1
Tile:9_flip 9 5 0
Destroy 6 4 1
Malus 0 0 0
Bonus 0 0 1
Tile:0 7 6 0
Tile:8 4 6 1
Tile:5 9 4 0
Destroy 6 5 1
Tile:5_flip 10 4 0
Tile:8 4 5 1
Map 12 5 0
Tile:9 5 7 1
Tile:9 10 3 0
Drop 3 0 1
Tile:7 11 3 0
Tile:8 7 4 1
Tile:7_flip 11 4 0
Tile:9_flip 7 3 1
Tile:0 12 4 0
Tile:7_flip 6 4 1
Destroy 12 4 0
Tile:0 3 5 1
Tile:10 9 6 0
Tile:11_flip 4 7 1
Tile:7 12 4 0
Tile:6 3 7 1
Drop 0 0 0
Tile:8 9 7 1
Drop 0 0 0
Tile:14 5 8 1
Drop 0 0 0
Map 12 3 1
Drop 0 0 0
Tile:1 2 5 1
Drop 0 0 0
Tile:6 2 7 1
Drop 0 0 0
Tile:7_flip 1 5 1
Drop 0 0 0
Drop 1 0 1
Drop 0 0 0
Malus 0 0 1
Drop 0 0 0
Map 12 5 1
GAMEOVER DRAW
# Game ended: Wed Apr 15 18:26:00 EDT 2020
