# Server version 0.08 running on 192.168.2.139:8123
# Game ID: 237
# Board class: Saboteur.SaboteurBoard
# Timeout: 20000
# First Move Timeout: 30000
# Date: Wed Apr 15 14:48:04 EDT 2020
# Player 1: Player-0, '260714615', running on 127.0.0.1
# Player 2: Player-1, 'RandomPlayer', running on 127.0.0.1
START Player-0 260714615
START Player-1 RandomPlayer
BoardInit:Tile:10,Malus,Tile:9,Map,Tile:8,Tile:11,Map,Tile:8,Tile:5,Destroy,Tile:6,Tile:7,Tile:7,Tile:0,Tile:8,Malus,Tile:7,Tile:9,Tile:7,Tile:14,Tile:5,Tile:3,Tile:5,Tile:8,Bonus,Map,Tile:2,Tile:13,Tile:1,Tile:6,Bonus,Destroy,Map,Tile:0,Tile:6,Tile:6,Tile:8,Tile:0,Tile:0,Tile:12,Map-Tile:10,Tile:10,Tile:9,Tile:6,Bonus,Tile:15,Tile:7-Bonus,Tile:5,Destroy,Tile:9,Map,Tile:9,Tile:4-Tile:hidden2,Tile:hidden1,Tile:nugget
Tile:10 5 6 1
Map 12 3 0
Tile:10 5 7 1
Tile:5 5 4 0
Tile:6 6 4 1
Map 12 5 0
Drop 2 0 1
Tile:9 6 3 0
Tile:9_flip 5 8 1
Tile:8 7 4 0
Tile:8 4 5 1
Tile:9 7 5 0
Tile:9_flip 4 6 1
Tile:7_flip 7 6 0
Tile:6 8 6 1
Tile:0 9 6 0
Tile:8 10 6 1
Drop 5 0 0
Tile:7 7 3 1
Tile:9 10 5 0
Tile:7 11 5 1
Drop 5 0 0
Drop 5 0 1
Drop 5 0 0
Tile:5 6 2 1
Tile:8 11 6 0
Tile:5_flip 8 4 1
Map 12 7 0
Tile:7_flip 11 7 1
GAMEOVER WINNER 1
# Game ended: Wed Apr 15 14:48:32 EDT 2020
