# Server version 0.08 running on 192.168.2.139:8123
# Game ID: 256
# Board class: Saboteur.SaboteurBoard
# Timeout: 20000
# First Move Timeout: 30000
# Date: Wed Apr 15 15:09:22 EDT 2020
# Player 1: Player-0, '260714615', running on 192.168.2.139
# Player 2: Player-1, 'RandomPlayer', running on 192.168.2.139
START Player-0 260714615
START Player-1 RandomPlayer
BoardInit:Tile:0,Tile:10,Tile:8,Malus,Tile:12,Tile:0,Bonus,Map,Bonus,Tile:4,Tile:3,Tile:9,Tile:9,Tile:8,Destroy,Tile:8,Tile:5,Bonus,Tile:7,Tile:2,Bonus,Tile:8,Tile:11,Destroy,Tile:10,Tile:5,Destroy,Map,Map,Tile:6,Tile:7,Tile:1,Tile:8,Tile:0,Tile:7,Tile:13,Tile:6,Map,Tile:9,Map,Tile:0-Tile:7,Tile:9,Tile:10,Malus,Tile:6,Tile:9,Map-Tile:6,Tile:14,Tile:5,Tile:15,Tile:5,Tile:7,Tile:6-Tile:nugget,Tile:hidden2,Tile:hidden1
Tile:10 5 4 1
Tile:6 6 5 0
Tile:9 5 6 1
Tile:6 7 5 0
Malus 0 0 1
Drop 5 0 0
Tile:7_flip 4 5 1
Drop 5 0 0
Map 12 5 1
Map 12 3 0
Tile:6_flip 6 6 1
Drop 5 0 0
Drop 4 0 1
Drop 5 0 0
Tile:9 6 4 1
Drop 5 0 0
Tile:9 6 3 1
Drop 5 0 0
Drop 5 0 1
Bonus 0 0 0
Tile:3 7 3 1
Tile:8 8 5 0
Tile:7 5 3 1
Tile:8 9 5 0
Tile:11 4 3 1
Destroy 7 3 0
Tile:12 7 3 1
Tile:5 9 4 0
Tile:8 10 5 1
Tile:7_flip 10 6 0
Drop 2 0 1
Tile:6 11 5 0
Tile:10 12 6 1
Tile:5 11 4 0
Map 12 3 1
Tile:14 9 6 0
Tile:8 12 4 1
GAMEOVER WINNER 1
# Game ended: Wed Apr 15 15:10:09 EDT 2020
