# Server version 0.08 running on 192.168.2.139:8123
# Game ID: 87
# Board class: Saboteur.SaboteurBoard
# Timeout: 20000
# First Move Timeout: 30000
# Date: Mon Apr 13 00:04:56 EDT 2020
# Player 1: Player-0, '260714615', running on 192.168.2.139
# Player 2: Player-1, 'RandomPlayer', running on 192.168.2.139
START Player-0 260714615
START Player-1 RandomPlayer
BoardInit:Tile:5,Tile:3,Tile:5,Tile:8,Tile:10,Tile:6,Bonus,Tile:0,Tile:2,Destroy,Tile:4,Tile:7,Tile:9,Tile:8,Tile:9,Bonus,Tile:9,Tile:9,Map,Tile:9,Bonus,Tile:6,Tile:12,Tile:6,Tile:7,Tile:7,Map,Malus,Tile:5,Tile:0,Tile:11,Tile:15,Tile:7,Tile:10,Destroy,Tile:8,Map,Tile:6,Tile:1,Tile:5,Tile:10-Tile:0,Tile:7,Map,Bonus,Map,Tile:6,Map-Tile:8,Tile:8,Tile:14,Tile:13,Tile:0,Malus,Destroy-Tile:hidden2,Tile:nugget,Tile:hidden1
Drop 3 0 1
Tile:14 6 5 0
Tile:0 4 5 1
Tile:3_flip 3 5 0
Tile:5 3 4 1
Drop 5 0 0
Tile:5 6 4 1
Tile:8 5 6 0
Map 12 7 1
Tile:0 7 4 0
Tile:2 4 6 1
Tile:13 4 7 0
Tile:6 4 4 1
Tile:7 5 4 0
Tile:7_flip 3 7 1
Tile:0 6 6 0
Drop 0 0 1
Tile:6 7 6 0
Drop 1 0 1
Tile:8 4 8 0
Drop 4 0 1
Tile:8 5 7 0
Tile:9_flip 4 3 1
Tile:9_flip 5 8 0
Map 12 7 1
Tile:6_flip 6 7 0
Tile:4_flip 6 8 1
Destroy 5 7 0
Tile:9 4 9 1
Tile:8 8 4 0
Tile:7_flip 3 3 1
Tile:6_flip 8 6 0
Tile:5_flip 8 5 1
Tile:15 4 10 0
Tile:11_flip 8 7 1
Tile:7 4 2 0
Drop 3 0 1
Tile:8 5 7 0
Map 12 7 1
Tile:0 7 7 0
Drop 4 0 1
Drop 6 0 0
Tile:7_flip 8 8 1
Tile:6 9 4 0
Drop 4 0 1
Tile:9_flip 9 3 0
Map 12 5 1
Tile:10 4 11 0
Drop 3 0 1
Drop 1 0 0
Map 12 3 1
Malus 0 0 0
Drop 0 0 1
Drop 0 0 0
Bonus 0 0 1
GAMEOVER DRAW
# Game ended: Mon Apr 13 00:05:45 EDT 2020
