# Server version 0.08 running on 192.168.2.139:8123
# Game ID: 408
# Board class: Saboteur.SaboteurBoard
# Timeout: 20000
# First Move Timeout: 30000
# Date: Wed Apr 15 19:23:38 EDT 2020
# Player 1: Player-0, 'RandomPlayer', running on 127.0.0.1
# Player 2: Player-1, '260714615', running on 127.0.0.1
START Player-0 RandomPlayer
START Player-1 260714615
BoardInit:Tile:6,Map,Tile:5,Tile:0,Tile:3,Tile:9,Map,Tile:7,Tile:1,Tile:7,Tile:6,Tile:5,Tile:9,Bonus,Tile:15,Tile:7,Destroy,Tile:5,Bonus,Malus,Destroy,Tile:12,Tile:6,Tile:13,Tile:0,Map,Tile:2,Tile:9,Tile:7,Tile:0,Destroy,Tile:10,Tile:11,Tile:0,Malus,Tile:6,Tile:8,Map,Tile:8,Tile:8,Tile:10-Tile:5,Tile:10,Tile:6,Tile:8,Tile:9,Tile:8,Map-Map,Tile:4,Tile:7,Tile:14,Tile:9,Bonus,Bonus-Tile:hidden1,Tile:nugget,Tile:hidden2
Map 12 3 1
Map 12 7 0
Tile:6 6 5 1
Tile:9_flip 5 4 0
Tile:8 7 5 1
Tile:0 4 4 0
Tile:8 8 5 1
Tile:9_flip 7 6 0
Map 12 5 1
Map 12 3 0
Tile:6 9 5 1
Drop 5 0 0
Tile:6 10 5 1
Tile:4_flip 8 6 0
Tile:5_flip 11 5 1
Tile:7 8 4 0
Tile:9 11 4 1
Tile:7 12 4 0
GAMEOVER WINNER 0
# Game ended: Wed Apr 15 19:23:56 EDT 2020
