# Server version 0.08 running on 192.168.2.139:8123
# Game ID: 61
# Board class: Saboteur.SaboteurBoard
# Timeout: 20000
# First Move Timeout: 30000
# Date: Sun Apr 12 21:15:39 EDT 2020
# Player 1: Player-0, '260714615', running on 192.168.2.139
# Player 2: Player-1, 'RandomPlayer', running on 192.168.2.139
START Player-0 260714615
START Player-1 RandomPlayer
BoardInit:Destroy,Tile:6,Malus,Tile:13,Map,Tile:12,Tile:6,Tile:5,Bonus,Bonus,Tile:6,Tile:3,Tile:8,Tile:9,Tile:7,Tile:0,Tile:11,Tile:9,Tile:14,Tile:9,Tile:7,Tile:6,Tile:10,Tile:7,Tile:5,Tile:5,Tile:6,Tile:4,Destroy,Tile:0,Tile:10,Tile:0,Tile:5,Tile:15,Map,Tile:2,Tile:10,Tile:7,Map,Map,Bonus-Tile:8,Tile:7,Tile:8,Bonus,Malus,Tile:8,Tile:9-Tile:1,Tile:9,Tile:0,Map,Tile:8,Destroy,Map-Tile:hidden2,Tile:hidden1,Tile:nugget
Tile:8 6 5 1
Drop 1 0 0
Tile:8 6 6 1
Drop 1 0 0
Tile:8 7 6 1
Tile:8 7 5 0
Tile:9 6 4 1
Tile:1 8 6 0
Tile:6 9 6 1
Destroy 6 4 0
Tile:7 10 6 1
Tile:13 7 7 0
Destroy 7 7 1
Tile:12 8 5 0
Tile:6 5 6 1
Map 12 5 0
Tile:8 10 7 1
Tile:3 6 4 0
Drop 3 0 1
Tile:5_flip 10 8 0
Tile:7_flip 9 8 1
Tile:6_flip 9 7 0
Tile:11 7 7 1
Tile:9 5 4 0
Tile:14 6 7 1
Tile:9 9 5 0
Tile:5_flip 7 8 1
Drop 4 0 0
Malus 0 0 1
GAMEOVER ILLEGAL MOVE: Player 0, CardUsed: (Tile:0), PosOfUse: (10, 5) WINNER 1
# Game ended: Sun Apr 12 21:15:39 EDT 2020
