# Server version 0.08 running on 192.168.2.139:8123
# Game ID: 272
# Board class: Saboteur.SaboteurBoard
# Timeout: 20000
# First Move Timeout: 30000
# Date: Wed Apr 15 15:31:56 EDT 2020
# Player 1: Player-0, 'RandomPlayer', running on 127.0.0.1
# Player 2: Player-1, '260714615', running on 127.0.0.1
START Player-0 RandomPlayer
START Player-1 260714615
BoardInit:Tile:9,Tile:7,Tile:10,Tile:15,Tile:0,Tile:5,Tile:13,Bonus,Tile:2,Tile:8,Tile:9,Tile:5,Tile:12,Tile:10,Malus,Tile:8,Tile:7,Tile:3,Tile:5,Bonus,Map,Tile:14,Map,Tile:6,Tile:9,Tile:8,Malus,Map,Tile:4,Bonus,Tile:0,Tile:7,Tile:7,Tile:10,Tile:9,Tile:5,Tile:7,Tile:6,Destroy,Tile:6,Tile:0-Map,Tile:1,Tile:11,Map,Bonus,Destroy,Tile:8-Tile:0,Tile:6,Map,Tile:9,Destroy,Tile:8,Tile:6-Tile:nugget,Tile:hidden2,Tile:hidden1
Map 12 3 1
Tile:6 6 5 0
Tile:8 7 5 1
Tile:9_flip 7 6 0
Tile:9 7 4 1
Map 12 7 0
Tile:0 8 4 1
Tile:0 6 6 0
Tile:10 7 3 1
Tile:15 7 7 0
Destroy 7 7 1
Drop 1 0 0
Tile:9 7 2 1
Tile:6_flip 8 2 0
Tile:1 9 2 1
Tile:8 5 6 0
Drop 5 0 1
Tile:5 5 4 0
Tile:7_flip 8 3 1
Tile:3 7 1 0
Tile:5_flip 10 2 1
Tile:7 9 3 0
Drop 5 0 1
Tile:8 9 4 0
Drop 5 0 1
Tile:5_flip 5 7 0
Tile:9 10 1 1
Destroy 7 5 0
Malus 0 0 1
Drop 2 0 0
Drop 5 0 1
Bonus 0 0 0
Tile:0 6 1 1
Tile:14_flip 4 6 0
Tile:7_flip 7 7 1
Tile:7 11 1 0
Tile:9 5 1 1
Tile:6_flip 10 0 0
Tile:7_flip 5 2 1
Tile:6_flip 9 0 0
Drop 5 0 1
Tile:10 11 2 0
Tile:0 8 7 1
Tile:8 11 3 0
Drop 5 0 1
Tile:5_flip 11 0 0
Tile:11 4 7 1
Drop 0 0 0
Tile:13 4 8 1
Tile:6_flip 5 8 0
Tile:2 3 8 1
Tile:10 5 9 0
Drop 0 0 1
Drop 0 0 0
Drop 0 0 1
GAMEOVER DRAW
# Game ended: Wed Apr 15 15:32:52 EDT 2020
