# Server version 0.08 running on 192.168.2.139:8123
# Game ID: 355
# Board class: Saboteur.SaboteurBoard
# Timeout: 20000
# First Move Timeout: 30000
# Date: Wed Apr 15 17:58:52 EDT 2020
# Player 1: Player-0, 'RandomPlayer', running on 127.0.0.1
# Player 2: Player-1, '260714615', running on 127.0.0.1
START Player-0 RandomPlayer
START Player-1 260714615
BoardInit:Tile:1,Tile:10,Map,Tile:7,Map,Tile:6,Tile:14,Tile:9,Tile:13,Tile:6,Tile:5,Tile:5,Tile:15,Tile:10,Tile:6,Tile:9,Tile:2,Map,Tile:5,Tile:8,Destroy,Tile:0,Tile:7,Tile:9,Tile:0,Malus,Tile:6,Map,Tile:8,Tile:7,Destroy,Tile:8,Map,Tile:4,Tile:9,Tile:0,Tile:8,Bonus,Map,Tile:0,Tile:3-Tile:5,Tile:12,Bonus,Tile:11,Destroy,Tile:7,Tile:9-Bonus,Tile:6,Bonus,Tile:8,Tile:7,Malus,Tile:10-Tile:hidden1,Tile:hidden2,Tile:nugget
Tile:5 5 4 1
Tile:6_flip 6 4 0
Tile:7_flip 5 6 1
Tile:7 6 6 0
Map 12 3 1
Drop 1 0 0
Map 12 5 1
Tile:6 6 5 0
Tile:9 6 7 1
Tile:10 6 8 0
Tile:1 7 5 1
Drop 2 0 0
Tile:5 4 5 1
Tile:10 6 9 0
Tile:12 7 4 1
Drop 1 0 0
Destroy 7 4 1
Drop 0 0 0
Tile:6 8 5 1
Tile:5_flip 7 4 0
Tile:5 8 4 1
Tile:7 9 4 0
Tile:11 6 10 1
Map 12 3 0
Tile:7_flip 6 11 1
Tile:9_flip 7 7 0
Tile:0 7 10 1
Tile:9_flip 4 6 0
Tile:6 9 5 1
Drop 6 0 0
Tile:8 10 5 1
Tile:10 10 4 0
Tile:14 4 7 1
Tile:6 3 6 0
Map 12 7 1
Tile:9 10 6 0
Tile:9 10 7 1
Tile:7_flip 10 8 0
Tile:8 11 7 1
Tile:0 3 7 0
Tile:13 2 6 1
Drop 2 0 0
Tile:15 2 5 1
Malus 0 0 0
Bonus 0 0 1
Tile:4 7 6 0
Destroy 7 6 1
Tile:0 1 6 0
Tile:2 0 6 1
Tile:8 2 7 0
Destroy 0 6 1
Tile:0 1 7 0
Tile:3 2 4 1
Drop 0 0 0
Drop 0 0 1
GAMEOVER DRAW
# Game ended: Wed Apr 15 17:59:48 EDT 2020
