# Server version 0.08 running on 192.168.2.139:8123
# Game ID: 332
# Board class: Saboteur.SaboteurBoard
# Timeout: 20000
# First Move Timeout: 30000
# Date: Wed Apr 15 17:33:35 EDT 2020
# Player 1: Player-0, '260714615', running on 127.0.0.1
# Player 2: Player-1, 'RandomPlayer', running on 127.0.0.1
START Player-0 260714615
START Player-1 RandomPlayer
BoardInit:Destroy,Tile:8,Tile:9,Tile:9,Tile:6,Tile:6,Tile:15,Tile:6,Tile:6,Tile:10,Tile:9,Map,Tile:0,Tile:5,Tile:5,Map,Bonus,Tile:7,Tile:8,Malus,Map,Destroy,Bonus,Tile:7,Tile:8,Tile:6,Malus,Tile:0,Tile:4,Tile:11,Tile:2,Bonus,Map,Tile:3,Tile:1,Tile:10,Tile:9,Tile:5,Tile:7,Tile:5,Bonus-Tile:14,Tile:9,Tile:7,Destroy,Tile:12,Map,Tile:8-Tile:13,Tile:10,Tile:8,Tile:0,Tile:7,Map,Tile:0-Tile:hidden1,Tile:nugget,Tile:hidden2
Tile:7 5 4 1
Map 12 3 0
Drop 1 0 1
Tile:8 6 5 0
Tile:8 4 4 1
Tile:0 7 5 0
Map 12 3 1
Tile:0 8 5 0
Destroy 4 4 1
Tile:8 9 5 0
Drop 4 0 1
Tile:6 10 5 0
Tile:15 6 4 1
Map 12 5 0
Tile:9_flip 10 4 1
Tile:6 11 5 0
GAMEOVER WINNER 0
# Game ended: Wed Apr 15 17:33:51 EDT 2020
