# Server version 0.08 running on 192.168.2.139:8123
# Game ID: 19
# Board class: Saboteur.SaboteurBoard
# Timeout: 20000
# First Move Timeout: 30000
# Date: Tue Apr 14 11:18:07 EDT 2020
# Player 1: Player-0, 'RandomPlayer', running on 127.0.0.1
# Player 2: Player-1, '260714615', running on 127.0.0.1
START Player-0 RandomPlayer
START Player-1 260714615
BoardInit:Tile:9,Tile:11,Tile:6,Tile:6,Tile:8,Destroy,Malus,Tile:14,Tile:7,Bonus,Tile:8,Tile:0,Tile:6,Tile:13,Map,Tile:7,Map,Tile:15,Tile:5,Map,Malus,Tile:5,Tile:9,Tile:9,Tile:7,Tile:6,Tile:8,Tile:5,Tile:10,Tile:3,Tile:1,Map,Bonus,Tile:6,Tile:9,Map,Tile:0,Tile:0,Tile:10,Map,Tile:2-Destroy,Tile:7,Tile:10,Tile:7,Tile:8,Bonus,Tile:5-Tile:4,Tile:9,Destroy,Bonus,Tile:12,Tile:0,Tile:8-Tile:hidden1,Tile:hidden2,Tile:nugget
Tile:8 6 5 1
Tile:8 5 4 0
Tile:7_flip 6 6 1
Tile:11_flip 5 6 0
Tile:6 7 5 1
Tile:0 7 6 0
Tile:8 8 5 1
Tile:9 5 3 0
Tile:10 8 4 1
Tile:14 6 3 0
Tile:5 8 3 1
Tile:4 5 2 0
Tile:8 9 5 1
Tile:12_flip 4 6 0
Tile:6 10 5 1
Destroy 7 6 0
Map 12 3 1
Tile:6 8 6 0
Map 12 3 1
Tile:15 5 7 0
Tile:7 11 5 1
Tile:0 4 5 0
Tile:9 11 6 1
Tile:7_flip 3 5 0
Malus 0 0 1
Drop 0 0 0
Malus 0 0 1
Drop 0 0 0
Tile:8 12 6 1
GAMEOVER WINNER 1
# Game ended: Tue Apr 14 11:18:37 EDT 2020
