# Server version 0.08 running on 192.168.2.139:8123
# Game ID: 310
# Board class: Saboteur.SaboteurBoard
# Timeout: 20000
# First Move Timeout: 30000
# Date: Wed Apr 15 16:42:12 EDT 2020
# Player 1: Player-0, '260714615', running on 192.168.2.139
# Player 2: Player-1, 'RandomPlayer', running on 192.168.2.139
START Player-0 260714615
START Player-1 RandomPlayer
BoardInit:Tile:9,Tile:10,Destroy,Destroy,Tile:0,Tile:2,Bonus,Tile:5,Tile:13,Tile:14,Map,Malus,Tile:5,Map,Tile:8,Tile:5,Tile:5,Map,Tile:9,Tile:7,Tile:9,Tile:0,Tile:6,Tile:12,Tile:10,Tile:6,Malus,Bonus,Tile:7,Tile:6,Tile:15,Tile:11,Tile:1,Tile:9,Tile:6,Tile:4,Tile:8,Tile:8,Tile:10,Bonus,Tile:8-Map,Tile:0,Tile:3,Tile:6,Map,Tile:7,Tile:7-Tile:7,Map,Destroy,Bonus,Tile:0,Tile:9,Tile:8-Tile:hidden1,Tile:hidden2,Tile:nugget
Tile:7 6 5 1
Map 12 3 0
Tile:7_flip 4 5 1
Tile:7_flip 6 6 0
Drop 4 0 1
Tile:0 7 6 0
Map 12 5 1
Tile:8 8 6 0
Tile:6_flip 9 6 1
Tile:9 9 7 0
Tile:9_flip 8 5 1
Tile:10 8 4 0
Destroy 6 6 1
Tile:5 8 3 0
Drop 5 0 1
Map 12 5 0
Tile:5_flip 10 6 1
Tile:5 10 5 0
Tile:5_flip 5 6 1
Map 12 7 0
Tile:3 4 4 1
GAMEOVER TIMEOUT WINNER 1
# Game ended: Wed Apr 15 16:42:55 EDT 2020
