# Server version 0.08 running on 192.168.2.139:8123
# Game ID: 326
# Board class: Saboteur.SaboteurBoard
# Timeout: 20000
# First Move Timeout: 30000
# Date: Mon Apr 13 19:21:42 EDT 2020
# Player 1: Player-0, 'RandomPlayer', running on 127.0.0.1
# Player 2: Player-1, '260714615', running on 127.0.0.1
START Player-0 RandomPlayer
START Player-1 260714615
BoardInit:Bonus,Tile:2,Tile:4,Tile:0,Map,Tile:12,Tile:8,Tile:1,Tile:0,Tile:8,Destroy,Tile:5,Tile:6,Tile:10,Map,Tile:7,Tile:0,Tile:9,Map,Destroy,Tile:11,Tile:9,Tile:5,Tile:9,Malus,Tile:7,Tile:14,Map,Tile:10,Tile:7,Tile:3,Tile:9,Malus,Tile:6,Tile:5,Bonus,Tile:6,Tile:5,Tile:10,Destroy,Map-Bonus,Tile:8,Tile:6,Map,Tile:15,Tile:0,Tile:9-Bonus,Tile:7,Tile:6,Tile:8,Tile:8,Tile:13,Tile:7-Tile:hidden1,Tile:hidden2,Tile:nugget
Map 12 3 1
Tile:13 5 6 0
Tile:8 6 5 1
Tile:8 4 5 0
Tile:6 7 5 1
Tile:2 4 4 0
Map 12 3 1
Tile:7 5 4 0
Tile:0 8 5 1
Tile:1 3 5 0
Tile:8 9 5 1
Tile:6 10 5 0
Tile:0 11 5 1
Tile:8 5 7 0
Tile:9 10 4 1
Tile:7_flip 5 8 0
Map 12 3 1
Tile:5_flip 11 4 0
Tile:6_flip 11 3 1
Tile:12 13 3 0
Tile:4_flip 12 6 1
Destroy 5 7 0
Destroy 6 5 1
Tile:7 6 8 0
Drop 4 0 1
Tile:9 5 7 0
Malus 0 0 1
Drop 0 0 0
Tile:5 10 3 1
Drop 6 0 0
Tile:10 9 4 1
Drop 0 0 0
Tile:0 6 5 1
Drop 6 0 0
Malus 0 0 1
Drop 3 0 0
Tile:5 7 4 1
Drop 4 0 0
Tile:6 9 6 1
Drop 0 0 0
Tile:10 9 3 1
Destroy 11 4 0
Tile:11 4 6 1
Bonus 0 0 0
Tile:3 12 2 1
Drop 3 0 0
Tile:15 12 4 1
Drop 0 0 0
Drop 3 0 1
Drop 2 0 0
Tile:14 4 7 1
Drop 0 0 0
Drop 0 0 1
Drop 0 0 0
Drop 0 0 1
GAMEOVER DRAW
# Game ended: Mon Apr 13 19:22:38 EDT 2020
