# Server version 0.08 running on 192.168.2.139:8123
# Game ID: 223
# Board class: Saboteur.SaboteurBoard
# Timeout: 20000
# First Move Timeout: 30000
# Date: Wed Apr 15 14:38:26 EDT 2020
# Player 1: Player-0, '260714615', running on 192.168.2.139
# Player 2: Player-1, 'RandomPlayer', running on 192.168.2.139
START Player-0 260714615
START Player-1 RandomPlayer
BoardInit:Tile:6,Map,Map,Malus,Destroy,Tile:14,Tile:8,Tile:0,Tile:8,Tile:8,Tile:0,Destroy,Tile:4,Bonus,Tile:3,Tile:8,Bonus,Tile:0,Tile:5,Tile:8,Destroy,Map,Tile:13,Tile:9,Tile:5,Map,Tile:15,Tile:10,Tile:9,Tile:6,Tile:12,Tile:5,Tile:11,Tile:6,Tile:7,Tile:9,Tile:7,Map,Tile:7,Tile:2,Tile:5-Tile:6,Tile:10,Tile:7,Map,Bonus,Tile:9,Tile:10-Tile:6,Tile:0,Tile:9,Bonus,Tile:7,Malus,Tile:1-Tile:nugget,Tile:hidden2,Tile:hidden1
Tile:7_flip 5 6 1
Tile:6 6 5 0
Tile:9_flip 7 5 1
Map 12 3 0
Map 12 7 1
Tile:9 7 4 0
Tile:6 4 5 1
Tile:0 8 4 0
Tile:8 7 6 1
Tile:0 9 4 0
Destroy 8 4 1
Tile:8 8 4 0
Tile:6 10 4 1
Tile:7 11 4 0
Map 12 7 1
Tile:1 8 6 0
Tile:10 6 4 1
Tile:8 10 3 0
Drop 0 0 1
Tile:0 11 3 0
GAMEOVER WINNER 0
# Game ended: Wed Apr 15 14:38:46 EDT 2020
