# Server version 0.08 running on 192.168.2.139:8123
# Game ID: 166
# Board class: Saboteur.SaboteurBoard
# Timeout: 20000
# First Move Timeout: 30000
# Date: Mon Apr 13 11:44:24 EDT 2020
# Player 1: Player-0, '260714615', running on 192.168.2.139
# Player 2: Player-1, 'RandomPlayer', running on 192.168.2.139
START Player-0 260714615
START Player-1 RandomPlayer
BoardInit:Tile:7,Tile:3,Tile:5,Map,Bonus,Map,Tile:11,Tile:9,Tile:7,Tile:6,Tile:0,Tile:1,Tile:0,Tile:6,Tile:13,Tile:0,Map,Map,Tile:5,Tile:7,Tile:9,Tile:8,Tile:9,Tile:5,Tile:8,Malus,Tile:2,Tile:7,Tile:9,Bonus,Tile:12,Tile:5,Malus,Tile:15,Map,Tile:14,Tile:8,Tile:9,Tile:7,Tile:0,Destroy-Tile:10,Tile:10,Destroy,Tile:4,Map,Tile:8,Bonus-Tile:8,Tile:6,Tile:10,Tile:6,Destroy,Tile:6,Bonus-Tile:nugget,Tile:hidden1,Tile:hidden2
Tile:10 5 4 1
Tile:6 6 5 0
Drop 1 0 1
Tile:6_flip 4 5 0
Tile:5_flip 7 5 1
Drop 4 0 0
Tile:8 5 6 1
Tile:8 4 6 0
Tile:11 6 4 1
Map 12 7 0
Tile:10 4 7 1
Tile:6 3 5 0
Tile:7_flip 5 7 1
Drop 2 0 0
Map 12 3 1
Tile:10 6 3 0
Tile:0 6 7 1
Tile:9_flip 7 7 0
Tile:7 6 2 1
Drop 5 0 0
Map 12 5 1
Tile:7_flip 2 5 0
Tile:9 4 8 1
Destroy 3 5 0
Tile:0 6 6 1
Tile:5_flip 7 8 0
Tile:5 2 4 1
GAMEOVER USER CANCEL UNDECIDED
# Game ended: Mon Apr 13 11:44:37 EDT 2020
