# Server version 0.08 running on 192.168.2.139:8123
# Game ID: 119
# Board class: Saboteur.SaboteurBoard
# Timeout: 20000
# First Move Timeout: 30000
# Date: Mon Apr 13 03:07:23 EDT 2020
# Player 1: Player-0, '260714615', running on 192.168.2.139
# Player 2: Player-1, 'RandomPlayer', running on 192.168.2.139
START Player-0 260714615
START Player-1 RandomPlayer
BoardInit:Tile:5,Tile:6,Destroy,Tile:9,Tile:15,Tile:6,Map,Map,Tile:9,Tile:8,Tile:6,Tile:3,Bonus,Tile:7,Tile:6,Tile:7,Malus,Tile:7,Bonus,Tile:10,Tile:2,Tile:8,Tile:7,Tile:5,Tile:5,Tile:10,Tile:8,Map,Tile:9,Tile:1,Map,Tile:12,Tile:11,Bonus,Bonus,Tile:4,Tile:6,Tile:9,Tile:5,Malus,Tile:8-Tile:0,Tile:8,Tile:10,Map,Tile:9,Tile:13,Tile:0-Destroy,Tile:7,Map,Tile:0,Destroy,Tile:0,Tile:14-Tile:hidden1,Tile:nugget,Tile:hidden2
Map 12 7 1
Tile:0 6 5 0
Tile:13 7 5 1
Tile:6 5 6 0
Destroy 6 5 1
Tile:14 7 6 0
Drop 6 0 1
Tile:0 8 5 0
Tile:9 7 4 1
Drop 6 0 0
Tile:9_flip 9 5 1
Tile:9 7 3 0
Tile:0 8 4 1
Destroy 8 4 0
Tile:6_flip 6 6 1
Tile:6 8 3 0
Tile:6 6 5 1
Tile:3 9 4 0
Tile:10 7 2 1
Drop 0 0 0
Tile:8 4 6 1
Destroy 7 6 0
Tile:5 4 5 1
Tile:7_flip 9 6 0
Tile:0 8 4 1
Tile:7 7 1 0
Tile:7_flip 6 1 1
Map 12 5 0
Tile:2 6 0 1
Drop 0 0 0
Map 12 3 1
Tile:8 3 6 0
Map 12 3 1
Tile:10 6 4 0
Tile:9 2 6 1
