# Server version 0.08 running on 192.168.2.139:8123
# Game ID: 282
# Board class: Saboteur.SaboteurBoard
# Timeout: 20000
# First Move Timeout: 30000
# Date: Mon Apr 13 18:34:54 EDT 2020
# Player 1: Player-0, '260714615', running on 127.0.0.1
# Player 2: Player-1, 'RandomPlayer', running on 127.0.0.1
START Player-0 260714615
START Player-1 RandomPlayer
BoardInit:Tile:6,Tile:0,Map,Tile:5,Malus,Tile:9,Tile:5,Tile:15,Tile:0,Tile:9,Tile:6,Tile:6,Tile:5,Map,Tile:0,Tile:13,Tile:8,Bonus,Tile:0,Tile:6,Tile:14,Tile:10,Tile:7,Tile:5,Destroy,Destroy,Tile:8,Malus,Map,Map,Tile:6,Tile:8,Tile:7,Tile:8,Tile:4,Tile:8,Tile:7,Bonus,Tile:9,Bonus,Tile:2-Tile:3,Tile:12,Tile:10,Bonus,Tile:7,Tile:7,Map-Tile:9,Tile:1,Tile:10,Destroy,Map,Tile:11,Tile:9-Tile:nugget,Tile:hidden1,Tile:hidden2
Tile:3_flip 5 6 1
Map 12 3 0
Tile:12 6 6 1
Tile:0 6 5 0
Map 12 3 1
Tile:9 5 4 0
Drop 3 0 1
Tile:10 5 3 0
Drop 0 0 1
Tile:9 5 2 0
Tile:6 6 2 1
Tile:5 6 1 0
Tile:5_flip 6 4 1
Tile:6 7 5 0
Drop 3 0 1
Map 12 3 0
Tile:6_flip 4 5 1
Tile:13 8 5 0
Tile:0 9 5 1
Tile:9_flip 10 5 0
Tile:7_flip 10 6 1
Tile:6 11 6 0
Tile:8 12 6 1
Tile:9 11 5 0
Tile:0 13 6 1
Tile:10 11 4 0
Tile:5_flip 8 6 1
Tile:5 11 3 0
Destroy 13 6 1
Malus 0 0 0
Bonus 0 0 1
Map 12 3 0
Tile:7 7 2 1
Tile:8 13 6 0
Tile:14_flip 13 5 1
Tile:8 13 7 0
Drop 3 0 1
Tile:8 13 8 0
Tile:7_flip 13 9 1
Tile:1 3 5 0
Drop 0 0 1
Destroy 3 5 0
Tile:9 7 4 1
Tile:11 3 5 0
Tile:2_flip 12 8 1
Tile:15 3 4 0
Tile:7_flip 11 8 1
Destroy 3 4 0
Tile:4 10 4 1
Drop 0 0 0
Tile:8 3 4 1
Drop 0 0 0
Tile:6_flip 8 4 1
Drop 0 0 0
Tile:0 7 1 1
GAMEOVER DRAW
# Game ended: Mon Apr 13 18:35:18 EDT 2020
