# Server version 0.08 running on 192.168.2.139:8123
# Game ID: 55
# Board class: Saboteur.SaboteurBoard
# Timeout: 20000
# First Move Timeout: 30000
# Date: Sun Apr 12 21:03:07 EDT 2020
# Player 1: Player-0, '260714615', running on 127.0.0.1
# Player 2: Player-1, 'RandomPlayer', running on 127.0.0.1
START Player-0 260714615
START Player-1 RandomPlayer
BoardInit:Tile:6,Bonus,Tile:9,Map,Malus,Bonus,Tile:8,Tile:7,Tile:8,Tile:5,Tile:15,Tile:7,Tile:9,Malus,Tile:6,Tile:13,Tile:11,Bonus,Tile:3,Tile:0,Tile:8,Tile:9,Tile:4,Map,Tile:10,Tile:14,Map,Tile:5,Bonus,Tile:5,Tile:0,Tile:1,Destroy,Tile:6,Tile:9,Tile:10,Tile:10,Destroy,Tile:7,Tile:7,Map-Tile:0,Tile:2,Tile:6,Map,Tile:12,Tile:0,Tile:6-Tile:9,Tile:8,Map,Tile:7,Tile:5,Tile:8,Destroy-Tile:hidden2,Tile:nugget,Tile:hidden1
Tile:6 6 5 1
Tile:8 4 5 0
Tile:0 7 5 1
Tile:8 4 4 0
Tile:0 8 5 1
Drop 5 0 0
Drop 5 0 1
Drop 6 0 0
Tile:2_flip 5 6 1
Tile:7 5 4 0
Tile:8 3 5 1
Destroy 5 4 0
Tile:6 9 5 1
Map 12 7 0
Tile:9_flip 3 6 1
Tile:9 4 6 0
Tile:6_flip 6 4 1
Tile:5 2 5 0
Tile:6_flip 9 4 1
Drop 4 0 0
Map 12 3 1
Tile:0 8 4 0
Tile:11 3 7 1
Tile:13 10 5 0
Drop 5 0 1
Tile:9_flip 3 8 0
Tile:8 11 5 1
Tile:14 3 9 0
Drop 5 0 1
Tile:7 10 4 0
Map 12 3 1
Tile:7 4 3 0
Tile:4 11 4 1
Tile:5_flip 10 6 0
Destroy 6 4 1
Tile:5 2 9 0
Tile:12_flip 7 4 1
Tile:6_flip 3 4 0
Tile:9 2 6 1
Tile:1 2 4 0
Tile:15 11 6 1
Tile:7 6 6 0
Tile:10 6 7 1
Drop 2 0 0
Tile:3 5 4 1
Map 12 5 0
Tile:0 9 6 1
Destroy 10 4 0
Tile:7_flip 2 8 1
Tile:5_flip 6 8 0
Drop 1 0 1
Tile:10 2 7 0
Map 12 7 1
Drop 0 0 0
Malus 0 0 1
GAMEOVER DRAW
# Game ended: Sun Apr 12 21:03:08 EDT 2020
