# Server version 0.08 running on 192.168.2.139:8123
# Game ID: 9
# Board class: Saboteur.SaboteurBoard
# Timeout: 20000
# First Move Timeout: 30000
# Date: Tue Apr 14 11:10:03 EDT 2020
# Player 1: Player-0, 'RandomPlayer', running on 127.0.0.1
# Player 2: Player-1, '260714615', running on 127.0.0.1
START Player-0 RandomPlayer
START Player-1 260714615
BoardInit:Tile:4,Map,Bonus,Tile:7,Tile:10,Tile:9,Tile:9,Tile:13,Map,Tile:6,Tile:10,Tile:3,Tile:10,Tile:6,Tile:9,Tile:11,Tile:2,Bonus,Tile:8,Tile:9,Destroy,Tile:5,Tile:12,Tile:7,Tile:9,Map,Bonus,Tile:8,Map,Tile:15,Destroy,Tile:6,Tile:0,Tile:6,Malus,Tile:0,Tile:7,Tile:1,Tile:8,Tile:8,Tile:7-Tile:8,Malus,Map,Tile:5,Destroy,Tile:5,Tile:14-Tile:0,Tile:5,Tile:0,Bonus,Tile:7,Map,Tile:6-Tile:nugget,Tile:hidden2,Tile:hidden1
Map 12 3 1
Drop 3 0 0
Tile:8 6 5 1
Tile:7 5 4 0
Tile:5 6 4 1
Tile:6 7 4 0
Tile:5 7 3 1
Tile:9 5 6 0
Tile:9_flip 8 3 1
Map 12 3 0
Tile:10 8 2 1
Drop 3 0 0
Tile:10 8 1 1
Tile:6 5 7 0
Tile:10 8 0 1
Tile:13 4 4 0
Tile:9 4 3 1
Tile:11_flip 4 2 0
Malus 0 0 1
Drop 3 0 0
Tile:8 8 4 1
Drop 2 0 0
Destroy 4 2 1
Drop 3 0 0
Tile:14 5 3 1
Drop 5 0 0
Tile:9 8 5 1
Map 12 5 0
Tile:4 4 2 1
Drop 6 0 0
Tile:2 3 4 1
Drop 1 0 0
Destroy 3 4 1
Drop 4 0 0
Tile:0 9 4 1
Drop 0 0 0
Malus 0 0 1
Drop 4 0 0
Tile:7 10 4 1
Drop 0 0 0
Tile:8 10 5 1
Drop 4 0 0
Tile:7_flip 10 6 1
Bonus 0 0 0
Tile:12 6 7 1
Drop 3 0 0
Destroy 4 2 1
Drop 0 0 0
Drop 0 0 1
Drop 2 0 0
Drop 0 0 1
Drop 0 0 0
Drop 0 0 1
Drop 0 0 0
Drop 0 0 1
GAMEOVER DRAW
# Game ended: Tue Apr 14 11:10:59 EDT 2020
