# Server version 0.08 running on 192.168.2.139:8123
# Game ID: 160
# Board class: Saboteur.SaboteurBoard
# Timeout: 20000
# First Move Timeout: 30000
# Date: Mon Apr 13 11:36:14 EDT 2020
# Player 1: Player-0, '260714615', running on 192.168.2.139
# Player 2: Player-1, 'RandomPlayer', running on 192.168.2.139
START Player-0 260714615
START Player-1 RandomPlayer
BoardInit:Tile:6,Destroy,Tile:10,Tile:6,Tile:9,Tile:0,Tile:8,Destroy,Map,Tile:8,Bonus,Tile:5,Bonus,Tile:7,Tile:9,Tile:7,Malus,Tile:7,Tile:10,Tile:2,Tile:3,Tile:5,Map,Tile:9,Tile:11,Tile:5,Tile:9,Map,Bonus,Malus,Tile:0,Tile:8,Tile:13,Tile:8,Tile:4,Tile:15,Map,Tile:5,Tile:1,Tile:6,Map-Tile:9,Tile:14,Tile:12,Tile:8,Tile:7,Destroy,Tile:6-Tile:6,Map,Tile:0,Bonus,Tile:10,Tile:7,Tile:0-Tile:hidden1,Tile:hidden2,Tile:nugget
Tile:7_flip 4 5 1
Tile:7 6 5 0
Tile:14 6 6 1
Drop 0 0 0
Tile:9_flip 5 4 1
Tile:6 5 6 0
Tile:6_flip 4 4 1
Tile:10 5 3 0
Destroy 6 6 1
Destroy 6 5 0
Tile:12 6 5 1
Map 12 5 0
Tile:6 3 4 1
Drop 5 0 0
Drop 5 0 1
Tile:0 6 6 0
Tile:9 5 2 1
Tile:7 7 6 0
Tile:9 3 3 1
Drop 1 0 0
Drop 4 0 1
Tile:5_flip 4 3 0
Tile:8 3 2 1
Drop 6 0 0
Tile:10 7 7 1
Tile:9_flip 6 2 0
Tile:11 2 4 1
Tile:7 2 3 0
Tile:9_flip 6 1 1
Tile:2 5 1 0
Tile:10 7 8 1
Destroy 7 7 0
Tile:8 2 5 1
Tile:7_flip 2 2 0
Tile:3 3 1 1
Tile:0 1 3 0
Tile:4_flip 6 3 1
Tile:8 1 5 0
Map 12 5 1
Tile:5 2 1 0
Tile:13 1 6 1
Drop 4 0 0
Map 12 7 1
Tile:5 4 6 0
Tile:0 0 6 1
Tile:8 4 7 0
Tile:1 0 5 1
Tile:6 0 3 0
Malus 0 0 1
Drop 1 0 0
Map 12 3 1
Malus 0 0 0
Map 12 7 1
Bonus 0 0 0
Bonus 0 0 1
GAMEOVER DRAW
# Game ended: Mon Apr 13 11:37:15 EDT 2020
