# Server version 0.08 running on 192.168.2.139:8123
# Game ID: 363
# Board class: Saboteur.SaboteurBoard
# Timeout: 20000
# First Move Timeout: 30000
# Date: Wed Apr 15 18:05:54 EDT 2020
# Player 1: Player-0, 'RandomPlayer', running on 127.0.0.1
# Player 2: Player-1, '260714615', running on 127.0.0.1
START Player-0 RandomPlayer
START Player-1 260714615
BoardInit:Destroy,Map,Bonus,Tile:12,Tile:0,Tile:0,Tile:9,Tile:0,Map,Tile:7,Tile:9,Map,Tile:8,Destroy,Tile:8,Tile:8,Tile:13,Tile:7,Malus,Tile:10,Map,Tile:4,Tile:1,Tile:9,Tile:6,Map,Tile:14,Bonus,Bonus,Tile:7,Tile:2,Tile:7,Tile:9,Tile:8,Tile:10,Tile:5,Tile:5,Tile:6,Tile:15,Tile:11,Tile:9-Tile:0,Tile:5,Tile:5,Tile:7,Destroy,Tile:10,Tile:3-Tile:6,Malus,Map,Tile:6,Tile:6,Bonus,Tile:8-Tile:hidden1,Tile:nugget,Tile:hidden2
Tile:0 6 5 1
Tile:6_flip 5 4 0
Tile:7_flip 5 6 1
Tile:6_flip 4 5 0
Tile:10 4 6 1
Tile:6_flip 3 5 0
Tile:0 7 5 1
Drop 2 0 0
Tile:5_flip 8 5 1
Tile:0 6 4 0
Map 12 3 1
Malus 0 0 0
Bonus 0 0 1
Drop 4 0 0
Tile:5 8 4 1
Tile:7_flip 4 4 0
Tile:8 9 4 1
Tile:12_flip 2 5 0
Tile:8 10 4 1
Drop 1 0 0
Malus 0 0 1
Destroy 4 5 0
Map 12 5 1
Map 12 7 0
Tile:9 10 5 1
Map 12 7 0
Tile:6 11 5 1
GAMEOVER WINNER 1
# Game ended: Wed Apr 15 18:06:22 EDT 2020
