# Server version 0.08 running on 192.168.2.139:8123
# Game ID: 416
# Board class: Saboteur.SaboteurBoard
# Timeout: 20000
# First Move Timeout: 30000
# Date: Wed Apr 15 19:32:35 EDT 2020
# Player 1: Player-0, 'RandomPlayer', running on 127.0.0.1
# Player 2: Player-1, '260714615', running on 127.0.0.1
START Player-0 RandomPlayer
START Player-1 260714615
BoardInit:Tile:8,Tile:6,Tile:11,Tile:5,Map,Tile:0,Map,Tile:5,Tile:15,Tile:14,Tile:9,Tile:8,Tile:7,Tile:9,Bonus,Tile:7,Bonus,Tile:13,Tile:6,Tile:9,Tile:7,Tile:8,Destroy,Tile:0,Tile:8,Destroy,Map,Tile:10,Tile:12,Bonus,Map,Tile:6,Tile:10,Tile:9,Malus,Tile:7,Tile:5,Tile:7,Tile:6,Tile:5,Bonus-Tile:0,Tile:3,Tile:8,Tile:10,Tile:1,Destroy,Tile:0-Map,Map,Malus,Tile:6,Tile:4,Tile:2,Tile:9-Tile:nugget,Tile:hidden2,Tile:hidden1
Tile:0 6 5 1
Tile:9 5 6 0
Drop 0 0 1
Tile:6_flip 5 4 0
Tile:8 7 5 1
Map 12 7 0
Map 12 3 1
Tile:4_flip 7 6 0
Destroy 7 6 1
Tile:2_flip 4 4 0
Tile:0 8 5 1
Drop 4 0 0
Tile:8 9 5 1
Tile:14 6 4 0
Tile:9 9 4 1
Tile:9_flip 9 6 0
Tile:7 10 4 1
Tile:7 6 6 0
Tile:10 9 3 1
Tile:8 3 4 0
Drop 0 0 1
Tile:13 4 3 0
Drop 0 0 1
Tile:6 5 3 0
Destroy 6 4 1
Tile:5 8 6 0
Drop 0 0 1
Drop 0 0 0
Drop 0 0 1
Tile:10 7 4 0
Tile:6 10 5 1
Tile:9 6 7 0
Tile:8 11 5 1
Tile:5_flip 9 7 0
Tile:10 11 4 1
Tile:8 3 3 0
Malus 0 0 1
Destroy 11 5 0
Tile:5 11 3 1
Malus 0 0 0
Bonus 0 0 1
Drop 4 0 0
Tile:6 11 5 1
GAMEOVER WINNER 1
# Game ended: Wed Apr 15 19:33:19 EDT 2020
