# Server version 0.08 running on 192.168.2.139:8123
# Game ID: 435
# Board class: Saboteur.SaboteurBoard
# Timeout: 20000
# First Move Timeout: 30000
# Date: Wed Apr 15 19:50:10 EDT 2020
# Player 1: Player-0, '260714615', running on 127.0.0.1
# Player 2: Player-1, 'RandomPlayer', running on 127.0.0.1
START Player-0 260714615
START Player-1 RandomPlayer
BoardInit:Tile:1,Tile:10,Tile:0,Tile:6,Tile:10,Destroy,Tile:2,Tile:0,Tile:3,Tile:5,Tile:10,Map,Bonus,Tile:7,Map,Tile:0,Tile:4,Tile:12,Tile:7,Tile:8,Tile:7,Tile:6,Tile:7,Tile:8,Tile:8,Tile:7,Tile:15,Tile:6,Tile:13,Tile:5,Bonus,Tile:9,Tile:14,Tile:6,Tile:6,Tile:9,Tile:5,Tile:9,Map,Tile:9,Map-Tile:11,Tile:8,Bonus,Bonus,Map,Tile:8,Tile:5-Tile:9,Destroy,Destroy,Tile:0,Malus,Map,Malus-Tile:hidden2,Tile:nugget,Tile:hidden1
Drop 3 0 1
Map 12 3 0
Tile:11 5 4 1
Tile:0 6 5 0
Tile:0 6 4 1
Tile:6 7 5 0
Tile:8 5 6 1
Tile:9 5 3 0
Tile:1 6 3 1
Destroy 6 3 0
Tile:2 7 4 1
Destroy 7 4 0
Tile:8 8 5 1
Map 12 5 0
Drop 3 0 1
Tile:0 9 5 0
Tile:10 5 2 1
Tile:0 10 5 0
Tile:5_flip 6 3 1
Tile:5_flip 11 5 0
Tile:7 11 4 1
Tile:7_flip 10 4 0
Tile:7 7 4 1
Malus 0 0 0
Map 12 5 1
Malus 0 0 0
Map 12 7 1
Tile:8 10 3 0
Drop 2 0 1
Tile:6 11 3 0
Drop 1 0 1
Tile:8 11 2 0
Drop 6 0 1
Tile:6 4 6 0
Drop 0 0 1
Tile:10 5 7 0
Drop 3 0 1
Tile:9_flip 5 8 0
Drop 6 0 1
Destroy 10 5 0
Drop 4 0 1
Drop 0 0 0
Map 12 7 1
Tile:6_flip 10 5 0
Drop 3 0 1
Tile:7_flip 10 6 0
Drop 4 0 1
Tile:5 10 2 0
Drop 0 0 1
Tile:9 9 3 0
Drop 0 0 1
Tile:9 8 4 0
Drop 1 0 1
Tile:9 8 6 0
Drop 0 0 1
GAMEOVER DRAW
# Game ended: Wed Apr 15 19:51:04 EDT 2020
