# Server version 0.08 running on 192.168.2.139:8123
# Game ID: 379
# Board class: Saboteur.SaboteurBoard
# Timeout: 20000
# First Move Timeout: 30000
# Date: Wed Apr 15 18:33:39 EDT 2020
# Player 1: Player-0, '260714615', running on 192.168.2.139
# Player 2: Player-1, 'RandomPlayer', running on 192.168.2.139
START Player-0 260714615
START Player-1 RandomPlayer
BoardInit:Tile:5,Tile:6,Tile:9,Tile:7,Tile:8,Tile:10,Bonus,Tile:9,Map,Destroy,Tile:5,Bonus,Tile:6,Tile:13,Tile:0,Tile:7,Map,Tile:5,Tile:0,Tile:9,Destroy,Tile:5,Bonus,Tile:9,Tile:7,Tile:15,Bonus,Tile:4,Tile:8,Tile:10,Tile:9,Tile:12,Map,Tile:0,Tile:6,Tile:0,Malus,Tile:6,Map,Tile:6,Tile:8-Tile:11,Destroy,Map,Tile:8,Tile:7,Tile:8,Tile:3-Malus,Tile:1,Tile:14,Tile:10,Tile:2,Tile:7,Map-Tile:hidden2,Tile:nugget,Tile:hidden1
Tile:8 6 5 1
Malus 0 0 0
Drop 5 0 1
Map 12 3 0
Map 12 5 1
Tile:6 7 5 0
Drop 5 0 1
Tile:10 7 4 0
Destroy 7 5 1
Tile:10 6 4 0
Drop 1 0 1
Tile:9_flip 7 5 0
Drop 6 0 1
Tile:7_flip 7 6 0
Map 12 5 1
Tile:1 8 6 0
Drop 1 0 1
Drop 0 0 0
Map 12 7 1
Drop 0 0 0
Drop 2 0 1
Tile:7 9 6 0
Destroy 9 6 1
Tile:7 9 6 0
Drop 0 0 1
Tile:5_flip 9 7 0
Drop 5 0 1
Tile:5 8 7 0
Drop 2 0 1
Tile:9 8 8 0
Drop 4 0 1
Tile:10 7 3 0
Drop 6 0 1
Tile:9 8 9 0
Bonus 0 0 1
Tile:0 9 8 0
Tile:0 4 5 1
Tile:0 10 8 0
Tile:6_flip 11 8 1
Tile:6 12 8 0
Malus 0 0 1
Destroy 12 8 0
Tile:0 9 9 1
Bonus 0 0 0
Drop 4 0 1
Drop 0 0 0
Tile:8 12 8 1
Drop 0 0 0
Tile:8 5 6 1
Drop 0 0 0
Tile:5 4 6 1
Drop 0 0 0
Map 12 3 1
Tile:6 13 8 0
Drop 0 0 1
GAMEOVER DRAW
# Game ended: Wed Apr 15 18:34:33 EDT 2020
