# Server version 0.08 running on 192.168.2.139:8123
# Game ID: 314
# Board class: Saboteur.SaboteurBoard
# Timeout: 20000
# First Move Timeout: 30000
# Date: Mon Apr 13 19:14:47 EDT 2020
# Player 1: Player-0, '260714615', running on 127.0.0.1
# Player 2: Player-1, 'RandomPlayer', running on 127.0.0.1
START Player-0 260714615
START Player-1 RandomPlayer
BoardInit:Map,Tile:2,Tile:5,Tile:9,Tile:7,Tile:11,Tile:7,Tile:8,Tile:9,Tile:6,Tile:10,Tile:8,Destroy,Tile:15,Map,Tile:5,Tile:7,Map,Tile:7,Tile:13,Tile:7,Tile:8,Tile:0,Destroy,Tile:0,Tile:8,Tile:1,Tile:3,Map,Tile:9,Tile:14,Bonus,Tile:10,Bonus,Malus,Destroy,Tile:9,Tile:5,Tile:6,Bonus,Tile:5-Malus,Bonus,Tile:4,Tile:12,Tile:6,Tile:10,Tile:0-Map,Tile:9,Tile:8,Map,Tile:6,Tile:0,Tile:6-Tile:hidden1,Tile:hidden2,Tile:nugget
Tile:6_flip 5 4 1
Map 12 3 0
Drop 1 0 1
Map 12 3 0
Tile:0 6 4 1
Tile:8 7 4 0
Tile:7_flip 4 4 1
Tile:6 8 4 0
Tile:7 6 5 1
Tile:0 9 4 0
Tile:5 8 3 1
Tile:6 10 4 0
Tile:10 7 5 1
Tile:8 11 4 0
Tile:9 4 3 1
Tile:9 11 5 0
Destroy 7 5 1
Tile:9_flip 11 3 0
Tile:7 12 4 1
Map 12 3 0
Map 12 3 1
Tile:6 11 6 0
Tile:7_flip 7 5 1
Tile:8 12 6 0
GAMEOVER WINNER 0
# Game ended: Mon Apr 13 19:15:11 EDT 2020
