# Server version 0.08 running on 192.168.2.139:8123
# Game ID: 239
# Board class: Saboteur.SaboteurBoard
# Timeout: 20000
# First Move Timeout: 30000
# Date: Mon Apr 13 16:33:47 EDT 2020
# Player 1: Player-0, '260714615', running on 192.168.2.139
# Player 2: Player-1, 'RandomPlayer', running on 192.168.2.139
START Player-0 260714615
START Player-1 RandomPlayer
BoardInit:Tile:6,Tile:1,Tile:0,Tile:10,Tile:6,Tile:4,Tile:0,Bonus,Tile:8,Tile:8,Tile:7,Tile:8,Destroy,Tile:10,Tile:5,Tile:2,Tile:6,Bonus,Destroy,Tile:15,Destroy,Tile:8,Malus,Tile:7,Map,Tile:7,Tile:0,Tile:6,Tile:13,Map,Map,Tile:8,Map,Tile:10,Tile:9,Bonus,Tile:5,Tile:5,Malus,Tile:14,Tile:9-Tile:9,Tile:5,Tile:3,Tile:7,Bonus,Tile:11,Tile:0-Tile:12,Tile:7,Tile:6,Map,Tile:9,Map,Tile:9-Tile:nugget,Tile:hidden2,Tile:hidden1
Tile:11 5 6 1
Tile:9_flip 5 4 0
Tile:5_flip 6 5 1
Map 12 7 0
Tile:0 4 4 1
Drop 1 0 0
Tile:7_flip 5 7 1
Tile:10 6 4 0
Tile:3_flip 3 4 1
