# Server version 0.08 running on 192.168.2.139:8123
# Game ID: 43
# Board class: Saboteur.SaboteurBoard
# Timeout: 20000
# First Move Timeout: 30000
# Date: Sun Apr 12 20:55:52 EDT 2020
# Player 1: Player-0, 'RandomPlayer', running on 127.0.0.1
# Player 2: Player-1, '260714615', running on 127.0.0.1
START Player-0 RandomPlayer
START Player-1 260714615
BoardInit:Tile:8,Tile:7,Tile:0,Bonus,Tile:2,Tile:8,Tile:7,Malus,Tile:8,Bonus,Tile:0,Tile:9,Tile:5,Bonus,Tile:9,Map,Tile:5,Tile:0,Tile:15,Map,Destroy,Tile:6,Bonus,Map,Tile:1,Tile:7,Tile:6,Tile:9,Tile:5,Tile:5,Tile:10,Destroy,Tile:12,Tile:10,Tile:10,Tile:6,Tile:9,Map,Tile:6,Tile:11,Map-Tile:13,Destroy,Tile:9,Malus,Map,Tile:7,Tile:7-Tile:4,Tile:8,Tile:8,Tile:14,Tile:3,Tile:0,Tile:6-Tile:nugget,Tile:hidden2,Tile:hidden1
Tile:7 6 5 1
Tile:0 4 5 0
Tile:9_flip 5 4 1
Tile:7_flip 4 4 0
Tile:0 3 5 1
Tile:6_flip 5 3 0
Tile:7_flip 5 6 1
Drop 2 0 0
Tile:13 6 6 1
Tile:3 7 6 0
Destroy 7 6 1
Drop 4 0 0
Drop 2 0 1
Drop 0 0 0
Drop 3 0 1
Drop 2 0 0
Drop 6 0 1
Tile:8 6 3 0
Tile:2_flip 7 6 1
Tile:14 8 6 0
Tile:5 7 5 1
Map 12 3 0
Tile:5 4 3 1
Tile:9_flip 7 3 0
Drop 4 0 1
Tile:6 2 5 0
Tile:8 1 5 1
Drop 3 0 0
Destroy 2 5 1
Tile:7 1 4 0
Tile:5_flip 6 7 1
Tile:5 0 5 0
Tile:6_flip 5 7 1
Destroy 4 5 0
Malus 0 0 1
Map 12 3 0
Tile:0 0 4 1
Drop 5 0 0
Tile:9_flip 7 2 1
Bonus 0 0 0
Drop 0 0 1
Tile:9 4 7 0
Tile:6_flip 6 2 1
Tile:11_flip 8 5 0
Tile:10 4 6 1
Drop 3 0 0
Tile:10 4 8 1
Map 12 7 0
Map 12 5 1
Map 12 5 0
Tile:1 5 2 1
Malus 0 0 0
Drop 0 0 1
Drop 0 0 0
GAMEOVER ILLEGAL MOVE: Player 1, CardUsed: (Tile:12_flip), PosOfUse: (4, 2) WINNER 0
# Game ended: Sun Apr 12 20:55:52 EDT 2020
