# Server version 0.08 running on 192.168.2.139:8123
# Game ID: 369
# Board class: Saboteur.SaboteurBoard
# Timeout: 20000
# First Move Timeout: 30000
# Date: Wed Apr 15 18:09:58 EDT 2020
# Player 1: Player-0, '260714615', running on 192.168.2.139
# Player 2: Player-1, 'RandomPlayer', running on 192.168.2.139
START Player-0 260714615
START Player-1 RandomPlayer
BoardInit:Tile:10,Destroy,Tile:0,Tile:8,Tile:9,Map,Bonus,Tile:8,Tile:6,Tile:4,Tile:8,Tile:7,Tile:9,Tile:10,Tile:9,Tile:10,Tile:5,Tile:12,Map,Tile:7,Bonus,Map,Tile:6,Tile:5,Tile:6,Tile:7,Map,Tile:7,Bonus,Tile:0,Bonus,Map,Destroy,Map,Tile:14,Tile:0,Destroy,Tile:6,Tile:8,Tile:9,Malus-Tile:2,Tile:5,Tile:8,Tile:15,Tile:9,Tile:5,Tile:13-Tile:0,Tile:3,Tile:1,Tile:7,Malus,Tile:6,Tile:11-Tile:nugget,Tile:hidden1,Tile:hidden2
Tile:5_flip 6 5 1
Malus 0 0 0
Drop 1 0 1
Tile:6_flip 6 4 0
Drop 4 0 1
Tile:0 7 4 0
Drop 5 0 1
Map 12 3 0
Drop 5 0 1
Tile:8 8 4 0
Bonus 0 0 1
Tile:8 9 4 0
Tile:6 8 5 1
Tile:1 10 4 0
Drop 5 0 1
Tile:7 11 4 0
Tile:2 5 4 1
Tile:7_flip 11 5 0
Tile:9_flip 5 6 1
Tile:10 9 3 0
Tile:5 4 6 1
Tile:10 9 2 0
Tile:9 4 7 1
Tile:7 9 1 0
Tile:9_flip 9 5 1
Tile:5 8 1 0
Tile:5_flip 4 8 1
Tile:7_flip 9 6 0
Tile:6 5 7 1
Tile:7 10 6 0
Map 12 3 1
Tile:0 6 7 0
Tile:15 8 2 1
Tile:3 7 7 0
Destroy 6 7 1
Destroy 7 7 0
Tile:6 3 8 1
Tile:0 6 7 0
Destroy 8 1 1
Tile:6 10 7 0
Drop 4 0 1
Tile:9 8 1 0
Drop 0 0 1
Tile:11 2 8 0
Tile:8 2 7 1
Tile:4 2 6 0
Tile:14_flip 9 7 1
Tile:12 7 7 0
Map 12 3 1
Drop 0 0 0
Drop 0 0 1
Drop 0 0 0
Malus 0 0 1
Drop 0 0 0
Drop 0 0 1
GAMEOVER DRAW
# Game ended: Wed Apr 15 18:10:52 EDT 2020
