# Server version 0.08 running on 192.168.2.139:8123
# Game ID: 297
# Board class: Saboteur.SaboteurBoard
# Timeout: 20000
# First Move Timeout: 30000
# Date: Wed Apr 15 16:05:19 EDT 2020
# Player 1: Player-0, 'RandomPlayer', running on 127.0.0.1
# Player 2: Player-1, '260714615', running on 127.0.0.1
START Player-0 RandomPlayer
START Player-1 260714615
BoardInit:Tile:8,Tile:11,Tile:9,Tile:6,Tile:1,Malus,Tile:0,Tile:13,Malus,Tile:3,Tile:14,Tile:5,Bonus,Tile:10,Tile:9,Bonus,Tile:10,Tile:8,Tile:7,Tile:8,Tile:9,Tile:5,Tile:6,Map,Tile:5,Map,Tile:15,Map,Map,Destroy,Tile:7,Map,Tile:6,Tile:9,Destroy,Tile:8,Tile:0,Tile:7,Tile:0,Tile:9,Tile:5-Tile:12,Tile:4,Map,Tile:8,Tile:6,Tile:2,Destroy-Tile:6,Tile:10,Bonus,Bonus,Tile:7,Tile:0,Tile:7-Tile:hidden2,Tile:hidden1,Tile:nugget
Map 12 3 1
Drop 2 0 0
Tile:8 6 5 1
Tile:6 4 5 0
Tile:6 7 5 1
Tile:11_flip 6 6 0
Destroy 6 6 1
Tile:7 7 4 0
Tile:8 8 5 1
Tile:13 8 6 0
Tile:0 9 5 1
Tile:6 6 6 0
Tile:9_flip 10 5 1
Tile:7 10 4 0
Tile:1 9 6 1
Tile:5_flip 10 6 0
Tile:9 8 4 1
Tile:10 8 3 0
Tile:10 8 7 1
Drop 3 0 0
Tile:7_flip 8 8 1
Tile:8 5 4 0
Tile:9 8 2 1
Tile:10 5 3 0
Tile:6 9 4 1
Map 12 5 0
Tile:5 9 3 1
Tile:0 3 5 0
Malus 0 0 1
Drop 5 0 0
Map 12 5 1
Bonus 0 0 0
Tile:7_flip 5 6 1
Map 12 7 0
Tile:6 10 3 1
Drop 3 0 0
Destroy 8 6 1
Tile:9 8 6 0
Tile:0 11 3 1
Destroy 6 6 0
Tile:0 9 2 1
Tile:9 12 4 0
Tile:5_flip 13 4 1
Tile:8 6 6 0
Drop 5 0 1
Tile:8 2 5 0
Tile:12 7 6 1
Drop 2 0 0
Tile:4 2 4 1
Tile:7 8 1 0
Tile:2 1 5 1
Malus 0 0 0
Bonus 0 0 1
Drop 0 0 0
Tile:14 1 6 1
GAMEOVER DRAW
# Game ended: Wed Apr 15 16:06:15 EDT 2020
