# Server version 0.08 running on 192.168.2.139:8123
# Game ID: 153
# Board class: Saboteur.SaboteurBoard
# Timeout: 20000
# First Move Timeout: 30000
# Date: Wed Apr 15 11:34:47 EDT 2020
# Player 1: Player-0, '260714615', running on 127.0.0.1
# Player 2: Player-1, 'RandomPlayer', running on 127.0.0.1
START Player-0 260714615
START Player-1 RandomPlayer
BoardInit:Tile:0,Tile:1,Tile:6,Bonus,Tile:7,Map,Tile:7,Malus,Tile:6,Tile:0,Tile:0,Tile:6,Tile:14,Tile:5,Tile:8,Map,Destroy,Tile:7,Tile:10,Tile:7,Tile:8,Tile:7,Tile:3,Tile:12,Tile:10,Tile:9,Bonus,Tile:9,Map,Tile:8,Tile:13,Tile:4,Tile:10,Tile:9,Tile:2,Tile:15,Tile:9,Tile:11,Bonus,Tile:9,Tile:5-Tile:8,Tile:5,Tile:6,Tile:5,Tile:0,Destroy,Map-Tile:8,Destroy,Map,Tile:6,Bonus,Malus,Map-Tile:hidden1,Tile:hidden2,Tile:nugget
Tile:6 4 5 1
Map 12 3 0
Tile:8 4 4 1
Map 12 3 0
Map 12 3 1
Tile:8 6 5 0
Drop 2 0 1
Map 12 3 0
Tile:7_flip 3 5 1
Tile:6 7 5 0
Tile:5 4 3 1
Tile:0 8 5 0
Tile:0 5 3 1
Tile:6 9 5 0
Tile:6_flip 3 4 1
Tile:5 9 4 0
Destroy 3 4 1
Map 12 3 0
Tile:6 10 4 1
Tile:7 11 4 0
Tile:5_flip 5 6 1
Tile:7_flip 11 5 0
Tile:7 10 5 1
Malus 0 0 0
Destroy 9 4 1
Malus 0 0 0
Drop 0 0 1
Tile:7_flip 10 6 0
Drop 6 0 1
Tile:9 10 3 0
Drop 4 0 1
Tile:9 9 4 0
Drop 6 0 1
Tile:8 10 2 0
Drop 4 0 1
Tile:9 9 2 0
Drop 3 0 1
Destroy 3 5 0
Map 12 3 1
Tile:1 3 4 0
Drop 4 0 1
Tile:9 10 1 0
Drop 5 0 1
Tile:12 6 3 0
Drop 4 0 1
Tile:4 6 4 0
Drop 2 0 1
Tile:15 6 6 0
Drop 0 0 1
Tile:11 2 4 0
Drop 0 0 1
Drop 0 0 0
Drop 1 0 1
Drop 0 0 0
Drop 0 0 1
GAMEOVER DRAW
# Game ended: Wed Apr 15 11:35:41 EDT 2020
