# Server version 0.08 running on 192.168.2.139:8123
# Game ID: 78
# Board class: Saboteur.SaboteurBoard
# Timeout: 20000
# First Move Timeout: 30000
# Date: Sat Apr 11 22:49:11 EDT 2020
# Player 1: Player-0, 'Human', running on 192.168.2.139
# Player 2: Player-1, '260732873', running on 192.168.2.139
START Player-0 Human
START Player-1 260732873
BoardInit:Map,Destroy,Map,Tile:6,Tile:6,Map,Tile:1,Bonus,Tile:9,Tile:15,Bonus,Tile:9,Tile:5,Tile:9,Map,Tile:5,Tile:13,Tile:0,Map,Tile:7,Bonus,Malus,Tile:10,Tile:7,Tile:7,Bonus,Tile:8,Tile:9,Tile:8,Tile:7,Tile:9,Tile:5,Tile:0,Destroy,Tile:12,Tile:5,Tile:6,Tile:11,Tile:0,Tile:8,Destroy-Malus,Tile:0,Tile:8,Tile:6,Tile:10,Tile:2,Tile:7-Tile:4,Tile:14,Tile:6,Tile:3,Tile:8,Map,Tile:10-Tile:hidden1,Tile:hidden2,Tile:nugget
Tile:6 6 5 1
Tile:8 7 5 0
Tile:10 7 4 1
Tile:3 8 5 0
Tile:7_flip 4 5 1
Tile:6 7 6 0
Drop 4 0 1
Tile:6 8 6 0
Tile:2 5 4 1
Tile:14 9 6 0
Tile:6_flip 6 6 1
Tile:10 9 5 0
Tile:9 7 3 1
