# Server version 0.08 running on 192.168.2.139:8123
# Game ID: 276
# Board class: Saboteur.SaboteurBoard
# Timeout: 20000
# First Move Timeout: 30000
# Date: Mon Apr 13 18:32:40 EDT 2020
# Player 1: Player-0, '260714615', running on 127.0.0.1
# Player 2: Player-1, 'RandomPlayer', running on 127.0.0.1
START Player-0 260714615
START Player-1 RandomPlayer
BoardInit:Tile:2,Map,Tile:14,Tile:7,Map,Tile:9,Malus,Tile:7,Destroy,Tile:13,Bonus,Tile:5,Tile:4,Tile:9,Bonus,Tile:1,Tile:0,Tile:15,Tile:10,Tile:5,Tile:10,Destroy,Tile:8,Tile:11,Map,Bonus,Tile:8,Map,Tile:8,Tile:5,Tile:5,Tile:9,Tile:8,Tile:6,Tile:6,Tile:9,Tile:7,Tile:7,Tile:7,Destroy,Tile:12-Tile:6,Tile:3,Tile:0,Tile:0,Tile:6,Bonus,Tile:8-Map,Tile:9,Tile:10,Tile:0,Tile:6,Malus,Map-Tile:hidden1,Tile:nugget,Tile:hidden2
Tile:8 5 4 1
Map 12 3 0
Tile:0 6 5 1
Map 12 3 0
Tile:6_flip 7 5 1
Map 12 3 0
Drop 2 0 1
Tile:0 8 5 0
Tile:14_flip 4 4 1
Tile:6 9 5 0
Tile:2_flip 6 4 1
Tile:13 10 5 0
Map 12 7 1
Tile:9_flip 11 5 0
Drop 2 0 1
Tile:10 11 4 0
Tile:3 11 3 1
Tile:7_flip 11 6 0
Drop 1 0 1
Tile:9_flip 12 6 0
Destroy 10 5 1
Tile:7_flip 10 3 0
Tile:0 7 4 1
Malus 0 0 0
Drop 0 0 1
Tile:5 9 4 0
Map 12 5 1
Tile:9 10 2 0
Drop 6 0 1
Map 12 3 0
Drop 1 0 1
Tile:5 10 1 0
Drop 6 0 1
Tile:9 7 6 0
Drop 3 0 1
Tile:6 10 5 0
GAMEOVER WINNER 0
# Game ended: Mon Apr 13 18:32:56 EDT 2020
