# Server version 0.08 running on 192.168.2.139:8123
# Game ID: 431
# Board class: Saboteur.SaboteurBoard
# Timeout: 20000
# First Move Timeout: 30000
# Date: Wed Apr 15 19:47:01 EDT 2020
# Player 1: Player-0, '260714615', running on 127.0.0.1
# Player 2: Player-1, 'RandomPlayer', running on 127.0.0.1
START Player-0 260714615
START Player-1 RandomPlayer
BoardInit:Tile:5,Tile:0,Tile:13,Tile:8,Tile:9,Bonus,Tile:0,Tile:9,Tile:1,Tile:7,Map,Bonus,Tile:7,Tile:12,Bonus,Tile:15,Malus,Tile:14,Map,Tile:3,Tile:9,Tile:11,Destroy,Malus,Tile:6,Tile:5,Tile:9,Tile:6,Map,Map,Tile:10,Tile:6,Tile:8,Tile:10,Tile:7,Tile:8,Tile:6,Tile:4,Tile:0,Tile:10,Tile:8-Tile:6,Tile:0,Tile:5,Map,Map,Destroy,Bonus-Tile:5,Destroy,Tile:9,Tile:8,Tile:2,Tile:7,Tile:7-Tile:hidden1,Tile:hidden2,Tile:nugget
Drop 2 0 1
Tile:8 6 5 0
Tile:6 5 6 1
Tile:0 7 5 0
Tile:0 8 5 1
Tile:8 9 5 0
Map 12 7 1
Tile:5 9 4 0
Tile:9 9 6 1
Tile:9 9 7 0
Drop 3 0 1
Tile:7 10 5 0
Drop 0 0 1
Tile:7_flip 9 8 0
Tile:13 10 6 1
Destroy 10 6 0
Drop 1 0 1
Drop 0 0 0
Destroy 9 7 1
Tile:9 9 7 0
Map 12 7 1
Tile:7 10 7 0
Tile:0 4 6 1
Tile:12 10 4 0
Tile:7_flip 4 5 1
Malus 0 0 0
Destroy 4 6 1
Tile:5_flip 10 6 0
Drop 2 0 1
Tile:6 10 8 0
Bonus 0 0 1
Map 12 3 0
Tile:9 6 4 1
Tile:6 11 8 0
Tile:9 11 7 1
GAMEOVER WINNER 1
# Game ended: Wed Apr 15 19:47:35 EDT 2020
