# Server version 0.08 running on 192.168.2.139:8123
# Game ID: 92
# Board class: Saboteur.SaboteurBoard
# Timeout: 20000
# First Move Timeout: 30000
# Date: Tue Apr 14 14:02:34 EDT 2020
# Player 1: Player-0, '260714615', running on 192.168.2.139
# Player 2: Player-1, 'RandomPlayer', running on 192.168.2.139
START Player-0 260714615
START Player-1 RandomPlayer
BoardInit:Tile:7,Tile:0,Tile:7,Tile:1,Tile:7,Tile:0,Tile:10,Tile:9,Tile:7,Tile:5,Tile:6,Tile:6,Tile:0,Map,Tile:9,Tile:12,Malus,Tile:14,Tile:3,Tile:5,Map,Destroy,Bonus,Map,Tile:6,Tile:0,Tile:13,Tile:8,Map,Destroy,Tile:8,Tile:6,Tile:15,Bonus,Destroy,Tile:9,Tile:8,Tile:8,Tile:6,Bonus,Tile:10-Map,Map,Malus,Tile:7,Tile:11,Tile:4,Tile:9-Bonus,Tile:8,Tile:9,Tile:10,Tile:5,Tile:5,Tile:2-Tile:hidden2,Tile:hidden1,Tile:nugget
Tile:9 5 4 1
Tile:8 6 5 0
Tile:7 6 4 1
Tile:0 7 5 0
Tile:7_flip 5 6 1
Tile:9 5 3 0
Tile:7_flip 4 5 1
Tile:0 8 5 0
Tile:4 4 4 1
Tile:5_flip 9 5 0
Drop 3 0 1
Tile:10 9 4 0
Tile:7 5 2 1
Tile:5 9 3 0
Map 12 3 1
Map 12 3 0
Tile:6 6 3 1
Tile:6 10 3 0
Map 12 7 1
Tile:9 10 2 0
Tile:9_flip 10 1 1
Tile:1 11 3 0
Tile:3 7 3 1
Tile:5 9 1 0
Drop 2 0 1
Map 12 3 0
Tile:6_flip 4 2 1
Tile:0 11 2 0
Malus 0 0 1
Bonus 0 0 0
Tile:10 10 0 1
Tile:8 12 2 0
Tile:8 12 4 1
Tile:5 11 4 0
Map 12 7 1
Tile:6 11 5 0
Destroy 11 4 1
Tile:9 10 5 0
Tile:8 10 6 1
Tile:8 13 4 0
Tile:13 13 5 1
Tile:2 3 2 0
Tile:6_flip 2 2 1
Tile:12 11 6 0
Tile:10 12 6 1
GAMEOVER WINNER 1
# Game ended: Tue Apr 14 14:03:18 EDT 2020
