# Server version 0.08 running on 192.168.2.139:8123
# Game ID: 253
# Board class: Saboteur.SaboteurBoard
# Timeout: 20000
# First Move Timeout: 30000
# Date: Mon Apr 13 17:19:31 EDT 2020
# Player 1: Player-0, '260714615', running on 127.0.0.1
# Player 2: Player-1, 'RandomPlayer', running on 127.0.0.1
START Player-0 260714615
START Player-1 RandomPlayer
BoardInit:Tile:7,Tile:8,Tile:5,Tile:10,Map,Tile:1,Tile:15,Tile:10,Tile:14,Tile:6,Tile:0,Tile:8,Map,Tile:6,Tile:8,Tile:2,Map,Tile:9,Destroy,Tile:0,Tile:0,Map,Destroy,Bonus,Tile:5,Tile:3,Map,Tile:6,Tile:7,Bonus,Tile:5,Tile:9,Tile:11,Tile:13,Destroy,Tile:7,Malus,Tile:0,Tile:12,Tile:9,Bonus-Bonus,Tile:9,Tile:8,Tile:8,Tile:10,Tile:6,Tile:7-Malus,Map,Tile:9,Tile:5,Tile:4,Tile:6,Tile:7-Tile:hidden1,Tile:hidden2,Tile:nugget
Tile:6_flip 5 4 1
Map 12 3 0
Tile:7 6 5 1
Tile:9 6 6 0
Tile:5_flip 5 6 1
Tile:6 7 6 0
Tile:7_flip 6 7 1
Tile:8 8 6 0
Tile:8 4 5 1
Tile:5 8 5 0
Tile:8 9 5 1
Tile:6 10 5 0
Map 12 3 1
Tile:8 11 5 0
Tile:14 9 6 1
Tile:7_flip 11 6 0
Tile:9_flip 8 7 1
Tile:6 12 6 0
Map 12 3 1
Tile:10 11 4 0
Destroy 8 7 1
Tile:0 13 6 0
Tile:15 7 5 1
Map 12 3 0
Drop 5 0 1
Malus 0 0 0
Bonus 0 0 1
Tile:10 10 4 0
Destroy 5 6 1
Tile:9 11 3 0
Tile:8 3 5 1
Tile:6_flip 11 2 0
Tile:10 3 4 1
Tile:9 10 2 0
Tile:11_flip 5 6 1
Tile:13 12 2 0
Drop 6 0 1
Tile:7_flip 8 7 0
Tile:7_flip 3 6 1
Tile:0 13 2 0
Tile:0 13 3 1
Tile:9 12 1 0
Tile:5 4 4 1
Tile:4 3 3 0
Drop 4 0 1
Tile:1 2 5 0
Tile:5 1 5 1
Tile:2 7 4 0
Malus 0 0 1
Bonus 0 0 0
Drop 0 0 1
Tile:3 7 7 0
Map 12 7 1
Drop 0 0 0
Drop 0 0 1
GAMEOVER DRAW
# Game ended: Mon Apr 13 17:20:20 EDT 2020
