# Server version 0.08 running on 192.168.2.139:8123
# Game ID: 315
# Board class: Saboteur.SaboteurBoard
# Timeout: 20000
# First Move Timeout: 30000
# Date: Mon Apr 13 19:15:12 EDT 2020
# Player 1: Player-0, 'RandomPlayer', running on 127.0.0.1
# Player 2: Player-1, '260714615', running on 127.0.0.1
START Player-0 RandomPlayer
START Player-1 260714615
BoardInit:Tile:7,Map,Tile:7,Map,Tile:14,Tile:6,Tile:7,Tile:13,Tile:9,Tile:5,Tile:2,Malus,Tile:0,Tile:8,Tile:10,Tile:12,Malus,Tile:0,Bonus,Tile:1,Tile:5,Bonus,Tile:6,Tile:9,Destroy,Tile:6,Tile:8,Tile:5,Tile:8,Destroy,Bonus,Tile:0,Tile:9,Tile:6,Tile:3,Tile:15,Tile:10,Map,Tile:8,Map,Tile:6-Tile:9,Map,Map,Tile:7,Tile:5,Tile:0,Tile:4-Tile:10,Tile:11,Tile:8,Tile:7,Tile:9,Destroy,Bonus-Tile:hidden2,Tile:nugget,Tile:hidden1
Map 12 3 1
Tile:10 5 6 0
Map 12 3 1
Tile:9_flip 5 4 0
Tile:0 6 5 1
Tile:11 4 5 0
Tile:9 5 3 1
Tile:6_flip 5 2 0
Tile:7_flip 5 7 1
Map 12 5 0
Tile:5 4 4 1
Tile:13 6 7 0
Tile:7_flip 6 8 1
Destroy 6 8 0
Tile:0 7 5 1
Tile:8 8 5 0
Tile:7_flip 8 6 1
Tile:12 6 3 0
Tile:9 8 4 1
Tile:7 7 7 0
Tile:10 8 3 1
Tile:5_flip 4 6 0
Tile:5 8 2 1
Tile:8 7 8 0
Malus 0 0 1
Map 12 5 0
Tile:6 9 5 1
Drop 3 0 0
Tile:8 10 5 1
Drop 4 0 0
Tile:8 11 5 1
GAMEOVER WINNER 1
# Game ended: Mon Apr 13 19:15:44 EDT 2020
