# Server version 0.08 running on 192.168.2.139:8123
# Game ID: 364
# Board class: Saboteur.SaboteurBoard
# Timeout: 20000
# First Move Timeout: 30000
# Date: Wed Apr 15 18:06:23 EDT 2020
# Player 1: Player-0, '260714615', running on 127.0.0.1
# Player 2: Player-1, 'RandomPlayer', running on 127.0.0.1
START Player-0 260714615
START Player-1 RandomPlayer
BoardInit:Tile:6,Tile:6,Tile:7,Tile:7,Tile:6,Tile:0,Tile:3,Tile:8,Map,Map,Tile:0,Tile:0,Malus,Bonus,Destroy,Map,Bonus,Malus,Tile:13,Tile:11,Tile:7,Tile:5,Tile:5,Tile:8,Tile:1,Tile:10,Tile:7,Tile:2,Tile:0,Tile:9,Map,Tile:9,Tile:15,Tile:9,Tile:8,Tile:7,Tile:9,Destroy,Map,Tile:10,Tile:5-Tile:6,Tile:6,Tile:14,Tile:4,Bonus,Tile:8,Map-Tile:9,Tile:12,Destroy,Tile:10,Tile:5,Bonus,Tile:8-Tile:hidden1,Tile:hidden2,Tile:nugget
Tile:8 5 6 1
Tile:8 6 5 0
Tile:6_flip 4 5 1
Tile:6 7 5 0
Tile:6 5 7 1
Tile:9 7 4 0
Drop 2 0 1
Tile:0 8 5 0
Tile:6 6 6 1
Tile:8 9 5 0
Tile:14 8 4 1
Destroy 8 4 0
Tile:7 7 6 1
Map 12 3 0
Tile:6_flip 6 7 1
Tile:0 10 5 0
Malus 0 0 1
Bonus 0 0 0
Tile:3_flip 4 6 1
Map 12 5 0
Tile:4 7 3 1
Malus 0 0 0
Destroy 7 4 1
Tile:5_flip 11 5 0
Drop 2 0 1
Tile:10 11 4 0
Map 12 3 1
Tile:5 11 3 0
Drop 4 0 1
Tile:7_flip 9 6 0
Map 12 5 1
Tile:8 9 4 0
Bonus 0 0 1
Tile:10 9 3 0
Tile:15 9 2 1
Tile:9 9 1 0
Tile:7_flip 12 4 1
Tile:9_flip 13 4 0
Tile:7 13 3 1
Tile:9 13 5 0
Tile:13 7 4 1
Destroy 7 3 0
Tile:0 10 6 1
Tile:7_flip 13 6 0
Drop 2 0 1
Tile:10 7 3 0
Tile:5 4 7 1
Tile:12 10 1 0
Tile:1 8 4 1
Tile:11 3 5 0
Map 12 5 1
Tile:2 3 4 0
Tile:9 2 4 1
Drop 0 0 0
Drop 0 0 1
GAMEOVER DRAW
# Game ended: Wed Apr 15 18:07:17 EDT 2020
