# Server version 0.08 running on 192.168.2.139:8123
# Game ID: 59
# Board class: Saboteur.SaboteurBoard
# Timeout: 20000
# First Move Timeout: 30000
# Date: Tue Apr 14 12:21:05 EDT 2020
# Player 1: Player-0, 'RandomPlayer', running on 127.0.0.1
# Player 2: Player-1, '260714615', running on 127.0.0.1
START Player-0 RandomPlayer
START Player-1 260714615
BoardInit:Tile:7,Tile:6,Bonus,Tile:5,Tile:0,Tile:10,Tile:5,Destroy,Bonus,Tile:8,Map,Destroy,Map,Tile:7,Tile:15,Map,Map,Tile:0,Tile:9,Tile:8,Tile:10,Tile:3,Tile:10,Tile:5,Tile:8,Bonus,Tile:1,Tile:14,Malus,Tile:6,Map,Tile:8,Tile:0,Tile:9,Tile:7,Map,Tile:4,Bonus,Tile:9,Tile:8,Tile:12-Tile:9,Tile:2,Malus,Tile:0,Tile:6,Tile:7,Tile:5-Tile:6,Tile:6,Destroy,Tile:7,Tile:13,Tile:11,Tile:9-Tile:hidden2,Tile:nugget,Tile:hidden1
Tile:0 6 5 1
Tile:13 7 5 0
Tile:6 8 5 1
Destroy 6 5 0
Tile:9 8 4 1
Tile:11_flip 8 3 0
Tile:0 9 5 1
Tile:9 8 2 0
Tile:7 10 5 1
Tile:6 4 5 0
Tile:7_flip 10 6 1
Tile:8 4 4 0
Map 12 3 1
Tile:5_flip 9 4 0
Map 12 3 1
Destroy 9 5 0
Tile:5_flip 11 6 1
Drop 5 0 0
Map 12 3 1
Tile:6 3 5 0
Tile:5 11 5 1
Tile:6_flip 9 5 0
Tile:10 9 6 1
Tile:8 7 3 0
Malus 0 0 1
Destroy 11 6 0
Tile:8 11 6 1
Map 12 7 0
Tile:9_flip 12 6 1
Drop 6 0 0
Malus 0 0 1
Drop 1 0 0
Map 12 3 1
Drop 4 0 0
Tile:10 11 7 1
Drop 3 0 0
Tile:7_flip 11 8 1
Drop 2 0 0
Tile:0 12 8 1
Map 12 7 0
Tile:9 9 3 1
Drop 4 0 0
Tile:1 10 3 1
Bonus 0 0 0
Tile:2 3 4 1
Drop 3 0 0
Tile:15 4 3 1
Drop 0 0 0
Tile:4 4 2 1
Drop 2 0 0
Tile:12 11 3 1
Drop 0 0 0
Drop 0 0 1
Drop 0 0 0
Drop 0 0 1
GAMEOVER DRAW
# Game ended: Tue Apr 14 12:22:01 EDT 2020
