# Server version 0.08 running on 192.168.2.139:8123
# Game ID: 341
# Board class: Saboteur.SaboteurBoard
# Timeout: 20000
# First Move Timeout: 30000
# Date: Wed Apr 15 17:40:10 EDT 2020
# Player 1: Player-0, 'RandomPlayer', running on 127.0.0.1
# Player 2: Player-1, '260714615', running on 127.0.0.1
START Player-0 RandomPlayer
START Player-1 260714615
BoardInit:Tile:8,Tile:5,Tile:10,Bonus,Tile:6,Tile:9,Destroy,Tile:5,Map,Tile:2,Tile:8,Tile:9,Tile:8,Destroy,Bonus,Tile:8,Tile:7,Tile:9,Tile:11,Tile:7,Tile:5,Bonus,Map,Tile:13,Tile:7,Map,Tile:6,Tile:14,Tile:7,Tile:6,Map,Destroy,Tile:9,Malus,Tile:7,Tile:0,Malus,Tile:9,Tile:0,Tile:4,Tile:1-Tile:12,Tile:8,Tile:0,Tile:6,Tile:10,Map,Tile:10-Bonus,Tile:5,Tile:3,Map,Tile:15,Tile:6,Tile:0-Tile:nugget,Tile:hidden1,Tile:hidden2
Map 12 3 1
Drop 3 0 0
Tile:8 6 5 1
Tile:6_flip 4 5 0
Tile:0 7 5 1
Tile:5_flip 5 6 0
Tile:6 8 5 1
Tile:9 4 6 0
Tile:8 9 5 1
Tile:0 10 5 0
Tile:6 11 5 1
Tile:3 5 4 0
Tile:10 11 4 1
Tile:9 6 4 0
Tile:10 11 3 1
Destroy 11 4 0
Tile:10 11 4 1
Tile:5 11 2 0
Tile:8 12 2 1
GAMEOVER WINNER 1
# Game ended: Wed Apr 15 17:40:30 EDT 2020
