# Server version 0.08 running on 192.168.2.139:8123
# Game ID: 207
# Board class: Saboteur.SaboteurBoard
# Timeout: 20000
# First Move Timeout: 30000
# Date: Mon Apr 13 12:40:39 EDT 2020
# Player 1: Player-0, '260714615', running on 192.168.2.139
# Player 2: Player-1, 'RandomPlayer', running on 192.168.2.139
START Player-0 260714615
START Player-1 RandomPlayer
BoardInit:Tile:6,Tile:6,Tile:0,Map,Destroy,Map,Tile:0,Tile:8,Destroy,Tile:5,Tile:7,Tile:9,Tile:9,Tile:8,Tile:9,Tile:6,Tile:5,Tile:15,Tile:7,Tile:9,Tile:1,Tile:3,Tile:0,Bonus,Tile:8,Tile:4,Map,Tile:5,Map,Map,Bonus,Tile:10,Tile:8,Tile:2,Tile:6,Map,Malus,Tile:14,Tile:11,Tile:5,Malus-Bonus,Tile:12,Tile:7,Tile:10,Tile:10,Tile:13,Tile:7-Tile:6,Tile:0,Tile:7,Tile:9,Bonus,Destroy,Tile:8-Tile:hidden1,Tile:nugget,Tile:hidden2
Drop 2 0 1
Tile:0 6 5 0
Tile:6_flip 4 5 1
Tile:7 7 5 0
Tile:10 5 4 1
Destroy 7 5 0
Tile:0 7 5 1
Tile:6_flip 5 3 0
Tile:13 8 5 1
Tile:6_flip 6 3 0
Tile:7_flip 6 4 1
Drop 3 0 0
Tile:7_flip 3 5 1
Drop 5 0 0
Tile:9 4 6 1
Tile:8 5 6 0
Destroy 5 3 1
Tile:9 5 7 0
Tile:5_flip 9 5 1
Tile:9 5 3 0
Tile:7 6 6 1
Tile:9 8 4 0
Drop 1 0 1
Tile:6_flip 9 4 0
Tile:1 7 3 1
Tile:3_flip 5 8 0
Destroy 5 3 1
Tile:8 8 3 0
Tile:10 8 2 1
Tile:5_flip 9 3 0
Tile:0 6 8 1
Map 12 5 0
Tile:9_flip 4 7 1
Drop 6 0 0
Tile:8 5 3 1
Drop 6 0 0
Map 12 5 1
Tile:15 8 6 0
Drop 2 0 1
Tile:14_flip 4 3 0
Drop 6 0 1
Drop 5 0 0
Drop 0 0 1
Tile:5 3 7 0
Tile:6 10 4 1
Drop 1 0 0
Tile:8 3 8 1
Tile:4 9 2 0
Drop 3 0 1
GAMEOVER TIMEOUT WINNER 1
# Game ended: Mon Apr 13 12:41:23 EDT 2020
