# Server version 0.08 running on 192.168.2.139:8123
# Game ID: 57
# Board class: Saboteur.SaboteurBoard
# Timeout: 20000
# First Move Timeout: 30000
# Date: Tue Apr 14 12:19:52 EDT 2020
# Player 1: Player-0, 'RandomPlayer', running on 127.0.0.1
# Player 2: Player-1, '260714615', running on 127.0.0.1
START Player-0 RandomPlayer
START Player-1 260714615
BoardInit:Map,Tile:7,Tile:3,Tile:9,Destroy,Bonus,Tile:7,Tile:6,Tile:6,Bonus,Tile:5,Tile:1,Tile:9,Tile:5,Tile:7,Tile:6,Map,Tile:9,Tile:4,Tile:12,Tile:7,Map,Tile:8,Tile:14,Destroy,Malus,Tile:9,Tile:9,Tile:0,Tile:10,Tile:11,Tile:5,Tile:5,Bonus,Map,Tile:8,Tile:6,Tile:7,Tile:8,Tile:10,Malus-Tile:8,Tile:0,Tile:8,Tile:6,Tile:0,Tile:15,Tile:13-Map,Map,Bonus,Tile:0,Tile:2,Destroy,Tile:10-Tile:hidden2,Tile:nugget,Tile:hidden1
Tile:8 6 5 1
Drop 3 0 0
Map 12 3 1
Tile:2_flip 5 6 0
Tile:0 7 5 1
Tile:9_flip 6 6 0
Tile:8 8 5 1
Map 12 5 0
Tile:6 9 5 1
Tile:7 10 5 0
Tile:7_flip 10 6 1
Tile:6_flip 4 6 0
Tile:0 11 6 1
Drop 6 0 0
Tile:6 12 6 1
GAMEOVER WINNER 1
# Game ended: Tue Apr 14 12:20:08 EDT 2020
