# Server version 0.08 running on 192.168.2.139:8123
# Game ID: 155
# Board class: Saboteur.SaboteurBoard
# Timeout: 20000
# First Move Timeout: 30000
# Date: Wed Apr 15 11:36:39 EDT 2020
# Player 1: Player-0, '260714615', running on 127.0.0.1
# Player 2: Player-1, 'RandomPlayer', running on 127.0.0.1
START Player-0 260714615
START Player-1 RandomPlayer
BoardInit:Tile:0,Tile:10,Destroy,Map,Tile:15,Tile:5,Tile:8,Tile:6,Tile:9,Tile:7,Malus,Tile:3,Bonus,Tile:5,Tile:6,Tile:13,Tile:11,Tile:7,Tile:8,Map,Tile:7,Tile:12,Tile:7,Tile:9,Tile:9,Destroy,Tile:10,Tile:14,Tile:5,Map,Tile:8,Tile:9,Tile:0,Tile:6,Map,Tile:1,Tile:0,Tile:10,Tile:0,Tile:4,Tile:6-Bonus,Tile:8,Tile:7,Map,Tile:9,Tile:2,Map-Malus,Bonus,Bonus,Tile:8,Tile:6,Tile:5,Destroy-Tile:hidden2,Tile:hidden1,Tile:nugget
Tile:2 4 5 1
Tile:8 6 5 0
Map 12 3 1
Tile:6 7 5 0
Tile:9 6 4 1
Map 12 3 0
Tile:0 3 5 1
Tile:10 6 6 0
Destroy 3 5 1
Tile:6 8 5 0
Tile:15 6 3 1
Tile:5 8 4 0
Tile:9 3 5 1
Tile:5_flip 9 5 0
Tile:8 3 4 1
Tile:7 9 4 0
Tile:6 3 6 1
Tile:5 6 2 0
Tile:8 2 4 1
Tile:7_flip 6 7 0
Tile:11_flip 4 6 1
Map 12 3 0
Tile:7 5 4 1
Malus 0 0 0
Map 12 5 1
Tile:9 4 7 0
Drop 3 0 1
Destroy 2 4 0
Drop 4 0 1
Tile:3 3 3 0
Bonus 0 0 1
Map 12 3 0
Tile:9_flip 7 7 1
Tile:9 7 8 0
Tile:8 8 8 1
Tile:6 9 8 0
Tile:10 8 7 1
Tile:13 2 3 0
Drop 6 0 1
Tile:10 9 7 0
Tile:0 4 4 1
Tile:12 5 7 0
Tile:7_flip 1 3 1
Destroy 1 3 0
Map 12 5 1
Tile:14 4 8 0
Tile:6 1 3 1
Tile:1 0 3 0
Tile:5 8 6 1
Tile:4 1 2 0
Tile:0 7 2 1
Drop 0 0 0
Malus 0 0 1
Bonus 0 0 0
Drop 0 0 1
GAMEOVER DRAW
# Game ended: Wed Apr 15 11:37:33 EDT 2020
