# Server version 0.08 running on 192.168.2.139:8123
# Game ID: 24
# Board class: Saboteur.SaboteurBoard
# Timeout: 20000
# First Move Timeout: 30000
# Date: Tue Apr 14 11:22:24 EDT 2020
# Player 1: Player-0, '260714615', running on 127.0.0.1
# Player 2: Player-1, 'RandomPlayer', running on 127.0.0.1
START Player-0 260714615
START Player-1 RandomPlayer
BoardInit:Tile:7,Tile:14,Tile:8,Tile:5,Tile:10,Tile:9,Map,Tile:5,Tile:5,Tile:10,Tile:7,Map,Tile:8,Tile:11,Tile:0,Tile:7,Tile:9,Tile:12,Tile:4,Tile:0,Tile:13,Malus,Map,Map,Tile:6,Destroy,Tile:6,Tile:9,Tile:2,Tile:7,Tile:6,Bonus,Bonus,Tile:0,Tile:6,Tile:10,Destroy,Tile:9,Tile:0,Tile:1,Malus-Tile:6,Tile:8,Tile:3,Map,Tile:5,Tile:7,Tile:8-Bonus,Tile:9,Bonus,Tile:8,Map,Destroy,Tile:15-Tile:hidden1,Tile:hidden2,Tile:nugget
Map 12 7 1
Map 12 3 0
Tile:3 5 4 1
Tile:8 6 5 0
Tile:6_flip 4 5 1
Tile:9 6 4 0
Tile:7 7 5 1
Tile:9 7 6 0
Tile:5 6 3 1
Tile:5_flip 8 6 0
Tile:5 8 5 1
Tile:10 7 7 0
Tile:7 9 5 1
Map 12 3 0
Drop 5 0 1
Tile:5 3 5 0
Tile:8 3 6 1
Tile:7_flip 9 6 0
Drop 1 0 1
Destroy 3 5 0
Tile:9_flip 6 6 1
Tile:0 10 6 0
Tile:0 7 4 1
Malus 0 0 0
Map 12 7 1
Map 12 3 0
Drop 3 0 1
Tile:15 3 7 0
Drop 4 0 1
Tile:9_flip 11 6 0
Drop 0 0 1
Tile:7 11 5 0
Drop 6 0 1
Tile:14 4 6 0
Drop 0 0 1
Tile:0 8 4 0
Drop 4 0 1
Tile:10 11 7 0
Destroy 11 6 1
Tile:9_flip 11 6 0
Drop 4 0 1
Tile:1 9 4 0
Drop 5 0 1
Tile:11 3 5 0
Drop 4 0 1
Tile:12 7 3 0
Drop 3 0 1
Destroy 3 5 0
Drop 2 0 1
Drop 0 0 0
Drop 0 0 1
Drop 0 0 0
Malus 0 0 1
Bonus 0 0 0
Drop 0 0 1
GAMEOVER DRAW
# Game ended: Tue Apr 14 11:23:18 EDT 2020
