# Server version 0.08 running on 192.168.2.139:8123
# Game ID: 244
# Board class: Saboteur.SaboteurBoard
# Timeout: 20000
# First Move Timeout: 30000
# Date: Mon Apr 13 16:45:46 EDT 2020
# Player 1: Player-0, '260714615', running on 192.168.2.139
# Player 2: Player-1, 'RandomPlayer', running on 192.168.2.139
START Player-0 260714615
START Player-1 RandomPlayer
BoardInit:Tile:11,Tile:15,Map,Tile:7,Tile:0,Tile:13,Map,Tile:10,Tile:9,Tile:10,Map,Tile:4,Tile:1,Tile:8,Destroy,Tile:8,Map,Destroy,Tile:6,Tile:7,Malus,Tile:5,Tile:7,Tile:6,Bonus,Tile:0,Destroy,Tile:6,Map,Tile:2,Bonus,Tile:8,Tile:6,Tile:5,Tile:9,Tile:3,Tile:0,Tile:14,Tile:8,Tile:5,Tile:10-Tile:12,Tile:7,Malus,Tile:5,Tile:0,Tile:8,Tile:6-Tile:7,Tile:9,Map,Tile:9,Tile:9,Bonus,Bonus-Tile:hidden1,Tile:hidden2,Tile:nugget
Tile:5_flip 6 5 1
Tile:9_flip 5 6 0
Tile:8 5 4 1
Tile:7 6 4 0
Map 12 7 1
Drop 6 0 0
Tile:0 4 6 1
Map 12 3 0
Tile:11 5 3 1
Tile:9 5 2 0
Drop 1 0 1
Tile:13 3 6 0
Tile:6_flip 3 5 1
Tile:10 5 7 0
Map 12 3 1
Tile:4_flip 5 8 0
Map 12 7 1
Tile:10 3 7 0
Destroy 4 6 1
Tile:8 4 6 0
Tile:6_flip 6 2 1
Tile:8 2 6 0
Tile:9_flip 5 1 1
Tile:9_flip 5 0 0
Tile:7 7 2 1
Tile:15 3 8 0
Malus 0 0 1
Destroy 6 4 0
Tile:0 4 4 1
Drop 0 0 0
Tile:12_flip 1 6 1
Drop 5 0 0
Destroy 5 7 1
Drop 5 0 0
Tile:6_flip 4 0 1
Drop 5 0 0
Drop 6 0 1
Drop 4 0 0
Tile:0 3 0 1
Drop 3 0 0
Map 12 7 1
Drop 4 0 0
Tile:8 2 5 1
Drop 2 0 0
Tile:10 2 7 1
Drop 4 0 0
Map 12 3 1
Drop 0 0 0
Drop 2 0 1
Drop 2 0 0
Tile:1 1 5 1
Drop 0 0 0
Malus 0 0 1
Drop 0 0 0
Drop 0 0 1
GAMEOVER DRAW
# Game ended: Mon Apr 13 16:45:47 EDT 2020
