# Server version 0.08 running on 192.168.2.139:8123
# Game ID: 252
# Board class: Saboteur.SaboteurBoard
# Timeout: 20000
# First Move Timeout: 30000
# Date: Mon Apr 13 17:19:19 EDT 2020
# Player 1: Player-0, 'RandomPlayer', running on 127.0.0.1
# Player 2: Player-1, '260714615', running on 127.0.0.1
START Player-0 RandomPlayer
START Player-1 260714615
BoardInit:Tile:8,Tile:0,Tile:8,Tile:9,Tile:8,Tile:6,Malus,Tile:5,Tile:10,Tile:10,Tile:10,Malus,Map,Destroy,Tile:4,Destroy,Bonus,Map,Tile:14,Tile:5,Tile:7,Map,Map,Tile:9,Tile:5,Tile:7,Bonus,Tile:0,Tile:7,Tile:9,Tile:8,Tile:6,Tile:7,Map,Tile:9,Tile:5,Tile:13,Tile:6,Bonus,Tile:15,Destroy-Tile:9,Tile:8,Tile:3,Tile:6,Tile:1,Tile:0,Bonus-Map,Tile:12,Tile:6,Tile:11,Tile:7,Tile:2,Tile:0-Tile:hidden2,Tile:nugget,Tile:hidden1
Tile:8 6 5 1
Tile:2_flip 4 5 0
Tile:6 7 5 1
Tile:11 5 6 0
Tile:0 8 5 1
Tile:9_flip 5 7 0
Tile:8 9 5 1
Tile:6 4 7 0
Tile:8 10 5 1
Tile:7 4 6 0
Tile:8 11 5 1
GAMEOVER WINNER 1
# Game ended: Mon Apr 13 17:19:30 EDT 2020
