# Server version 0.08 running on 192.168.2.139:8123
# Game ID: 14
# Board class: Saboteur.SaboteurBoard
# Timeout: 20000
# First Move Timeout: 30000
# Date: Tue Apr 14 11:14:04 EDT 2020
# Player 1: Player-0, '260714615', running on 127.0.0.1
# Player 2: Player-1, 'RandomPlayer', running on 127.0.0.1
START Player-0 260714615
START Player-1 RandomPlayer
BoardInit:Tile:5,Tile:3,Destroy,Tile:6,Tile:6,Tile:8,Tile:7,Tile:8,Tile:9,Tile:6,Tile:8,Tile:4,Tile:9,Map,Map,Tile:0,Tile:0,Tile:0,Bonus,Map,Tile:7,Tile:6,Malus,Tile:7,Tile:2,Tile:15,Bonus,Tile:12,Tile:5,Tile:8,Tile:9,Tile:6,Tile:13,Map,Destroy,Tile:5,Malus,Tile:10,Tile:14,Bonus,Tile:7-Destroy,Map,Tile:10,Tile:0,Tile:9,Tile:7,Tile:5-Tile:10,Tile:9,Tile:8,Tile:1,Bonus,Map,Tile:11-Tile:nugget,Tile:hidden1,Tile:hidden2
Drop 3 0 1
Map 12 3 0
Map 12 3 1
Tile:8 6 5 0
Drop 1 0 1
Tile:6 7 5 0
Tile:9_flip 6 6 1
Tile:8 8 5 0
Tile:5_flip 9 5 1
Tile:10 9 4 0
Tile:7 8 4 1
Tile:9 9 3 0
Tile:6_flip 4 5 1
Tile:8 10 3 0
Tile:7 5 4 1
Tile:6 11 3 0
GAMEOVER WINNER 0
# Game ended: Tue Apr 14 11:14:20 EDT 2020
