# Server version 0.08 running on 192.168.2.139:8123
# Game ID: 187
# Board class: Saboteur.SaboteurBoard
# Timeout: 20000
# First Move Timeout: 30000
# Date: Wed Apr 15 13:02:22 EDT 2020
# Player 1: Player-0, '260714615', running on 192.168.2.139
# Player 2: Player-1, 'RandomPlayer', running on 192.168.2.139
START Player-0 260714615
START Player-1 RandomPlayer
BoardInit:Tile:5,Tile:10,Destroy,Tile:9,Tile:7,Tile:6,Map,Tile:7,Map,Map,Malus,Malus,Tile:10,Tile:3,Tile:6,Map,Tile:0,Destroy,Tile:10,Destroy,Bonus,Tile:5,Tile:6,Tile:8,Tile:0,Tile:14,Tile:5,Tile:7,Tile:4,Map,Tile:7,Bonus,Bonus,Bonus,Tile:1,Tile:9,Tile:9,Tile:9,Tile:5,Tile:8,Tile:9-Map,Tile:0,Tile:8,Tile:11,Tile:6,Tile:2,Tile:0-Tile:7,Tile:6,Tile:8,Tile:13,Tile:12,Tile:15,Tile:8-Tile:hidden2,Tile:nugget,Tile:hidden1
Tile:6 6 5 1
Tile:6 7 5 0
Drop 5 0 1
Tile:8 8 5 0
Tile:2_flip 8 6 1
Tile:8 9 5 0
Destroy 7 5 1
Tile:6 7 5 0
Tile:11_flip 9 6 1
Tile:10 9 4 0
Tile:5_flip 9 7 1
Tile:9 9 3 0
Drop 0 0 1
Tile:7 10 5 0
Tile:8 4 5 1
Tile:7_flip 10 6 0
Tile:6_flip 7 6 1
Tile:13 4 4 0
Tile:0 3 5 1
Tile:12 10 3 0
Tile:0 2 5 1
Tile:15 4 3 0
Tile:10 6 4 1
Tile:5_flip 11 6 0
Tile:6_flip 6 3 1
Tile:8 9 2 0
Tile:7_flip 8 2 1
Map 12 3 0
Tile:5_flip 4 6 1
Malus 0 0 0
Map 12 3 1
Tile:7_flip 7 7 0
Drop 3 0 1
Tile:3 4 2 0
Map 12 3 1
Map 12 3 0
Drop 3 0 1
Tile:9 11 5 0
GAMEOVER WINNER 0
# Game ended: Wed Apr 15 13:03:00 EDT 2020
