# Server version 0.08 running on 192.168.2.139:8123
# Game ID: 75
# Board class: Saboteur.SaboteurBoard
# Timeout: 20000
# First Move Timeout: 30000
# Date: Sun Apr 12 23:26:22 EDT 2020
# Player 1: Player-0, '260714615', running on 192.168.2.139
# Player 2: Player-1, 'RandomPlayer', running on 192.168.2.139
START Player-0 260714615
START Player-1 RandomPlayer
BoardInit:Tile:9,Bonus,Tile:7,Tile:10,Tile:7,Malus,Tile:7,Tile:5,Tile:8,Tile:1,Tile:9,Tile:7,Tile:7,Tile:11,Bonus,Tile:4,Tile:8,Tile:10,Tile:6,Tile:5,Tile:0,Tile:8,Tile:6,Tile:14,Tile:6,Destroy,Map,Map,Map,Tile:0,Tile:12,Tile:5,Tile:13,Tile:10,Bonus,Tile:9,Tile:9,Tile:8,Tile:15,Tile:6,Malus-Tile:6,Destroy,Tile:3,Map,Tile:2,Tile:0,Destroy-Tile:9,Tile:5,Tile:0,Map,Tile:8,Bonus,Map-Tile:hidden1,Tile:hidden2,Tile:nugget
Drop 3 0 1
Drop 2 0 0
Tile:0 4 5 1
Tile:9 3 5 0
Tile:3_flip 3 6 1
Tile:8 6 5 0
Tile:6 6 6 1
Tile:5 6 4 0
Drop 3 0 1
Tile:5_flip 7 5 0
Tile:7 5 4 1
Drop 6 0 0
Destroy 3 5 1
Drop 3 0 0
Drop 3 0 1
Tile:11_flip 7 4 0
Tile:9 7 3 1
Drop 0 0 0
Tile:8 3 5 1
Tile:10 7 2 0
Tile:7 4 6 1
Drop 6 0 0
Tile:7_flip 4 4 1
Tile:7 3 4 0
Tile:2 4 3 1
Tile:10 4 7 0
Tile:0 3 3 1
Destroy 7 5 0
Map 12 7 1
Drop 5 0 0
Tile:6 7 5 1
Drop 6 0 0
Destroy 4 4 1
Tile:8 8 5 0
Tile:6_flip 9 5 1
Map 12 5 0
Tile:6_flip 7 6 1
GAMEOVER TIMEOUT WINNER 1
# Game ended: Sun Apr 12 23:27:19 EDT 2020
