# Server version 0.08 running on 192.168.2.139:8123
# Game ID: 337
# Board class: Saboteur.SaboteurBoard
# Timeout: 20000
# First Move Timeout: 30000
# Date: Wed Apr 15 17:37:00 EDT 2020
# Player 1: Player-0, 'RandomPlayer', running on 127.0.0.1
# Player 2: Player-1, '260714615', running on 127.0.0.1
START Player-0 RandomPlayer
START Player-1 260714615
BoardInit:Tile:3,Map,Map,Tile:9,Map,Tile:8,Malus,Tile:0,Tile:14,Destroy,Destroy,Bonus,Tile:7,Map,Tile:7,Tile:5,Tile:9,Tile:11,Tile:7,Tile:6,Tile:1,Bonus,Bonus,Map,Tile:8,Tile:0,Tile:8,Bonus,Tile:10,Malus,Tile:8,Tile:6,Tile:8,Tile:9,Tile:4,Tile:12,Tile:9,Tile:2,Tile:6,Tile:13,Tile:10-Tile:6,Tile:15,Tile:9,Tile:5,Tile:5,Tile:6,Tile:5-Destroy,Map,Tile:7,Tile:7,Tile:0,Tile:0,Tile:10-Tile:hidden1,Tile:hidden2,Tile:nugget
Tile:6 6 5 1
Drop 3 0 0
Tile:6 7 5 1
Destroy 7 5 0
Map 12 3 1
Map 12 7 0
Map 12 5 1
Tile:8 6 4 0
Tile:9 6 3 1
Tile:0 7 3 0
Tile:5 6 2 1
Map 12 3 0
Tile:5 5 4 1
Tile:0 7 4 0
Tile:7_flip 5 6 1
Destroy 6 3 0
Tile:5 4 5 1
Drop 0 0 0
Tile:9 6 3 1
Tile:9_flip 4 6 0
Tile:7 8 4 1
Drop 4 0 0
Tile:7_flip 8 5 1
Map 12 5 0
Tile:1 9 5 1
Drop 4 0 0
Tile:8 10 5 1
Tile:11_flip 4 7 0
Malus 0 0 1
Drop 5 0 0
Tile:8 11 5 1
Bonus 0 0 0
Tile:10 11 4 1
Tile:10 10 4 0
Tile:8 11 6 1
Tile:6_flip 11 3 0
Tile:8 12 6 1
Tile:0 7 2 0
Tile:9 10 6 1
Tile:12_flip 3 6 0
Tile:6 13 6 1
Drop 4 0 0
Tile:10 13 5 1
Tile:13 11 7 0
Destroy 11 7 1
Tile:2 10 3 0
Tile:15 4 8 1
Map 12 5 0
Tile:3 6 6 1
Malus 0 0 0
Bonus 0 0 1
Drop 0 0 0
Tile:14 4 9 1
Drop 0 0 0
Tile:4 13 4 1
GAMEOVER DRAW
# Game ended: Wed Apr 15 17:37:56 EDT 2020
