# Server version 0.08 running on 192.168.2.139:8123
# Game ID: 108
# Board class: Saboteur.SaboteurBoard
# Timeout: 20000
# First Move Timeout: 30000
# Date: Wed Apr 15 00:28:35 EDT 2020
# Player 1: Player-0, '260714615', running on 192.168.2.139
# Player 2: Player-1, 'RandomPlayer', running on 192.168.2.139
START Player-0 260714615
START Player-1 RandomPlayer
BoardInit:Tile:7,Tile:6,Tile:7,Tile:8,Map,Tile:6,Bonus,Destroy,Tile:8,Tile:7,Tile:3,Tile:6,Tile:15,Tile:6,Tile:12,Tile:4,Bonus,Bonus,Tile:0,Destroy,Malus,Bonus,Tile:0,Tile:8,Tile:9,Tile:9,Tile:9,Tile:13,Tile:10,Tile:5,Tile:2,Tile:8,Tile:10,Map,Tile:14,Tile:5,Tile:7,Tile:10,Tile:6,Map,Tile:11-Tile:8,Tile:9,Tile:1,Tile:5,Map,Tile:0,Malus-Tile:9,Tile:7,Map,Map,Tile:5,Destroy,Tile:0-Tile:hidden1,Tile:nugget,Tile:hidden2
Tile:8 5 6 1
Map 12 7 0
Tile:0 6 5 1
Tile:0 6 6 0
Drop 1 0 1
Tile:6 7 6 0
Tile:7 7 5 1
Tile:8 8 6 0
Map 12 5 1
Tile:6 9 6 0
Tile:7_flip 8 7 1
Tile:9_flip 10 6 0
Tile:8 5 4 1
Tile:6 4 6 0
Tile:9 4 5 1
Tile:6 3 6 0
Tile:5 8 5 1
Tile:7_flip 2 6 0
Tile:12 9 7 1
Tile:5_flip 5 7 0
Tile:15 3 5 1
Destroy 2 6 0
Tile:3 9 5 1
Tile:7_flip 2 6 0
Drop 4 0 1
Destroy 2 6 0
Malus 0 0 1
Destroy 3 6 0
Drop 5 0 1
Map 12 7 0
Tile:9_flip 3 4 1
Drop 5 0 0
Tile:2_flip 3 6 1
Bonus 0 0 0
Tile:0 6 4 1
Tile:8 2 6 0
Drop 3 0 1
Tile:8 1 6 0
Drop 6 0 1
Tile:9 0 6 0
Tile:14_flip 4 4 1
Tile:4_flip 0 7 0
Tile:10 10 5 1
Tile:5 4 7 0
Tile:10 1 7 1
Tile:5_flip 4 8 0
Tile:11 3 8 1
Tile:10 3 9 0
Tile:6_flip 0 5 1
Map 12 7 0
Map 12 3 1
Map 12 7 0
Drop 1 0 1
Drop 0 0 0
Drop 0 0 1
GAMEOVER DRAW
# Game ended: Wed Apr 15 00:29:29 EDT 2020
