# Server version 0.08 running on 192.168.2.139:8123
# Game ID: 4
# Board class: Saboteur.SaboteurBoard
# Timeout: 20000
# First Move Timeout: 30000
# Date: Sun Apr 12 20:53:50 EDT 2020
# Player 1: Player-0, '260714615', running on 127.0.0.1
# Player 2: Player-1, 'RandomPlayer', running on 127.0.0.1
START Player-0 260714615
START Player-1 RandomPlayer
BoardInit:Tile:4,Tile:9,Tile:12,Tile:7,Bonus,Tile:9,Tile:5,Tile:0,Tile:3,Malus,Tile:15,Tile:8,Map,Tile:7,Tile:5,Malus,Tile:11,Tile:7,Tile:13,Tile:8,Bonus,Tile:8,Destroy,Tile:2,Tile:5,Tile:6,Tile:10,Tile:9,Tile:0,Tile:6,Tile:6,Bonus,Tile:0,Tile:6,Tile:8,Tile:14,Tile:9,Bonus,Map,Destroy,Tile:1-Tile:8,Tile:10,Tile:6,Tile:5,Tile:7,Tile:9,Tile:7-Map,Tile:10,Destroy,Map,Map,Map,Tile:0-Tile:nugget,Tile:hidden2,Tile:hidden1
Tile:6_flip 5 4 1
Map 12 3 0
Tile:7_flip 4 5 1
Destroy 5 4 0
Tile:8 5 6 1
Tile:9_flip 5 4 0
Tile:12_flip 4 6 1
Drop 6 0 0
Tile:10 5 7 1
Drop 2 0 0
Tile:7 5 3 1
Tile:0 6 5 0
Tile:3 6 6 1
Drop 6 0 0
Drop 3 0 1
Tile:7 7 5 0
Tile:4_flip 7 6 1
Drop 4 0 0
Tile:9 5 8 1
Tile:7_flip 5 9 0
Tile:5_flip 6 8 1
Map 12 3 0
Tile:11 4 4 1
Tile:10 6 7 0
Destroy 4 4 1
Drop 0 0 0
Tile:5 4 4 1
Tile:7_flip 4 3 0
Tile:10 4 2 1
Tile:6_flip 6 9 0
Drop 3 0 1
Tile:9_flip 4 1 0
Tile:6_flip 7 9 1
Tile:2_flip 8 9 0
Map 12 7 1
Tile:6_flip 8 8 0
Tile:0 9 9 1
Drop 6 0 0
Tile:8 6 10 1
Tile:8 7 10 0
Tile:5_flip 7 11 1
Destroy 5 8 0
Tile:0 8 10 1
Tile:6_flip 4 0 0
Tile:1 3 1 1
Drop 0 0 0
Drop 1 0 1
Drop 0 0 0
Tile:5 2 1 1
Tile:8 6 11 0
Tile:15 2 2 1
Drop 0 0 0
Tile:9 2 3 1
Drop 0 0 0
Map 12 5 1
GAMEOVER DRAW
# Game ended: Sun Apr 12 20:53:50 EDT 2020
