# Server version 0.08 running on 192.168.2.139:8123
# Game ID: 233
# Board class: Saboteur.SaboteurBoard
# Timeout: 20000
# First Move Timeout: 30000
# Date: Wed Apr 15 14:45:47 EDT 2020
# Player 1: Player-0, '260714615', running on 127.0.0.1
# Player 2: Player-1, 'RandomPlayer', running on 127.0.0.1
START Player-0 260714615
START Player-1 RandomPlayer
BoardInit:Map,Tile:5,Tile:7,Tile:8,Tile:13,Map,Tile:10,Map,Tile:9,Malus,Tile:11,Bonus,Tile:0,Tile:7,Tile:8,Map,Tile:6,Tile:2,Tile:6,Tile:4,Tile:6,Tile:9,Malus,Tile:3,Tile:10,Tile:0,Destroy,Tile:8,Tile:5,Bonus,Tile:0,Tile:0,Tile:6,Tile:6,Tile:14,Tile:8,Tile:10,Map,Tile:9,Tile:7,Map-Destroy,Tile:12,Tile:8,Tile:1,Tile:9,Destroy,Bonus-Tile:7,Tile:9,Bonus,Tile:15,Tile:5,Tile:7,Tile:5-Tile:nugget,Tile:hidden1,Tile:hidden2
Tile:9 4 5 1
Tile:7_flip 5 6 0
Drop 5 0 1
Tile:9 5 4 0
Tile:7 6 4 1
Tile:8 6 5 0
Destroy 5 4 1
Map 12 3 0
Map 12 7 1
Tile:5 5 4 0
Drop 2 0 1
Drop 5 0 0
Tile:13 6 6 1
Tile:7_flip 6 7 0
Tile:10 4 4 1
Tile:5 4 3 0
Tile:11_flip 7 7 1
Tile:7_flip 7 8 0
Drop 5 0 1
Drop 5 0 0
Tile:6_flip 7 6 1
Tile:5_flip 8 6 0
Destroy 5 4 1
Tile:9 8 5 0
Tile:12 7 5 1
Drop 5 0 0
Tile:6_flip 8 8 1
Tile:0 9 5 0
Destroy 8 8 1
Malus 0 0 0
Drop 1 0 1
Tile:8 10 5 0
Drop 4 0 1
Tile:0 11 5 0
Drop 0 0 1
Tile:6_flip 10 4 0
Drop 4 0 1
Tile:8 10 6 0
Drop 0 0 1
Drop 5 0 0
Drop 4 0 1
Tile:7_flip 9 4 0
Map 12 7 1
Drop 5 0 0
Drop 4 0 1
Tile:15 4 6 0
Drop 3 0 1
Tile:2 5 3 0
Drop 2 0 1
Tile:3 8 8 0
Drop 0 0 1
Drop 0 0 0
Malus 0 0 1
Bonus 0 0 0
Drop 0 0 1
GAMEOVER DRAW
# Game ended: Wed Apr 15 14:46:41 EDT 2020
