# Server version 0.08 running on 192.168.2.139:8123
# Game ID: 296
# Board class: Saboteur.SaboteurBoard
# Timeout: 20000
# First Move Timeout: 30000
# Date: Mon Apr 13 18:46:51 EDT 2020
# Player 1: Player-0, '260714615', running on 127.0.0.1
# Player 2: Player-1, 'RandomPlayer', running on 127.0.0.1
START Player-0 260714615
START Player-1 RandomPlayer
BoardInit:Malus,Malus,Tile:10,Tile:9,Map,Tile:1,Tile:7,Tile:8,Tile:0,Tile:6,Tile:8,Map,Tile:0,Tile:6,Tile:4,Tile:6,Tile:8,Map,Tile:13,Destroy,Tile:10,Map,Tile:9,Tile:5,Tile:7,Tile:5,Map,Tile:5,Tile:0,Tile:2,Tile:3,Tile:6,Tile:9,Bonus,Bonus,Destroy,Tile:5,Destroy,Tile:10,Tile:7,Tile:7-Tile:6,Tile:8,Tile:15,Tile:8,Map,Tile:9,Bonus-Tile:0,Tile:12,Tile:9,Tile:11,Tile:7,Tile:14,Bonus-Tile:nugget,Tile:hidden2,Tile:hidden1
Tile:9 5 4 1
Tile:0 6 5 0
Tile:6 5 6 1
Tile:9 5 3 0
Tile:8 6 3 1
Tile:9 6 2 0
Tile:8 7 3 1
Tile:7_flip 7 4 0
Tile:15 5 2 1
Tile:8 8 4 0
Map 12 3 1
Tile:6 9 4 0
Map 12 3 1
Map 12 3 0
Tile:7 7 2 1
Tile:6 10 4 0
Tile:0 6 6 1
Tile:6 11 4 0
Tile:8 9 3 1
Tile:12 7 5 0
Tile:10 6 1 1
Tile:11 4 5 0
Tile:13 10 3 1
Malus 0 0 0
Drop 0 0 1
Tile:5_flip 12 4 0
GAMEOVER WINNER 0
# Game ended: Mon Apr 13 18:47:03 EDT 2020
