# Server version 0.08 running on 192.168.2.139:8123
# Game ID: 127
# Board class: Saboteur.SaboteurBoard
# Timeout: 20000
# First Move Timeout: 30000
# Date: Wed Apr 15 01:44:58 EDT 2020
# Player 1: Player-0, '260714615', running on 192.168.2.139
# Player 2: Player-1, 'RandomPlayer', running on 192.168.2.139
START Player-0 260714615
START Player-1 RandomPlayer
BoardInit:Tile:5,Bonus,Tile:5,Tile:7,Tile:8,Tile:9,Tile:4,Map,Tile:8,Tile:5,Tile:5,Malus,Tile:15,Tile:14,Tile:1,Tile:8,Tile:12,Tile:10,Tile:9,Tile:7,Map,Tile:0,Tile:8,Tile:0,Tile:0,Tile:0,Bonus,Bonus,Tile:9,Tile:7,Tile:13,Destroy,Tile:2,Destroy,Destroy,Map,Tile:7,Tile:9,Tile:6,Tile:10,Tile:8-Tile:3,Tile:7,Tile:6,Tile:11,Map,Tile:6,Tile:6-Malus,Map,Tile:9,Map,Tile:6,Bonus,Tile:10-Tile:nugget,Tile:hidden2,Tile:hidden1
Tile:6 4 5 1
Map 12 3 0
Tile:11 3 5 1
Tile:6 6 5 0
Tile:6_flip 4 4 1
Tile:9 6 4 0
Tile:3 7 5 1
Tile:10 7 6 0
Tile:6 5 6 1
Tile:9 6 3 0
Drop 1 0 1
Tile:5 6 2 0
Tile:5 4 6 1
Tile:7_flip 7 7 0
Tile:7 6 6 1
Malus 0 0 0
Drop 5 0 1
Tile:8 7 3 0
Drop 3 0 1
Tile:10 6 7 0
Drop 2 0 1
Tile:7_flip 6 8 0
Map 12 7 1
Tile:0 8 3 0
Drop 2 0 1
Malus 0 0 0
Drop 0 0 1
Tile:0 9 3 0
Drop 6 0 1
Tile:0 10 3 0
Drop 0 0 1
Tile:7 11 3 0
Drop 6 0 1
Destroy 3 5 0
Drop 3 0 1
Destroy 7 5 0
Destroy 9 3 1
Tile:14 4 7 0
Drop 6 0 1
Tile:9 11 4 0
Drop 2 0 1
Tile:10 11 5 0
Drop 0 0 1
Drop 0 0 0
Drop 4 0 1
Drop 0 0 0
Drop 2 0 1
Drop 0 0 0
Drop 0 0 1
Drop 0 0 0
Drop 0 0 1
Drop 0 0 0
Drop 1 0 1
Drop 0 0 0
Drop 0 0 1
GAMEOVER DRAW
# Game ended: Wed Apr 15 01:45:52 EDT 2020
