# Server version 0.08 running on 192.168.2.139:8123
# Game ID: 219
# Board class: Saboteur.SaboteurBoard
# Timeout: 20000
# First Move Timeout: 30000
# Date: Wed Apr 15 14:32:24 EDT 2020
# Player 1: Player-0, '260714615', running on 192.168.2.139
# Player 2: Player-1, 'RandomPlayer', running on 192.168.2.139
START Player-0 260714615
START Player-1 RandomPlayer
BoardInit:Tile:9,Tile:8,Destroy,Bonus,Tile:4,Tile:13,Tile:6,Tile:0,Tile:6,Tile:0,Map,Tile:9,Tile:0,Tile:8,Bonus,Tile:10,Tile:7,Tile:8,Map,Tile:7,Bonus,Destroy,Tile:0,Tile:8,Tile:11,Tile:5,Bonus,Tile:5,Map,Tile:14,Tile:9,Tile:5,Tile:10,Tile:6,Tile:7,Destroy,Malus,Tile:1,Malus,Tile:5,Tile:9-Tile:7,Tile:15,Tile:12,Map,Tile:8,Tile:3,Tile:6-Map,Map,Tile:6,Tile:2,Tile:7,Tile:9,Tile:10-Tile:nugget,Tile:hidden2,Tile:hidden1
Tile:6 5 6 1
Map 12 3 0
Tile:3 5 4 1
Tile:6 6 5 0
Destroy 6 5 1
Tile:8 6 5 0
Tile:9_flip 6 6 1
Tile:9 6 4 0
Tile:12_flip 4 4 1
Tile:0 7 4 0
Tile:4_flip 6 7 1
Tile:0 8 4 0
Drop 4 0 1
Tile:10 6 3 0
Map 12 5 1
Tile:8 9 4 0
Map 12 3 1
Tile:9 9 3 0
Drop 1 0 1
Tile:8 10 3 0
Tile:7 7 5 1
Tile:7 11 3 0
Tile:7 6 2 1
GAMEOVER TIMEOUT WINNER 1
# Game ended: Wed Apr 15 14:33:15 EDT 2020
