# Server version 0.08 running on 192.168.2.139:8123
# Game ID: 218
# Board class: Saboteur.SaboteurBoard
# Timeout: 20000
# First Move Timeout: 30000
# Date: Wed Apr 15 14:31:30 EDT 2020
# Player 1: Player-0, '260714615', running on 192.168.2.139
# Player 2: Player-1, 'RandomPlayer', running on 192.168.2.139
START Player-0 260714615
START Player-1 RandomPlayer
BoardInit:Tile:6,Tile:3,Malus,Tile:8,Tile:9,Map,Destroy,Bonus,Tile:12,Tile:9,Map,Tile:7,Tile:5,Tile:8,Destroy,Map,Tile:11,Tile:0,Tile:15,Map,Destroy,Bonus,Tile:14,Tile:10,Map,Tile:8,Tile:2,Tile:0,Tile:7,Bonus,Tile:5,Tile:8,Map,Tile:5,Tile:6,Tile:13,Tile:0,Tile:7,Tile:5,Tile:9,Tile:10-Bonus,Tile:8,Tile:7,Malus,Tile:9,Tile:9,Tile:6-Tile:10,Tile:4,Tile:6,Tile:1,Tile:6,Tile:0,Tile:7-Tile:hidden1,Tile:nugget,Tile:hidden2
Tile:6 6 5 1
Tile:6 7 5 0
Tile:9_flip 5 4 1
Tile:6 8 5 0
Tile:7 5 3 1
Tile:0 9 5 0
Drop 2 0 1
Map 12 3 0
Destroy 5 3 1
Tile:8 10 5 0
Tile:9_flip 10 4 1
Tile:1 11 5 0
Tile:6_flip 7 4 1
Tile:10 10 6 0
Malus 0 0 1
Bonus 0 0 0
Destroy 6 5 1
Map 12 5 0
Tile:5_flip 10 7 1
Tile:8 6 5 0
Tile:11 9 7 1
Tile:9 10 3 0
Tile:12_flip 4 4 1
Tile:0 11 3 0
Tile:14_flip 6 4 1
Tile:7_flip 9 4 0
Destroy 6 5 1
Tile:10 9 3 0
Map 12 7 1
Tile:8 10 2 0
Tile:7 13 3 1
Tile:7_flip 13 4 0
Drop 4 0 1
