# Server version 0.08 running on LAPTOP-PK0TDV81:8123
# Game ID: 428
# Board class: Saboteur.SaboteurBoard
# Timeout: 20000
# First Move Timeout: 30000
# Date: Wed Apr 15 19:44:19 EDT 2020
# Player 1: Player-0, 'RandomPlayer', running on LAPTOP-PK0TDV81
# Player 2: Player-1, '260714615', running on LAPTOP-PK0TDV81
START Player-0 RandomPlayer
START Player-1 260714615
BoardInit:Tile:10,Tile:7,Tile:3,Tile:6,Destroy,Tile:8,Tile:10,Map,Tile:4,Tile:5,Tile:9,Bonus,Tile:12,Destroy,Map,Tile:5,Tile:6,Tile:1,Tile:10,Bonus,Tile:0,Bonus,Tile:9,Tile:9,Tile:2,Tile:0,Tile:11,Tile:7,Tile:9,Map,Map,Tile:7,Tile:6,Malus,Tile:0,Map,Tile:8,Tile:7,Tile:14,Map,Tile:5-Tile:8,Tile:8,Tile:7,Tile:13,Malus,Destroy,Tile:9-Tile:15,Tile:6,Tile:5,Bonus,Tile:0,Tile:8,Tile:6-Tile:hidden1,Tile:hidden2,Tile:nugget
Tile:8 6 5 1
Tile:6 5 6 0
Tile:8 7 5 1
Tile:8 6 6 0
Tile:9 7 4 1
Tile:7 6 4 0
Tile:7_flip 6 7 1
Drop 5 0 0
Drop 0 0 1
Tile:0 4 5 0
Tile:10 7 3 1
Tile:15 7 2 0
Destroy 7 2 1
Tile:6_flip 5 4 0
Tile:9 7 2 1
Destroy 6 5 0
Map 12 3 1
Tile:5_flip 8 4 0
Tile:6_flip 8 5 1
Tile:1 4 6 0
Tile:10 8 6 1
Drop 4 0 0
Tile:0 9 5 1
Tile:8 8 2 0
Malus 0 0 1
Map 12 5 0
Drop 0 0 1
Drop 3 0 0
Tile:9_flip 10 5 1
Drop 2 0 0
Tile:9 10 4 1
Bonus 0 0 0
Map 12 5 1
Tile:5_flip 7 6 0
Tile:6 11 4 1
Tile:7 8 1 0
Tile:0 12 4 1
Tile:0 7 7 0
Destroy 12 4 1
Drop 6 0 0
Drop 0 0 1
Tile:9_flip 11 3 0
Drop 0 0 1
Drop 5 0 0
Tile:8 12 4 1
Drop 3 0 0
Tile:5 10 3 1
Tile:7_flip 12 6 0
Tile:10 10 6 1
Drop 1 0 0
Drop 0 0 1
Map 12 7 0
Drop 0 0 1
Drop 0 0 0
Drop 0 0 1
GAMEOVER DRAW
# Game ended: Wed Apr 15 19:45:15 EDT 2020
