# Server version 0.08 running on LAPTOP-PK0TDV81:8123
# Game ID: 200
# Board class: Saboteur.SaboteurBoard
# Timeout: 20000
# First Move Timeout: 30000
# Date: Mon Apr 13 12:23:18 EDT 2020
# Player 1: Player-0, '260714615', running on LAPTOP-PK0TDV81
# Player 2: Player-1, 'RandomPlayer', running on LAPTOP-PK0TDV81
START Player-0 260714615
START Player-1 RandomPlayer
BoardInit:Tile:9,Destroy,Tile:7,Bonus,Tile:6,Map,Tile:3,Tile:8,Bonus,Tile:6,Tile:2,Tile:5,Tile:6,Tile:9,Tile:0,Tile:9,Tile:5,Bonus,Map,Tile:12,Map,Tile:6,Destroy,Tile:14,Tile:8,Tile:10,Tile:0,Malus,Tile:8,Tile:10,Tile:0,Tile:1,Tile:10,Tile:5,Map,Tile:13,Tile:4,Tile:9,Tile:7,Tile:6,Bonus-Tile:0,Tile:7,Map,Tile:8,Tile:7,Tile:7,Malus-Map,Tile:9,Tile:15,Tile:5,Destroy,Tile:8,Tile:11-Tile:hidden1,Tile:nugget,Tile:hidden2
Tile:0 4 5 1
Map 12 3 0
Tile:8 5 6 1
Destroy 5 6 0
Tile:7_flip 3 5 1
Tile:8 5 4 0
Tile:7 6 4 1
Tile:15 5 6 0
Tile:6_flip 5 3 1
Tile:8 5 7 0
Drop 0 0 1
Tile:6_flip 6 7 0
Tile:9_flip 6 5 1
Destroy 5 3 0
Tile:3_flip 4 4 1
Tile:5_flip 6 8 0
Tile:7_flip 6 6 1
Tile:9_flip 3 4 0
Tile:5 3 3 1
Drop 2 0 0
Tile:7 4 3 1
Tile:9 5 3 0
Map 12 5 1
Tile:5_flip 7 7 0
Destroy 6 8 1
Drop 4 0 0
Tile:0 6 3 1
Drop 4 0 0
Drop 6 0 1
Drop 2 0 0
Tile:8 5 8 1
Tile:14 7 3 0
Tile:8 2 4 1
Tile:11_flip 7 6 0
Tile:2_flip 1 4 1
Tile:5 4 8 0
Tile:6_flip 7 2 1
Tile:10 1 3 0
Tile:4 2 3 1
Tile:1 4 7 0
Tile:10 7 5 1
Tile:6_flip 8 2 0
Tile:0 6 2 1
Tile:13 6 8 0
Tile:7 9 2 1
Tile:9 5 9 0
Drop 3 0 1
Tile:10 2 5 0
Malus 0 0 1
Bonus 0 0 0
Map 12 3 1
Drop 1 0 0
Drop 1 0 1
Drop 0 0 0
Drop 0 0 1
GAMEOVER DRAW
# Game ended: Mon Apr 13 12:23:44 EDT 2020
