# Server version 0.08 running on 192.168.2.139:8123
# Game ID: 25
# Board class: Saboteur.SaboteurBoard
# Timeout: 20000
# First Move Timeout: 30000
# Date: Tue Apr 14 11:23:19 EDT 2020
# Player 1: Player-0, 'RandomPlayer', running on 127.0.0.1
# Player 2: Player-1, '260714615', running on 127.0.0.1
START Player-0 RandomPlayer
START Player-1 260714615
BoardInit:Malus,Tile:6,Tile:5,Tile:4,Tile:8,Tile:5,Tile:1,Map,Tile:10,Bonus,Tile:8,Tile:0,Tile:8,Tile:15,Bonus,Tile:13,Bonus,Tile:9,Malus,Tile:12,Tile:6,Tile:9,Tile:0,Tile:9,Tile:7,Map,Destroy,Destroy,Tile:6,Tile:7,Tile:10,Destroy,Tile:11,Map,Map,Tile:6,Tile:8,Tile:6,Bonus,Tile:0,Map-Tile:10,Tile:14,Tile:9,Map,Tile:8,Tile:0,Tile:2-Tile:7,Tile:5,Tile:5,Tile:3,Tile:9,Tile:7,Tile:7-Tile:hidden2,Tile:hidden1,Tile:nugget
Map 12 3 1
Tile:5 4 5 0
Tile:8 6 5 1
Tile:9 5 6 0
Tile:0 7 5 1
Tile:7 5 4 0
Tile:8 8 5 1
Tile:5_flip 5 7 0
Tile:10 8 4 1
Drop 0 0 0
Tile:9 8 6 1
Map 12 7 0
Tile:8 9 5 1
Tile:5 6 4 0
Tile:8 10 5 1
Tile:4 9 4 0
Tile:5_flip 11 5 1
Tile:13 11 4 0
Tile:1 12 4 1
Tile:6 6 6 0
Tile:10 10 6 1
Tile:7 13 4 0
Tile:6 13 5 1
Tile:7_flip 4 4 0
Malus 0 0 1
Drop 5 0 0
Malus 0 0 1
Map 12 5 0
Tile:7_flip 10 7 1
Destroy 6 5 0
Tile:0 11 7 1
Drop 1 0 0
Tile:6_flip 11 3 1
Destroy 12 4 0
Tile:10 8 3 1
Drop 4 0 0
Map 12 3 1
Map 12 7 0
Tile:8 12 4 1
Drop 0 0 0
Tile:14 4 6 1
Drop 2 0 0
Map 12 3 1
Drop 1 0 0
Tile:2 4 3 1
Drop 3 0 0
Destroy 4 3 1
Drop 0 0 0
Tile:11 4 3 1
Drop 2 0 0
Drop 0 0 1
Drop 0 0 0
Drop 0 0 1
Drop 0 0 0
Drop 0 0 1
GAMEOVER DRAW
# Game ended: Tue Apr 14 11:24:15 EDT 2020
