# Server version 0.08 running on 192.168.2.139:8123
# Game ID: 453
# Board class: Saboteur.SaboteurBoard
# Timeout: 20000
# First Move Timeout: 30000
# Date: Wed Apr 15 21:16:51 EDT 2020
# Player 1: Player-0, '260714615', running on 192.168.2.139
# Player 2: Player-1, 'RandomPlayer', running on 192.168.2.139
START Player-0 260714615
START Player-1 RandomPlayer
BoardInit:Map,Tile:9,Tile:10,Tile:8,Tile:5,Tile:5,Tile:6,Tile:3,Destroy,Tile:8,Malus,Map,Tile:0,Tile:9,Map,Bonus,Tile:0,Tile:2,Tile:7,Tile:8,Tile:4,Tile:5,Bonus,Bonus,Bonus,Tile:5,Tile:12,Tile:8,Tile:7,Tile:6,Tile:6,Tile:6,Tile:10,Tile:9,Tile:6,Map,Tile:10,Map,Malus,Tile:7,Tile:14-Tile:11,Tile:7,Destroy,Tile:8,Map,Tile:0,Tile:1-Tile:15,Tile:13,Tile:0,Tile:9,Destroy,Tile:9,Tile:7-Tile:nugget,Tile:hidden1,Tile:hidden2
Drop 3 0 1
Drop 0 0 0
Map 12 5 1
Drop 0 0 0
Tile:7 6 5 1
Tile:9 6 6 0
Drop 2 0 1
Tile:0 7 6 0
Tile:5 5 4 1
Tile:8 8 6 0
Tile:10 5 6 1
Tile:8 9 6 0
Tile:6 6 7 1
Map 12 3 0
Destroy 5 6 1
Tile:9 9 5 0
Destroy 9 6 1
Tile:7_flip 8 7 0
Tile:1 6 4 1
Destroy 6 4 0
Tile:0 10 5 1
Tile:8 9 6 0
Tile:11_flip 11 5 1
Tile:9 11 4 0
Tile:0 12 4 1
Tile:5 11 3 0
Map 12 3 1
Drop 0 0 0
Drop 5 0 1
Tile:8 13 4 0
Malus 0 0 1
Bonus 0 0 0
Tile:7 8 5 1
Tile:9 13 3 0
Tile:7_flip 7 5 1
Drop 0 0 0
Tile:12 10 6 1
Tile:5 13 2 0
Tile:6 6 4 1
Tile:6 13 5 0
Tile:4_flip 5 6 1
Tile:5 9 4 0
Tile:6 9 7 1
Tile:9 11 6 0
Drop 4 0 1
Tile:6 12 6 0
Drop 1 0 1
Tile:7_flip 11 7 0
Map 12 3 1
Drop 0 0 0
Tile:14_flip 5 7 1
Drop 0 0 0
Tile:10 6 3 1
Drop 0 0 0
Drop 0 0 1
GAMEOVER DRAW
# Game ended: Wed Apr 15 21:17:45 EDT 2020
