# Server version 0.08 running on 192.168.2.139:8123
# Game ID: 384
# Board class: Saboteur.SaboteurBoard
# Timeout: 20000
# First Move Timeout: 30000
# Date: Wed Apr 15 18:44:16 EDT 2020
# Player 1: Player-0, '260714615', running on 192.168.2.139
# Player 2: Player-1, '260714615', running on 192.168.2.139
START Player-0 260714615
START Player-1 260714615
BoardInit:Bonus,Tile:5,Tile:9,Malus,Tile:6,Tile:8,Map,Destroy,Tile:10,Map,Tile:8,Tile:9,Tile:5,Tile:7,Tile:3,Tile:9,Map,Tile:6,Tile:6,Destroy,Tile:4,Tile:10,Bonus,Tile:0,Tile:1,Tile:2,Destroy,Tile:7,Tile:6,Tile:0,Tile:8,Tile:7,Tile:8,Tile:0,Tile:6,Tile:11,Map,Bonus,Tile:9,Tile:7,Tile:13-Tile:5,Bonus,Map,Tile:0,Tile:12,Tile:8,Tile:7-Map,Tile:5,Tile:9,Tile:14,Malus,Tile:10,Tile:15-Tile:hidden1,Tile:nugget,Tile:hidden2
Map 12 3 1
Map 12 3 0
Tile:0 6 5 1
Malus 0 0 0
Bonus 0 0 1
Malus 0 0 0
Bonus 0 0 1
Tile:8 7 5 0
Map 12 5 1
Tile:5 7 4 0
Tile:8 8 5 1
Map 12 5 0
Tile:6 9 5 1
Tile:9 9 4 0
Tile:8 10 5 1
Drop 0 0 0
Tile:5_flip 11 5 1
Tile:10 11 4 0
Drop 0 0 1
Drop 0 0 0
Tile:7_flip 10 6 1
Tile:6_flip 11 6 0
Tile:6 12 6 1
GAMEOVER WINNER 1
# Game ended: Wed Apr 15 18:45:02 EDT 2020
