# Server version 0.08 running on 192.168.2.139:8123
# Game ID: 32
# Board class: Saboteur.SaboteurBoard
# Timeout: 20000
# First Move Timeout: 30000
# Date: Sun Apr 12 20:54:43 EDT 2020
# Player 1: Player-0, '260714615', running on 127.0.0.1
# Player 2: Player-1, 'RandomPlayer', running on 127.0.0.1
START Player-0 260714615
START Player-1 RandomPlayer
BoardInit:Map,Tile:9,Tile:9,Tile:2,Tile:5,Tile:6,Tile:11,Map,Tile:6,Map,Tile:10,Tile:9,Tile:7,Bonus,Tile:3,Bonus,Map,Bonus,Tile:6,Tile:0,Tile:5,Map,Tile:8,Tile:10,Malus,Tile:0,Bonus,Destroy,Tile:9,Tile:10,Tile:0,Tile:6,Tile:5,Tile:8,Tile:4,Tile:7,Tile:7,Tile:14,Tile:7,Tile:9,Tile:8-Tile:0,Tile:1,Tile:12,Tile:7,Map,Tile:8,Destroy-Malus,Tile:6,Tile:13,Destroy,Tile:8,Tile:5,Tile:15-Tile:hidden1,Tile:nugget,Tile:hidden2
Tile:12 6 5 1
Drop 5 0 0
Drop 5 0 1
Drop 6 0 0
Map 12 7 1
Tile:15 5 4 0
Tile:8 4 5 1
Tile:2 5 3 0
Tile:9 5 6 1
Tile:6 3 5 0
Tile:0 2 5 1
Drop 5 0 0
Map 12 5 1
Destroy 6 5 0
Tile:6_flip 1 5 1
Tile:6 4 3 0
Tile:3_flip 5 7 1
Tile:9_flip 6 5 0
Drop 3 0 1
Tile:8 3 3 0
Tile:6 6 7 1
Tile:13 7 7 0
Tile:7 4 4 1
Map 12 5 0
Tile:5_flip 6 3 1
Drop 6 0 0
Tile:7_flip 1 6 1
Tile:0 2 3 0
Tile:8 6 6 1
Destroy 4 3 0
Tile:5_flip 4 6 1
Drop 5 0 0
Tile:0 2 6 1
Tile:6_flip 7 6 0
Tile:9_flip 8 6 1
Tile:8 7 8 0
Drop 6 0 1
Drop 3 0 0
Tile:5_flip 8 8 1
Tile:7_flip 0 5 0
Tile:10 6 2 1
Tile:9 3 4 0
Map 12 5 1
Map 12 7 0
Tile:1 4 3 1
Tile:14 7 9 0
Tile:8 0 4 1
Drop 3 0 0
Drop 1 0 1
Malus 0 0 0
Drop 0 0 1
Drop 0 0 0
Drop 1 0 1
Drop 0 0 0
Drop 0 0 1
GAMEOVER DRAW
# Game ended: Sun Apr 12 20:54:43 EDT 2020
