# Server version 0.08 running on 192.168.2.139:8123
# Game ID: 164
# Board class: Saboteur.SaboteurBoard
# Timeout: 20000
# First Move Timeout: 30000
# Date: Wed Apr 15 12:10:25 EDT 2020
# Player 1: Player-0, '260714615', running on 192.168.2.139
# Player 2: Player-1, 'RandomPlayer', running on 192.168.2.139
START Player-0 260714615
START Player-1 RandomPlayer
BoardInit:Tile:1,Map,Tile:8,Tile:7,Tile:4,Map,Bonus,Tile:13,Tile:3,Tile:0,Tile:6,Tile:6,Tile:5,Tile:9,Tile:5,Tile:10,Destroy,Tile:5,Bonus,Tile:8,Tile:9,Tile:7,Destroy,Tile:0,Tile:7,Tile:0,Map,Malus,Map,Tile:9,Tile:10,Bonus,Tile:8,Tile:12,Tile:14,Tile:2,Malus,Tile:0,Tile:10,Tile:7,Map-Bonus,Map,Tile:5,Tile:6,Tile:6,Destroy,Tile:11-Tile:9,Tile:6,Tile:15,Tile:7,Tile:8,Tile:8,Tile:9-Tile:nugget,Tile:hidden2,Tile:hidden1
Tile:11 5 4 1
Tile:6 6 5 0
Tile:6_flip 5 3 1
Tile:8 7 5 0
Tile:5_flip 6 3 1
Tile:8 8 5 0
Tile:6 4 5 1
Tile:9 8 4 0
Tile:1 3 5 1
Tile:7_flip 8 6 0
Drop 3 0 1
Tile:0 9 5 0
Tile:4_flip 7 6 1
Tile:6 10 5 0
Drop 5 0 1
Tile:9_flip 11 5 0
Tile:3_flip 11 6 1
Tile:9 11 4 0
Tile:5 8 3 1
Tile:7 12 4 0
Destroy 8 4 1
Tile:8 12 6 0
Tile:9 4 3 1
Tile:5_flip 13 6 0
Destroy 9 5 1
Tile:0 9 6 0
Destroy 5 4 1
Tile:0 9 5 0
Tile:7 9 3 1
Malus 0 0 0
Bonus 0 0 1
Tile:7_flip 2 5 0
Map 12 3 1
Tile:9_flip 4 2 0
Tile:10 6 2 1
Tile:10 2 4 0
Tile:14_flip 11 3 1
Tile:15 2 3 0
Drop 2 0 1
Tile:0 3 2 0
Drop 4 0 1
Tile:7_flip 9 4 0
Drop 0 0 1
Tile:13 2 2 0
Tile:10 12 8 1
Tile:12 10 6 0
Tile:5 4 1 1
Tile:2 2 1 0
Map 12 3 1
Drop 0 0 0
Map 12 3 1
Drop 0 0 0
Drop 0 0 1
Drop 0 0 0
Map 12 3 1
GAMEOVER DRAW
# Game ended: Wed Apr 15 12:11:23 EDT 2020
