# Server version 0.08 running on 192.168.2.139:8123
# Game ID: 91
# Board class: Saboteur.SaboteurBoard
# Timeout: 20000
# First Move Timeout: 30000
# Date: Tue Apr 14 14:00:46 EDT 2020
# Player 1: Player-0, '260714615', running on 192.168.2.139
# Player 2: Player-1, 'RandomPlayer', running on 192.168.2.139
START Player-0 260714615
START Player-1 RandomPlayer
BoardInit:Tile:0,Bonus,Destroy,Tile:8,Map,Tile:0,Tile:14,Map,Bonus,Tile:9,Tile:9,Tile:8,Tile:15,Tile:8,Bonus,Map,Tile:8,Tile:5,Tile:10,Tile:4,Bonus,Tile:8,Map,Tile:9,Tile:0,Malus,Tile:7,Tile:7,Destroy,Tile:6,Tile:10,Tile:1,Tile:13,Tile:6,Tile:0,Map,Tile:10,Tile:6,Tile:7,Tile:7,Tile:9-Tile:11,Destroy,Tile:7,Tile:2,Tile:6,Malus,Tile:5-Tile:5,Tile:6,Tile:9,Tile:12,Tile:5,Tile:3,Map-Tile:hidden1,Tile:nugget,Tile:hidden2
Malus 0 0 1
Map 12 3 0
Tile:2_flip 4 5 1
Bonus 0 0 0
Tile:7 6 5 1
Tile:6 6 6 0
Drop 4 0 1
Tile:8 7 6 0
Tile:14 8 6 1
Map 12 3 0
Tile:6_flip 5 4 1
Tile:5 8 5 0
Tile:9 5 6 1
Tile:0 9 5 0
Map 12 5 1
Tile:8 10 5 0
Destroy 5 6 1
Map 12 3 0
Tile:15 10 4 1
Tile:8 11 5 0
Tile:10 7 5 1
Tile:9 11 4 0
Drop 5 0 1
Tile:8 12 4 0
Tile:5_flip 7 7 1
Tile:9 11 6 0
Drop 3 0 1
Malus 0 0 0
Map 12 5 1
Tile:5_flip 12 6 0
Destroy 10 5 1
Tile:6 10 5 0
Destroy 4 5 1
Tile:5 11 3 0
Drop 4 0 1
Tile:6 13 4 0
Drop 3 0 1
Map 12 3 0
Bonus 0 0 1
Tile:9 11 7 0
Tile:0 6 7 1
Tile:6_flip 13 3 0
Tile:10 7 4 1
Tile:7_flip 11 8 0
Tile:9 5 6 1
Tile:7 10 3 0
Tile:13 9 3 1
Tile:1 12 8 0
Tile:11_flip 9 2 1
Tile:12 6 4 0
Drop 1 0 1
Tile:3 7 3 0
Tile:7_flip 4 5 1
Tile:4 9 1 0
Drop 0 0 1
GAMEOVER DRAW
# Game ended: Tue Apr 14 14:01:40 EDT 2020
